2025-03-04 23:25:19,860 - INFO - 🔍 Starting system check...
2025-03-04 23:25:19,931 - INFO - 🔍 Running System Check...
2025-03-04 23:25:19,931 - INFO - 🖥 GPU 0: A100-PCIE-40GB (39.59 GB, 108 CUDA cores, 1.41 GHz)
2025-03-04 23:25:19,931 - INFO - 🖥 GPU 1: A100-PCIE-40GB (39.59 GB, 108 CUDA cores, 1.41 GHz)
2025-03-04 23:25:19,931 - INFO - 🖥 GPU 2: A100-PCIE-40GB (39.59 GB, 108 CUDA cores, 1.41 GHz)
2025-03-04 23:25:19,931 - INFO - 🖥 GPU 3: A100-PCIE-40GB (39.59 GB, 108 CUDA cores, 1.41 GHz)
2025-03-04 23:25:19,931 - INFO - 🖥 GPU 4: A100 80GB PCIe (79.35 GB, 108 CUDA cores, 1.41 GHz)
2025-03-04 23:25:19,931 - INFO - 🖥 GPU 5: A100-PCIE-40GB (39.59 GB, 108 CUDA cores, 1.41 GHz)
2025-03-04 23:25:19,931 - INFO - 🖥 GPU 6: A100-PCIE-40GB (39.59 GB, 108 CUDA cores, 1.41 GHz)
2025-03-04 23:25:19,931 - WARNING - ⚠️ Recommended Upgrade: NVIDIA H100
2025-03-04 23:25:19,931 - INFO - 🖥 CPU Cores: 96
2025-03-04 23:25:19,932 - INFO - 💾 Total RAM: 376.56 GB
2025-03-04 23:25:19,932 - INFO - 🐍 Python Version: 3.7.12
2025-03-04 23:25:19,932 - INFO - 📦 NumPy Version: 1.20.3
2025-03-04 23:25:19,932 - INFO - 📦 CuPy Version: 10.6.0
2025-03-04 23:25:19,932 - WARNING - ⚠️ PyTorch is not installed. Some features may not be available.
2025-03-04 23:25:19,932 - INFO - 🚀 Using GPU: True
2025-03-04 23:25:19,932 - INFO - ✅ System check complete.
2025-03-04 23:25:19,932 - INFO - ✅ GPU is available. Computation will be accelerated.
2025-03-04 23:25:19,932 - INFO - ⏳ System check completed in 00:00:00 (0.07 seconds).
