2025-04-08 20:50:51,395 - INFO - Density map 합산 처리 시작: 입력 디렉토리: fft_densitymap_gaussian_dx0.82
2025-04-08 20:51:18,574 - INFO - Density map 합산 처리 시작: 입력 디렉토리: kde_densitymap_uniform_dx0.82.82
2025-04-08 20:51:35,323 - INFO - Density map 합산 처리 시작: 입력 디렉토리: kde_densitymap_uniform_dx0.82
2025-04-08 20:51:35,326 - INFO - 디렉토리 [kde_densitymap_uniform_dx0.82] 에서 598개의 npy 파일을 찾았습니다.
2025-04-08 20:51:35,326 - INFO - 각 npy 파일을 memory-mapped 배열로 불러와 dask array로 변환합니다.
2025-04-08 20:56:11,618 - INFO - 모든 파일의 배열을 stacking한 후, axis=0 방향으로 합산합니다.
2025-04-08 20:56:11,635 - INFO - Dask를 이용한 합산 계산을 실행합니다.
2025-04-08 20:56:27,316 - INFO - 합산 완료, 최종 density map의 shape: (250, 250, 250)
2025-04-08 20:56:31,074 - INFO - 최종 density map을 HDF5 파일로 저장 완료: final_snapshot-99_kde_density_map.hdf5
2025-04-08 20:56:31,340 - INFO - 전체 실행 시간: 296.02초
2025-04-10 00:16:58,009 - INFO - Density map 합산 처리 시작: 입력 디렉토리: kde_densitymap_triangular_dx0.82
2025-04-10 00:16:58,043 - INFO - 디렉토리 [kde_densitymap_triangular_dx0.82] 에서 598개의 npy 파일을 찾았습니다.
2025-04-10 00:16:58,043 - INFO - 각 npy 파일을 memory-mapped 배열로 불러와 dask array로 변환합니다.
2025-04-10 00:20:34,302 - INFO - 모든 파일의 배열을 stacking한 후, axis=0 방향으로 합산합니다.
2025-04-10 00:20:34,323 - INFO - Dask를 이용한 합산 계산을 실행합니다.
2025-04-10 00:20:50,962 - INFO - 합산 완료, 최종 density map의 shape: (250, 250, 250)
2025-04-10 00:20:55,764 - INFO - 최종 density map을 HDF5 파일로 저장 완료: final_snapshot-99_kde_density_map_triangular_dx0.82.hdf5
2025-04-10 00:20:56,033 - INFO - 전체 실행 시간: 238.02초
2025-04-15 09:50:27,935 - INFO - Density map 합산 처리 시작: 입력 디렉토리: kde_densitymap_uniform_dx0.41
2025-04-15 09:50:46,710 - INFO - Density map 합산 처리 시작: 입력 디렉토리: densitymap_uniform_dx0.41
2025-04-15 09:50:46,712 - INFO - 디렉토리 [densitymap_uniform_dx0.41] 에서 584개의 npy 파일을 찾았습니다.
2025-04-15 09:50:46,713 - INFO - 각 npy 파일을 memory-mapped 배열로 불러와 dask array로 변환합니다.
2025-04-15 10:32:47,474 - INFO - Density map 합산 처리 시작: 입력 디렉토리: densitymap_uniform_dx0.41
2025-04-15 10:32:47,482 - INFO - 디렉토리 [densitymap_uniform_dx0.41] 에서 598개의 npy 파일을 찾았습니다.
2025-04-15 10:32:47,482 - INFO - 각 npy 파일을 memory-mapped 배열로 불러와 dask array로 변환합니다.
2025-04-15 11:23:46,851 - INFO - Density map 합산 처리 시작: 입력 디렉토리: densitymap_uniform_dx0.41
2025-04-15 11:23:46,871 - INFO - 디렉토리 [densitymap_uniform_dx0.41] 에서 598개의 npy 파일을 찾았습니다.
2025-04-15 11:23:46,872 - INFO - 각 npy 파일을 memory-mapped 배열로 불러와 dask array로 변환합니다.
2025-04-15 13:22:29,304 - INFO - Density map 합산 처리 시작: 입력 디렉토리: densitymap_uniform_dx0.41
2025-04-15 13:22:29,309 - INFO - 디렉토리 [densitymap_uniform_dx0.41] 에서 598개의 npy 파일을 찾았습니다.
2025-04-15 13:22:29,309 - INFO - 각 npy 파일을 memory-mapped 배열로 불러와 dask array로 변환합니다.
2025-04-15 13:23:24,675 - INFO - Density map 합산 처리 시작: 입력 디렉토리: densitymap_uniform_dx0.41
2025-04-15 13:23:24,678 - INFO - 디렉토리 [densitymap_uniform_dx0.41] 에서 598개의 npy 파일을 찾았습니다.
2025-04-15 13:23:24,678 - INFO - 각 npy 파일을 memory-mapped 배열로 불러와 dask array로 변환합니다.
2025-04-15 14:58:34,392 - INFO - Density map 합산 처리 시작: 입력 디렉토리: densitymap_uniform_dx0.41
2025-04-15 14:58:34,398 - INFO - 디렉토리 [densitymap_uniform_dx0.41] 에서 598개의 npy 파일을 찾았습니다.
2025-04-15 14:58:34,398 - INFO - 각 npy 파일을 지연 평가(delayed)로 불러와 dask array로 변환합니다.
2025-04-15 14:58:40,546 - INFO - 총 598개의 density map을 트리 방식으로 합산합니다.
2025-04-15 14:58:41,147 - INFO - Dask 계산 실행 중... (진행률은 compute() 실행 이후 확인 가능)
2025-04-15 17:52:22,555 - INFO - Density map 합산 처리 시작: 입력 디렉토리: densitymap_uniform_dx0.41
2025-04-15 17:52:22,564 - INFO - 디렉토리 [densitymap_uniform_dx0.41] 에서 598개의 npy 파일을 찾았습니다.
2025-04-15 17:52:22,565 - INFO - 각 npy 파일을 지연 평가(delayed)로 불러와 dask array로 변환합니다.
2025-04-15 17:52:26,417 - INFO - 총 598개의 density map을 트리 방식으로 합산합니다.
2025-04-15 17:52:26,857 - INFO - Dask 계산 실행 중... (진행률은 compute() 실행 이후 확인 가능)
2025-04-16 12:44:48,591 - INFO - Density map 합산 처리 시작: 입력 디렉토리: densitymap_uniform_dx0.41
2025-04-16 12:44:48,606 - INFO - 디렉토리 [densitymap_uniform_dx0.41] 에서 598개의 npy 파일을 찾았습니다.
2025-04-16 12:44:48,606 - INFO - 각 npy 파일을 지연 평가(delayed)로 불러와 Dask Array로 변환합니다.
2025-04-16 12:44:51,938 - INFO - 총 598개의 density map을 합산합니다.
2025-04-16 12:44:52,505 - INFO - Dask 계산 실행 중...
2025-04-16 13:25:02,404 - INFO - 합산 완료, 최종 density map의 shape: (500, 500, 500)
2025-04-16 13:25:33,141 - INFO - 최종 density map을 HDF5 파일로 저장 완료: final_snapshot-99_kde_density_map_uniform_dx0.41.hdf5
2025-04-16 13:25:33,270 - INFO - 전체 실행 시간: 2444.68초
