2025-04-22 22:06:08,459 - INFO - Automatically determined chunk_size: 10,000,000
2025-04-22 22:06:08,461 - INFO - File size: 500000.00 MB
2025-04-22 22:06:08,462 - INFO - Selected dataset for HDF5 chunking: PartType1/Coordinates
2025-04-22 22:06:18,651 - INFO - Saved HDF5 chunk: /caefs/data/IllustrisTNG/snapshot-0-ics/ics_chunk_2050000000_2060000000.hdf5
2025-04-22 22:06:22,166 - INFO - Saved HDF5 chunk: /caefs/data/IllustrisTNG/snapshot-0-ics/ics_chunk_0_10000000.hdf5
2025-04-22 22:06:24,412 - INFO - Saved HDF5 chunk: /caefs/data/IllustrisTNG/snapshot-0-ics/ics_chunk_1050000000_1060000000.hdf5
2025-04-22 22:06:24,617 - INFO - Saved HDF5 chunk: /caefs/data/IllustrisTNG/snapshot-0-ics/ics_chunk_2250000000_2260000000.hdf5
2025-04-22 22:06:24,681 - INFO - Saved HDF5 chunk: /caefs/data/IllustrisTNG/snapshot-0-ics/ics_chunk_1450000000_1460000000.hdf5
2025-04-22 22:06:25,317 - INFO - Saved HDF5 chunk: /caefs/data/IllustrisTNG/snapshot-0-ics/ics_chunk_2650000000_2660000000.hdf5
2025-04-22 22:06:25,516 - INFO - Saved HDF5 chunk: /caefs/data/IllustrisTNG/snapshot-0-ics/ics_chunk_400000000_410000000.hdf5
2025-04-22 22:06:25,982 - INFO - Saved HDF5 chunk: /caefs/data/IllustrisTNG/snapshot-0-ics/ics_chunk_1600000000_1610000000.hdf5
2025-04-22 22:06:25,987 - INFO - Saved HDF5 chunk: /caefs/data/IllustrisTNG/snapshot-0-ics/ics_chunk_4650000000_4660000000.hdf5
2025-04-22 22:06:25,996 - INFO - Saved HDF5 chunk: /caefs/data/IllustrisTNG/snapshot-0-ics/ics_chunk_200000000_210000000.hdf5
2025-04-22 22:06:26,311 - INFO - Saved HDF5 chunk: /caefs/data/IllustrisTNG/snapshot-0-ics/ics_chunk_1650000000_1660000000.hdf5
2025-04-22 22:06:26,492 - INFO - Saved HDF5 chunk: /caefs/data/IllustrisTNG/snapshot-0-ics/ics_chunk_4000000000_4010000000.hdf5
2025-04-22 22:06:26,507 - INFO - Saved HDF5 chunk: /caefs/data/IllustrisTNG/snapshot-0-ics/ics_chunk_250000000_260000000.hdf5
2025-04-22 22:06:26,718 - INFO - Saved HDF5 chunk: /caefs/data/IllustrisTNG/snapshot-0-ics/ics_chunk_3550000000_3560000000.hdf5
2025-04-22 22:06:28,129 - INFO - Saved HDF5 chunk: /caefs/data/IllustrisTNG/snapshot-0-ics/ics_chunk_4350000000_4360000000.hdf5
2025-04-22 22:06:28,205 - INFO - Saved HDF5 chunk: /caefs/data/IllustrisTNG/snapshot-0-ics/ics_chunk_2750000000_2760000000.hdf5
2025-04-22 22:06:28,293 - INFO - Saved HDF5 chunk: /caefs/data/IllustrisTNG/snapshot-0-ics/ics_chunk_4100000000_4110000000.hdf5
2025-04-22 22:06:28,306 - INFO - Saved HDF5 chunk: /caefs/data/IllustrisTNG/snapshot-0-ics/ics_chunk_500000000_510000000.hdf5
2025-04-22 22:06:28,470 - INFO - Saved HDF5 chunk: /caefs/data/IllustrisTNG/snapshot-0-ics/ics_chunk_550000000_560000000.hdf5
2025-04-22 22:06:28,488 - INFO - Saved HDF5 chunk: /caefs/data/IllustrisTNG/snapshot-0-ics/ics_chunk_1150000000_1160000000.hdf5
2025-04-22 22:06:28,518 - INFO - Saved HDF5 chunk: /caefs/data/IllustrisTNG/snapshot-0-ics/ics_chunk_450000000_460000000.hdf5
2025-04-22 22:06:28,535 - INFO - Saved HDF5 chunk: /caefs/data/IllustrisTNG/snapshot-0-ics/ics_chunk_2800000000_2810000000.hdf5
2025-04-22 22:06:28,925 - INFO - Saved HDF5 chunk: /caefs/data/IllustrisTNG/snapshot-0-ics/ics_chunk_4200000000_4210000000.hdf5
2025-04-22 22:06:29,013 - INFO - Saved HDF5 chunk: /caefs/data/IllustrisTNG/snapshot-0-ics/ics_chunk_1300000000_1310000000.hdf5
2025-04-22 22:06:29,127 - INFO - Saved HDF5 chunk: /caefs/data/IllustrisTNG/snapshot-0-ics/ics_chunk_1250000000_1260000000.hdf5
2025-04-22 22:06:29,701 - INFO - Saved HDF5 chunk: /caefs/data/IllustrisTNG/snapshot-0-ics/ics_chunk_2900000000_2910000000.hdf5
2025-04-22 22:06:29,837 - INFO - Saved HDF5 chunk: /caefs/data/IllustrisTNG/snapshot-0-ics/ics_chunk_1850000000_1860000000.hdf5
2025-04-22 22:06:29,897 - INFO - Saved HDF5 chunk: /caefs/data/IllustrisTNG/snapshot-0-ics/ics_chunk_3050000000_3060000000.hdf5
2025-04-22 22:06:30,192 - INFO - Saved HDF5 chunk: /caefs/data/IllustrisTNG/snapshot-0-ics/ics_chunk_1800000000_1810000000.hdf5
2025-04-22 22:06:30,266 - INFO - Saved HDF5 chunk: /caefs/data/IllustrisTNG/snapshot-0-ics/ics_chunk_1700000000_1710000000.hdf5
2025-04-22 22:06:30,265 - INFO - Saved HDF5 chunk: /caefs/data/IllustrisTNG/snapshot-0-ics/ics_chunk_3650000000_3660000000.hdf5
2025-04-22 22:06:30,264 - INFO - Saved HDF5 chunk: /caefs/data/IllustrisTNG/snapshot-0-ics/ics_chunk_2200000000_2210000000.hdf5
2025-04-22 22:06:30,265 - INFO - Saved HDF5 chunk: /caefs/data/IllustrisTNG/snapshot-0-ics/ics_chunk_2850000000_2860000000.hdf5
2025-04-22 22:06:30,272 - INFO - Saved HDF5 chunk: /caefs/data/IllustrisTNG/snapshot-0-ics/ics_chunk_4600000000_4610000000.hdf5
2025-04-22 22:06:30,290 - INFO - Saved HDF5 chunk: /caefs/data/IllustrisTNG/snapshot-0-ics/ics_chunk_3400000000_3410000000.hdf5
2025-04-22 22:06:30,291 - INFO - Saved HDF5 chunk: /caefs/data/IllustrisTNG/snapshot-0-ics/ics_chunk_4150000000_4160000000.hdf5
2025-04-22 22:06:30,286 - INFO - Saved HDF5 chunk: /caefs/data/IllustrisTNG/snapshot-0-ics/ics_chunk_2600000000_2610000000.hdf5
2025-04-22 22:06:32,453 - INFO - Saved HDF5 chunk: /caefs/data/IllustrisTNG/snapshot-0-ics/ics_chunk_2100000000_2110000000.hdf5
2025-04-22 22:06:32,487 - INFO - Saved HDF5 chunk: /caefs/data/IllustrisTNG/snapshot-0-ics/ics_chunk_600000000_610000000.hdf5
2025-04-22 22:06:32,509 - INFO - Saved HDF5 chunk: /caefs/data/IllustrisTNG/snapshot-0-ics/ics_chunk_2950000000_2960000000.hdf5
2025-04-22 22:06:32,965 - INFO - Saved HDF5 chunk: /caefs/data/IllustrisTNG/snapshot-0-ics/ics_chunk_3300000000_3310000000.hdf5
2025-04-22 22:06:33,055 - INFO - Saved HDF5 chunk: /caefs/data/IllustrisTNG/snapshot-0-ics/ics_chunk_3850000000_3860000000.hdf5
2025-04-22 22:06:33,078 - INFO - Saved HDF5 chunk: /caefs/data/IllustrisTNG/snapshot-0-ics/ics_chunk_3150000000_3160000000.hdf5
2025-04-22 22:06:33,120 - INFO - Saved HDF5 chunk: /caefs/data/IllustrisTNG/snapshot-0-ics/ics_chunk_3100000000_3110000000.hdf5
2025-04-22 22:06:33,118 - INFO - Saved HDF5 chunk: /caefs/data/IllustrisTNG/snapshot-0-ics/ics_chunk_4250000000_4260000000.hdf5
2025-04-22 22:06:33,156 - INFO - Saved HDF5 chunk: /caefs/data/IllustrisTNG/snapshot-0-ics/ics_chunk_350000000_360000000.hdf5
2025-04-22 22:06:33,227 - INFO - Saved HDF5 chunk: /caefs/data/IllustrisTNG/snapshot-0-ics/ics_chunk_2500000000_2510000000.hdf5
2025-04-22 22:06:33,325 - INFO - Saved HDF5 chunk: /caefs/data/IllustrisTNG/snapshot-0-ics/ics_chunk_1400000000_1410000000.hdf5
2025-04-22 22:06:33,325 - INFO - Saved HDF5 chunk: /caefs/data/IllustrisTNG/snapshot-0-ics/ics_chunk_800000000_810000000.hdf5
2025-04-22 22:06:33,354 - INFO - Saved HDF5 chunk: /caefs/data/IllustrisTNG/snapshot-0-ics/ics_chunk_100000000_110000000.hdf5
2025-04-22 22:06:33,354 - INFO - Saved HDF5 chunk: /caefs/data/IllustrisTNG/snapshot-0-ics/ics_chunk_1950000000_1960000000.hdf5
2025-04-22 22:06:33,358 - INFO - Saved HDF5 chunk: /caefs/data/IllustrisTNG/snapshot-0-ics/ics_chunk_50000000_60000000.hdf5
2025-04-22 22:06:33,411 - INFO - Saved HDF5 chunk: /caefs/data/IllustrisTNG/snapshot-0-ics/ics_chunk_3950000000_3960000000.hdf5
2025-04-22 22:06:33,451 - INFO - Saved HDF5 chunk: /caefs/data/IllustrisTNG/snapshot-0-ics/ics_chunk_4550000000_4560000000.hdf5
2025-04-22 22:06:33,452 - INFO - Saved HDF5 chunk: /caefs/data/IllustrisTNG/snapshot-0-ics/ics_chunk_3000000000_3010000000.hdf5
2025-04-22 22:06:33,454 - INFO - Saved HDF5 chunk: /caefs/data/IllustrisTNG/snapshot-0-ics/ics_chunk_2350000000_2360000000.hdf5
2025-04-22 22:06:33,499 - INFO - Saved HDF5 chunk: /caefs/data/IllustrisTNG/snapshot-0-ics/ics_chunk_1750000000_1760000000.hdf5
2025-04-22 22:06:33,507 - INFO - Saved HDF5 chunk: /caefs/data/IllustrisTNG/snapshot-0-ics/ics_chunk_700000000_710000000.hdf5
2025-04-22 22:06:33,507 - INFO - Saved HDF5 chunk: /caefs/data/IllustrisTNG/snapshot-0-ics/ics_chunk_1350000000_1360000000.hdf5
2025-04-22 22:06:33,522 - INFO - Saved HDF5 chunk: /caefs/data/IllustrisTNG/snapshot-0-ics/ics_chunk_850000000_860000000.hdf5
2025-04-22 22:06:33,525 - INFO - Saved HDF5 chunk: /caefs/data/IllustrisTNG/snapshot-0-ics/ics_chunk_1900000000_1910000000.hdf5
2025-04-22 22:06:33,525 - INFO - Saved HDF5 chunk: /caefs/data/IllustrisTNG/snapshot-0-ics/ics_chunk_4750000000_4760000000.hdf5
2025-04-22 22:06:33,525 - INFO - Saved HDF5 chunk: /caefs/data/IllustrisTNG/snapshot-0-ics/ics_chunk_3600000000_3610000000.hdf5
2025-04-22 22:06:33,525 - INFO - Saved HDF5 chunk: /caefs/data/IllustrisTNG/snapshot-0-ics/ics_chunk_1100000000_1110000000.hdf5
2025-04-22 22:06:33,525 - INFO - Saved HDF5 chunk: /caefs/data/IllustrisTNG/snapshot-0-ics/ics_chunk_4300000000_4310000000.hdf5
2025-04-22 22:06:33,525 - INFO - Saved HDF5 chunk: /caefs/data/IllustrisTNG/snapshot-0-ics/ics_chunk_3900000000_3910000000.hdf5
2025-04-22 22:06:33,525 - INFO - Saved HDF5 chunk: /caefs/data/IllustrisTNG/snapshot-0-ics/ics_chunk_2700000000_2710000000.hdf5
2025-04-22 22:06:35,069 - INFO - Saved HDF5 chunk: /caefs/data/IllustrisTNG/snapshot-0-ics/ics_chunk_1200000000_1210000000.hdf5
2025-04-22 22:06:35,429 - INFO - Saved HDF5 chunk: /caefs/data/IllustrisTNG/snapshot-0-ics/ics_chunk_2300000000_2310000000.hdf5
2025-04-22 22:06:37,627 - INFO - Saved HDF5 chunk: /caefs/data/IllustrisTNG/snapshot-0-ics/ics_chunk_1000000000_1010000000.hdf5
2025-04-22 22:06:37,721 - INFO - Saved HDF5 chunk: /caefs/data/IllustrisTNG/snapshot-0-ics/ics_chunk_4450000000_4460000000.hdf5
2025-04-22 22:06:37,766 - INFO - Saved HDF5 chunk: /caefs/data/IllustrisTNG/snapshot-0-ics/ics_chunk_4500000000_4510000000.hdf5
2025-04-22 22:06:37,764 - INFO - Saved HDF5 chunk: /caefs/data/IllustrisTNG/snapshot-0-ics/ics_chunk_3250000000_3260000000.hdf5
2025-04-22 22:06:37,827 - INFO - Saved HDF5 chunk: /caefs/data/IllustrisTNG/snapshot-0-ics/ics_chunk_3750000000_3760000000.hdf5
2025-04-22 22:06:37,824 - INFO - Saved HDF5 chunk: /caefs/data/IllustrisTNG/snapshot-0-ics/ics_chunk_3350000000_3360000000.hdf5
2025-04-22 22:06:37,833 - INFO - Saved HDF5 chunk: /caefs/data/IllustrisTNG/snapshot-0-ics/ics_chunk_4700000000_4710000000.hdf5
2025-04-22 22:06:37,833 - INFO - Saved HDF5 chunk: /caefs/data/IllustrisTNG/snapshot-0-ics/ics_chunk_650000000_660000000.hdf5
2025-04-22 22:06:37,833 - INFO - Saved HDF5 chunk: /caefs/data/IllustrisTNG/snapshot-0-ics/ics_chunk_3450000000_3460000000.hdf5
2025-04-22 22:06:37,835 - INFO - Saved HDF5 chunk: /caefs/data/IllustrisTNG/snapshot-0-ics/ics_chunk_2000000000_2010000000.hdf5
2025-04-22 22:06:37,838 - INFO - Saved HDF5 chunk: /caefs/data/IllustrisTNG/snapshot-0-ics/ics_chunk_2450000000_2460000000.hdf5
2025-04-22 22:06:37,839 - INFO - Saved HDF5 chunk: /caefs/data/IllustrisTNG/snapshot-0-ics/ics_chunk_900000000_910000000.hdf5
2025-04-22 22:06:37,839 - INFO - Saved HDF5 chunk: /caefs/data/IllustrisTNG/snapshot-0-ics/ics_chunk_300000000_310000000.hdf5
2025-04-22 22:06:37,844 - INFO - Saved HDF5 chunk: /caefs/data/IllustrisTNG/snapshot-0-ics/ics_chunk_150000000_160000000.hdf5
2025-04-22 22:06:37,847 - INFO - Saved HDF5 chunk: /caefs/data/IllustrisTNG/snapshot-0-ics/ics_chunk_4400000000_4410000000.hdf5
2025-04-22 22:06:37,850 - INFO - Saved HDF5 chunk: /caefs/data/IllustrisTNG/snapshot-0-ics/ics_chunk_750000000_760000000.hdf5
2025-04-22 22:06:37,853 - INFO - Saved HDF5 chunk: /caefs/data/IllustrisTNG/snapshot-0-ics/ics_chunk_4050000000_4060000000.hdf5
2025-04-22 22:06:37,853 - INFO - Saved HDF5 chunk: /caefs/data/IllustrisTNG/snapshot-0-ics/ics_chunk_3500000000_3510000000.hdf5
2025-04-22 22:06:37,859 - INFO - Saved HDF5 chunk: /caefs/data/IllustrisTNG/snapshot-0-ics/ics_chunk_2550000000_2560000000.hdf5
2025-04-22 22:06:37,862 - INFO - Saved HDF5 chunk: /caefs/data/IllustrisTNG/snapshot-0-ics/ics_chunk_2150000000_2160000000.hdf5
2025-04-22 22:06:37,863 - INFO - Saved HDF5 chunk: /caefs/data/IllustrisTNG/snapshot-0-ics/ics_chunk_950000000_960000000.hdf5
2025-04-22 22:06:37,862 - INFO - Saved HDF5 chunk: /caefs/data/IllustrisTNG/snapshot-0-ics/ics_chunk_1550000000_1560000000.hdf5
2025-04-22 22:06:37,868 - INFO - Saved HDF5 chunk: /caefs/data/IllustrisTNG/snapshot-0-ics/ics_chunk_3700000000_3710000000.hdf5
2025-04-22 22:06:37,869 - INFO - Saved HDF5 chunk: /caefs/data/IllustrisTNG/snapshot-0-ics/ics_chunk_3800000000_3810000000.hdf5
2025-04-22 22:06:37,867 - INFO - Saved HDF5 chunk: /caefs/data/IllustrisTNG/snapshot-0-ics/ics_chunk_3200000000_3210000000.hdf5
2025-04-22 22:06:37,869 - INFO - Saved HDF5 chunk: /caefs/data/IllustrisTNG/snapshot-0-ics/ics_chunk_2400000000_2410000000.hdf5
2025-04-22 22:06:37,869 - INFO - Saved HDF5 chunk: /caefs/data/IllustrisTNG/snapshot-0-ics/ics_chunk_1500000000_1510000000.hdf5
2025-04-22 22:06:40,414 - INFO - Saved HDF5 chunk: /caefs/data/IllustrisTNG/snapshot-0-ics/ics_chunk_2060000000_2070000000.hdf5
2025-04-22 22:06:43,673 - INFO - Saved HDF5 chunk: /caefs/data/IllustrisTNG/snapshot-0-ics/ics_chunk_1610000000_1620000000.hdf5
2025-04-22 22:06:43,766 - INFO - Saved HDF5 chunk: /caefs/data/IllustrisTNG/snapshot-0-ics/ics_chunk_1460000000_1470000000.hdf5
2025-04-22 22:06:44,325 - INFO - Saved HDF5 chunk: /caefs/data/IllustrisTNG/snapshot-0-ics/ics_chunk_4660000000_4670000000.hdf5
2025-04-22 22:06:44,504 - INFO - Saved HDF5 chunk: /caefs/data/IllustrisTNG/snapshot-0-ics/ics_chunk_10000000_20000000.hdf5
2025-04-22 22:06:46,386 - INFO - Saved HDF5 chunk: /caefs/data/IllustrisTNG/snapshot-0-ics/ics_chunk_2260000000_2270000000.hdf5
2025-04-22 22:06:46,478 - INFO - Saved HDF5 chunk: /caefs/data/IllustrisTNG/snapshot-0-ics/ics_chunk_410000000_420000000.hdf5
2025-04-22 22:06:46,512 - INFO - Saved HDF5 chunk: /caefs/data/IllustrisTNG/snapshot-0-ics/ics_chunk_1060000000_1070000000.hdf5
2025-04-22 22:06:47,144 - INFO - Saved HDF5 chunk: /caefs/data/IllustrisTNG/snapshot-0-ics/ics_chunk_2660000000_2670000000.hdf5
2025-04-22 22:06:47,852 - INFO - Saved HDF5 chunk: /caefs/data/IllustrisTNG/snapshot-0-ics/ics_chunk_4010000000_4020000000.hdf5
2025-04-22 22:06:47,865 - INFO - Saved HDF5 chunk: /caefs/data/IllustrisTNG/snapshot-0-ics/ics_chunk_3560000000_3570000000.hdf5
2025-04-22 22:06:48,033 - INFO - Saved HDF5 chunk: /caefs/data/IllustrisTNG/snapshot-0-ics/ics_chunk_210000000_220000000.hdf5
2025-04-22 22:06:48,150 - INFO - Saved HDF5 chunk: /caefs/data/IllustrisTNG/snapshot-0-ics/ics_chunk_1660000000_1670000000.hdf5
2025-04-22 22:06:48,315 - INFO - Saved HDF5 chunk: /caefs/data/IllustrisTNG/snapshot-0-ics/ics_chunk_4360000000_4370000000.hdf5
2025-04-22 22:06:48,326 - INFO - Saved HDF5 chunk: /caefs/data/IllustrisTNG/snapshot-0-ics/ics_chunk_2760000000_2770000000.hdf5
2025-04-22 22:06:48,455 - INFO - Saved HDF5 chunk: /caefs/data/IllustrisTNG/snapshot-0-ics/ics_chunk_460000000_470000000.hdf5
2025-04-22 22:06:51,510 - INFO - Saved HDF5 chunk: /caefs/data/IllustrisTNG/snapshot-0-ics/ics_chunk_3410000000_3420000000.hdf5
2025-04-22 22:06:51,621 - INFO - Saved HDF5 chunk: /caefs/data/IllustrisTNG/snapshot-0-ics/ics_chunk_1710000000_1720000000.hdf5
2025-04-22 22:06:51,795 - INFO - Saved HDF5 chunk: /caefs/data/IllustrisTNG/snapshot-0-ics/ics_chunk_1260000000_1270000000.hdf5
2025-04-22 22:06:51,907 - INFO - Saved HDF5 chunk: /caefs/data/IllustrisTNG/snapshot-0-ics/ics_chunk_4110000000_4120000000.hdf5
2025-04-22 22:06:51,960 - INFO - Saved HDF5 chunk: /caefs/data/IllustrisTNG/snapshot-0-ics/ics_chunk_560000000_570000000.hdf5
2025-04-22 22:06:52,048 - INFO - Saved HDF5 chunk: /caefs/data/IllustrisTNG/snapshot-0-ics/ics_chunk_510000000_520000000.hdf5
2025-04-22 22:06:52,138 - INFO - Saved HDF5 chunk: /caefs/data/IllustrisTNG/snapshot-0-ics/ics_chunk_4610000000_4620000000.hdf5
2025-04-22 22:06:52,280 - INFO - Saved HDF5 chunk: /caefs/data/IllustrisTNG/snapshot-0-ics/ics_chunk_4210000000_4220000000.hdf5
2025-04-22 22:06:52,431 - INFO - Saved HDF5 chunk: /caefs/data/IllustrisTNG/snapshot-0-ics/ics_chunk_260000000_270000000.hdf5
2025-04-22 22:06:52,499 - INFO - Saved HDF5 chunk: /caefs/data/IllustrisTNG/snapshot-0-ics/ics_chunk_1160000000_1170000000.hdf5
2025-04-22 22:06:52,702 - INFO - Saved HDF5 chunk: /caefs/data/IllustrisTNG/snapshot-0-ics/ics_chunk_3160000000_3170000000.hdf5
2025-04-22 22:06:52,702 - INFO - Saved HDF5 chunk: /caefs/data/IllustrisTNG/snapshot-0-ics/ics_chunk_2910000000_2920000000.hdf5
2025-04-22 22:06:52,893 - INFO - Saved HDF5 chunk: /caefs/data/IllustrisTNG/snapshot-0-ics/ics_chunk_2510000000_2520000000.hdf5
2025-04-22 22:06:53,271 - INFO - Saved HDF5 chunk: /caefs/data/IllustrisTNG/snapshot-0-ics/ics_chunk_2110000000_2120000000.hdf5
2025-04-22 22:06:53,282 - INFO - Saved HDF5 chunk: /caefs/data/IllustrisTNG/snapshot-0-ics/ics_chunk_4160000000_4170000000.hdf5
2025-04-22 22:06:53,282 - INFO - Saved HDF5 chunk: /caefs/data/IllustrisTNG/snapshot-0-ics/ics_chunk_2960000000_2970000000.hdf5
2025-04-22 22:06:53,304 - INFO - Saved HDF5 chunk: /caefs/data/IllustrisTNG/snapshot-0-ics/ics_chunk_2360000000_2370000000.hdf5
2025-04-22 22:06:53,360 - INFO - Saved HDF5 chunk: /caefs/data/IllustrisTNG/snapshot-0-ics/ics_chunk_610000000_620000000.hdf5
2025-04-22 22:06:53,566 - INFO - Saved HDF5 chunk: /caefs/data/IllustrisTNG/snapshot-0-ics/ics_chunk_2810000000_2820000000.hdf5
2025-04-22 22:06:53,780 - INFO - Saved HDF5 chunk: /caefs/data/IllustrisTNG/snapshot-0-ics/ics_chunk_2610000000_2620000000.hdf5
2025-04-22 22:06:54,080 - INFO - Saved HDF5 chunk: /caefs/data/IllustrisTNG/snapshot-0-ics/ics_chunk_3610000000_3620000000.hdf5
2025-04-22 22:06:54,082 - INFO - Saved HDF5 chunk: /caefs/data/IllustrisTNG/snapshot-0-ics/ics_chunk_2710000000_2720000000.hdf5
2025-04-22 22:06:54,176 - INFO - Saved HDF5 chunk: /caefs/data/IllustrisTNG/snapshot-0-ics/ics_chunk_1860000000_1870000000.hdf5
2025-04-22 22:06:54,193 - INFO - Saved HDF5 chunk: /caefs/data/IllustrisTNG/snapshot-0-ics/ics_chunk_3660000000_3670000000.hdf5
2025-04-22 22:06:54,609 - INFO - Saved HDF5 chunk: /caefs/data/IllustrisTNG/snapshot-0-ics/ics_chunk_2860000000_2870000000.hdf5
2025-04-22 22:06:54,652 - INFO - Saved HDF5 chunk: /caefs/data/IllustrisTNG/snapshot-0-ics/ics_chunk_1810000000_1820000000.hdf5
2025-04-22 22:06:54,730 - INFO - Saved HDF5 chunk: /caefs/data/IllustrisTNG/snapshot-0-ics/ics_chunk_810000000_820000000.hdf5
2025-04-22 22:06:54,912 - INFO - Saved HDF5 chunk: /caefs/data/IllustrisTNG/snapshot-0-ics/ics_chunk_3310000000_3320000000.hdf5
2025-04-22 22:06:54,927 - INFO - Saved HDF5 chunk: /caefs/data/IllustrisTNG/snapshot-0-ics/ics_chunk_860000000_870000000.hdf5
2025-04-22 22:06:54,988 - INFO - Saved HDF5 chunk: /caefs/data/IllustrisTNG/snapshot-0-ics/ics_chunk_2210000000_2220000000.hdf5
2025-04-22 22:06:55,069 - INFO - Saved HDF5 chunk: /caefs/data/IllustrisTNG/snapshot-0-ics/ics_chunk_1310000000_1320000000.hdf5
2025-04-22 22:06:55,252 - INFO - Saved HDF5 chunk: /caefs/data/IllustrisTNG/snapshot-0-ics/ics_chunk_1910000000_1920000000.hdf5
2025-04-22 22:06:55,261 - INFO - Saved HDF5 chunk: /caefs/data/IllustrisTNG/snapshot-0-ics/ics_chunk_3060000000_3070000000.hdf5
2025-04-22 22:06:55,298 - INFO - Saved HDF5 chunk: /caefs/data/IllustrisTNG/snapshot-0-ics/ics_chunk_3110000000_3120000000.hdf5
2025-04-22 22:06:55,440 - INFO - Saved HDF5 chunk: /caefs/data/IllustrisTNG/snapshot-0-ics/ics_chunk_1410000000_1420000000.hdf5
2025-04-22 22:06:55,521 - INFO - Saved HDF5 chunk: /caefs/data/IllustrisTNG/snapshot-0-ics/ics_chunk_3960000000_3970000000.hdf5
2025-04-22 22:06:55,589 - INFO - Saved HDF5 chunk: /caefs/data/IllustrisTNG/snapshot-0-ics/ics_chunk_360000000_370000000.hdf5
2025-04-22 22:06:55,726 - INFO - Saved HDF5 chunk: /caefs/data/IllustrisTNG/snapshot-0-ics/ics_chunk_4310000000_4320000000.hdf5
2025-04-22 22:06:56,411 - INFO - Saved HDF5 chunk: /caefs/data/IllustrisTNG/snapshot-0-ics/ics_chunk_110000000_120000000.hdf5
2025-04-22 22:06:56,463 - INFO - Saved HDF5 chunk: /caefs/data/IllustrisTNG/snapshot-0-ics/ics_chunk_4560000000_4570000000.hdf5
2025-04-22 22:06:56,530 - INFO - Saved HDF5 chunk: /caefs/data/IllustrisTNG/snapshot-0-ics/ics_chunk_4260000000_4270000000.hdf5
2025-04-22 22:06:56,662 - INFO - Saved HDF5 chunk: /caefs/data/IllustrisTNG/snapshot-0-ics/ics_chunk_3860000000_3870000000.hdf5
2025-04-22 22:06:57,053 - INFO - Saved HDF5 chunk: /caefs/data/IllustrisTNG/snapshot-0-ics/ics_chunk_1960000000_1970000000.hdf5
2025-04-22 22:06:57,081 - INFO - Saved HDF5 chunk: /caefs/data/IllustrisTNG/snapshot-0-ics/ics_chunk_710000000_720000000.hdf5
2025-04-22 22:06:57,102 - INFO - Saved HDF5 chunk: /caefs/data/IllustrisTNG/snapshot-0-ics/ics_chunk_1360000000_1370000000.hdf5
2025-04-22 22:06:57,205 - INFO - Saved HDF5 chunk: /caefs/data/IllustrisTNG/snapshot-0-ics/ics_chunk_4760000000_4770000000.hdf5
2025-04-22 22:06:57,330 - INFO - Saved HDF5 chunk: /caefs/data/IllustrisTNG/snapshot-0-ics/ics_chunk_3910000000_3920000000.hdf5
2025-04-22 22:06:57,520 - INFO - Saved HDF5 chunk: /caefs/data/IllustrisTNG/snapshot-0-ics/ics_chunk_60000000_70000000.hdf5
2025-04-22 22:06:57,536 - INFO - Saved HDF5 chunk: /caefs/data/IllustrisTNG/snapshot-0-ics/ics_chunk_1760000000_1770000000.hdf5
2025-04-22 22:06:57,680 - INFO - Saved HDF5 chunk: /caefs/data/IllustrisTNG/snapshot-0-ics/ics_chunk_3010000000_3020000000.hdf5
2025-04-22 22:06:58,013 - INFO - Saved HDF5 chunk: /caefs/data/IllustrisTNG/snapshot-0-ics/ics_chunk_1110000000_1120000000.hdf5
2025-04-22 22:06:58,686 - INFO - Saved HDF5 chunk: /caefs/data/IllustrisTNG/snapshot-0-ics/ics_chunk_660000000_670000000.hdf5
2025-04-22 22:06:58,848 - INFO - Saved HDF5 chunk: /caefs/data/IllustrisTNG/snapshot-0-ics/ics_chunk_2560000000_2570000000.hdf5
2025-04-22 22:06:58,923 - INFO - Saved HDF5 chunk: /caefs/data/IllustrisTNG/snapshot-0-ics/ics_chunk_4460000000_4470000000.hdf5
2025-04-22 22:06:58,983 - INFO - Saved HDF5 chunk: /caefs/data/IllustrisTNG/snapshot-0-ics/ics_chunk_1210000000_1220000000.hdf5
2025-04-22 22:06:59,171 - INFO - Saved HDF5 chunk: /caefs/data/IllustrisTNG/snapshot-0-ics/ics_chunk_1510000000_1520000000.hdf5
2025-04-22 22:06:59,236 - INFO - Saved HDF5 chunk: /caefs/data/IllustrisTNG/snapshot-0-ics/ics_chunk_2310000000_2320000000.hdf5
2025-04-22 22:06:59,403 - INFO - Saved HDF5 chunk: /caefs/data/IllustrisTNG/snapshot-0-ics/ics_chunk_4410000000_4420000000.hdf5
2025-04-22 22:06:59,438 - INFO - Saved HDF5 chunk: /caefs/data/IllustrisTNG/snapshot-0-ics/ics_chunk_3360000000_3370000000.hdf5
2025-04-22 22:07:00,009 - INFO - Saved HDF5 chunk: /caefs/data/IllustrisTNG/snapshot-0-ics/ics_chunk_3810000000_3820000000.hdf5
2025-04-22 22:07:00,079 - INFO - Saved HDF5 chunk: /caefs/data/IllustrisTNG/snapshot-0-ics/ics_chunk_1010000000_1020000000.hdf5
2025-04-22 22:07:00,377 - INFO - Saved HDF5 chunk: /caefs/data/IllustrisTNG/snapshot-0-ics/ics_chunk_760000000_770000000.hdf5
2025-04-22 22:07:00,484 - INFO - Saved HDF5 chunk: /caefs/data/IllustrisTNG/snapshot-0-ics/ics_chunk_2460000000_2470000000.hdf5
2025-04-22 22:07:00,489 - INFO - Saved HDF5 chunk: /caefs/data/IllustrisTNG/snapshot-0-ics/ics_chunk_3510000000_3520000000.hdf5
2025-04-22 22:07:00,520 - INFO - Saved HDF5 chunk: /caefs/data/IllustrisTNG/snapshot-0-ics/ics_chunk_3760000000_3770000000.hdf5
2025-04-22 22:07:00,784 - INFO - Saved HDF5 chunk: /caefs/data/IllustrisTNG/snapshot-0-ics/ics_chunk_160000000_170000000.hdf5
2025-04-22 22:07:01,121 - INFO - Saved HDF5 chunk: /caefs/data/IllustrisTNG/snapshot-0-ics/ics_chunk_3460000000_3470000000.hdf5
2025-04-22 22:07:01,179 - INFO - Saved HDF5 chunk: /caefs/data/IllustrisTNG/snapshot-0-ics/ics_chunk_3260000000_3270000000.hdf5
2025-04-22 22:07:01,471 - INFO - Saved HDF5 chunk: /caefs/data/IllustrisTNG/snapshot-0-ics/ics_chunk_1560000000_1570000000.hdf5
2025-04-22 22:07:01,571 - INFO - Saved HDF5 chunk: /caefs/data/IllustrisTNG/snapshot-0-ics/ics_chunk_4510000000_4520000000.hdf5
2025-04-22 22:07:01,618 - INFO - Saved HDF5 chunk: /caefs/data/IllustrisTNG/snapshot-0-ics/ics_chunk_2010000000_2020000000.hdf5
2025-04-22 22:07:01,923 - INFO - Saved HDF5 chunk: /caefs/data/IllustrisTNG/snapshot-0-ics/ics_chunk_310000000_320000000.hdf5
2025-04-22 22:07:01,953 - INFO - Saved HDF5 chunk: /caefs/data/IllustrisTNG/snapshot-0-ics/ics_chunk_960000000_970000000.hdf5
2025-04-22 22:07:02,003 - INFO - Saved HDF5 chunk: /caefs/data/IllustrisTNG/snapshot-0-ics/ics_chunk_2410000000_2420000000.hdf5
2025-04-22 22:07:02,044 - INFO - Saved HDF5 chunk: /caefs/data/IllustrisTNG/snapshot-0-ics/ics_chunk_3710000000_3720000000.hdf5
2025-04-22 22:07:02,505 - INFO - Saved HDF5 chunk: /caefs/data/IllustrisTNG/snapshot-0-ics/ics_chunk_4060000000_4070000000.hdf5
2025-04-22 22:07:02,616 - INFO - Saved HDF5 chunk: /caefs/data/IllustrisTNG/snapshot-0-ics/ics_chunk_910000000_920000000.hdf5
2025-04-22 22:07:02,675 - INFO - Saved HDF5 chunk: /caefs/data/IllustrisTNG/snapshot-0-ics/ics_chunk_4710000000_4720000000.hdf5
2025-04-22 22:07:04,924 - INFO - Saved HDF5 chunk: /caefs/data/IllustrisTNG/snapshot-0-ics/ics_chunk_2160000000_2170000000.hdf5
2025-04-22 22:07:04,958 - INFO - Saved HDF5 chunk: /caefs/data/IllustrisTNG/snapshot-0-ics/ics_chunk_3210000000_3220000000.hdf5
2025-04-22 22:07:05,256 - INFO - Saved HDF5 chunk: /caefs/data/IllustrisTNG/snapshot-0-ics/ics_chunk_2070000000_2080000000.hdf5
2025-04-22 22:07:09,251 - INFO - Saved HDF5 chunk: /caefs/data/IllustrisTNG/snapshot-0-ics/ics_chunk_1470000000_1480000000.hdf5
2025-04-22 22:07:09,304 - INFO - Saved HDF5 chunk: /caefs/data/IllustrisTNG/snapshot-0-ics/ics_chunk_4670000000_4680000000.hdf5
2025-04-22 22:07:09,390 - INFO - Saved HDF5 chunk: /caefs/data/IllustrisTNG/snapshot-0-ics/ics_chunk_20000000_30000000.hdf5
2025-04-22 22:07:09,767 - INFO - Saved HDF5 chunk: /caefs/data/IllustrisTNG/snapshot-0-ics/ics_chunk_1620000000_1630000000.hdf5
2025-04-22 22:07:11,279 - INFO - Saved HDF5 chunk: /caefs/data/IllustrisTNG/snapshot-0-ics/ics_chunk_1070000000_1080000000.hdf5
2025-04-22 22:07:11,932 - INFO - Saved HDF5 chunk: /caefs/data/IllustrisTNG/snapshot-0-ics/ics_chunk_420000000_430000000.hdf5
2025-04-22 22:07:12,275 - INFO - Saved HDF5 chunk: /caefs/data/IllustrisTNG/snapshot-0-ics/ics_chunk_2270000000_2280000000.hdf5
2025-04-22 22:07:12,979 - INFO - Saved HDF5 chunk: /caefs/data/IllustrisTNG/snapshot-0-ics/ics_chunk_4020000000_4030000000.hdf5
2025-04-22 22:07:13,046 - INFO - Saved HDF5 chunk: /caefs/data/IllustrisTNG/snapshot-0-ics/ics_chunk_470000000_480000000.hdf5
2025-04-22 22:07:13,279 - INFO - Saved HDF5 chunk: /caefs/data/IllustrisTNG/snapshot-0-ics/ics_chunk_2770000000_2780000000.hdf5
2025-04-22 22:07:13,388 - INFO - Saved HDF5 chunk: /caefs/data/IllustrisTNG/snapshot-0-ics/ics_chunk_3570000000_3580000000.hdf5
2025-04-22 22:07:13,483 - INFO - Saved HDF5 chunk: /caefs/data/IllustrisTNG/snapshot-0-ics/ics_chunk_2670000000_2680000000.hdf5
2025-04-22 22:07:13,599 - INFO - Saved HDF5 chunk: /caefs/data/IllustrisTNG/snapshot-0-ics/ics_chunk_1670000000_1680000000.hdf5
2025-04-22 22:07:13,775 - INFO - Saved HDF5 chunk: /caefs/data/IllustrisTNG/snapshot-0-ics/ics_chunk_220000000_230000000.hdf5
2025-04-22 22:07:13,935 - INFO - Saved HDF5 chunk: /caefs/data/IllustrisTNG/snapshot-0-ics/ics_chunk_3420000000_3430000000.hdf5
2025-04-22 22:07:14,152 - INFO - Saved HDF5 chunk: /caefs/data/IllustrisTNG/snapshot-0-ics/ics_chunk_1720000000_1730000000.hdf5
2025-04-22 22:07:14,465 - INFO - Saved HDF5 chunk: /caefs/data/IllustrisTNG/snapshot-0-ics/ics_chunk_4370000000_4380000000.hdf5
2025-04-22 22:07:14,984 - INFO - Saved HDF5 chunk: /caefs/data/IllustrisTNG/snapshot-0-ics/ics_chunk_2820000000_2830000000.hdf5
2025-04-22 22:07:15,003 - INFO - Saved HDF5 chunk: /caefs/data/IllustrisTNG/snapshot-0-ics/ics_chunk_1270000000_1280000000.hdf5
2025-04-22 22:07:15,161 - INFO - Saved HDF5 chunk: /caefs/data/IllustrisTNG/snapshot-0-ics/ics_chunk_270000000_280000000.hdf5
2025-04-22 22:07:15,310 - INFO - Saved HDF5 chunk: /caefs/data/IllustrisTNG/snapshot-0-ics/ics_chunk_4620000000_4630000000.hdf5
2025-04-22 22:07:15,473 - INFO - Saved HDF5 chunk: /caefs/data/IllustrisTNG/snapshot-0-ics/ics_chunk_2120000000_2130000000.hdf5
2025-04-22 22:07:15,561 - INFO - Saved HDF5 chunk: /caefs/data/IllustrisTNG/snapshot-0-ics/ics_chunk_2920000000_2930000000.hdf5
2025-04-22 22:07:15,562 - INFO - Saved HDF5 chunk: /caefs/data/IllustrisTNG/snapshot-0-ics/ics_chunk_2970000000_2980000000.hdf5
2025-04-22 22:07:15,667 - INFO - Saved HDF5 chunk: /caefs/data/IllustrisTNG/snapshot-0-ics/ics_chunk_2370000000_2380000000.hdf5
2025-04-22 22:07:15,825 - INFO - Saved HDF5 chunk: /caefs/data/IllustrisTNG/snapshot-0-ics/ics_chunk_570000000_580000000.hdf5
2025-04-22 22:07:15,857 - INFO - Saved HDF5 chunk: /caefs/data/IllustrisTNG/snapshot-0-ics/ics_chunk_4220000000_4230000000.hdf5
2025-04-22 22:07:15,896 - INFO - Saved HDF5 chunk: /caefs/data/IllustrisTNG/snapshot-0-ics/ics_chunk_2520000000_2530000000.hdf5
2025-04-22 22:07:16,027 - INFO - Saved HDF5 chunk: /caefs/data/IllustrisTNG/snapshot-0-ics/ics_chunk_3170000000_3180000000.hdf5
2025-04-22 22:07:16,390 - INFO - Saved HDF5 chunk: /caefs/data/IllustrisTNG/snapshot-0-ics/ics_chunk_620000000_630000000.hdf5
2025-04-22 22:07:16,396 - INFO - Saved HDF5 chunk: /caefs/data/IllustrisTNG/snapshot-0-ics/ics_chunk_3620000000_3630000000.hdf5
2025-04-22 22:07:16,422 - INFO - Saved HDF5 chunk: /caefs/data/IllustrisTNG/snapshot-0-ics/ics_chunk_870000000_880000000.hdf5
2025-04-22 22:07:16,782 - INFO - Saved HDF5 chunk: /caefs/data/IllustrisTNG/snapshot-0-ics/ics_chunk_2720000000_2730000000.hdf5
2025-04-22 22:07:16,805 - INFO - Saved HDF5 chunk: /caefs/data/IllustrisTNG/snapshot-0-ics/ics_chunk_1920000000_1930000000.hdf5
2025-04-22 22:07:16,805 - INFO - Saved HDF5 chunk: /caefs/data/IllustrisTNG/snapshot-0-ics/ics_chunk_1320000000_1330000000.hdf5
2025-04-22 22:07:17,025 - INFO - Saved HDF5 chunk: /caefs/data/IllustrisTNG/snapshot-0-ics/ics_chunk_4120000000_4130000000.hdf5
2025-04-22 22:07:17,063 - INFO - Saved HDF5 chunk: /caefs/data/IllustrisTNG/snapshot-0-ics/ics_chunk_520000000_530000000.hdf5
2025-04-22 22:07:17,222 - INFO - Saved HDF5 chunk: /caefs/data/IllustrisTNG/snapshot-0-ics/ics_chunk_1170000000_1180000000.hdf5
2025-04-22 22:07:17,403 - INFO - Saved HDF5 chunk: /caefs/data/IllustrisTNG/snapshot-0-ics/ics_chunk_820000000_830000000.hdf5
2025-04-22 22:07:17,428 - INFO - Saved HDF5 chunk: /caefs/data/IllustrisTNG/snapshot-0-ics/ics_chunk_1870000000_1880000000.hdf5
2025-04-22 22:07:17,641 - INFO - Saved HDF5 chunk: /caefs/data/IllustrisTNG/snapshot-0-ics/ics_chunk_4170000000_4180000000.hdf5
2025-04-22 22:07:17,663 - INFO - Saved HDF5 chunk: /caefs/data/IllustrisTNG/snapshot-0-ics/ics_chunk_3870000000_3880000000.hdf5
2025-04-22 22:07:17,787 - INFO - Saved HDF5 chunk: /caefs/data/IllustrisTNG/snapshot-0-ics/ics_chunk_1970000000_1980000000.hdf5
2025-04-22 22:07:18,063 - INFO - Saved HDF5 chunk: /caefs/data/IllustrisTNG/snapshot-0-ics/ics_chunk_3970000000_3980000000.hdf5
2025-04-22 22:07:18,306 - INFO - Saved HDF5 chunk: /caefs/data/IllustrisTNG/snapshot-0-ics/ics_chunk_2870000000_2880000000.hdf5
2025-04-22 22:07:18,361 - INFO - Saved HDF5 chunk: /caefs/data/IllustrisTNG/snapshot-0-ics/ics_chunk_70000000_80000000.hdf5
2025-04-22 22:07:18,505 - INFO - Saved HDF5 chunk: /caefs/data/IllustrisTNG/snapshot-0-ics/ics_chunk_4270000000_4280000000.hdf5
2025-04-22 22:07:18,856 - INFO - Saved HDF5 chunk: /caefs/data/IllustrisTNG/snapshot-0-ics/ics_chunk_3120000000_3130000000.hdf5
2025-04-22 22:07:18,967 - INFO - Saved HDF5 chunk: /caefs/data/IllustrisTNG/snapshot-0-ics/ics_chunk_1770000000_1780000000.hdf5
2025-04-22 22:07:18,981 - INFO - Saved HDF5 chunk: /caefs/data/IllustrisTNG/snapshot-0-ics/ics_chunk_3020000000_3030000000.hdf5
2025-04-22 22:07:19,091 - INFO - Saved HDF5 chunk: /caefs/data/IllustrisTNG/snapshot-0-ics/ics_chunk_1820000000_1830000000.hdf5
2025-04-22 22:07:19,149 - INFO - Saved HDF5 chunk: /caefs/data/IllustrisTNG/snapshot-0-ics/ics_chunk_3320000000_3330000000.hdf5
2025-04-22 22:07:21,117 - INFO - Saved HDF5 chunk: /caefs/data/IllustrisTNG/snapshot-0-ics/ics_chunk_1120000000_1130000000.hdf5
2025-04-22 22:07:21,259 - INFO - Saved HDF5 chunk: /caefs/data/IllustrisTNG/snapshot-0-ics/ics_chunk_3070000000_3080000000.hdf5
2025-04-22 22:07:23,747 - INFO - Saved HDF5 chunk: /caefs/data/IllustrisTNG/snapshot-0-ics/ics_chunk_1420000000_1430000000.hdf5
2025-04-22 22:07:23,801 - INFO - Saved HDF5 chunk: /caefs/data/IllustrisTNG/snapshot-0-ics/ics_chunk_2220000000_2230000000.hdf5
2025-04-22 22:07:23,818 - INFO - Saved HDF5 chunk: /caefs/data/IllustrisTNG/snapshot-0-ics/ics_chunk_2620000000_2630000000.hdf5
2025-04-22 22:07:23,957 - INFO - Saved HDF5 chunk: /caefs/data/IllustrisTNG/snapshot-0-ics/ics_chunk_3670000000_3680000000.hdf5
2025-04-22 22:07:23,958 - INFO - Saved HDF5 chunk: /caefs/data/IllustrisTNG/snapshot-0-ics/ics_chunk_370000000_380000000.hdf5
2025-04-22 22:07:24,134 - INFO - Saved HDF5 chunk: /caefs/data/IllustrisTNG/snapshot-0-ics/ics_chunk_4570000000_4580000000.hdf5
2025-04-22 22:07:24,196 - INFO - Saved HDF5 chunk: /caefs/data/IllustrisTNG/snapshot-0-ics/ics_chunk_120000000_130000000.hdf5
2025-04-22 22:07:24,485 - INFO - Saved HDF5 chunk: /caefs/data/IllustrisTNG/snapshot-0-ics/ics_chunk_4320000000_4330000000.hdf5
2025-04-22 22:07:24,667 - INFO - Saved HDF5 chunk: /caefs/data/IllustrisTNG/snapshot-0-ics/ics_chunk_4770000000_4780000000.hdf5
2025-04-22 22:07:24,997 - INFO - Saved HDF5 chunk: /caefs/data/IllustrisTNG/snapshot-0-ics/ics_chunk_670000000_680000000.hdf5
2025-04-22 22:07:25,332 - INFO - Saved HDF5 chunk: /caefs/data/IllustrisTNG/snapshot-0-ics/ics_chunk_4470000000_4480000000.hdf5
2025-04-22 22:07:25,352 - INFO - Saved HDF5 chunk: /caefs/data/IllustrisTNG/snapshot-0-ics/ics_chunk_3920000000_3930000000.hdf5
2025-04-22 22:07:25,578 - INFO - Saved HDF5 chunk: /caefs/data/IllustrisTNG/snapshot-0-ics/ics_chunk_1370000000_1380000000.hdf5
2025-04-22 22:07:25,607 - INFO - Saved HDF5 chunk: /caefs/data/IllustrisTNG/snapshot-0-ics/ics_chunk_2570000000_2580000000.hdf5
2025-04-22 22:07:25,716 - INFO - Saved HDF5 chunk: /caefs/data/IllustrisTNG/snapshot-0-ics/ics_chunk_1520000000_1530000000.hdf5
2025-04-22 22:07:25,937 - INFO - Saved HDF5 chunk: /caefs/data/IllustrisTNG/snapshot-0-ics/ics_chunk_720000000_730000000.hdf5
2025-04-22 22:07:26,620 - INFO - Saved HDF5 chunk: /caefs/data/IllustrisTNG/snapshot-0-ics/ics_chunk_3820000000_3830000000.hdf5
2025-04-22 22:07:26,731 - INFO - Saved HDF5 chunk: /caefs/data/IllustrisTNG/snapshot-0-ics/ics_chunk_2320000000_2330000000.hdf5
2025-04-22 22:07:26,758 - INFO - Saved HDF5 chunk: /caefs/data/IllustrisTNG/snapshot-0-ics/ics_chunk_3370000000_3380000000.hdf5
2025-04-22 22:07:26,840 - INFO - Saved HDF5 chunk: /caefs/data/IllustrisTNG/snapshot-0-ics/ics_chunk_4420000000_4430000000.hdf5
2025-04-22 22:07:26,976 - INFO - Saved HDF5 chunk: /caefs/data/IllustrisTNG/snapshot-0-ics/ics_chunk_1220000000_1230000000.hdf5
2025-04-22 22:07:27,345 - INFO - Saved HDF5 chunk: /caefs/data/IllustrisTNG/snapshot-0-ics/ics_chunk_3770000000_3780000000.hdf5
2025-04-22 22:07:27,381 - INFO - Saved HDF5 chunk: /caefs/data/IllustrisTNG/snapshot-0-ics/ics_chunk_1020000000_1030000000.hdf5
2025-04-22 22:07:27,484 - INFO - Saved HDF5 chunk: /caefs/data/IllustrisTNG/snapshot-0-ics/ics_chunk_170000000_180000000.hdf5
2025-04-22 22:07:27,716 - INFO - Saved HDF5 chunk: /caefs/data/IllustrisTNG/snapshot-0-ics/ics_chunk_920000000_930000000.hdf5
2025-04-22 22:07:27,869 - INFO - Saved HDF5 chunk: /caefs/data/IllustrisTNG/snapshot-0-ics/ics_chunk_4070000000_4080000000.hdf5
2025-04-22 22:07:27,940 - INFO - Saved HDF5 chunk: /caefs/data/IllustrisTNG/snapshot-0-ics/ics_chunk_3520000000_3530000000.hdf5
2025-04-22 22:07:28,107 - INFO - Saved HDF5 chunk: /caefs/data/IllustrisTNG/snapshot-0-ics/ics_chunk_4720000000_4730000000.hdf5
2025-04-22 22:07:28,191 - INFO - Saved HDF5 chunk: /caefs/data/IllustrisTNG/snapshot-0-ics/ics_chunk_2170000000_2180000000.hdf5
2025-04-22 22:07:28,223 - INFO - Saved HDF5 chunk: /caefs/data/IllustrisTNG/snapshot-0-ics/ics_chunk_770000000_780000000.hdf5
2025-04-22 22:07:28,326 - INFO - Saved HDF5 chunk: /caefs/data/IllustrisTNG/snapshot-0-ics/ics_chunk_2470000000_2480000000.hdf5
2025-04-22 22:07:28,423 - INFO - Saved HDF5 chunk: /caefs/data/IllustrisTNG/snapshot-0-ics/ics_chunk_3220000000_3230000000.hdf5
2025-04-22 22:07:29,359 - INFO - Saved HDF5 chunk: /caefs/data/IllustrisTNG/snapshot-0-ics/ics_chunk_2020000000_2030000000.hdf5
2025-04-22 22:07:29,415 - INFO - Saved HDF5 chunk: /caefs/data/IllustrisTNG/snapshot-0-ics/ics_chunk_3270000000_3280000000.hdf5
2025-04-22 22:07:31,635 - INFO - Saved HDF5 chunk: /caefs/data/IllustrisTNG/snapshot-0-ics/ics_chunk_3720000000_3730000000.hdf5
2025-04-22 22:07:31,921 - INFO - Saved HDF5 chunk: /caefs/data/IllustrisTNG/snapshot-0-ics/ics_chunk_970000000_980000000.hdf5
2025-04-22 22:07:32,102 - INFO - Saved HDF5 chunk: /caefs/data/IllustrisTNG/snapshot-0-ics/ics_chunk_3470000000_3480000000.hdf5
2025-04-22 22:07:32,102 - INFO - Saved HDF5 chunk: /caefs/data/IllustrisTNG/snapshot-0-ics/ics_chunk_4520000000_4530000000.hdf5
2025-04-22 22:07:32,210 - INFO - Saved HDF5 chunk: /caefs/data/IllustrisTNG/snapshot-0-ics/ics_chunk_1570000000_1580000000.hdf5
2025-04-22 22:07:32,492 - INFO - Saved HDF5 chunk: /caefs/data/IllustrisTNG/snapshot-0-ics/ics_chunk_2420000000_2430000000.hdf5
2025-04-22 22:07:32,504 - INFO - Saved HDF5 chunk: /caefs/data/IllustrisTNG/snapshot-0-ics/ics_chunk_320000000_330000000.hdf5
2025-04-22 22:07:32,626 - INFO - Saved HDF5 chunk: /caefs/data/IllustrisTNG/snapshot-0-ics/ics_chunk_2080000000_2090000000.hdf5
2025-04-22 22:07:43,528 - INFO - Saved HDF5 chunk: /caefs/data/IllustrisTNG/snapshot-0-ics/ics_chunk_4680000000_4690000000.hdf5
2025-04-22 22:07:45,040 - INFO - Saved HDF5 chunk: /caefs/data/IllustrisTNG/snapshot-0-ics/ics_chunk_1480000000_1490000000.hdf5
2025-04-22 22:07:45,073 - INFO - Saved HDF5 chunk: /caefs/data/IllustrisTNG/snapshot-0-ics/ics_chunk_30000000_40000000.hdf5
2025-04-22 22:07:48,698 - INFO - Saved HDF5 chunk: /caefs/data/IllustrisTNG/snapshot-0-ics/ics_chunk_1630000000_1640000000.hdf5
2025-04-22 22:07:49,029 - INFO - Saved HDF5 chunk: /caefs/data/IllustrisTNG/snapshot-0-ics/ics_chunk_1080000000_1090000000.hdf5
2025-04-22 22:07:49,695 - INFO - Saved HDF5 chunk: /caefs/data/IllustrisTNG/snapshot-0-ics/ics_chunk_430000000_440000000.hdf5
2025-04-22 22:07:49,906 - INFO - Saved HDF5 chunk: /caefs/data/IllustrisTNG/snapshot-0-ics/ics_chunk_480000000_490000000.hdf5
2025-04-22 22:07:50,384 - INFO - Saved HDF5 chunk: /caefs/data/IllustrisTNG/snapshot-0-ics/ics_chunk_4030000000_4040000000.hdf5
2025-04-22 22:07:50,429 - INFO - Saved HDF5 chunk: /caefs/data/IllustrisTNG/snapshot-0-ics/ics_chunk_2280000000_2290000000.hdf5
2025-04-22 22:07:50,691 - INFO - Saved HDF5 chunk: /caefs/data/IllustrisTNG/snapshot-0-ics/ics_chunk_3430000000_3440000000.hdf5
2025-04-22 22:07:50,807 - INFO - Saved HDF5 chunk: /caefs/data/IllustrisTNG/snapshot-0-ics/ics_chunk_2780000000_2790000000.hdf5
2025-04-22 22:07:51,173 - INFO - Saved HDF5 chunk: /caefs/data/IllustrisTNG/snapshot-0-ics/ics_chunk_3580000000_3590000000.hdf5
2025-04-22 22:07:51,279 - INFO - Saved HDF5 chunk: /caefs/data/IllustrisTNG/snapshot-0-ics/ics_chunk_230000000_240000000.hdf5
2025-04-22 22:07:51,411 - INFO - Saved HDF5 chunk: /caefs/data/IllustrisTNG/snapshot-0-ics/ics_chunk_1730000000_1740000000.hdf5
2025-04-22 22:07:51,443 - INFO - Saved HDF5 chunk: /caefs/data/IllustrisTNG/snapshot-0-ics/ics_chunk_1680000000_1690000000.hdf5
2025-04-22 22:07:52,056 - INFO - Saved HDF5 chunk: /caefs/data/IllustrisTNG/snapshot-0-ics/ics_chunk_280000000_290000000.hdf5
2025-04-22 22:07:52,152 - INFO - Saved HDF5 chunk: /caefs/data/IllustrisTNG/snapshot-0-ics/ics_chunk_2830000000_2840000000.hdf5
2025-04-22 22:07:52,238 - INFO - Saved HDF5 chunk: /caefs/data/IllustrisTNG/snapshot-0-ics/ics_chunk_2380000000_2390000000.hdf5
2025-04-22 22:07:52,307 - INFO - Saved HDF5 chunk: /caefs/data/IllustrisTNG/snapshot-0-ics/ics_chunk_2680000000_2690000000.hdf5
2025-04-22 22:07:52,657 - INFO - Saved HDF5 chunk: /caefs/data/IllustrisTNG/snapshot-0-ics/ics_chunk_1280000000_1290000000.hdf5
2025-04-22 22:07:52,771 - INFO - Saved HDF5 chunk: /caefs/data/IllustrisTNG/snapshot-0-ics/ics_chunk_530000000_540000000.hdf5
2025-04-22 22:07:55,155 - INFO - Saved HDF5 chunk: /caefs/data/IllustrisTNG/snapshot-0-ics/ics_chunk_4380000000_4390000000.hdf5
2025-04-22 22:07:55,173 - INFO - Saved HDF5 chunk: /caefs/data/IllustrisTNG/snapshot-0-ics/ics_chunk_1180000000_1190000000.hdf5
2025-04-22 22:07:55,349 - INFO - Saved HDF5 chunk: /caefs/data/IllustrisTNG/snapshot-0-ics/ics_chunk_4130000000_4140000000.hdf5
2025-04-22 22:07:55,449 - INFO - Saved HDF5 chunk: /caefs/data/IllustrisTNG/snapshot-0-ics/ics_chunk_2130000000_2140000000.hdf5
2025-04-22 22:07:55,489 - INFO - Saved HDF5 chunk: /caefs/data/IllustrisTNG/snapshot-0-ics/ics_chunk_2980000000_2990000000.hdf5
2025-04-22 22:07:55,734 - INFO - Saved HDF5 chunk: /caefs/data/IllustrisTNG/snapshot-0-ics/ics_chunk_4630000000_4640000000.hdf5
2025-04-22 22:07:55,978 - INFO - Saved HDF5 chunk: /caefs/data/IllustrisTNG/snapshot-0-ics/ics_chunk_1330000000_1340000000.hdf5
2025-04-22 22:07:55,993 - INFO - Saved HDF5 chunk: /caefs/data/IllustrisTNG/snapshot-0-ics/ics_chunk_2930000000_2940000000.hdf5
2025-04-22 22:07:56,306 - INFO - Saved HDF5 chunk: /caefs/data/IllustrisTNG/snapshot-0-ics/ics_chunk_2530000000_2540000000.hdf5
2025-04-22 22:07:56,330 - INFO - Saved HDF5 chunk: /caefs/data/IllustrisTNG/snapshot-0-ics/ics_chunk_3630000000_3640000000.hdf5
2025-04-22 22:07:56,355 - INFO - Saved HDF5 chunk: /caefs/data/IllustrisTNG/snapshot-0-ics/ics_chunk_880000000_890000000.hdf5
2025-04-22 22:08:00,608 - INFO - Saved HDF5 chunk: /caefs/data/IllustrisTNG/snapshot-0-ics/ics_chunk_4230000000_4240000000.hdf5
2025-04-22 22:08:00,961 - INFO - Saved HDF5 chunk: /caefs/data/IllustrisTNG/snapshot-0-ics/ics_chunk_1980000000_1990000000.hdf5
2025-04-22 22:08:00,981 - INFO - Saved HDF5 chunk: /caefs/data/IllustrisTNG/snapshot-0-ics/ics_chunk_3880000000_3890000000.hdf5
2025-04-22 22:08:00,990 - INFO - Saved HDF5 chunk: /caefs/data/IllustrisTNG/snapshot-0-ics/ics_chunk_3180000000_3190000000.hdf5
2025-04-22 22:08:01,452 - INFO - Saved HDF5 chunk: /caefs/data/IllustrisTNG/snapshot-0-ics/ics_chunk_1930000000_1940000000.hdf5
2025-04-22 22:08:01,490 - INFO - Saved HDF5 chunk: /caefs/data/IllustrisTNG/snapshot-0-ics/ics_chunk_1780000000_1790000000.hdf5
2025-04-22 22:08:01,510 - INFO - Saved HDF5 chunk: /caefs/data/IllustrisTNG/snapshot-0-ics/ics_chunk_630000000_640000000.hdf5
2025-04-22 22:08:01,727 - INFO - Saved HDF5 chunk: /caefs/data/IllustrisTNG/snapshot-0-ics/ics_chunk_3030000000_3040000000.hdf5
2025-04-22 22:08:02,003 - INFO - Saved HDF5 chunk: /caefs/data/IllustrisTNG/snapshot-0-ics/ics_chunk_4280000000_4290000000.hdf5
2025-04-22 22:08:02,026 - INFO - Saved HDF5 chunk: /caefs/data/IllustrisTNG/snapshot-0-ics/ics_chunk_1130000000_1140000000.hdf5
2025-04-22 22:08:02,185 - INFO - Saved HDF5 chunk: /caefs/data/IllustrisTNG/snapshot-0-ics/ics_chunk_2230000000_2240000000.hdf5
2025-04-22 22:08:02,502 - INFO - Saved HDF5 chunk: /caefs/data/IllustrisTNG/snapshot-0-ics/ics_chunk_580000000_590000000.hdf5
2025-04-22 22:08:02,502 - INFO - Saved HDF5 chunk: /caefs/data/IllustrisTNG/snapshot-0-ics/ics_chunk_2730000000_2740000000.hdf5
2025-04-22 22:08:02,514 - INFO - Saved HDF5 chunk: /caefs/data/IllustrisTNG/snapshot-0-ics/ics_chunk_80000000_90000000.hdf5
2025-04-22 22:08:02,558 - INFO - Saved HDF5 chunk: /caefs/data/IllustrisTNG/snapshot-0-ics/ics_chunk_2630000000_2640000000.hdf5
2025-04-22 22:08:02,815 - INFO - Saved HDF5 chunk: /caefs/data/IllustrisTNG/snapshot-0-ics/ics_chunk_4330000000_4340000000.hdf5
2025-04-22 22:08:02,845 - INFO - Saved HDF5 chunk: /caefs/data/IllustrisTNG/snapshot-0-ics/ics_chunk_830000000_840000000.hdf5
2025-04-22 22:08:03,004 - INFO - Saved HDF5 chunk: /caefs/data/IllustrisTNG/snapshot-0-ics/ics_chunk_1880000000_1890000000.hdf5
2025-04-22 22:08:03,066 - INFO - Saved HDF5 chunk: /caefs/data/IllustrisTNG/snapshot-0-ics/ics_chunk_3680000000_3690000000.hdf5
2025-04-22 22:08:03,192 - INFO - Saved HDF5 chunk: /caefs/data/IllustrisTNG/snapshot-0-ics/ics_chunk_3980000000_3990000000.hdf5
2025-04-22 22:08:05,421 - INFO - Saved HDF5 chunk: /caefs/data/IllustrisTNG/snapshot-0-ics/ics_chunk_4180000000_4190000000.hdf5
2025-04-22 22:08:06,033 - INFO - Saved HDF5 chunk: /caefs/data/IllustrisTNG/snapshot-0-ics/ics_chunk_3330000000_3340000000.hdf5
2025-04-22 22:08:06,047 - INFO - Saved HDF5 chunk: /caefs/data/IllustrisTNG/snapshot-0-ics/ics_chunk_2880000000_2890000000.hdf5
2025-04-22 22:08:06,114 - INFO - Saved HDF5 chunk: /caefs/data/IllustrisTNG/snapshot-0-ics/ics_chunk_3130000000_3140000000.hdf5
2025-04-22 22:08:06,204 - INFO - Saved HDF5 chunk: /caefs/data/IllustrisTNG/snapshot-0-ics/ics_chunk_1380000000_1390000000.hdf5
2025-04-22 22:08:06,462 - INFO - Saved HDF5 chunk: /caefs/data/IllustrisTNG/snapshot-0-ics/ics_chunk_1430000000_1440000000.hdf5
2025-04-22 22:08:06,665 - INFO - Saved HDF5 chunk: /caefs/data/IllustrisTNG/snapshot-0-ics/ics_chunk_4480000000_4490000000.hdf5
2025-04-22 22:08:06,850 - INFO - Saved HDF5 chunk: /caefs/data/IllustrisTNG/snapshot-0-ics/ics_chunk_1830000000_1840000000.hdf5
2025-04-22 22:08:06,850 - INFO - Saved HDF5 chunk: /caefs/data/IllustrisTNG/snapshot-0-ics/ics_chunk_380000000_390000000.hdf5
2025-04-22 22:08:07,050 - INFO - Saved HDF5 chunk: /caefs/data/IllustrisTNG/snapshot-0-ics/ics_chunk_730000000_740000000.hdf5
2025-04-22 22:08:07,114 - INFO - Saved HDF5 chunk: /caefs/data/IllustrisTNG/snapshot-0-ics/ics_chunk_680000000_690000000.hdf5
2025-04-22 22:08:07,127 - INFO - Saved HDF5 chunk: /caefs/data/IllustrisTNG/snapshot-0-ics/ics_chunk_1530000000_1540000000.hdf5
2025-04-22 22:08:07,484 - INFO - Saved HDF5 chunk: /caefs/data/IllustrisTNG/snapshot-0-ics/ics_chunk_3080000000_3090000000.hdf5
2025-04-22 22:08:07,531 - INFO - Saved HDF5 chunk: /caefs/data/IllustrisTNG/snapshot-0-ics/ics_chunk_2580000000_2590000000.hdf5
2025-04-22 22:08:07,714 - INFO - Saved HDF5 chunk: /caefs/data/IllustrisTNG/snapshot-0-ics/ics_chunk_4580000000_4590000000.hdf5
2025-04-22 22:08:07,774 - INFO - Saved HDF5 chunk: /caefs/data/IllustrisTNG/snapshot-0-ics/ics_chunk_130000000_140000000.hdf5
2025-04-22 22:08:08,314 - INFO - Saved HDF5 chunk: /caefs/data/IllustrisTNG/snapshot-0-ics/ics_chunk_2330000000_2340000000.hdf5
2025-04-22 22:08:08,422 - INFO - Saved HDF5 chunk: /caefs/data/IllustrisTNG/snapshot-0-ics/ics_chunk_4780000000_4790000000.hdf5
2025-04-22 22:08:08,479 - INFO - Saved HDF5 chunk: /caefs/data/IllustrisTNG/snapshot-0-ics/ics_chunk_3380000000_3390000000.hdf5
2025-04-22 22:08:08,649 - INFO - Saved HDF5 chunk: /caefs/data/IllustrisTNG/snapshot-0-ics/ics_chunk_3830000000_3840000000.hdf5
2025-04-22 22:08:08,995 - INFO - Saved HDF5 chunk: /caefs/data/IllustrisTNG/snapshot-0-ics/ics_chunk_3930000000_3940000000.hdf5
2025-04-22 22:08:09,033 - INFO - Saved HDF5 chunk: /caefs/data/IllustrisTNG/snapshot-0-ics/ics_chunk_4430000000_4440000000.hdf5
2025-04-22 22:08:09,118 - INFO - Saved HDF5 chunk: /caefs/data/IllustrisTNG/snapshot-0-ics/ics_chunk_930000000_940000000.hdf5
2025-04-22 22:08:09,163 - INFO - Saved HDF5 chunk: /caefs/data/IllustrisTNG/snapshot-0-ics/ics_chunk_4080000000_4090000000.hdf5
2025-04-22 22:08:09,230 - INFO - Saved HDF5 chunk: /caefs/data/IllustrisTNG/snapshot-0-ics/ics_chunk_4730000000_4740000000.hdf5
2025-04-22 22:08:09,334 - INFO - Saved HDF5 chunk: /caefs/data/IllustrisTNG/snapshot-0-ics/ics_chunk_2180000000_2190000000.hdf5
2025-04-22 22:08:09,642 - INFO - Saved HDF5 chunk: /caefs/data/IllustrisTNG/snapshot-0-ics/ics_chunk_1230000000_1240000000.hdf5
2025-04-22 22:08:09,659 - INFO - Saved HDF5 chunk: /caefs/data/IllustrisTNG/snapshot-0-ics/ics_chunk_3280000000_3290000000.hdf5
2025-04-22 22:08:09,805 - INFO - Saved HDF5 chunk: /caefs/data/IllustrisTNG/snapshot-0-ics/ics_chunk_1030000000_1040000000.hdf5
2025-04-22 22:08:09,922 - INFO - Saved HDF5 chunk: /caefs/data/IllustrisTNG/snapshot-0-ics/ics_chunk_3230000000_3240000000.hdf5
2025-04-22 22:08:10,302 - INFO - Saved HDF5 chunk: /caefs/data/IllustrisTNG/snapshot-0-ics/ics_chunk_3780000000_3790000000.hdf5
2025-04-22 22:08:10,500 - INFO - Saved HDF5 chunk: /caefs/data/IllustrisTNG/snapshot-0-ics/ics_chunk_3480000000_3490000000.hdf5
2025-04-22 22:08:10,578 - INFO - Saved HDF5 chunk: /caefs/data/IllustrisTNG/snapshot-0-ics/ics_chunk_180000000_190000000.hdf5
2025-04-22 22:08:10,822 - INFO - Saved HDF5 chunk: /caefs/data/IllustrisTNG/snapshot-0-ics/ics_chunk_330000000_340000000.hdf5
2025-04-22 22:08:10,965 - INFO - Saved HDF5 chunk: /caefs/data/IllustrisTNG/snapshot-0-ics/ics_chunk_4530000000_4540000000.hdf5
2025-04-22 22:08:11,127 - INFO - Saved HDF5 chunk: /caefs/data/IllustrisTNG/snapshot-0-ics/ics_chunk_2430000000_2440000000.hdf5
2025-04-22 22:08:11,163 - INFO - Saved HDF5 chunk: /caefs/data/IllustrisTNG/snapshot-0-ics/ics_chunk_3530000000_3540000000.hdf5
2025-04-22 22:08:11,341 - INFO - Saved HDF5 chunk: /caefs/data/IllustrisTNG/snapshot-0-ics/ics_chunk_1580000000_1590000000.hdf5
2025-04-22 22:08:11,427 - INFO - Saved HDF5 chunk: /caefs/data/IllustrisTNG/snapshot-0-ics/ics_chunk_2480000000_2490000000.hdf5
2025-04-22 22:08:11,956 - INFO - Saved HDF5 chunk: /caefs/data/IllustrisTNG/snapshot-0-ics/ics_chunk_780000000_790000000.hdf5
2025-04-22 22:08:12,494 - INFO - Saved HDF5 chunk: /caefs/data/IllustrisTNG/snapshot-0-ics/ics_chunk_2030000000_2040000000.hdf5
2025-04-22 22:08:12,780 - INFO - Saved HDF5 chunk: /caefs/data/IllustrisTNG/snapshot-0-ics/ics_chunk_980000000_990000000.hdf5
2025-04-22 22:08:12,948 - INFO - Saved HDF5 chunk: /caefs/data/IllustrisTNG/snapshot-0-ics/ics_chunk_3730000000_3740000000.hdf5
2025-04-22 22:08:13,415 - INFO - Saved HDF5 chunk: /caefs/data/IllustrisTNG/snapshot-0-ics/ics_chunk_2090000000_2100000000.hdf5
2025-04-22 22:08:17,998 - INFO - Saved HDF5 chunk: /caefs/data/IllustrisTNG/snapshot-0-ics/ics_chunk_4690000000_4700000000.hdf5
2025-04-22 22:08:18,159 - INFO - Saved HDF5 chunk: /caefs/data/IllustrisTNG/snapshot-0-ics/ics_chunk_1640000000_1650000000.hdf5
2025-04-22 22:08:18,590 - INFO - Saved HDF5 chunk: /caefs/data/IllustrisTNG/snapshot-0-ics/ics_chunk_1490000000_1500000000.hdf5
2025-04-22 22:08:18,721 - INFO - Saved HDF5 chunk: /caefs/data/IllustrisTNG/snapshot-0-ics/ics_chunk_40000000_50000000.hdf5
2025-04-22 22:08:20,431 - INFO - Saved HDF5 chunk: /caefs/data/IllustrisTNG/snapshot-0-ics/ics_chunk_490000000_500000000.hdf5
2025-04-22 22:08:20,548 - INFO - Saved HDF5 chunk: /caefs/data/IllustrisTNG/snapshot-0-ics/ics_chunk_1090000000_1100000000.hdf5
2025-04-22 22:08:20,978 - INFO - Saved HDF5 chunk: /caefs/data/IllustrisTNG/snapshot-0-ics/ics_chunk_440000000_450000000.hdf5
2025-04-22 22:08:21,337 - INFO - Saved HDF5 chunk: /caefs/data/IllustrisTNG/snapshot-0-ics/ics_chunk_3440000000_3450000000.hdf5
2025-04-22 22:08:23,685 - INFO - Saved HDF5 chunk: /caefs/data/IllustrisTNG/snapshot-0-ics/ics_chunk_2790000000_2800000000.hdf5
2025-04-22 22:08:23,771 - INFO - Saved HDF5 chunk: /caefs/data/IllustrisTNG/snapshot-0-ics/ics_chunk_4040000000_4050000000.hdf5
2025-04-22 22:08:23,994 - INFO - Saved HDF5 chunk: /caefs/data/IllustrisTNG/snapshot-0-ics/ics_chunk_2690000000_2700000000.hdf5
2025-04-22 22:08:24,479 - INFO - Saved HDF5 chunk: /caefs/data/IllustrisTNG/snapshot-0-ics/ics_chunk_2290000000_2300000000.hdf5
2025-04-22 22:08:24,560 - INFO - Saved HDF5 chunk: /caefs/data/IllustrisTNG/snapshot-0-ics/ics_chunk_2840000000_2850000000.hdf5
2025-04-22 22:08:24,633 - INFO - Saved HDF5 chunk: /caefs/data/IllustrisTNG/snapshot-0-ics/ics_chunk_3590000000_3600000000.hdf5
2025-04-22 22:08:24,844 - INFO - Saved HDF5 chunk: /caefs/data/IllustrisTNG/snapshot-0-ics/ics_chunk_1740000000_1750000000.hdf5
2025-04-22 22:08:25,084 - INFO - Saved HDF5 chunk: /caefs/data/IllustrisTNG/snapshot-0-ics/ics_chunk_290000000_300000000.hdf5
2025-04-22 22:08:25,117 - INFO - Saved HDF5 chunk: /caefs/data/IllustrisTNG/snapshot-0-ics/ics_chunk_240000000_250000000.hdf5
2025-04-22 22:08:25,203 - INFO - Saved HDF5 chunk: /caefs/data/IllustrisTNG/snapshot-0-ics/ics_chunk_540000000_550000000.hdf5
2025-04-22 22:08:25,351 - INFO - Saved HDF5 chunk: /caefs/data/IllustrisTNG/snapshot-0-ics/ics_chunk_4140000000_4150000000.hdf5
2025-04-22 22:08:25,493 - INFO - Saved HDF5 chunk: /caefs/data/IllustrisTNG/snapshot-0-ics/ics_chunk_1190000000_1200000000.hdf5
2025-04-22 22:08:25,639 - INFO - Saved HDF5 chunk: /caefs/data/IllustrisTNG/snapshot-0-ics/ics_chunk_2390000000_2400000000.hdf5
2025-04-22 22:08:25,649 - INFO - Saved HDF5 chunk: /caefs/data/IllustrisTNG/snapshot-0-ics/ics_chunk_1690000000_1700000000.hdf5
2025-04-22 22:08:26,119 - INFO - Saved HDF5 chunk: /caefs/data/IllustrisTNG/snapshot-0-ics/ics_chunk_3890000000_3900000000.hdf5
2025-04-22 22:08:28,571 - INFO - Saved HDF5 chunk: /caefs/data/IllustrisTNG/snapshot-0-ics/ics_chunk_1340000000_1350000000.hdf5
2025-04-22 22:08:28,593 - INFO - Saved HDF5 chunk: /caefs/data/IllustrisTNG/snapshot-0-ics/ics_chunk_590000000_600000000.hdf5
2025-04-22 22:08:28,745 - INFO - Saved HDF5 chunk: /caefs/data/IllustrisTNG/snapshot-0-ics/ics_chunk_890000000_900000000.hdf5
2025-04-22 22:08:28,995 - INFO - Saved HDF5 chunk: /caefs/data/IllustrisTNG/snapshot-0-ics/ics_chunk_3640000000_3650000000.hdf5
2025-04-22 22:08:29,399 - INFO - Saved HDF5 chunk: /caefs/data/IllustrisTNG/snapshot-0-ics/ics_chunk_1290000000_1300000000.hdf5
2025-04-22 22:08:29,433 - INFO - Saved HDF5 chunk: /caefs/data/IllustrisTNG/snapshot-0-ics/ics_chunk_2990000000_3000000000.hdf5
2025-04-22 22:08:29,811 - INFO - Saved HDF5 chunk: /caefs/data/IllustrisTNG/snapshot-0-ics/ics_chunk_2540000000_2550000000.hdf5
2025-04-22 22:08:29,885 - INFO - Saved HDF5 chunk: /caefs/data/IllustrisTNG/snapshot-0-ics/ics_chunk_2240000000_2250000000.hdf5
2025-04-22 22:08:29,888 - INFO - Saved HDF5 chunk: /caefs/data/IllustrisTNG/snapshot-0-ics/ics_chunk_1790000000_1800000000.hdf5
2025-04-22 22:08:29,930 - INFO - Saved HDF5 chunk: /caefs/data/IllustrisTNG/snapshot-0-ics/ics_chunk_2140000000_2150000000.hdf5
2025-04-22 22:08:30,078 - INFO - Saved HDF5 chunk: /caefs/data/IllustrisTNG/snapshot-0-ics/ics_chunk_1990000000_2000000000.hdf5
2025-04-22 22:08:30,324 - INFO - Saved HDF5 chunk: /caefs/data/IllustrisTNG/snapshot-0-ics/ics_chunk_3040000000_3050000000.hdf5
2025-04-22 22:08:30,393 - INFO - Saved HDF5 chunk: /caefs/data/IllustrisTNG/snapshot-0-ics/ics_chunk_4340000000_4350000000.hdf5
2025-04-22 22:08:30,508 - INFO - Saved HDF5 chunk: /caefs/data/IllustrisTNG/snapshot-0-ics/ics_chunk_4390000000_4400000000.hdf5
2025-04-22 22:08:30,515 - INFO - Saved HDF5 chunk: /caefs/data/IllustrisTNG/snapshot-0-ics/ics_chunk_4640000000_4650000000.hdf5
2025-04-22 22:08:30,548 - INFO - Saved HDF5 chunk: /caefs/data/IllustrisTNG/snapshot-0-ics/ics_chunk_1940000000_1950000000.hdf5
2025-04-22 22:08:30,798 - INFO - Saved HDF5 chunk: /caefs/data/IllustrisTNG/snapshot-0-ics/ics_chunk_1140000000_1150000000.hdf5
2025-04-22 22:08:30,869 - INFO - Saved HDF5 chunk: /caefs/data/IllustrisTNG/snapshot-0-ics/ics_chunk_2640000000_2650000000.hdf5
2025-04-22 22:08:30,931 - INFO - Saved HDF5 chunk: /caefs/data/IllustrisTNG/snapshot-0-ics/ics_chunk_4240000000_4250000000.hdf5
2025-04-22 22:08:31,055 - INFO - Saved HDF5 chunk: /caefs/data/IllustrisTNG/snapshot-0-ics/ics_chunk_2890000000_2900000000.hdf5
2025-04-22 22:08:31,161 - INFO - Saved HDF5 chunk: /caefs/data/IllustrisTNG/snapshot-0-ics/ics_chunk_3690000000_3700000000.hdf5
2025-04-22 22:08:31,279 - INFO - Saved HDF5 chunk: /caefs/data/IllustrisTNG/snapshot-0-ics/ics_chunk_4290000000_4300000000.hdf5
2025-04-22 22:08:31,513 - INFO - Saved HDF5 chunk: /caefs/data/IllustrisTNG/snapshot-0-ics/ics_chunk_90000000_100000000.hdf5
2025-04-22 22:08:31,513 - INFO - Saved HDF5 chunk: /caefs/data/IllustrisTNG/snapshot-0-ics/ics_chunk_3190000000_3200000000.hdf5
2025-04-22 22:08:31,559 - INFO - Saved HDF5 chunk: /caefs/data/IllustrisTNG/snapshot-0-ics/ics_chunk_1840000000_1850000000.hdf5
2025-04-22 22:08:31,696 - INFO - Saved HDF5 chunk: /caefs/data/IllustrisTNG/snapshot-0-ics/ics_chunk_2940000000_2950000000.hdf5
2025-04-22 22:08:31,738 - INFO - Saved HDF5 chunk: /caefs/data/IllustrisTNG/snapshot-0-ics/ics_chunk_640000000_650000000.hdf5
2025-04-22 22:08:32,040 - INFO - Saved HDF5 chunk: /caefs/data/IllustrisTNG/snapshot-0-ics/ics_chunk_1390000000_1400000000.hdf5
2025-04-22 22:08:34,182 - INFO - Saved HDF5 chunk: /caefs/data/IllustrisTNG/snapshot-0-ics/ics_chunk_2740000000_2750000000.hdf5
2025-04-22 22:08:34,368 - INFO - Saved HDF5 chunk: /caefs/data/IllustrisTNG/snapshot-0-ics/ics_chunk_840000000_850000000.hdf5
2025-04-22 22:08:34,539 - INFO - Saved HDF5 chunk: /caefs/data/IllustrisTNG/snapshot-0-ics/ics_chunk_1890000000_1900000000.hdf5
2025-04-22 22:08:34,843 - INFO - Saved HDF5 chunk: /caefs/data/IllustrisTNG/snapshot-0-ics/ics_chunk_4490000000_4500000000.hdf5
2025-04-22 22:08:34,897 - INFO - Saved HDF5 chunk: /caefs/data/IllustrisTNG/snapshot-0-ics/ics_chunk_4590000000_4600000000.hdf5
2025-04-22 22:08:34,940 - INFO - Saved HDF5 chunk: /caefs/data/IllustrisTNG/snapshot-0-ics/ics_chunk_740000000_750000000.hdf5
2025-04-22 22:08:37,608 - INFO - Saved HDF5 chunk: /caefs/data/IllustrisTNG/snapshot-0-ics/ics_chunk_4790000000_4800000000.hdf5
2025-04-22 22:08:37,653 - INFO - Saved HDF5 chunk: /caefs/data/IllustrisTNG/snapshot-0-ics/ics_chunk_3090000000_3100000000.hdf5
2025-04-22 22:08:37,704 - INFO - Saved HDF5 chunk: /caefs/data/IllustrisTNG/snapshot-0-ics/ics_chunk_140000000_150000000.hdf5
2025-04-22 22:08:37,705 - INFO - Saved HDF5 chunk: /caefs/data/IllustrisTNG/snapshot-0-ics/ics_chunk_3990000000_4000000000.hdf5
2025-04-22 22:08:39,746 - INFO - Saved HDF5 chunk: /caefs/data/IllustrisTNG/snapshot-0-ics/ics_chunk_4190000000_4200000000.hdf5
2025-04-22 22:08:39,792 - INFO - Saved HDF5 chunk: /caefs/data/IllustrisTNG/snapshot-0-ics/ics_chunk_690000000_700000000.hdf5
2025-04-22 22:08:39,967 - INFO - Saved HDF5 chunk: /caefs/data/IllustrisTNG/snapshot-0-ics/ics_chunk_1540000000_1550000000.hdf5
2025-04-22 22:08:40,157 - INFO - Saved HDF5 chunk: /caefs/data/IllustrisTNG/snapshot-0-ics/ics_chunk_3340000000_3350000000.hdf5
2025-04-22 22:08:40,211 - INFO - Saved HDF5 chunk: /caefs/data/IllustrisTNG/snapshot-0-ics/ics_chunk_2590000000_2600000000.hdf5
2025-04-22 22:08:40,373 - INFO - Saved HDF5 chunk: /caefs/data/IllustrisTNG/snapshot-0-ics/ics_chunk_1440000000_1450000000.hdf5
2025-04-22 22:08:40,496 - INFO - Saved HDF5 chunk: /caefs/data/IllustrisTNG/snapshot-0-ics/ics_chunk_3140000000_3150000000.hdf5
2025-04-22 22:08:40,629 - INFO - Saved HDF5 chunk: /caefs/data/IllustrisTNG/snapshot-0-ics/ics_chunk_3940000000_3950000000.hdf5
2025-04-22 22:08:40,772 - INFO - Saved HDF5 chunk: /caefs/data/IllustrisTNG/snapshot-0-ics/ics_chunk_390000000_400000000.hdf5
2025-04-22 22:08:40,904 - INFO - Saved HDF5 chunk: /caefs/data/IllustrisTNG/snapshot-0-ics/ics_chunk_4740000000_4750000000.hdf5
2025-04-22 22:08:40,999 - INFO - Saved HDF5 chunk: /caefs/data/IllustrisTNG/snapshot-0-ics/ics_chunk_3290000000_3300000000.hdf5
2025-04-22 22:08:41,046 - INFO - Saved HDF5 chunk: /caefs/data/IllustrisTNG/snapshot-0-ics/ics_chunk_940000000_950000000.hdf5
2025-04-22 22:08:41,416 - INFO - Saved HDF5 chunk: /caefs/data/IllustrisTNG/snapshot-0-ics/ics_chunk_3840000000_3850000000.hdf5
2025-04-22 22:08:41,699 - INFO - Saved HDF5 chunk: /caefs/data/IllustrisTNG/snapshot-0-ics/ics_chunk_4090000000_4100000000.hdf5
2025-04-22 22:08:41,699 - INFO - Saved HDF5 chunk: /caefs/data/IllustrisTNG/snapshot-0-ics/ics_chunk_3390000000_3400000000.hdf5
2025-04-22 22:08:41,862 - INFO - Saved HDF5 chunk: /caefs/data/IllustrisTNG/snapshot-0-ics/ics_chunk_2340000000_2350000000.hdf5
2025-04-22 22:08:41,988 - INFO - Saved HDF5 chunk: /caefs/data/IllustrisTNG/snapshot-0-ics/ics_chunk_2190000000_2200000000.hdf5
2025-04-22 22:08:42,046 - INFO - Saved HDF5 chunk: /caefs/data/IllustrisTNG/snapshot-0-ics/ics_chunk_3490000000_3500000000.hdf5
2025-04-22 22:08:42,205 - INFO - Saved HDF5 chunk: /caefs/data/IllustrisTNG/snapshot-0-ics/ics_chunk_3540000000_3550000000.hdf5
2025-04-22 22:08:42,405 - INFO - Saved HDF5 chunk: /caefs/data/IllustrisTNG/snapshot-0-ics/ics_chunk_4440000000_4450000000.hdf5
2025-04-22 22:08:42,440 - INFO - Saved HDF5 chunk: /caefs/data/IllustrisTNG/snapshot-0-ics/ics_chunk_340000000_350000000.hdf5
2025-04-22 22:08:42,866 - INFO - Saved HDF5 chunk: /caefs/data/IllustrisTNG/snapshot-0-ics/ics_chunk_3240000000_3250000000.hdf5
2025-04-22 22:08:42,986 - INFO - Saved HDF5 chunk: /caefs/data/IllustrisTNG/snapshot-0-ics/ics_chunk_2440000000_2450000000.hdf5
2025-04-22 22:08:43,067 - INFO - Saved HDF5 chunk: /caefs/data/IllustrisTNG/snapshot-0-ics/ics_chunk_4540000000_4550000000.hdf5
2025-04-22 22:08:43,116 - INFO - Saved HDF5 chunk: /caefs/data/IllustrisTNG/snapshot-0-ics/ics_chunk_790000000_800000000.hdf5
2025-04-22 22:08:43,220 - INFO - Saved HDF5 chunk: /caefs/data/IllustrisTNG/snapshot-0-ics/ics_chunk_1590000000_1600000000.hdf5
2025-04-22 22:08:47,967 - INFO - Saved HDF5 chunk: /caefs/data/IllustrisTNG/snapshot-0-ics/ics_chunk_3790000000_3800000000.hdf5
2025-04-22 22:08:47,990 - INFO - Saved HDF5 chunk: /caefs/data/IllustrisTNG/snapshot-0-ics/ics_chunk_1240000000_1250000000.hdf5
2025-04-22 22:08:49,042 - INFO - Saved HDF5 chunk: /caefs/data/IllustrisTNG/snapshot-0-ics/ics_chunk_1040000000_1050000000.hdf5
2025-04-22 22:08:49,099 - INFO - Saved HDF5 chunk: /caefs/data/IllustrisTNG/snapshot-0-ics/ics_chunk_190000000_200000000.hdf5
2025-04-22 22:08:49,201 - INFO - Saved HDF5 chunk: /caefs/data/IllustrisTNG/snapshot-0-ics/ics_chunk_990000000_1000000000.hdf5
2025-04-22 22:08:49,273 - INFO - Saved HDF5 chunk: /caefs/data/IllustrisTNG/snapshot-0-ics/ics_chunk_2040000000_2050000000.hdf5
2025-04-22 22:08:49,303 - INFO - Saved HDF5 chunk: /caefs/data/IllustrisTNG/snapshot-0-ics/ics_chunk_3740000000_3750000000.hdf5
2025-04-22 22:08:49,888 - INFO - Saved HDF5 chunk: /caefs/data/IllustrisTNG/snapshot-0-ics/ics_chunk_2490000000_2500000000.hdf5
2025-04-22 22:08:50,133 - INFO - Saved HDF5 chunk: /caefs/data/IllustrisTNG/snapshot-0-ics/ics_chunk_4800000000_4810000000.hdf5
2025-04-22 22:08:53,370 - INFO - Saved HDF5 chunk: /caefs/data/IllustrisTNG/snapshot-0-ics/ics_chunk_5000000000_5010000000.hdf5
2025-04-22 22:08:53,735 - INFO - Saved HDF5 chunk: /caefs/data/IllustrisTNG/snapshot-0-ics/ics_chunk_4950000000_4960000000.hdf5
2025-04-22 22:08:53,849 - INFO - Saved HDF5 chunk: /caefs/data/IllustrisTNG/snapshot-0-ics/ics_chunk_4900000000_4910000000.hdf5
2025-04-22 22:08:53,943 - INFO - Saved HDF5 chunk: /caefs/data/IllustrisTNG/snapshot-0-ics/ics_chunk_5050000000_5060000000.hdf5
2025-04-22 22:08:54,259 - INFO - Saved HDF5 chunk: /caefs/data/IllustrisTNG/snapshot-0-ics/ics_chunk_4850000000_4860000000.hdf5
2025-04-22 22:08:55,879 - INFO - Saved HDF5 chunk: /caefs/data/IllustrisTNG/snapshot-0-ics/ics_chunk_5250000000_5260000000.hdf5
2025-04-22 22:08:56,032 - INFO - Saved HDF5 chunk: /caefs/data/IllustrisTNG/snapshot-0-ics/ics_chunk_5150000000_5160000000.hdf5
2025-04-22 22:08:56,113 - INFO - Saved HDF5 chunk: /caefs/data/IllustrisTNG/snapshot-0-ics/ics_chunk_5200000000_5210000000.hdf5
2025-04-22 22:08:56,457 - INFO - Saved HDF5 chunk: /caefs/data/IllustrisTNG/snapshot-0-ics/ics_chunk_5100000000_5110000000.hdf5
2025-04-22 22:08:56,626 - INFO - Saved HDF5 chunk: /caefs/data/IllustrisTNG/snapshot-0-ics/ics_chunk_5450000000_5460000000.hdf5
2025-04-22 22:08:57,196 - INFO - Saved HDF5 chunk: /caefs/data/IllustrisTNG/snapshot-0-ics/ics_chunk_5850000000_5860000000.hdf5
2025-04-22 22:08:57,572 - INFO - Saved HDF5 chunk: /caefs/data/IllustrisTNG/snapshot-0-ics/ics_chunk_5900000000_5910000000.hdf5
2025-04-22 22:08:57,615 - INFO - Saved HDF5 chunk: /caefs/data/IllustrisTNG/snapshot-0-ics/ics_chunk_5350000000_5360000000.hdf5
2025-04-22 22:08:57,722 - INFO - Saved HDF5 chunk: /caefs/data/IllustrisTNG/snapshot-0-ics/ics_chunk_5400000000_5410000000.hdf5
2025-04-22 22:08:57,871 - INFO - Saved HDF5 chunk: /caefs/data/IllustrisTNG/snapshot-0-ics/ics_chunk_5650000000_5660000000.hdf5
2025-04-22 22:08:58,138 - INFO - Saved HDF5 chunk: /caefs/data/IllustrisTNG/snapshot-0-ics/ics_chunk_5300000000_5310000000.hdf5
2025-04-22 22:08:58,597 - INFO - Saved HDF5 chunk: /caefs/data/IllustrisTNG/snapshot-0-ics/ics_chunk_5600000000_5610000000.hdf5
2025-04-22 22:08:58,620 - INFO - Saved HDF5 chunk: /caefs/data/IllustrisTNG/snapshot-0-ics/ics_chunk_6100000000_6110000000.hdf5
2025-04-22 22:08:58,752 - INFO - Saved HDF5 chunk: /caefs/data/IllustrisTNG/snapshot-0-ics/ics_chunk_5550000000_5560000000.hdf5
2025-04-22 22:08:59,106 - INFO - Saved HDF5 chunk: /caefs/data/IllustrisTNG/snapshot-0-ics/ics_chunk_5800000000_5810000000.hdf5
2025-04-22 22:08:59,304 - INFO - Saved HDF5 chunk: /caefs/data/IllustrisTNG/snapshot-0-ics/ics_chunk_5750000000_5760000000.hdf5
2025-04-22 22:08:59,413 - INFO - Saved HDF5 chunk: /caefs/data/IllustrisTNG/snapshot-0-ics/ics_chunk_6050000000_6060000000.hdf5
2025-04-22 22:08:59,527 - INFO - Saved HDF5 chunk: /caefs/data/IllustrisTNG/snapshot-0-ics/ics_chunk_5500000000_5510000000.hdf5
2025-04-22 22:08:59,950 - INFO - Saved HDF5 chunk: /caefs/data/IllustrisTNG/snapshot-0-ics/ics_chunk_6300000000_6310000000.hdf5
2025-04-22 22:09:00,087 - INFO - Saved HDF5 chunk: /caefs/data/IllustrisTNG/snapshot-0-ics/ics_chunk_5700000000_5710000000.hdf5
2025-04-22 22:09:00,280 - INFO - Saved HDF5 chunk: /caefs/data/IllustrisTNG/snapshot-0-ics/ics_chunk_6950000000_6960000000.hdf5
2025-04-22 22:09:00,335 - INFO - Saved HDF5 chunk: /caefs/data/IllustrisTNG/snapshot-0-ics/ics_chunk_6500000000_6510000000.hdf5
2025-04-22 22:09:00,367 - INFO - Saved HDF5 chunk: /caefs/data/IllustrisTNG/snapshot-0-ics/ics_chunk_6250000000_6260000000.hdf5
2025-04-22 22:09:00,372 - INFO - Saved HDF5 chunk: /caefs/data/IllustrisTNG/snapshot-0-ics/ics_chunk_6000000000_6010000000.hdf5
2025-04-22 22:09:00,469 - INFO - Saved HDF5 chunk: /caefs/data/IllustrisTNG/snapshot-0-ics/ics_chunk_7150000000_7160000000.hdf5
2025-04-22 22:09:00,532 - INFO - Saved HDF5 chunk: /caefs/data/IllustrisTNG/snapshot-0-ics/ics_chunk_5950000000_5960000000.hdf5
2025-04-22 22:09:00,614 - INFO - Saved HDF5 chunk: /caefs/data/IllustrisTNG/snapshot-0-ics/ics_chunk_6700000000_6710000000.hdf5
2025-04-22 22:09:00,922 - INFO - Saved HDF5 chunk: /caefs/data/IllustrisTNG/snapshot-0-ics/ics_chunk_6900000000_6910000000.hdf5
2025-04-22 22:09:01,021 - INFO - Saved HDF5 chunk: /caefs/data/IllustrisTNG/snapshot-0-ics/ics_chunk_6650000000_6660000000.hdf5
2025-04-22 22:09:01,039 - INFO - Saved HDF5 chunk: /caefs/data/IllustrisTNG/snapshot-0-ics/ics_chunk_6150000000_6160000000.hdf5
2025-04-22 22:09:01,219 - INFO - Saved HDF5 chunk: /caefs/data/IllustrisTNG/snapshot-0-ics/ics_chunk_6200000000_6210000000.hdf5
2025-04-22 22:09:01,270 - INFO - Saved HDF5 chunk: /caefs/data/IllustrisTNG/snapshot-0-ics/ics_chunk_7050000000_7060000000.hdf5
2025-04-22 22:09:01,404 - INFO - Saved HDF5 chunk: /caefs/data/IllustrisTNG/snapshot-0-ics/ics_chunk_6450000000_6460000000.hdf5
2025-04-22 22:09:01,433 - INFO - Saved HDF5 chunk: /caefs/data/IllustrisTNG/snapshot-0-ics/ics_chunk_7100000000_7110000000.hdf5
2025-04-22 22:09:01,674 - INFO - Saved HDF5 chunk: /caefs/data/IllustrisTNG/snapshot-0-ics/ics_chunk_7350000000_7360000000.hdf5
2025-04-22 22:09:01,740 - INFO - Saved HDF5 chunk: /caefs/data/IllustrisTNG/snapshot-0-ics/ics_chunk_6400000000_6410000000.hdf5
2025-04-22 22:09:01,843 - INFO - Saved HDF5 chunk: /caefs/data/IllustrisTNG/snapshot-0-ics/ics_chunk_7300000000_7310000000.hdf5
2025-04-22 22:09:01,939 - INFO - Saved HDF5 chunk: /caefs/data/IllustrisTNG/snapshot-0-ics/ics_chunk_6850000000_6860000000.hdf5
