2025-04-02 15:53:38,325 - INFO - DensityCalculator 객체 생성: grid_bounds={'x': (0.0, 56.0), 'y': (0.0, 56.0), 'z': (0.0, 56.0)}, grid_spacing=(1.0, 1.0, 1.0), use_gpu=True, batch_size=2000
2025-04-02 15:53:38,327 - INFO - 격자 크기: nx=56, ny=56, nz=56
2025-04-02 15:53:38,331 - INFO - 커널 밀도 지도 계산 시작.
2025-04-02 15:53:38,331 - INFO - GPU를 사용하여 계산을 진행합니다. (배치 및 particle sub-batching, 비동기 스트림 적용)
2025-04-02 15:58:04,602 - INFO - Processed grid batch from 0 to 2000
2025-04-02 16:02:29,863 - INFO - Processed grid batch from 2000 to 4000
2025-04-02 16:06:56,925 - INFO - Processed grid batch from 4000 to 6000
2025-04-02 16:11:24,234 - INFO - Processed grid batch from 6000 to 8000
2025-04-02 16:15:51,445 - INFO - Processed grid batch from 8000 to 10000
2025-04-02 16:20:18,509 - INFO - Processed grid batch from 10000 to 12000
2025-04-02 16:24:46,519 - INFO - Processed grid batch from 12000 to 14000
2025-04-02 16:29:13,691 - INFO - Processed grid batch from 14000 to 16000
2025-04-02 16:33:40,783 - INFO - Processed grid batch from 16000 to 18000
2025-04-02 16:38:08,191 - INFO - Processed grid batch from 18000 to 20000
2025-04-02 16:42:35,639 - INFO - Processed grid batch from 20000 to 22000
2025-04-02 16:47:02,948 - INFO - Processed grid batch from 22000 to 24000
2025-04-02 16:51:30,182 - INFO - Processed grid batch from 24000 to 26000
2025-04-02 16:55:57,410 - INFO - Processed grid batch from 26000 to 28000
2025-04-02 17:00:24,630 - INFO - Processed grid batch from 28000 to 30000
2025-04-02 17:04:51,823 - INFO - Processed grid batch from 30000 to 32000
2025-04-02 17:09:19,056 - INFO - Processed grid batch from 32000 to 34000
2025-04-02 17:13:46,515 - INFO - Processed grid batch from 34000 to 36000
2025-04-02 17:18:13,646 - INFO - Processed grid batch from 36000 to 38000
2025-04-02 17:22:41,051 - INFO - Processed grid batch from 38000 to 40000
2025-04-02 17:27:08,274 - INFO - Processed grid batch from 40000 to 42000
2025-04-02 17:31:35,536 - INFO - Processed grid batch from 42000 to 44000
2025-04-02 17:36:02,832 - INFO - Processed grid batch from 44000 to 46000
2025-04-02 17:40:29,743 - INFO - Processed grid batch from 46000 to 48000
2025-04-02 17:44:57,040 - INFO - Processed grid batch from 48000 to 50000
2025-04-02 17:49:24,361 - INFO - Processed grid batch from 50000 to 52000
2025-04-02 17:53:51,781 - INFO - Processed grid batch from 52000 to 54000
2025-04-02 17:58:19,320 - INFO - Processed grid batch from 54000 to 56000
2025-04-02 18:02:46,410 - INFO - Processed grid batch from 56000 to 58000
2025-04-02 18:07:13,772 - INFO - Processed grid batch from 58000 to 60000
2025-04-02 18:11:41,116 - INFO - Processed grid batch from 60000 to 62000
2025-04-02 18:16:08,240 - INFO - Processed grid batch from 62000 to 64000
2025-04-02 18:20:35,563 - INFO - Processed grid batch from 64000 to 66000
2025-04-02 18:25:02,963 - INFO - Processed grid batch from 66000 to 68000
2025-04-02 18:29:30,208 - INFO - Processed grid batch from 68000 to 70000
2025-04-02 18:33:56,947 - INFO - Processed grid batch from 70000 to 72000
2025-04-02 18:38:23,974 - INFO - Processed grid batch from 72000 to 74000
2025-04-02 18:42:51,208 - INFO - Processed grid batch from 74000 to 76000
2025-04-02 18:47:18,458 - INFO - Processed grid batch from 76000 to 78000
2025-04-02 18:51:45,364 - INFO - Processed grid batch from 78000 to 80000
2025-04-02 18:56:12,235 - INFO - Processed grid batch from 80000 to 82000
2025-04-02 19:00:39,001 - INFO - Processed grid batch from 82000 to 84000
2025-04-02 19:05:05,847 - INFO - Processed grid batch from 84000 to 86000
2025-04-02 19:09:32,899 - INFO - Processed grid batch from 86000 to 88000
2025-04-02 19:13:59,733 - INFO - Processed grid batch from 88000 to 90000
2025-04-02 19:18:27,007 - INFO - Processed grid batch from 90000 to 92000
2025-04-02 19:22:54,528 - INFO - Processed grid batch from 92000 to 94000
2025-04-02 19:27:21,853 - INFO - Processed grid batch from 94000 to 96000
2025-04-02 19:31:49,058 - INFO - Processed grid batch from 96000 to 98000
2025-04-02 19:36:16,555 - INFO - Processed grid batch from 98000 to 100000
2025-04-02 19:40:43,907 - INFO - Processed grid batch from 100000 to 102000
2025-04-02 19:45:10,875 - INFO - Processed grid batch from 102000 to 104000
2025-04-02 19:49:37,877 - INFO - Processed grid batch from 104000 to 106000
2025-04-02 19:54:04,623 - INFO - Processed grid batch from 106000 to 108000
2025-04-02 19:58:31,202 - INFO - Processed grid batch from 108000 to 110000
2025-04-02 20:02:57,991 - INFO - Processed grid batch from 110000 to 112000
2025-04-02 20:07:24,806 - INFO - Processed grid batch from 112000 to 114000
2025-04-02 20:11:51,481 - INFO - Processed grid batch from 114000 to 116000
2025-04-02 20:16:18,340 - INFO - Processed grid batch from 116000 to 118000
2025-04-02 20:20:45,255 - INFO - Processed grid batch from 118000 to 120000
2025-04-02 20:25:12,114 - INFO - Processed grid batch from 120000 to 122000
2025-04-02 20:29:38,809 - INFO - Processed grid batch from 122000 to 124000
2025-04-02 20:34:05,821 - INFO - Processed grid batch from 124000 to 126000
2025-04-02 20:38:32,505 - INFO - Processed grid batch from 126000 to 128000
2025-04-02 20:42:59,292 - INFO - Processed grid batch from 128000 to 130000
2025-04-02 20:47:26,387 - INFO - Processed grid batch from 130000 to 132000
2025-04-02 20:51:53,701 - INFO - Processed grid batch from 132000 to 134000
2025-04-02 20:56:20,891 - INFO - Processed grid batch from 134000 to 136000
2025-04-02 21:00:47,981 - INFO - Processed grid batch from 136000 to 138000
2025-04-02 21:05:15,399 - INFO - Processed grid batch from 138000 to 140000
2025-04-02 21:09:42,438 - INFO - Processed grid batch from 140000 to 142000
2025-04-02 21:14:09,679 - INFO - Processed grid batch from 142000 to 144000
2025-04-02 21:18:36,990 - INFO - Processed grid batch from 144000 to 146000
2025-04-02 21:23:04,251 - INFO - Processed grid batch from 146000 to 148000
2025-04-02 21:27:31,194 - INFO - Processed grid batch from 148000 to 150000
2025-04-02 21:31:58,481 - INFO - Processed grid batch from 150000 to 152000
2025-04-02 21:36:25,793 - INFO - Processed grid batch from 152000 to 154000
2025-04-02 21:40:52,838 - INFO - Processed grid batch from 154000 to 156000
2025-04-02 21:45:20,123 - INFO - Processed grid batch from 156000 to 158000
2025-04-02 21:49:46,948 - INFO - Processed grid batch from 158000 to 160000
2025-04-02 21:54:13,934 - INFO - Processed grid batch from 160000 to 162000
2025-04-02 21:58:40,999 - INFO - Processed grid batch from 162000 to 164000
2025-04-02 22:03:08,199 - INFO - Processed grid batch from 164000 to 166000
2025-04-02 22:07:35,315 - INFO - Processed grid batch from 166000 to 168000
2025-04-02 22:12:02,400 - INFO - Processed grid batch from 168000 to 170000
2025-04-02 22:16:29,518 - INFO - Processed grid batch from 170000 to 172000
2025-04-02 22:20:56,773 - INFO - Processed grid batch from 172000 to 174000
2025-04-02 22:24:32,842 - INFO - Processed grid batch from 174000 to 175616
2025-04-02 22:24:32,855 - INFO - 커널 밀도 지도 계산 완료.
