2025-03-12 21:23:18,390 - INFO - Starting system check (SystemChecker last updated: 2025-03-12)
2025-03-12 21:23:18,451 - INFO - Environment analysis based on SystemChecker update: 2025-03-12
2025-03-12 21:23:18,451 - WARNING - Python 3.10.16 is outdated. Upgrade to Python 3.9+ is recommended.
2025-03-12 21:23:18,451 - WARNING - PyTorch is not installed. Consider installing it for deep learning applications.
2025-03-12 21:23:18,451 - INFO - Python Version: 3.10.16
2025-03-12 21:23:18,451 - INFO - NumPy Version: 1.26.4
2025-03-12 21:23:18,451 - INFO - CuPy Version: 13.4.0
2025-03-12 21:23:18,451 - INFO - PyTorch Version: Not Installed
2025-03-12 21:23:18,451 - INFO - Running system check...
2025-03-12 21:23:18,451 - INFO - GPU 0: A100-PCIE-40GB (39.59 GB, 108 CUDA cores, 1.41 GHz)
2025-03-12 21:23:18,452 - INFO - GPU 1: A100-PCIE-40GB (39.59 GB, 108 CUDA cores, 1.41 GHz)
2025-03-12 21:23:18,452 - INFO - GPU 2: A100-PCIE-40GB (39.59 GB, 108 CUDA cores, 1.41 GHz)
2025-03-12 21:23:18,452 - INFO - GPU 3: A100-PCIE-40GB (39.59 GB, 108 CUDA cores, 1.41 GHz)
2025-03-12 21:23:18,452 - INFO - GPU 4: A100 80GB PCIe (79.35 GB, 108 CUDA cores, 1.41 GHz)
2025-03-12 21:23:18,452 - INFO - GPU 5: A100-PCIE-40GB (39.59 GB, 108 CUDA cores, 1.41 GHz)
2025-03-12 21:23:18,452 - INFO - GPU 6: A100-PCIE-40GB (39.59 GB, 108 CUDA cores, 1.41 GHz)
2025-03-12 21:23:18,452 - INFO - CPU Cores: 96
2025-03-12 21:23:18,452 - INFO - Total RAM: 376.56 GB
2025-03-12 21:23:18,452 - INFO - GPU Usage Enabled: True
2025-03-12 21:23:18,452 - INFO - System check complete.
2025-03-12 21:23:18,452 - INFO - GPU is available. Computation will be accelerated.
2025-03-12 21:23:18,452 - INFO - System check completed in 00:00:00 (0.06 seconds).
