2025-03-08 12:47:55,030 - INFO - GPU is available. CuPy will be used for FFT.
2025-03-08 12:47:55,548 - INFO - Using GPU device 1.
2025-03-08 12:47:55,549 - INFO - Output directory 'TNG300_ICS' is set to: /caefs/data/IllustrisTNG/300/ICS
2025-03-08 12:47:55,549 - INFO - Output directory 'TNG300_snapshot99' is set to: /caefs/data/IllustrisTNG/snapshot-99-dm-npy/cache
2025-03-08 12:47:55,549 - WARNING - Output directory 'NPZ' does not exist: /path/to/your/output/npz
2025-03-08 12:47:55,549 - INFO - Output directory 'NPY' is set to: /caefs/data/IllustrisTNG/300/ICS
2025-03-08 12:47:55,549 - WARNING - Output directory 'LOGS' does not exist: /path/to/your/logs
2025-03-08 12:47:55,549 - INFO - Snapshot99 데이터 폴더: /caefs/data/IllustrisTNG/snapshot-99-dm-npy/cache
2025-03-08 12:47:55,549 - INFO - Output directory: /caefs/user/mmingyeong/structura/Structura/src/results
2025-03-08 12:47:55,550 - INFO - 전체 Snapshot99 데이터를 로드합니다...
2025-03-08 12:47:55,552 - INFO - Partial testing enabled: processing 5 out of 598 files.
2025-03-08 12:47:55,553 - INFO - Using 4 workers based on available system memory.
2025-03-08 12:47:55,572 - INFO - Worker starting file: /caefs/data/IllustrisTNG/snapshot-99-dm-npy/cache/snapshot-99.0.npy
2025-03-08 12:47:55,573 - INFO - Worker starting file: /caefs/data/IllustrisTNG/snapshot-99-dm-npy/cache/snapshot-99.1.npy
2025-03-08 12:47:55,575 - INFO - Worker starting file: /caefs/data/IllustrisTNG/snapshot-99-dm-npy/cache/snapshot-99.10.npy
2025-03-08 12:47:55,575 - INFO - Worker starting file: /caefs/data/IllustrisTNG/snapshot-99-dm-npy/cache/snapshot-99.100.npy
2025-03-08 12:47:55,585 - INFO - Worker finished file: /caefs/data/IllustrisTNG/snapshot-99-dm-npy/cache/snapshot-99.1.npy
2025-03-08 12:47:55,585 - INFO - Worker finished file: /caefs/data/IllustrisTNG/snapshot-99-dm-npy/cache/snapshot-99.0.npy
2025-03-08 12:47:55,586 - INFO - Worker finished file: /caefs/data/IllustrisTNG/snapshot-99-dm-npy/cache/snapshot-99.100.npy
2025-03-08 12:47:55,586 - INFO - Worker finished file: /caefs/data/IllustrisTNG/snapshot-99-dm-npy/cache/snapshot-99.10.npy
2025-03-08 12:47:56,927 - INFO - Worker starting file: /caefs/data/IllustrisTNG/snapshot-99-dm-npy/cache/snapshot-99.101.npy
2025-03-08 12:47:56,932 - INFO - Worker finished file: /caefs/data/IllustrisTNG/snapshot-99-dm-npy/cache/snapshot-99.101.npy
