2025-03-08 15:10:38,254 - INFO - GPU is available. CuPy will be used for FFT.
2025-03-08 15:10:40,342 - INFO - Using GPU device 1.
2025-03-08 15:10:40,343 - INFO - Output directory 'TNG300_ICS' is set to: /caefs/data/IllustrisTNG/300/ICS
2025-03-08 15:10:40,344 - INFO - Output directory 'TNG300_snapshot99' is set to: /caefs/data/IllustrisTNG/snapshot-99-dm-npy/cache
2025-03-08 15:10:40,344 - WARNING - Output directory 'NPZ' does not exist: /path/to/your/output/npz
2025-03-08 15:10:40,344 - INFO - Output directory 'NPY' is set to: /caefs/data/IllustrisTNG/300/ICS
2025-03-08 15:10:40,344 - WARNING - Output directory 'LOGS' does not exist: /path/to/your/logs
2025-03-08 15:10:40,346 - INFO - Snapshot99 데이터 폴더: /caefs/data/IllustrisTNG/snapshot-99-dm-npy/cache
2025-03-08 15:10:40,346 - INFO - Output directory: /caefs/user/mmingyeong/structura/Structura/src/results
2025-03-08 15:10:40,346 - INFO - 전체 Snapshot99 데이터를 로드합니다...
2025-03-08 15:10:47,440 - WARNING - GPU memory check failed: module 'cupy.cuda.memory' has no attribute 'get_info'
2025-03-08 15:10:49,647 - WARNING - GPU memory check failed: module 'cupy.cuda.memory' has no attribute 'get_info'
2025-03-08 15:10:52,147 - WARNING - GPU memory check failed: module 'cupy.cuda.memory' has no attribute 'get_info'
2025-03-08 15:10:54,361 - WARNING - GPU memory check failed: module 'cupy.cuda.memory' has no attribute 'get_info'
2025-03-08 15:10:58,906 - WARNING - GPU memory check failed: module 'cupy.cuda.memory' has no attribute 'get_info'
2025-03-08 15:11:03,376 - WARNING - GPU memory check failed: module 'cupy.cuda.memory' has no attribute 'get_info'
2025-03-08 15:11:08,494 - WARNING - GPU memory check failed: module 'cupy.cuda.memory' has no attribute 'get_info'
2025-03-08 15:11:15,355 - WARNING - GPU memory check failed: module 'cupy.cuda.memory' has no attribute 'get_info'
2025-03-08 15:11:22,290 - WARNING - GPU memory check failed: module 'cupy.cuda.memory' has no attribute 'get_info'
2025-03-08 15:11:29,191 - WARNING - GPU memory check failed: module 'cupy.cuda.memory' has no attribute 'get_info'
2025-03-08 15:11:29,284 - WARNING - GPU memory check failed: module 'cupy.cuda.memory' has no attribute 'get_info'
2025-03-08 15:11:29,577 - WARNING - GPU memory check failed: module 'cupy.cuda.memory' has no attribute 'get_info'
2025-03-08 15:11:31,827 - WARNING - GPU memory check failed: module 'cupy.cuda.memory' has no attribute 'get_info'
2025-03-08 15:11:31,985 - WARNING - GPU memory check failed: module 'cupy.cuda.memory' has no attribute 'get_info'
2025-03-08 15:11:32,054 - WARNING - GPU memory check failed: module 'cupy.cuda.memory' has no attribute 'get_info'
2025-03-08 15:11:34,388 - WARNING - GPU memory check failed: module 'cupy.cuda.memory' has no attribute 'get_info'
2025-03-08 15:11:34,708 - WARNING - GPU memory check failed: module 'cupy.cuda.memory' has no attribute 'get_info'
2025-03-08 15:11:37,091 - WARNING - GPU memory check failed: module 'cupy.cuda.memory' has no attribute 'get_info'
2025-03-08 15:11:39,477 - WARNING - GPU memory check failed: module 'cupy.cuda.memory' has no attribute 'get_info'
2025-03-08 15:11:39,577 - WARNING - GPU memory check failed: module 'cupy.cuda.memory' has no attribute 'get_info'
2025-03-08 15:11:44,247 - WARNING - GPU memory check failed: module 'cupy.cuda.memory' has no attribute 'get_info'
2025-03-08 15:11:44,334 - WARNING - GPU memory check failed: module 'cupy.cuda.memory' has no attribute 'get_info'
2025-03-08 15:11:44,590 - WARNING - GPU memory check failed: module 'cupy.cuda.memory' has no attribute 'get_info'
2025-03-08 15:11:44,686 - WARNING - GPU memory check failed: module 'cupy.cuda.memory' has no attribute 'get_info'
2025-03-08 15:11:47,100 - WARNING - GPU memory check failed: module 'cupy.cuda.memory' has no attribute 'get_info'
2025-03-08 15:11:47,235 - WARNING - GPU memory check failed: module 'cupy.cuda.memory' has no attribute 'get_info'
2025-03-08 15:11:47,283 - WARNING - GPU memory check failed: module 'cupy.cuda.memory' has no attribute 'get_info'
2025-03-08 15:11:47,471 - WARNING - GPU memory check failed: module 'cupy.cuda.memory' has no attribute 'get_info'
2025-03-08 15:11:47,562 - WARNING - GPU memory check failed: module 'cupy.cuda.memory' has no attribute 'get_info'
2025-03-08 15:11:52,015 - WARNING - GPU memory check failed: module 'cupy.cuda.memory' has no attribute 'get_info'
2025-03-08 15:11:52,155 - WARNING - GPU memory check failed: module 'cupy.cuda.memory' has no attribute 'get_info'
2025-03-08 15:11:52,156 - WARNING - GPU memory check failed: module 'cupy.cuda.memory' has no attribute 'get_info'
2025-03-08 15:11:52,313 - WARNING - GPU memory check failed: module 'cupy.cuda.memory' has no attribute 'get_info'
