2025-03-08 12:49:56,263 - INFO - GPU is available. CuPy will be used for FFT.
2025-03-08 12:49:57,006 - INFO - Using GPU device 1.
2025-03-08 12:49:57,007 - INFO - Output directory 'TNG300_ICS' is set to: /caefs/data/IllustrisTNG/300/ICS
2025-03-08 12:49:57,007 - INFO - Output directory 'TNG300_snapshot99' is set to: /caefs/data/IllustrisTNG/snapshot-99-dm-npy/cache
2025-03-08 12:49:57,007 - WARNING - Output directory 'NPZ' does not exist: /path/to/your/output/npz
2025-03-08 12:49:57,007 - INFO - Output directory 'NPY' is set to: /caefs/data/IllustrisTNG/300/ICS
2025-03-08 12:49:57,007 - WARNING - Output directory 'LOGS' does not exist: /path/to/your/logs
2025-03-08 12:49:57,008 - INFO - Snapshot99 데이터 폴더: /caefs/data/IllustrisTNG/snapshot-99-dm-npy/cache
2025-03-08 12:49:57,008 - INFO - Output directory: /caefs/user/mmingyeong/structura/Structura/src/results
2025-03-08 12:49:57,008 - INFO - 전체 Snapshot99 데이터를 로드합니다...
2025-03-08 12:49:57,010 - INFO - Partial testing enabled: processing 5 out of 598 files.
2025-03-08 12:49:57,011 - INFO - Using 4 workers based on available system memory.
2025-03-08 12:49:57,034 - INFO - Worker starting file: /caefs/data/IllustrisTNG/snapshot-99-dm-npy/cache/snapshot-99.0.npy
2025-03-08 12:49:57,035 - INFO - Worker starting file: /caefs/data/IllustrisTNG/snapshot-99-dm-npy/cache/snapshot-99.1.npy
2025-03-08 12:49:57,035 - INFO - Worker starting file: /caefs/data/IllustrisTNG/snapshot-99-dm-npy/cache/snapshot-99.10.npy
2025-03-08 12:49:57,036 - INFO - Worker starting file: /caefs/data/IllustrisTNG/snapshot-99-dm-npy/cache/snapshot-99.100.npy
2025-03-08 12:49:57,046 - INFO - Worker finished file: /caefs/data/IllustrisTNG/snapshot-99-dm-npy/cache/snapshot-99.0.npy (shape: (25680412, 3))
2025-03-08 12:49:57,047 - INFO - Worker finished file: /caefs/data/IllustrisTNG/snapshot-99-dm-npy/cache/snapshot-99.1.npy (shape: (25641998, 3))
2025-03-08 12:49:57,047 - INFO - Worker finished file: /caefs/data/IllustrisTNG/snapshot-99-dm-npy/cache/snapshot-99.100.npy (shape: (26124374, 3))
2025-03-08 12:49:57,052 - INFO - Worker finished file: /caefs/data/IllustrisTNG/snapshot-99-dm-npy/cache/snapshot-99.10.npy (shape: (25998438, 3))
2025-03-08 12:49:58,381 - INFO - Worker starting file: /caefs/data/IllustrisTNG/snapshot-99-dm-npy/cache/snapshot-99.101.npy
2025-03-08 12:49:58,386 - INFO - Worker finished file: /caefs/data/IllustrisTNG/snapshot-99-dm-npy/cache/snapshot-99.101.npy (shape: (26198970, 3))
