2025-03-09 15:38:31,290 - INFO - Using GPU device 1.
2025-03-09 15:38:31,291 - INFO - Output directory 'TNG300_ICS' is set to: /caefs/data/IllustrisTNG/300/ICS
2025-03-09 15:38:31,292 - INFO - Output directory 'TNG300_snapshot99' is set to: /caefs/data/IllustrisTNG/snapshot-99-dm-npy/cache
2025-03-09 15:38:31,292 - WARNING - Output directory 'NPZ' does not exist: /path/to/your/output/npz
2025-03-09 15:38:31,292 - INFO - Output directory 'NPY' is set to: /caefs/data/IllustrisTNG/300/ICS
2025-03-09 15:38:31,292 - WARNING - Output directory 'LOGS' does not exist: /path/to/your/logs
2025-03-09 15:38:31,471 - INFO - Using GPU device 1.
2025-03-09 15:38:31,472 - INFO - Output directory 'TNG300_ICS' is set to: /caefs/data/IllustrisTNG/300/ICS
2025-03-09 15:38:31,472 - INFO - Output directory 'TNG300_snapshot99' is set to: /caefs/data/IllustrisTNG/snapshot-99-dm-npy/cache
2025-03-09 15:38:31,472 - WARNING - Output directory 'NPZ' does not exist: /path/to/your/output/npz
2025-03-09 15:38:31,472 - INFO - Output directory 'NPY' is set to: /caefs/data/IllustrisTNG/300/ICS
2025-03-09 15:38:31,472 - WARNING - Output directory 'LOGS' does not exist: /path/to/your/logs
2025-03-09 15:38:31,492 - INFO - Using GPU device 1.
2025-03-09 15:38:31,493 - INFO - Output directory 'TNG300_ICS' is set to: /caefs/data/IllustrisTNG/300/ICS
2025-03-09 15:38:31,493 - INFO - Output directory 'TNG300_snapshot99' is set to: /caefs/data/IllustrisTNG/snapshot-99-dm-npy/cache
2025-03-09 15:38:31,493 - WARNING - Output directory 'NPZ' does not exist: /path/to/your/output/npz
2025-03-09 15:38:31,493 - INFO - Output directory 'NPY' is set to: /caefs/data/IllustrisTNG/300/ICS
2025-03-09 15:38:31,493 - WARNING - Output directory 'LOGS' does not exist: /path/to/your/logs
2025-03-09 15:38:31,824 - INFO - Input directory (npy): /caefs/data/IllustrisTNG/snapshot-99-dm-npy/cache
2025-03-09 15:38:31,824 - INFO - Output directory: /caefs/user/mmingyeong/structura/Structura/src/results
2025-03-09 15:38:31,825 - DEBUG - Detected 598 .npy file(s) in the input directory.
2025-03-09 15:38:31,825 - DEBUG - Example file: snapshot-99.370.npy
2025-03-09 15:38:31,958 - INFO - Input directory (npy): /caefs/data/IllustrisTNG/snapshot-99-dm-npy/cache
2025-03-09 15:38:31,958 - INFO - Output directory: /caefs/user/mmingyeong/structura/Structura/src/results
2025-03-09 15:38:31,959 - DEBUG - Detected 598 .npy file(s) in the input directory.
2025-03-09 15:38:31,959 - DEBUG - Example file: snapshot-99.370.npy
2025-03-09 15:38:32,005 - INFO - Input directory (npy): /caefs/data/IllustrisTNG/snapshot-99-dm-npy/cache
2025-03-09 15:38:32,005 - INFO - Output directory: /caefs/user/mmingyeong/structura/Structura/src/results
2025-03-09 15:38:32,006 - DEBUG - Detected 598 .npy file(s) in the input directory.
2025-03-09 15:38:32,007 - DEBUG - Example file: snapshot-99.370.npy
