2025-03-09 15:38:31,841 - INFO - Using GPU device 1.
2025-03-09 15:38:31,842 - INFO - Output directory 'TNG300_ICS' is set to: /caefs/data/IllustrisTNG/300/ICS
2025-03-09 15:38:31,842 - INFO - Output directory 'TNG300_snapshot99' is set to: /caefs/data/IllustrisTNG/snapshot-99-dm-npy/cache
2025-03-09 15:38:31,843 - WARNING - Output directory 'NPZ' does not exist: /path/to/your/output/npz
2025-03-09 15:38:31,843 - INFO - Output directory 'NPY' is set to: /caefs/data/IllustrisTNG/300/ICS
2025-03-09 15:38:31,843 - WARNING - Output directory 'LOGS' does not exist: /path/to/your/logs
2025-03-09 15:38:32,016 - INFO - Using GPU device 1.
2025-03-09 15:38:32,017 - INFO - Output directory 'TNG300_ICS' is set to: /caefs/data/IllustrisTNG/300/ICS
2025-03-09 15:38:32,017 - INFO - Output directory 'TNG300_snapshot99' is set to: /caefs/data/IllustrisTNG/snapshot-99-dm-npy/cache
2025-03-09 15:38:32,017 - WARNING - Output directory 'NPZ' does not exist: /path/to/your/output/npz
2025-03-09 15:38:32,017 - INFO - Output directory 'NPY' is set to: /caefs/data/IllustrisTNG/300/ICS
2025-03-09 15:38:32,017 - WARNING - Output directory 'LOGS' does not exist: /path/to/your/logs
2025-03-09 15:38:32,119 - INFO - Using GPU device 1.
2025-03-09 15:38:32,119 - INFO - Output directory 'TNG300_ICS' is set to: /caefs/data/IllustrisTNG/300/ICS
2025-03-09 15:38:32,119 - INFO - Output directory 'TNG300_snapshot99' is set to: /caefs/data/IllustrisTNG/snapshot-99-dm-npy/cache
2025-03-09 15:38:32,120 - WARNING - Output directory 'NPZ' does not exist: /path/to/your/output/npz
2025-03-09 15:38:32,120 - INFO - Output directory 'NPY' is set to: /caefs/data/IllustrisTNG/300/ICS
2025-03-09 15:38:32,120 - WARNING - Output directory 'LOGS' does not exist: /path/to/your/logs
2025-03-09 15:38:32,313 - INFO - Using GPU device 1.
2025-03-09 15:38:32,314 - INFO - Output directory 'TNG300_ICS' is set to: /caefs/data/IllustrisTNG/300/ICS
2025-03-09 15:38:32,314 - INFO - Output directory 'TNG300_snapshot99' is set to: /caefs/data/IllustrisTNG/snapshot-99-dm-npy/cache
2025-03-09 15:38:32,314 - WARNING - Output directory 'NPZ' does not exist: /path/to/your/output/npz
2025-03-09 15:38:32,314 - INFO - Output directory 'NPY' is set to: /caefs/data/IllustrisTNG/300/ICS
2025-03-09 15:38:32,314 - WARNING - Output directory 'LOGS' does not exist: /path/to/your/logs
2025-03-09 15:38:32,350 - INFO - Using GPU device 1.
2025-03-09 15:38:32,351 - INFO - Output directory 'TNG300_ICS' is set to: /caefs/data/IllustrisTNG/300/ICS
2025-03-09 15:38:32,351 - INFO - Output directory 'TNG300_snapshot99' is set to: /caefs/data/IllustrisTNG/snapshot-99-dm-npy/cache
2025-03-09 15:38:32,351 - WARNING - Output directory 'NPZ' does not exist: /path/to/your/output/npz
2025-03-09 15:38:32,351 - INFO - Output directory 'NPY' is set to: /caefs/data/IllustrisTNG/300/ICS
2025-03-09 15:38:32,351 - WARNING - Output directory 'LOGS' does not exist: /path/to/your/logs
2025-03-09 15:38:32,416 - INFO - Input directory (npy): /caefs/data/IllustrisTNG/snapshot-99-dm-npy/cache
2025-03-09 15:38:32,417 - INFO - Output directory: /caefs/user/mmingyeong/structura/Structura/src/results
2025-03-09 15:38:32,418 - DEBUG - Detected 598 .npy file(s) in the input directory.
2025-03-09 15:38:32,418 - DEBUG - Example file: snapshot-99.370.npy
2025-03-09 15:38:32,484 - INFO - Using GPU device 1.
2025-03-09 15:38:32,485 - INFO - Output directory 'TNG300_ICS' is set to: /caefs/data/IllustrisTNG/300/ICS
2025-03-09 15:38:32,485 - INFO - Output directory 'TNG300_snapshot99' is set to: /caefs/data/IllustrisTNG/snapshot-99-dm-npy/cache
2025-03-09 15:38:32,485 - WARNING - Output directory 'NPZ' does not exist: /path/to/your/output/npz
2025-03-09 15:38:32,485 - INFO - Output directory 'NPY' is set to: /caefs/data/IllustrisTNG/300/ICS
2025-03-09 15:38:32,485 - WARNING - Output directory 'LOGS' does not exist: /path/to/your/logs
2025-03-09 15:38:32,603 - INFO - Input directory (npy): /caefs/data/IllustrisTNG/snapshot-99-dm-npy/cache
2025-03-09 15:38:32,603 - INFO - Output directory: /caefs/user/mmingyeong/structura/Structura/src/results
2025-03-09 15:38:32,605 - DEBUG - Detected 598 .npy file(s) in the input directory.
2025-03-09 15:38:32,605 - DEBUG - Example file: snapshot-99.370.npy
2025-03-09 15:38:32,706 - INFO - Input directory (npy): /caefs/data/IllustrisTNG/snapshot-99-dm-npy/cache
2025-03-09 15:38:32,706 - INFO - Output directory: /caefs/user/mmingyeong/structura/Structura/src/results
2025-03-09 15:38:32,707 - DEBUG - Detected 598 .npy file(s) in the input directory.
2025-03-09 15:38:32,707 - DEBUG - Example file: snapshot-99.370.npy
2025-03-09 15:38:32,770 - INFO - Using GPU device 1.
2025-03-09 15:38:32,771 - INFO - Output directory 'TNG300_ICS' is set to: /caefs/data/IllustrisTNG/300/ICS
2025-03-09 15:38:32,771 - INFO - Output directory 'TNG300_snapshot99' is set to: /caefs/data/IllustrisTNG/snapshot-99-dm-npy/cache
2025-03-09 15:38:32,771 - WARNING - Output directory 'NPZ' does not exist: /path/to/your/output/npz
2025-03-09 15:38:32,771 - INFO - Output directory 'NPY' is set to: /caefs/data/IllustrisTNG/300/ICS
2025-03-09 15:38:32,771 - WARNING - Output directory 'LOGS' does not exist: /path/to/your/logs
2025-03-09 15:38:32,854 - INFO - Using GPU device 1.
2025-03-09 15:38:32,855 - INFO - Output directory 'TNG300_ICS' is set to: /caefs/data/IllustrisTNG/300/ICS
2025-03-09 15:38:32,855 - INFO - Output directory 'TNG300_snapshot99' is set to: /caefs/data/IllustrisTNG/snapshot-99-dm-npy/cache
2025-03-09 15:38:32,855 - WARNING - Output directory 'NPZ' does not exist: /path/to/your/output/npz
2025-03-09 15:38:32,856 - INFO - Output directory 'NPY' is set to: /caefs/data/IllustrisTNG/300/ICS
2025-03-09 15:38:32,856 - WARNING - Output directory 'LOGS' does not exist: /path/to/your/logs
2025-03-09 15:38:32,912 - INFO - Using GPU device 1.
2025-03-09 15:38:32,913 - INFO - Output directory 'TNG300_ICS' is set to: /caefs/data/IllustrisTNG/300/ICS
2025-03-09 15:38:32,913 - INFO - Output directory 'TNG300_snapshot99' is set to: /caefs/data/IllustrisTNG/snapshot-99-dm-npy/cache
2025-03-09 15:38:32,914 - WARNING - Output directory 'NPZ' does not exist: /path/to/your/output/npz
2025-03-09 15:38:32,914 - INFO - Output directory 'NPY' is set to: /caefs/data/IllustrisTNG/300/ICS
2025-03-09 15:38:32,914 - WARNING - Output directory 'LOGS' does not exist: /path/to/your/logs
2025-03-09 15:38:32,958 - INFO - Input directory (npy): /caefs/data/IllustrisTNG/snapshot-99-dm-npy/cache
2025-03-09 15:38:32,958 - INFO - Output directory: /caefs/user/mmingyeong/structura/Structura/src/results
2025-03-09 15:38:32,959 - DEBUG - Detected 598 .npy file(s) in the input directory.
2025-03-09 15:38:32,959 - DEBUG - Example file: snapshot-99.370.npy
2025-03-09 15:38:32,975 - INFO - Input directory (npy): /caefs/data/IllustrisTNG/snapshot-99-dm-npy/cache
2025-03-09 15:38:32,976 - INFO - Output directory: /caefs/user/mmingyeong/structura/Structura/src/results
2025-03-09 15:38:32,977 - DEBUG - Detected 598 .npy file(s) in the input directory.
2025-03-09 15:38:32,977 - DEBUG - Example file: snapshot-99.370.npy
2025-03-09 15:38:33,173 - INFO - Input directory (npy): /caefs/data/IllustrisTNG/snapshot-99-dm-npy/cache
2025-03-09 15:38:33,173 - INFO - Output directory: /caefs/user/mmingyeong/structura/Structura/src/results
2025-03-09 15:38:33,174 - DEBUG - Detected 598 .npy file(s) in the input directory.
2025-03-09 15:38:33,174 - DEBUG - Example file: snapshot-99.370.npy
2025-03-09 15:38:33,505 - INFO - Input directory (npy): /caefs/data/IllustrisTNG/snapshot-99-dm-npy/cache
2025-03-09 15:38:33,505 - INFO - Output directory: /caefs/user/mmingyeong/structura/Structura/src/results
2025-03-09 15:38:33,506 - DEBUG - Detected 598 .npy file(s) in the input directory.
2025-03-09 15:38:33,506 - DEBUG - Example file: snapshot-99.370.npy
2025-03-09 15:38:33,578 - INFO - Input directory (npy): /caefs/data/IllustrisTNG/snapshot-99-dm-npy/cache
2025-03-09 15:38:33,578 - INFO - Output directory: /caefs/user/mmingyeong/structura/Structura/src/results
2025-03-09 15:38:33,579 - DEBUG - Detected 598 .npy file(s) in the input directory.
2025-03-09 15:38:33,579 - DEBUG - Example file: snapshot-99.370.npy
2025-03-09 15:38:33,639 - INFO - Input directory (npy): /caefs/data/IllustrisTNG/snapshot-99-dm-npy/cache
2025-03-09 15:38:33,639 - INFO - Output directory: /caefs/user/mmingyeong/structura/Structura/src/results
2025-03-09 15:38:33,641 - DEBUG - Detected 598 .npy file(s) in the input directory.
2025-03-09 15:38:33,641 - DEBUG - Example file: snapshot-99.370.npy
