2025-03-09 15:35:21,155 - INFO - Using GPU device 1.
2025-03-09 15:35:21,157 - INFO - Output directory 'TNG300_ICS' is set to: /caefs/data/IllustrisTNG/300/ICS
2025-03-09 15:35:21,157 - INFO - Output directory 'TNG300_snapshot99' is set to: /caefs/data/IllustrisTNG/snapshot-99-dm-npy/cache
2025-03-09 15:35:21,157 - WARNING - Output directory 'NPZ' does not exist: /path/to/your/output/npz
2025-03-09 15:35:21,157 - INFO - Output directory 'NPY' is set to: /caefs/data/IllustrisTNG/300/ICS
2025-03-09 15:35:21,157 - WARNING - Output directory 'LOGS' does not exist: /path/to/your/logs
2025-03-09 15:35:21,450 - INFO - Using GPU device 1.
2025-03-09 15:35:21,451 - INFO - Output directory 'TNG300_ICS' is set to: /caefs/data/IllustrisTNG/300/ICS
2025-03-09 15:35:21,451 - INFO - Output directory 'TNG300_snapshot99' is set to: /caefs/data/IllustrisTNG/snapshot-99-dm-npy/cache
2025-03-09 15:35:21,451 - WARNING - Output directory 'NPZ' does not exist: /path/to/your/output/npz
2025-03-09 15:35:21,451 - INFO - Output directory 'NPY' is set to: /caefs/data/IllustrisTNG/300/ICS
2025-03-09 15:35:21,451 - WARNING - Output directory 'LOGS' does not exist: /path/to/your/logs
2025-03-09 15:35:21,637 - INFO - Using GPU device 1.
2025-03-09 15:35:21,637 - INFO - Output directory 'TNG300_ICS' is set to: /caefs/data/IllustrisTNG/300/ICS
2025-03-09 15:35:21,638 - INFO - Output directory 'TNG300_snapshot99' is set to: /caefs/data/IllustrisTNG/snapshot-99-dm-npy/cache
2025-03-09 15:35:21,638 - WARNING - Output directory 'NPZ' does not exist: /path/to/your/output/npz
2025-03-09 15:35:21,638 - INFO - Output directory 'NPY' is set to: /caefs/data/IllustrisTNG/300/ICS
2025-03-09 15:35:21,638 - WARNING - Output directory 'LOGS' does not exist: /path/to/your/logs
2025-03-09 15:35:21,674 - INFO - Using GPU device 1.
2025-03-09 15:35:21,675 - INFO - Output directory 'TNG300_ICS' is set to: /caefs/data/IllustrisTNG/300/ICS
2025-03-09 15:35:21,675 - INFO - Output directory 'TNG300_snapshot99' is set to: /caefs/data/IllustrisTNG/snapshot-99-dm-npy/cache
2025-03-09 15:35:21,675 - WARNING - Output directory 'NPZ' does not exist: /path/to/your/output/npz
2025-03-09 15:35:21,675 - INFO - Output directory 'NPY' is set to: /caefs/data/IllustrisTNG/300/ICS
2025-03-09 15:35:21,675 - WARNING - Output directory 'LOGS' does not exist: /path/to/your/logs
2025-03-09 15:35:21,769 - INFO - Using GPU device 1.
2025-03-09 15:35:21,770 - INFO - Output directory 'TNG300_ICS' is set to: /caefs/data/IllustrisTNG/300/ICS
2025-03-09 15:35:21,770 - INFO - Output directory 'TNG300_snapshot99' is set to: /caefs/data/IllustrisTNG/snapshot-99-dm-npy/cache
2025-03-09 15:35:21,770 - WARNING - Output directory 'NPZ' does not exist: /path/to/your/output/npz
2025-03-09 15:35:21,770 - INFO - Output directory 'NPY' is set to: /caefs/data/IllustrisTNG/300/ICS
2025-03-09 15:35:21,770 - WARNING - Output directory 'LOGS' does not exist: /path/to/your/logs
2025-03-09 15:35:21,839 - INFO - Using GPU device 1.
2025-03-09 15:35:21,839 - INFO - Output directory 'TNG300_ICS' is set to: /caefs/data/IllustrisTNG/300/ICS
2025-03-09 15:35:21,840 - INFO - Output directory 'TNG300_snapshot99' is set to: /caefs/data/IllustrisTNG/snapshot-99-dm-npy/cache
2025-03-09 15:35:21,840 - WARNING - Output directory 'NPZ' does not exist: /path/to/your/output/npz
2025-03-09 15:35:21,840 - INFO - Output directory 'NPY' is set to: /caefs/data/IllustrisTNG/300/ICS
2025-03-09 15:35:21,840 - WARNING - Output directory 'LOGS' does not exist: /path/to/your/logs
2025-03-09 15:35:22,104 - INFO - Using GPU device 1.
2025-03-09 15:35:22,104 - INFO - Output directory 'TNG300_ICS' is set to: /caefs/data/IllustrisTNG/300/ICS
2025-03-09 15:35:22,104 - INFO - Output directory 'TNG300_snapshot99' is set to: /caefs/data/IllustrisTNG/snapshot-99-dm-npy/cache
2025-03-09 15:35:22,104 - WARNING - Output directory 'NPZ' does not exist: /path/to/your/output/npz
2025-03-09 15:35:22,105 - INFO - Output directory 'NPY' is set to: /caefs/data/IllustrisTNG/300/ICS
2025-03-09 15:35:22,105 - WARNING - Output directory 'LOGS' does not exist: /path/to/your/logs
2025-03-09 15:35:22,233 - INFO - Using GPU device 1.
2025-03-09 15:35:22,233 - INFO - Output directory 'TNG300_ICS' is set to: /caefs/data/IllustrisTNG/300/ICS
2025-03-09 15:35:22,233 - INFO - Output directory 'TNG300_snapshot99' is set to: /caefs/data/IllustrisTNG/snapshot-99-dm-npy/cache
2025-03-09 15:35:22,234 - WARNING - Output directory 'NPZ' does not exist: /path/to/your/output/npz
2025-03-09 15:35:22,234 - INFO - Output directory 'NPY' is set to: /caefs/data/IllustrisTNG/300/ICS
2025-03-09 15:35:22,234 - WARNING - Output directory 'LOGS' does not exist: /path/to/your/logs
2025-03-09 15:35:22,248 - INFO - Using GPU device 1.
2025-03-09 15:35:22,249 - INFO - Output directory 'TNG300_ICS' is set to: /caefs/data/IllustrisTNG/300/ICS
2025-03-09 15:35:22,249 - INFO - Output directory 'TNG300_snapshot99' is set to: /caefs/data/IllustrisTNG/snapshot-99-dm-npy/cache
2025-03-09 15:35:22,249 - WARNING - Output directory 'NPZ' does not exist: /path/to/your/output/npz
2025-03-09 15:35:22,249 - INFO - Output directory 'NPY' is set to: /caefs/data/IllustrisTNG/300/ICS
2025-03-09 15:35:22,249 - WARNING - Output directory 'LOGS' does not exist: /path/to/your/logs
2025-03-09 15:35:22,329 - INFO - Using GPU device 1.
2025-03-09 15:35:22,329 - INFO - Output directory 'TNG300_ICS' is set to: /caefs/data/IllustrisTNG/300/ICS
2025-03-09 15:35:22,329 - INFO - Output directory 'TNG300_snapshot99' is set to: /caefs/data/IllustrisTNG/snapshot-99-dm-npy/cache
2025-03-09 15:35:22,330 - WARNING - Output directory 'NPZ' does not exist: /path/to/your/output/npz
2025-03-09 15:35:22,330 - INFO - Output directory 'NPY' is set to: /caefs/data/IllustrisTNG/300/ICS
2025-03-09 15:35:22,330 - WARNING - Output directory 'LOGS' does not exist: /path/to/your/logs
2025-03-09 15:35:22,744 - INFO - Using GPU device 1.
2025-03-09 15:35:22,745 - INFO - Output directory 'TNG300_ICS' is set to: /caefs/data/IllustrisTNG/300/ICS
2025-03-09 15:35:22,745 - INFO - Output directory 'TNG300_snapshot99' is set to: /caefs/data/IllustrisTNG/snapshot-99-dm-npy/cache
2025-03-09 15:35:22,745 - WARNING - Output directory 'NPZ' does not exist: /path/to/your/output/npz
2025-03-09 15:35:22,745 - INFO - Output directory 'NPY' is set to: /caefs/data/IllustrisTNG/300/ICS
2025-03-09 15:35:22,745 - WARNING - Output directory 'LOGS' does not exist: /path/to/your/logs
2025-03-09 15:35:22,800 - INFO - Using GPU device 1.
2025-03-09 15:35:22,800 - INFO - Output directory 'TNG300_ICS' is set to: /caefs/data/IllustrisTNG/300/ICS
2025-03-09 15:35:22,800 - INFO - Output directory 'TNG300_snapshot99' is set to: /caefs/data/IllustrisTNG/snapshot-99-dm-npy/cache
2025-03-09 15:35:22,800 - WARNING - Output directory 'NPZ' does not exist: /path/to/your/output/npz
2025-03-09 15:35:22,801 - INFO - Output directory 'NPY' is set to: /caefs/data/IllustrisTNG/300/ICS
2025-03-09 15:35:22,801 - WARNING - Output directory 'LOGS' does not exist: /path/to/your/logs
2025-03-09 15:35:22,845 - INFO - Using GPU device 1.
2025-03-09 15:35:22,846 - INFO - Output directory 'TNG300_ICS' is set to: /caefs/data/IllustrisTNG/300/ICS
2025-03-09 15:35:22,846 - INFO - Output directory 'TNG300_snapshot99' is set to: /caefs/data/IllustrisTNG/snapshot-99-dm-npy/cache
2025-03-09 15:35:22,846 - WARNING - Output directory 'NPZ' does not exist: /path/to/your/output/npz
2025-03-09 15:35:22,846 - INFO - Output directory 'NPY' is set to: /caefs/data/IllustrisTNG/300/ICS
2025-03-09 15:35:22,846 - WARNING - Output directory 'LOGS' does not exist: /path/to/your/logs
2025-03-09 15:35:22,930 - INFO - Using GPU device 1.
2025-03-09 15:35:22,930 - INFO - Output directory 'TNG300_ICS' is set to: /caefs/data/IllustrisTNG/300/ICS
2025-03-09 15:35:22,930 - INFO - Output directory 'TNG300_snapshot99' is set to: /caefs/data/IllustrisTNG/snapshot-99-dm-npy/cache
2025-03-09 15:35:22,931 - WARNING - Output directory 'NPZ' does not exist: /path/to/your/output/npz
2025-03-09 15:35:22,931 - INFO - Output directory 'NPY' is set to: /caefs/data/IllustrisTNG/300/ICS
2025-03-09 15:35:22,931 - WARNING - Output directory 'LOGS' does not exist: /path/to/your/logs
2025-03-09 15:35:22,935 - INFO - Using GPU device 1.
2025-03-09 15:35:22,936 - INFO - Output directory 'TNG300_ICS' is set to: /caefs/data/IllustrisTNG/300/ICS
2025-03-09 15:35:22,936 - INFO - Output directory 'TNG300_snapshot99' is set to: /caefs/data/IllustrisTNG/snapshot-99-dm-npy/cache
2025-03-09 15:35:22,936 - WARNING - Output directory 'NPZ' does not exist: /path/to/your/output/npz
2025-03-09 15:35:22,936 - INFO - Output directory 'NPY' is set to: /caefs/data/IllustrisTNG/300/ICS
2025-03-09 15:35:22,936 - WARNING - Output directory 'LOGS' does not exist: /path/to/your/logs
2025-03-09 15:35:23,046 - INFO - Using GPU device 1.
2025-03-09 15:35:23,046 - INFO - Output directory 'TNG300_ICS' is set to: /caefs/data/IllustrisTNG/300/ICS
2025-03-09 15:35:23,046 - INFO - Output directory 'TNG300_snapshot99' is set to: /caefs/data/IllustrisTNG/snapshot-99-dm-npy/cache
2025-03-09 15:35:23,047 - WARNING - Output directory 'NPZ' does not exist: /path/to/your/output/npz
2025-03-09 15:35:23,047 - INFO - Output directory 'NPY' is set to: /caefs/data/IllustrisTNG/300/ICS
2025-03-09 15:35:23,047 - WARNING - Output directory 'LOGS' does not exist: /path/to/your/logs
2025-03-09 15:35:23,061 - INFO - Using GPU device 1.
2025-03-09 15:35:23,061 - INFO - Output directory 'TNG300_ICS' is set to: /caefs/data/IllustrisTNG/300/ICS
2025-03-09 15:35:23,061 - INFO - Output directory 'TNG300_snapshot99' is set to: /caefs/data/IllustrisTNG/snapshot-99-dm-npy/cache
2025-03-09 15:35:23,061 - WARNING - Output directory 'NPZ' does not exist: /path/to/your/output/npz
2025-03-09 15:35:23,062 - INFO - Output directory 'NPY' is set to: /caefs/data/IllustrisTNG/300/ICS
2025-03-09 15:35:23,062 - WARNING - Output directory 'LOGS' does not exist: /path/to/your/logs
2025-03-09 15:35:23,108 - INFO - Using GPU device 1.
2025-03-09 15:35:23,108 - INFO - Output directory 'TNG300_ICS' is set to: /caefs/data/IllustrisTNG/300/ICS
2025-03-09 15:35:23,108 - INFO - Output directory 'TNG300_snapshot99' is set to: /caefs/data/IllustrisTNG/snapshot-99-dm-npy/cache
2025-03-09 15:35:23,109 - WARNING - Output directory 'NPZ' does not exist: /path/to/your/output/npz
2025-03-09 15:35:23,109 - INFO - Output directory 'NPY' is set to: /caefs/data/IllustrisTNG/300/ICS
2025-03-09 15:35:23,109 - WARNING - Output directory 'LOGS' does not exist: /path/to/your/logs
2025-03-09 15:35:23,170 - INFO - Using GPU device 1.
2025-03-09 15:35:23,170 - INFO - Output directory 'TNG300_ICS' is set to: /caefs/data/IllustrisTNG/300/ICS
2025-03-09 15:35:23,170 - INFO - Output directory 'TNG300_snapshot99' is set to: /caefs/data/IllustrisTNG/snapshot-99-dm-npy/cache
2025-03-09 15:35:23,170 - WARNING - Output directory 'NPZ' does not exist: /path/to/your/output/npz
2025-03-09 15:35:23,170 - INFO - Output directory 'NPY' is set to: /caefs/data/IllustrisTNG/300/ICS
2025-03-09 15:35:23,171 - WARNING - Output directory 'LOGS' does not exist: /path/to/your/logs
2025-03-09 15:35:23,185 - INFO - Using GPU device 1.
2025-03-09 15:35:23,186 - INFO - Output directory 'TNG300_ICS' is set to: /caefs/data/IllustrisTNG/300/ICS
2025-03-09 15:35:23,186 - INFO - Output directory 'TNG300_snapshot99' is set to: /caefs/data/IllustrisTNG/snapshot-99-dm-npy/cache
2025-03-09 15:35:23,186 - WARNING - Output directory 'NPZ' does not exist: /path/to/your/output/npz
2025-03-09 15:35:23,186 - INFO - Output directory 'NPY' is set to: /caefs/data/IllustrisTNG/300/ICS
2025-03-09 15:35:23,186 - WARNING - Output directory 'LOGS' does not exist: /path/to/your/logs
2025-03-09 15:35:23,193 - INFO - Using GPU device 1.
2025-03-09 15:35:23,194 - INFO - Output directory 'TNG300_ICS' is set to: /caefs/data/IllustrisTNG/300/ICS
2025-03-09 15:35:23,194 - INFO - Output directory 'TNG300_snapshot99' is set to: /caefs/data/IllustrisTNG/snapshot-99-dm-npy/cache
2025-03-09 15:35:23,194 - WARNING - Output directory 'NPZ' does not exist: /path/to/your/output/npz
2025-03-09 15:35:23,195 - INFO - Output directory 'NPY' is set to: /caefs/data/IllustrisTNG/300/ICS
2025-03-09 15:35:23,195 - WARNING - Output directory 'LOGS' does not exist: /path/to/your/logs
2025-03-09 15:35:23,197 - INFO - Using GPU device 1.
2025-03-09 15:35:23,198 - INFO - Output directory 'TNG300_ICS' is set to: /caefs/data/IllustrisTNG/300/ICS
2025-03-09 15:35:23,198 - INFO - Output directory 'TNG300_snapshot99' is set to: /caefs/data/IllustrisTNG/snapshot-99-dm-npy/cache
2025-03-09 15:35:23,198 - WARNING - Output directory 'NPZ' does not exist: /path/to/your/output/npz
2025-03-09 15:35:23,198 - INFO - Output directory 'NPY' is set to: /caefs/data/IllustrisTNG/300/ICS
2025-03-09 15:35:23,198 - WARNING - Output directory 'LOGS' does not exist: /path/to/your/logs
