2025-03-09 16:36:50,828 - INFO - Using GPU device 1.
2025-03-09 16:36:50,832 - INFO - Output directory 'TNG300_ICS' is set to: /caefs/data/IllustrisTNG/300/ICS
2025-03-09 16:36:50,833 - INFO - Output directory 'TNG300_snapshot99' is set to: /caefs/data/IllustrisTNG/snapshot-99-dm-npy/cache
2025-03-09 16:36:50,833 - WARNING - Output directory 'NPZ' does not exist: /path/to/your/output/npz
2025-03-09 16:36:50,833 - INFO - Output directory 'NPY' is set to: /caefs/data/IllustrisTNG/300/ICS
2025-03-09 16:36:50,833 - WARNING - Output directory 'LOGS' does not exist: /path/to/your/logs
2025-03-09 16:36:52,125 - INFO - Input directory (npy): /caefs/data/IllustrisTNG/snapshot-99-dm-npy/cache
2025-03-09 16:36:52,125 - INFO - Output directory: /caefs/user/mmingyeong/structura/Structura/src/results
2025-03-09 16:36:52,128 - DEBUG - Detected 598 .npy file(s) in the input directory.
2025-03-09 16:36:52,129 - DEBUG - Example file: snapshot-99.370.npy
2025-03-09 16:36:52,129 - DEBUG - Filtering range set to: 100.00 - 110.00 cMpc/h (Center: 105.00 cMpc/h, Thickness: 10.00 cMpc/h)
2025-03-09 16:36:52,129 - INFO - Loading data...
2025-03-09 16:37:06,950 - INFO - Using Dask distributed client with 60 workers.
2025-03-09 16:44:21,245 - INFO - Time elapsed for loading all data chunks: 449.11 seconds
2025-03-09 16:45:00,289 - INFO - Combined data shape: (296316856, 3)
2025-03-09 16:45:01,222 - INFO - Selected GPU 4 with free memory 84732674048 bytes.
2025-03-09 16:45:07,396 - DEBUG - Loaded data shape: (296316856, 3)
2025-03-09 16:45:07,396 - INFO - Data loaded successfully.
2025-03-09 16:45:07,396 - INFO - Total execution time: 00:08:15 (495.27 seconds)
2025-03-09 16:45:07,397 - INFO - Plot generated successfully.
