2025-03-09 16:14:43,376 - INFO - Using GPU device 1.
2025-03-09 16:14:43,378 - INFO - Output directory 'TNG300_ICS' is set to: /caefs/data/IllustrisTNG/300/ICS
2025-03-09 16:14:43,379 - INFO - Output directory 'TNG300_snapshot99' is set to: /caefs/data/IllustrisTNG/snapshot-99-dm-npy/cache
2025-03-09 16:14:43,379 - WARNING - Output directory 'NPZ' does not exist: /path/to/your/output/npz
2025-03-09 16:14:43,380 - INFO - Output directory 'NPY' is set to: /caefs/data/IllustrisTNG/300/ICS
2025-03-09 16:14:43,380 - WARNING - Output directory 'LOGS' does not exist: /path/to/your/logs
2025-03-09 16:14:43,426 - INFO - Using GPU device 1.
2025-03-09 16:14:43,427 - INFO - Output directory 'TNG300_ICS' is set to: /caefs/data/IllustrisTNG/300/ICS
2025-03-09 16:14:43,428 - INFO - Output directory 'TNG300_snapshot99' is set to: /caefs/data/IllustrisTNG/snapshot-99-dm-npy/cache
2025-03-09 16:14:43,428 - WARNING - Output directory 'NPZ' does not exist: /path/to/your/output/npz
2025-03-09 16:14:43,429 - INFO - Output directory 'NPY' is set to: /caefs/data/IllustrisTNG/300/ICS
2025-03-09 16:14:43,429 - WARNING - Output directory 'LOGS' does not exist: /path/to/your/logs
2025-03-09 16:14:43,688 - INFO - Using GPU device 1.
2025-03-09 16:14:43,689 - INFO - Output directory 'TNG300_ICS' is set to: /caefs/data/IllustrisTNG/300/ICS
2025-03-09 16:14:43,690 - INFO - Output directory 'TNG300_snapshot99' is set to: /caefs/data/IllustrisTNG/snapshot-99-dm-npy/cache
2025-03-09 16:14:43,690 - WARNING - Output directory 'NPZ' does not exist: /path/to/your/output/npz
2025-03-09 16:14:43,691 - INFO - Output directory 'NPY' is set to: /caefs/data/IllustrisTNG/300/ICS
2025-03-09 16:14:43,691 - WARNING - Output directory 'LOGS' does not exist: /path/to/your/logs
2025-03-09 16:14:44,132 - INFO - Using GPU device 1.
2025-03-09 16:14:44,133 - INFO - Output directory 'TNG300_ICS' is set to: /caefs/data/IllustrisTNG/300/ICS
2025-03-09 16:14:44,134 - INFO - Output directory 'TNG300_snapshot99' is set to: /caefs/data/IllustrisTNG/snapshot-99-dm-npy/cache
2025-03-09 16:14:44,134 - WARNING - Output directory 'NPZ' does not exist: /path/to/your/output/npz
2025-03-09 16:14:44,134 - INFO - Output directory 'NPY' is set to: /caefs/data/IllustrisTNG/300/ICS
2025-03-09 16:14:44,134 - WARNING - Output directory 'LOGS' does not exist: /path/to/your/logs
2025-03-09 16:14:44,646 - INFO - Using GPU device 1.
2025-03-09 16:14:44,646 - INFO - Output directory 'TNG300_ICS' is set to: /caefs/data/IllustrisTNG/300/ICS
2025-03-09 16:14:44,647 - INFO - Output directory 'TNG300_snapshot99' is set to: /caefs/data/IllustrisTNG/snapshot-99-dm-npy/cache
2025-03-09 16:14:44,647 - WARNING - Output directory 'NPZ' does not exist: /path/to/your/output/npz
2025-03-09 16:14:44,647 - INFO - Output directory 'NPY' is set to: /caefs/data/IllustrisTNG/300/ICS
2025-03-09 16:14:44,648 - WARNING - Output directory 'LOGS' does not exist: /path/to/your/logs
2025-03-09 16:14:45,404 - INFO - Using GPU device 1.
2025-03-09 16:14:45,404 - INFO - Output directory 'TNG300_ICS' is set to: /caefs/data/IllustrisTNG/300/ICS
2025-03-09 16:14:45,404 - INFO - Output directory 'TNG300_snapshot99' is set to: /caefs/data/IllustrisTNG/snapshot-99-dm-npy/cache
2025-03-09 16:14:45,404 - WARNING - Output directory 'NPZ' does not exist: /path/to/your/output/npz
2025-03-09 16:14:45,404 - INFO - Output directory 'NPY' is set to: /caefs/data/IllustrisTNG/300/ICS
2025-03-09 16:14:45,404 - WARNING - Output directory 'LOGS' does not exist: /path/to/your/logs
2025-03-09 16:14:46,781 - INFO - Using GPU device 1.
2025-03-09 16:14:46,782 - INFO - Output directory 'TNG300_ICS' is set to: /caefs/data/IllustrisTNG/300/ICS
2025-03-09 16:14:46,782 - INFO - Output directory 'TNG300_snapshot99' is set to: /caefs/data/IllustrisTNG/snapshot-99-dm-npy/cache
2025-03-09 16:14:46,782 - WARNING - Output directory 'NPZ' does not exist: /path/to/your/output/npz
2025-03-09 16:14:46,782 - INFO - Output directory 'NPY' is set to: /caefs/data/IllustrisTNG/300/ICS
2025-03-09 16:14:46,782 - WARNING - Output directory 'LOGS' does not exist: /path/to/your/logs
2025-03-09 16:14:46,888 - INFO - Using GPU device 1.
2025-03-09 16:14:46,888 - INFO - Output directory 'TNG300_ICS' is set to: /caefs/data/IllustrisTNG/300/ICS
2025-03-09 16:14:46,888 - INFO - Output directory 'TNG300_snapshot99' is set to: /caefs/data/IllustrisTNG/snapshot-99-dm-npy/cache
2025-03-09 16:14:46,889 - WARNING - Output directory 'NPZ' does not exist: /path/to/your/output/npz
2025-03-09 16:14:46,889 - INFO - Output directory 'NPY' is set to: /caefs/data/IllustrisTNG/300/ICS
2025-03-09 16:14:46,889 - WARNING - Output directory 'LOGS' does not exist: /path/to/your/logs
2025-03-09 16:14:47,146 - INFO - Using GPU device 1.
2025-03-09 16:14:47,146 - INFO - Output directory 'TNG300_ICS' is set to: /caefs/data/IllustrisTNG/300/ICS
2025-03-09 16:14:47,146 - INFO - Output directory 'TNG300_snapshot99' is set to: /caefs/data/IllustrisTNG/snapshot-99-dm-npy/cache
2025-03-09 16:14:47,147 - WARNING - Output directory 'NPZ' does not exist: /path/to/your/output/npz
2025-03-09 16:14:47,147 - INFO - Output directory 'NPY' is set to: /caefs/data/IllustrisTNG/300/ICS
2025-03-09 16:14:47,147 - WARNING - Output directory 'LOGS' does not exist: /path/to/your/logs
2025-03-09 16:14:47,401 - INFO - Using GPU device 1.
2025-03-09 16:14:47,402 - INFO - Output directory 'TNG300_ICS' is set to: /caefs/data/IllustrisTNG/300/ICS
2025-03-09 16:14:47,402 - INFO - Output directory 'TNG300_snapshot99' is set to: /caefs/data/IllustrisTNG/snapshot-99-dm-npy/cache
2025-03-09 16:14:47,402 - WARNING - Output directory 'NPZ' does not exist: /path/to/your/output/npz
2025-03-09 16:14:47,402 - INFO - Output directory 'NPY' is set to: /caefs/data/IllustrisTNG/300/ICS
2025-03-09 16:14:47,402 - WARNING - Output directory 'LOGS' does not exist: /path/to/your/logs
2025-03-09 16:14:47,469 - INFO - Using GPU device 1.
2025-03-09 16:14:47,469 - INFO - Output directory 'TNG300_ICS' is set to: /caefs/data/IllustrisTNG/300/ICS
2025-03-09 16:14:47,469 - INFO - Output directory 'TNG300_snapshot99' is set to: /caefs/data/IllustrisTNG/snapshot-99-dm-npy/cache
2025-03-09 16:14:47,469 - WARNING - Output directory 'NPZ' does not exist: /path/to/your/output/npz
2025-03-09 16:14:47,469 - INFO - Output directory 'NPY' is set to: /caefs/data/IllustrisTNG/300/ICS
2025-03-09 16:14:47,469 - WARNING - Output directory 'LOGS' does not exist: /path/to/your/logs
2025-03-09 16:14:47,519 - INFO - Using GPU device 1.
2025-03-09 16:14:47,519 - INFO - Output directory 'TNG300_ICS' is set to: /caefs/data/IllustrisTNG/300/ICS
2025-03-09 16:14:47,520 - INFO - Output directory 'TNG300_snapshot99' is set to: /caefs/data/IllustrisTNG/snapshot-99-dm-npy/cache
2025-03-09 16:14:47,520 - WARNING - Output directory 'NPZ' does not exist: /path/to/your/output/npz
2025-03-09 16:14:47,520 - INFO - Output directory 'NPY' is set to: /caefs/data/IllustrisTNG/300/ICS
2025-03-09 16:14:47,520 - WARNING - Output directory 'LOGS' does not exist: /path/to/your/logs
2025-03-09 16:14:47,603 - INFO - Using GPU device 1.
2025-03-09 16:14:47,603 - INFO - Output directory 'TNG300_ICS' is set to: /caefs/data/IllustrisTNG/300/ICS
2025-03-09 16:14:47,603 - INFO - Output directory 'TNG300_snapshot99' is set to: /caefs/data/IllustrisTNG/snapshot-99-dm-npy/cache
2025-03-09 16:14:47,603 - WARNING - Output directory 'NPZ' does not exist: /path/to/your/output/npz
2025-03-09 16:14:47,603 - INFO - Output directory 'NPY' is set to: /caefs/data/IllustrisTNG/300/ICS
2025-03-09 16:14:47,604 - WARNING - Output directory 'LOGS' does not exist: /path/to/your/logs
2025-03-09 16:14:47,657 - INFO - Using GPU device 1.
2025-03-09 16:14:47,658 - INFO - Output directory 'TNG300_ICS' is set to: /caefs/data/IllustrisTNG/300/ICS
2025-03-09 16:14:47,658 - INFO - Output directory 'TNG300_snapshot99' is set to: /caefs/data/IllustrisTNG/snapshot-99-dm-npy/cache
2025-03-09 16:14:47,658 - WARNING - Output directory 'NPZ' does not exist: /path/to/your/output/npz
2025-03-09 16:14:47,658 - INFO - Output directory 'NPY' is set to: /caefs/data/IllustrisTNG/300/ICS
2025-03-09 16:14:47,658 - WARNING - Output directory 'LOGS' does not exist: /path/to/your/logs
2025-03-09 16:14:47,724 - INFO - Using GPU device 1.
2025-03-09 16:14:47,725 - INFO - Output directory 'TNG300_ICS' is set to: /caefs/data/IllustrisTNG/300/ICS
2025-03-09 16:14:47,725 - INFO - Output directory 'TNG300_snapshot99' is set to: /caefs/data/IllustrisTNG/snapshot-99-dm-npy/cache
2025-03-09 16:14:47,725 - WARNING - Output directory 'NPZ' does not exist: /path/to/your/output/npz
2025-03-09 16:14:47,725 - INFO - Output directory 'NPY' is set to: /caefs/data/IllustrisTNG/300/ICS
2025-03-09 16:14:47,725 - WARNING - Output directory 'LOGS' does not exist: /path/to/your/logs
2025-03-09 16:14:47,828 - INFO - Using GPU device 1.
2025-03-09 16:14:47,828 - INFO - Output directory 'TNG300_ICS' is set to: /caefs/data/IllustrisTNG/300/ICS
2025-03-09 16:14:47,829 - INFO - Output directory 'TNG300_snapshot99' is set to: /caefs/data/IllustrisTNG/snapshot-99-dm-npy/cache
2025-03-09 16:14:47,829 - WARNING - Output directory 'NPZ' does not exist: /path/to/your/output/npz
2025-03-09 16:14:47,829 - INFO - Output directory 'NPY' is set to: /caefs/data/IllustrisTNG/300/ICS
2025-03-09 16:14:47,829 - WARNING - Output directory 'LOGS' does not exist: /path/to/your/logs
2025-03-09 16:14:47,840 - INFO - Using GPU device 1.
2025-03-09 16:14:47,841 - INFO - Output directory 'TNG300_ICS' is set to: /caefs/data/IllustrisTNG/300/ICS
2025-03-09 16:14:47,841 - INFO - Output directory 'TNG300_snapshot99' is set to: /caefs/data/IllustrisTNG/snapshot-99-dm-npy/cache
2025-03-09 16:14:47,841 - WARNING - Output directory 'NPZ' does not exist: /path/to/your/output/npz
2025-03-09 16:14:47,841 - INFO - Output directory 'NPY' is set to: /caefs/data/IllustrisTNG/300/ICS
2025-03-09 16:14:47,841 - WARNING - Output directory 'LOGS' does not exist: /path/to/your/logs
2025-03-09 16:14:47,910 - INFO - Using GPU device 1.
2025-03-09 16:14:47,911 - INFO - Output directory 'TNG300_ICS' is set to: /caefs/data/IllustrisTNG/300/ICS
2025-03-09 16:14:47,911 - INFO - Output directory 'TNG300_snapshot99' is set to: /caefs/data/IllustrisTNG/snapshot-99-dm-npy/cache
2025-03-09 16:14:47,911 - WARNING - Output directory 'NPZ' does not exist: /path/to/your/output/npz
2025-03-09 16:14:47,911 - INFO - Output directory 'NPY' is set to: /caefs/data/IllustrisTNG/300/ICS
2025-03-09 16:14:47,911 - WARNING - Output directory 'LOGS' does not exist: /path/to/your/logs
2025-03-09 16:14:47,928 - INFO - Using GPU device 1.
2025-03-09 16:14:47,928 - INFO - Output directory 'TNG300_ICS' is set to: /caefs/data/IllustrisTNG/300/ICS
2025-03-09 16:14:47,928 - INFO - Output directory 'TNG300_snapshot99' is set to: /caefs/data/IllustrisTNG/snapshot-99-dm-npy/cache
2025-03-09 16:14:47,928 - WARNING - Output directory 'NPZ' does not exist: /path/to/your/output/npz
2025-03-09 16:14:47,928 - INFO - Output directory 'NPY' is set to: /caefs/data/IllustrisTNG/300/ICS
2025-03-09 16:14:47,929 - WARNING - Output directory 'LOGS' does not exist: /path/to/your/logs
2025-03-09 16:14:48,012 - INFO - Using GPU device 1.
2025-03-09 16:14:48,012 - INFO - Output directory 'TNG300_ICS' is set to: /caefs/data/IllustrisTNG/300/ICS
2025-03-09 16:14:48,013 - INFO - Output directory 'TNG300_snapshot99' is set to: /caefs/data/IllustrisTNG/snapshot-99-dm-npy/cache
2025-03-09 16:14:48,013 - WARNING - Output directory 'NPZ' does not exist: /path/to/your/output/npz
2025-03-09 16:14:48,013 - INFO - Output directory 'NPY' is set to: /caefs/data/IllustrisTNG/300/ICS
2025-03-09 16:14:48,013 - WARNING - Output directory 'LOGS' does not exist: /path/to/your/logs
2025-03-09 16:14:48,071 - INFO - Using GPU device 1.
2025-03-09 16:14:48,071 - INFO - Output directory 'TNG300_ICS' is set to: /caefs/data/IllustrisTNG/300/ICS
2025-03-09 16:14:48,072 - INFO - Output directory 'TNG300_snapshot99' is set to: /caefs/data/IllustrisTNG/snapshot-99-dm-npy/cache
2025-03-09 16:14:48,072 - WARNING - Output directory 'NPZ' does not exist: /path/to/your/output/npz
2025-03-09 16:14:48,072 - INFO - Output directory 'NPY' is set to: /caefs/data/IllustrisTNG/300/ICS
2025-03-09 16:14:48,072 - WARNING - Output directory 'LOGS' does not exist: /path/to/your/logs
2025-03-09 16:14:48,087 - INFO - Using GPU device 1.
2025-03-09 16:14:48,087 - INFO - Output directory 'TNG300_ICS' is set to: /caefs/data/IllustrisTNG/300/ICS
2025-03-09 16:14:48,087 - INFO - Output directory 'TNG300_snapshot99' is set to: /caefs/data/IllustrisTNG/snapshot-99-dm-npy/cache
2025-03-09 16:14:48,088 - WARNING - Output directory 'NPZ' does not exist: /path/to/your/output/npz
2025-03-09 16:14:48,088 - INFO - Output directory 'NPY' is set to: /caefs/data/IllustrisTNG/300/ICS
2025-03-09 16:14:48,088 - WARNING - Output directory 'LOGS' does not exist: /path/to/your/logs
2025-03-09 16:14:48,161 - INFO - Using GPU device 1.
2025-03-09 16:14:48,162 - INFO - Output directory 'TNG300_ICS' is set to: /caefs/data/IllustrisTNG/300/ICS
2025-03-09 16:14:48,162 - INFO - Output directory 'TNG300_snapshot99' is set to: /caefs/data/IllustrisTNG/snapshot-99-dm-npy/cache
2025-03-09 16:14:48,162 - WARNING - Output directory 'NPZ' does not exist: /path/to/your/output/npz
2025-03-09 16:14:48,162 - INFO - Output directory 'NPY' is set to: /caefs/data/IllustrisTNG/300/ICS
2025-03-09 16:14:48,162 - WARNING - Output directory 'LOGS' does not exist: /path/to/your/logs
2025-03-09 16:14:48,268 - INFO - Using GPU device 1.
2025-03-09 16:14:48,269 - INFO - Output directory 'TNG300_ICS' is set to: /caefs/data/IllustrisTNG/300/ICS
2025-03-09 16:14:48,269 - INFO - Output directory 'TNG300_snapshot99' is set to: /caefs/data/IllustrisTNG/snapshot-99-dm-npy/cache
2025-03-09 16:14:48,269 - WARNING - Output directory 'NPZ' does not exist: /path/to/your/output/npz
2025-03-09 16:14:48,269 - INFO - Output directory 'NPY' is set to: /caefs/data/IllustrisTNG/300/ICS
2025-03-09 16:14:48,269 - WARNING - Output directory 'LOGS' does not exist: /path/to/your/logs
2025-03-09 16:14:48,306 - INFO - Using GPU device 1.
2025-03-09 16:14:48,307 - INFO - Output directory 'TNG300_ICS' is set to: /caefs/data/IllustrisTNG/300/ICS
2025-03-09 16:14:48,307 - INFO - Output directory 'TNG300_snapshot99' is set to: /caefs/data/IllustrisTNG/snapshot-99-dm-npy/cache
2025-03-09 16:14:48,307 - WARNING - Output directory 'NPZ' does not exist: /path/to/your/output/npz
2025-03-09 16:14:48,307 - INFO - Output directory 'NPY' is set to: /caefs/data/IllustrisTNG/300/ICS
2025-03-09 16:14:48,307 - WARNING - Output directory 'LOGS' does not exist: /path/to/your/logs
2025-03-09 16:14:48,341 - INFO - Using GPU device 1.
2025-03-09 16:14:48,342 - INFO - Output directory 'TNG300_ICS' is set to: /caefs/data/IllustrisTNG/300/ICS
2025-03-09 16:14:48,342 - INFO - Output directory 'TNG300_snapshot99' is set to: /caefs/data/IllustrisTNG/snapshot-99-dm-npy/cache
2025-03-09 16:14:48,342 - WARNING - Output directory 'NPZ' does not exist: /path/to/your/output/npz
2025-03-09 16:14:48,343 - INFO - Output directory 'NPY' is set to: /caefs/data/IllustrisTNG/300/ICS
2025-03-09 16:14:48,343 - WARNING - Output directory 'LOGS' does not exist: /path/to/your/logs
2025-03-09 16:14:48,365 - INFO - Using GPU device 1.
2025-03-09 16:14:48,366 - INFO - Output directory 'TNG300_ICS' is set to: /caefs/data/IllustrisTNG/300/ICS
2025-03-09 16:14:48,366 - INFO - Output directory 'TNG300_snapshot99' is set to: /caefs/data/IllustrisTNG/snapshot-99-dm-npy/cache
2025-03-09 16:14:48,366 - WARNING - Output directory 'NPZ' does not exist: /path/to/your/output/npz
2025-03-09 16:14:48,366 - INFO - Output directory 'NPY' is set to: /caefs/data/IllustrisTNG/300/ICS
2025-03-09 16:14:48,366 - WARNING - Output directory 'LOGS' does not exist: /path/to/your/logs
2025-03-09 16:14:48,434 - INFO - Using GPU device 1.
2025-03-09 16:14:48,434 - INFO - Output directory 'TNG300_ICS' is set to: /caefs/data/IllustrisTNG/300/ICS
2025-03-09 16:14:48,435 - INFO - Output directory 'TNG300_snapshot99' is set to: /caefs/data/IllustrisTNG/snapshot-99-dm-npy/cache
2025-03-09 16:14:48,435 - WARNING - Output directory 'NPZ' does not exist: /path/to/your/output/npz
2025-03-09 16:14:48,435 - INFO - Output directory 'NPY' is set to: /caefs/data/IllustrisTNG/300/ICS
2025-03-09 16:14:48,435 - WARNING - Output directory 'LOGS' does not exist: /path/to/your/logs
2025-03-09 16:14:48,471 - INFO - Using GPU device 1.
2025-03-09 16:14:48,471 - INFO - Output directory 'TNG300_ICS' is set to: /caefs/data/IllustrisTNG/300/ICS
2025-03-09 16:14:48,472 - INFO - Output directory 'TNG300_snapshot99' is set to: /caefs/data/IllustrisTNG/snapshot-99-dm-npy/cache
2025-03-09 16:14:48,472 - WARNING - Output directory 'NPZ' does not exist: /path/to/your/output/npz
2025-03-09 16:14:48,472 - INFO - Output directory 'NPY' is set to: /caefs/data/IllustrisTNG/300/ICS
2025-03-09 16:14:48,472 - WARNING - Output directory 'LOGS' does not exist: /path/to/your/logs
2025-03-09 16:14:48,521 - INFO - Using GPU device 1.
2025-03-09 16:14:48,521 - INFO - Output directory 'TNG300_ICS' is set to: /caefs/data/IllustrisTNG/300/ICS
2025-03-09 16:14:48,521 - INFO - Output directory 'TNG300_snapshot99' is set to: /caefs/data/IllustrisTNG/snapshot-99-dm-npy/cache
2025-03-09 16:14:48,521 - WARNING - Output directory 'NPZ' does not exist: /path/to/your/output/npz
2025-03-09 16:14:48,521 - INFO - Output directory 'NPY' is set to: /caefs/data/IllustrisTNG/300/ICS
2025-03-09 16:14:48,522 - WARNING - Output directory 'LOGS' does not exist: /path/to/your/logs
2025-03-09 16:14:48,537 - INFO - Using GPU device 1.
2025-03-09 16:14:48,537 - INFO - Output directory 'TNG300_ICS' is set to: /caefs/data/IllustrisTNG/300/ICS
2025-03-09 16:14:48,537 - INFO - Output directory 'TNG300_snapshot99' is set to: /caefs/data/IllustrisTNG/snapshot-99-dm-npy/cache
2025-03-09 16:14:48,538 - WARNING - Output directory 'NPZ' does not exist: /path/to/your/output/npz
2025-03-09 16:14:48,538 - INFO - Output directory 'NPY' is set to: /caefs/data/IllustrisTNG/300/ICS
2025-03-09 16:14:48,538 - WARNING - Output directory 'LOGS' does not exist: /path/to/your/logs
2025-03-09 16:14:48,544 - INFO - Using GPU device 1.
2025-03-09 16:14:48,545 - INFO - Output directory 'TNG300_ICS' is set to: /caefs/data/IllustrisTNG/300/ICS
2025-03-09 16:14:48,545 - INFO - Output directory 'TNG300_snapshot99' is set to: /caefs/data/IllustrisTNG/snapshot-99-dm-npy/cache
2025-03-09 16:14:48,545 - WARNING - Output directory 'NPZ' does not exist: /path/to/your/output/npz
2025-03-09 16:14:48,546 - INFO - Output directory 'NPY' is set to: /caefs/data/IllustrisTNG/300/ICS
2025-03-09 16:14:48,546 - WARNING - Output directory 'LOGS' does not exist: /path/to/your/logs
2025-03-09 16:14:48,549 - INFO - Using GPU device 1.
2025-03-09 16:14:48,549 - INFO - Output directory 'TNG300_ICS' is set to: /caefs/data/IllustrisTNG/300/ICS
2025-03-09 16:14:48,549 - INFO - Output directory 'TNG300_snapshot99' is set to: /caefs/data/IllustrisTNG/snapshot-99-dm-npy/cache
2025-03-09 16:14:48,549 - WARNING - Output directory 'NPZ' does not exist: /path/to/your/output/npz
2025-03-09 16:14:48,549 - INFO - Output directory 'NPY' is set to: /caefs/data/IllustrisTNG/300/ICS
2025-03-09 16:14:48,549 - WARNING - Output directory 'LOGS' does not exist: /path/to/your/logs
