2025-03-09 15:39:11,570 - INFO - Using GPU device 1.
2025-03-09 15:39:11,573 - INFO - Output directory 'TNG300_ICS' is set to: /caefs/data/IllustrisTNG/300/ICS
2025-03-09 15:39:11,573 - INFO - Output directory 'TNG300_snapshot99' is set to: /caefs/data/IllustrisTNG/snapshot-99-dm-npy/cache
2025-03-09 15:39:11,573 - WARNING - Output directory 'NPZ' does not exist: /path/to/your/output/npz
2025-03-09 15:39:11,574 - INFO - Output directory 'NPY' is set to: /caefs/data/IllustrisTNG/300/ICS
2025-03-09 15:39:11,574 - WARNING - Output directory 'LOGS' does not exist: /path/to/your/logs
2025-03-09 15:39:12,016 - INFO - Using GPU device 1.
2025-03-09 15:39:12,016 - INFO - Output directory 'TNG300_ICS' is set to: /caefs/data/IllustrisTNG/300/ICS
2025-03-09 15:39:12,016 - INFO - Output directory 'TNG300_snapshot99' is set to: /caefs/data/IllustrisTNG/snapshot-99-dm-npy/cache
2025-03-09 15:39:12,016 - WARNING - Output directory 'NPZ' does not exist: /path/to/your/output/npz
2025-03-09 15:39:12,016 - INFO - Output directory 'NPY' is set to: /caefs/data/IllustrisTNG/300/ICS
2025-03-09 15:39:12,016 - WARNING - Output directory 'LOGS' does not exist: /path/to/your/logs
2025-03-09 15:39:12,111 - INFO - Using GPU device 1.
2025-03-09 15:39:12,111 - INFO - Output directory 'TNG300_ICS' is set to: /caefs/data/IllustrisTNG/300/ICS
2025-03-09 15:39:12,111 - INFO - Output directory 'TNG300_snapshot99' is set to: /caefs/data/IllustrisTNG/snapshot-99-dm-npy/cache
2025-03-09 15:39:12,112 - WARNING - Output directory 'NPZ' does not exist: /path/to/your/output/npz
2025-03-09 15:39:12,112 - INFO - Output directory 'NPY' is set to: /caefs/data/IllustrisTNG/300/ICS
2025-03-09 15:39:12,112 - WARNING - Output directory 'LOGS' does not exist: /path/to/your/logs
2025-03-09 15:39:12,188 - INFO - Using GPU device 1.
2025-03-09 15:39:12,189 - INFO - Output directory 'TNG300_ICS' is set to: /caefs/data/IllustrisTNG/300/ICS
2025-03-09 15:39:12,189 - INFO - Output directory 'TNG300_snapshot99' is set to: /caefs/data/IllustrisTNG/snapshot-99-dm-npy/cache
2025-03-09 15:39:12,189 - WARNING - Output directory 'NPZ' does not exist: /path/to/your/output/npz
2025-03-09 15:39:12,189 - INFO - Output directory 'NPY' is set to: /caefs/data/IllustrisTNG/300/ICS
2025-03-09 15:39:12,189 - WARNING - Output directory 'LOGS' does not exist: /path/to/your/logs
2025-03-09 15:39:12,234 - INFO - Using GPU device 1.
2025-03-09 15:39:12,234 - INFO - Output directory 'TNG300_ICS' is set to: /caefs/data/IllustrisTNG/300/ICS
2025-03-09 15:39:12,235 - INFO - Output directory 'TNG300_snapshot99' is set to: /caefs/data/IllustrisTNG/snapshot-99-dm-npy/cache
2025-03-09 15:39:12,235 - WARNING - Output directory 'NPZ' does not exist: /path/to/your/output/npz
2025-03-09 15:39:12,235 - INFO - Output directory 'NPY' is set to: /caefs/data/IllustrisTNG/300/ICS
2025-03-09 15:39:12,235 - WARNING - Output directory 'LOGS' does not exist: /path/to/your/logs
2025-03-09 15:39:12,275 - INFO - Using GPU device 1.
2025-03-09 15:39:12,275 - INFO - Output directory 'TNG300_ICS' is set to: /caefs/data/IllustrisTNG/300/ICS
2025-03-09 15:39:12,276 - INFO - Output directory 'TNG300_snapshot99' is set to: /caefs/data/IllustrisTNG/snapshot-99-dm-npy/cache
2025-03-09 15:39:12,276 - WARNING - Output directory 'NPZ' does not exist: /path/to/your/output/npz
2025-03-09 15:39:12,276 - INFO - Output directory 'NPY' is set to: /caefs/data/IllustrisTNG/300/ICS
2025-03-09 15:39:12,276 - WARNING - Output directory 'LOGS' does not exist: /path/to/your/logs
2025-03-09 15:39:12,360 - INFO - Using GPU device 1.
2025-03-09 15:39:12,361 - INFO - Output directory 'TNG300_ICS' is set to: /caefs/data/IllustrisTNG/300/ICS
2025-03-09 15:39:12,361 - INFO - Output directory 'TNG300_snapshot99' is set to: /caefs/data/IllustrisTNG/snapshot-99-dm-npy/cache
2025-03-09 15:39:12,361 - WARNING - Output directory 'NPZ' does not exist: /path/to/your/output/npz
2025-03-09 15:39:12,361 - INFO - Output directory 'NPY' is set to: /caefs/data/IllustrisTNG/300/ICS
2025-03-09 15:39:12,361 - WARNING - Output directory 'LOGS' does not exist: /path/to/your/logs
2025-03-09 15:39:12,410 - INFO - Using GPU device 1.
2025-03-09 15:39:12,411 - INFO - Using GPU device 1.
2025-03-09 15:39:12,411 - INFO - Output directory 'TNG300_ICS' is set to: /caefs/data/IllustrisTNG/300/ICS
2025-03-09 15:39:12,412 - INFO - Output directory 'TNG300_ICS' is set to: /caefs/data/IllustrisTNG/300/ICS
2025-03-09 15:39:12,412 - INFO - Output directory 'TNG300_snapshot99' is set to: /caefs/data/IllustrisTNG/snapshot-99-dm-npy/cache
2025-03-09 15:39:12,412 - INFO - Output directory 'TNG300_snapshot99' is set to: /caefs/data/IllustrisTNG/snapshot-99-dm-npy/cache
2025-03-09 15:39:12,412 - WARNING - Output directory 'NPZ' does not exist: /path/to/your/output/npz
2025-03-09 15:39:12,412 - WARNING - Output directory 'NPZ' does not exist: /path/to/your/output/npz
2025-03-09 15:39:12,412 - INFO - Output directory 'NPY' is set to: /caefs/data/IllustrisTNG/300/ICS
2025-03-09 15:39:12,412 - WARNING - Output directory 'LOGS' does not exist: /path/to/your/logs
2025-03-09 15:39:12,412 - INFO - Output directory 'NPY' is set to: /caefs/data/IllustrisTNG/300/ICS
2025-03-09 15:39:12,412 - WARNING - Output directory 'LOGS' does not exist: /path/to/your/logs
2025-03-09 15:39:12,421 - INFO - Using GPU device 1.
2025-03-09 15:39:12,422 - INFO - Output directory 'TNG300_ICS' is set to: /caefs/data/IllustrisTNG/300/ICS
2025-03-09 15:39:12,422 - INFO - Output directory 'TNG300_snapshot99' is set to: /caefs/data/IllustrisTNG/snapshot-99-dm-npy/cache
2025-03-09 15:39:12,422 - WARNING - Output directory 'NPZ' does not exist: /path/to/your/output/npz
2025-03-09 15:39:12,422 - INFO - Output directory 'NPY' is set to: /caefs/data/IllustrisTNG/300/ICS
2025-03-09 15:39:12,422 - WARNING - Output directory 'LOGS' does not exist: /path/to/your/logs
