2025-03-10 14:56:21,693 - DEBUG - Using GPU device 1.
2025-03-10 14:56:21,695 - DEBUG - Output directory 'TNG300_ICS' is set to: /caefs/data/IllustrisTNG/300/ICS
2025-03-10 14:56:21,696 - DEBUG - Output directory 'TNG300_snapshot99' is set to: /caefs/data/IllustrisTNG/snapshot-99-dm-npy/cache
2025-03-10 14:56:21,696 - WARNING - Output directory 'NPZ' does not exist: /path/to/your/output/npz
2025-03-10 14:56:21,697 - DEBUG - Output directory 'NPY' is set to: /caefs/data/IllustrisTNG/300/ICS
2025-03-10 14:56:21,697 - WARNING - Output directory 'LOGS' does not exist: /path/to/your/logs
2025-03-10 14:56:21,773 - DEBUG - Using GPU device 1.
2025-03-10 14:56:21,774 - DEBUG - Output directory 'TNG300_ICS' is set to: /caefs/data/IllustrisTNG/300/ICS
2025-03-10 14:56:21,775 - DEBUG - Output directory 'TNG300_snapshot99' is set to: /caefs/data/IllustrisTNG/snapshot-99-dm-npy/cache
2025-03-10 14:56:21,775 - WARNING - Output directory 'NPZ' does not exist: /path/to/your/output/npz
2025-03-10 14:56:21,775 - DEBUG - Output directory 'NPY' is set to: /caefs/data/IllustrisTNG/300/ICS
2025-03-10 14:56:21,775 - WARNING - Output directory 'LOGS' does not exist: /path/to/your/logs
2025-03-10 14:56:22,794 - DEBUG - Using GPU device 1.
2025-03-10 14:56:22,795 - DEBUG - Output directory 'TNG300_ICS' is set to: /caefs/data/IllustrisTNG/300/ICS
2025-03-10 14:56:22,795 - DEBUG - Output directory 'TNG300_snapshot99' is set to: /caefs/data/IllustrisTNG/snapshot-99-dm-npy/cache
2025-03-10 14:56:22,795 - WARNING - Output directory 'NPZ' does not exist: /path/to/your/output/npz
2025-03-10 14:56:22,796 - DEBUG - Output directory 'NPY' is set to: /caefs/data/IllustrisTNG/300/ICS
2025-03-10 14:56:22,796 - WARNING - Output directory 'LOGS' does not exist: /path/to/your/logs
2025-03-10 14:56:23,007 - DEBUG - Using GPU device 1.
2025-03-10 14:56:23,007 - DEBUG - Output directory 'TNG300_ICS' is set to: /caefs/data/IllustrisTNG/300/ICS
2025-03-10 14:56:23,008 - DEBUG - Output directory 'TNG300_snapshot99' is set to: /caefs/data/IllustrisTNG/snapshot-99-dm-npy/cache
2025-03-10 14:56:23,008 - WARNING - Output directory 'NPZ' does not exist: /path/to/your/output/npz
2025-03-10 14:56:23,008 - DEBUG - Output directory 'NPY' is set to: /caefs/data/IllustrisTNG/300/ICS
2025-03-10 14:56:23,008 - WARNING - Output directory 'LOGS' does not exist: /path/to/your/logs
2025-03-10 14:56:23,168 - DEBUG - Using GPU device 1.
2025-03-10 14:56:23,169 - DEBUG - Output directory 'TNG300_ICS' is set to: /caefs/data/IllustrisTNG/300/ICS
2025-03-10 14:56:23,169 - DEBUG - Output directory 'TNG300_snapshot99' is set to: /caefs/data/IllustrisTNG/snapshot-99-dm-npy/cache
2025-03-10 14:56:23,169 - WARNING - Output directory 'NPZ' does not exist: /path/to/your/output/npz
2025-03-10 14:56:23,170 - DEBUG - Output directory 'NPY' is set to: /caefs/data/IllustrisTNG/300/ICS
2025-03-10 14:56:23,170 - WARNING - Output directory 'LOGS' does not exist: /path/to/your/logs
2025-03-10 14:56:23,531 - DEBUG - Using GPU device 1.
2025-03-10 14:56:23,531 - DEBUG - Output directory 'TNG300_ICS' is set to: /caefs/data/IllustrisTNG/300/ICS
2025-03-10 14:56:23,531 - DEBUG - Output directory 'TNG300_snapshot99' is set to: /caefs/data/IllustrisTNG/snapshot-99-dm-npy/cache
2025-03-10 14:56:23,531 - WARNING - Output directory 'NPZ' does not exist: /path/to/your/output/npz
2025-03-10 14:56:23,531 - DEBUG - Output directory 'NPY' is set to: /caefs/data/IllustrisTNG/300/ICS
2025-03-10 14:56:23,531 - WARNING - Output directory 'LOGS' does not exist: /path/to/your/logs
2025-03-10 14:56:23,759 - DEBUG - Using GPU device 1.
2025-03-10 14:56:23,759 - DEBUG - Output directory 'TNG300_ICS' is set to: /caefs/data/IllustrisTNG/300/ICS
2025-03-10 14:56:23,760 - DEBUG - Output directory 'TNG300_snapshot99' is set to: /caefs/data/IllustrisTNG/snapshot-99-dm-npy/cache
2025-03-10 14:56:23,760 - WARNING - Output directory 'NPZ' does not exist: /path/to/your/output/npz
2025-03-10 14:56:23,760 - DEBUG - Output directory 'NPY' is set to: /caefs/data/IllustrisTNG/300/ICS
2025-03-10 14:56:23,760 - WARNING - Output directory 'LOGS' does not exist: /path/to/your/logs
2025-03-10 14:56:24,408 - DEBUG - Using GPU device 1.
2025-03-10 14:56:24,408 - DEBUG - Output directory 'TNG300_ICS' is set to: /caefs/data/IllustrisTNG/300/ICS
2025-03-10 14:56:24,409 - DEBUG - Output directory 'TNG300_snapshot99' is set to: /caefs/data/IllustrisTNG/snapshot-99-dm-npy/cache
2025-03-10 14:56:24,409 - WARNING - Output directory 'NPZ' does not exist: /path/to/your/output/npz
2025-03-10 14:56:24,409 - DEBUG - Output directory 'NPY' is set to: /caefs/data/IllustrisTNG/300/ICS
2025-03-10 14:56:24,409 - WARNING - Output directory 'LOGS' does not exist: /path/to/your/logs
2025-03-10 14:56:24,763 - DEBUG - Using GPU device 1.
2025-03-10 14:56:24,764 - DEBUG - Output directory 'TNG300_ICS' is set to: /caefs/data/IllustrisTNG/300/ICS
2025-03-10 14:56:24,764 - DEBUG - Output directory 'TNG300_snapshot99' is set to: /caefs/data/IllustrisTNG/snapshot-99-dm-npy/cache
2025-03-10 14:56:24,764 - WARNING - Output directory 'NPZ' does not exist: /path/to/your/output/npz
2025-03-10 14:56:24,764 - DEBUG - Output directory 'NPY' is set to: /caefs/data/IllustrisTNG/300/ICS
2025-03-10 14:56:24,764 - WARNING - Output directory 'LOGS' does not exist: /path/to/your/logs
2025-03-10 14:56:24,795 - DEBUG - Using GPU device 1.
2025-03-10 14:56:24,795 - DEBUG - Output directory 'TNG300_ICS' is set to: /caefs/data/IllustrisTNG/300/ICS
2025-03-10 14:56:24,795 - DEBUG - Output directory 'TNG300_snapshot99' is set to: /caefs/data/IllustrisTNG/snapshot-99-dm-npy/cache
2025-03-10 14:56:24,796 - WARNING - Output directory 'NPZ' does not exist: /path/to/your/output/npz
2025-03-10 14:56:24,796 - DEBUG - Output directory 'NPY' is set to: /caefs/data/IllustrisTNG/300/ICS
2025-03-10 14:56:24,796 - WARNING - Output directory 'LOGS' does not exist: /path/to/your/logs
2025-03-10 14:56:24,923 - DEBUG - Using GPU device 1.
2025-03-10 14:56:24,923 - DEBUG - Output directory 'TNG300_ICS' is set to: /caefs/data/IllustrisTNG/300/ICS
2025-03-10 14:56:24,923 - DEBUG - Output directory 'TNG300_snapshot99' is set to: /caefs/data/IllustrisTNG/snapshot-99-dm-npy/cache
2025-03-10 14:56:24,923 - WARNING - Output directory 'NPZ' does not exist: /path/to/your/output/npz
2025-03-10 14:56:24,923 - DEBUG - Output directory 'NPY' is set to: /caefs/data/IllustrisTNG/300/ICS
2025-03-10 14:56:24,924 - WARNING - Output directory 'LOGS' does not exist: /path/to/your/logs
2025-03-10 14:56:24,932 - DEBUG - Using GPU device 1.
2025-03-10 14:56:24,932 - DEBUG - Output directory 'TNG300_ICS' is set to: /caefs/data/IllustrisTNG/300/ICS
2025-03-10 14:56:24,932 - DEBUG - Output directory 'TNG300_snapshot99' is set to: /caefs/data/IllustrisTNG/snapshot-99-dm-npy/cache
2025-03-10 14:56:24,932 - WARNING - Output directory 'NPZ' does not exist: /path/to/your/output/npz
2025-03-10 14:56:24,932 - DEBUG - Output directory 'NPY' is set to: /caefs/data/IllustrisTNG/300/ICS
2025-03-10 14:56:24,932 - WARNING - Output directory 'LOGS' does not exist: /path/to/your/logs
2025-03-10 14:56:24,969 - DEBUG - Using GPU device 1.
2025-03-10 14:56:24,970 - DEBUG - Output directory 'TNG300_ICS' is set to: /caefs/data/IllustrisTNG/300/ICS
2025-03-10 14:56:24,970 - DEBUG - Output directory 'TNG300_snapshot99' is set to: /caefs/data/IllustrisTNG/snapshot-99-dm-npy/cache
2025-03-10 14:56:24,970 - WARNING - Output directory 'NPZ' does not exist: /path/to/your/output/npz
2025-03-10 14:56:24,970 - DEBUG - Output directory 'NPY' is set to: /caefs/data/IllustrisTNG/300/ICS
2025-03-10 14:56:24,970 - WARNING - Output directory 'LOGS' does not exist: /path/to/your/logs
2025-03-10 14:56:25,010 - DEBUG - Using GPU device 1.
2025-03-10 14:56:25,010 - DEBUG - Output directory 'TNG300_ICS' is set to: /caefs/data/IllustrisTNG/300/ICS
2025-03-10 14:56:25,011 - DEBUG - Output directory 'TNG300_snapshot99' is set to: /caefs/data/IllustrisTNG/snapshot-99-dm-npy/cache
2025-03-10 14:56:25,011 - WARNING - Output directory 'NPZ' does not exist: /path/to/your/output/npz
2025-03-10 14:56:25,011 - DEBUG - Output directory 'NPY' is set to: /caefs/data/IllustrisTNG/300/ICS
2025-03-10 14:56:25,011 - WARNING - Output directory 'LOGS' does not exist: /path/to/your/logs
2025-03-10 14:56:25,088 - DEBUG - Using GPU device 1.
2025-03-10 14:56:25,088 - DEBUG - Output directory 'TNG300_ICS' is set to: /caefs/data/IllustrisTNG/300/ICS
2025-03-10 14:56:25,088 - DEBUG - Output directory 'TNG300_snapshot99' is set to: /caefs/data/IllustrisTNG/snapshot-99-dm-npy/cache
2025-03-10 14:56:25,088 - WARNING - Output directory 'NPZ' does not exist: /path/to/your/output/npz
2025-03-10 14:56:25,089 - DEBUG - Output directory 'NPY' is set to: /caefs/data/IllustrisTNG/300/ICS
2025-03-10 14:56:25,089 - WARNING - Output directory 'LOGS' does not exist: /path/to/your/logs
2025-03-10 14:56:25,098 - DEBUG - Using GPU device 1.
2025-03-10 14:56:25,099 - DEBUG - Output directory 'TNG300_ICS' is set to: /caefs/data/IllustrisTNG/300/ICS
2025-03-10 14:56:25,099 - DEBUG - Output directory 'TNG300_snapshot99' is set to: /caefs/data/IllustrisTNG/snapshot-99-dm-npy/cache
2025-03-10 14:56:25,099 - WARNING - Output directory 'NPZ' does not exist: /path/to/your/output/npz
2025-03-10 14:56:25,099 - DEBUG - Output directory 'NPY' is set to: /caefs/data/IllustrisTNG/300/ICS
2025-03-10 14:56:25,099 - WARNING - Output directory 'LOGS' does not exist: /path/to/your/logs
2025-03-10 14:56:25,210 - DEBUG - Using GPU device 1.
2025-03-10 14:56:25,210 - DEBUG - Output directory 'TNG300_ICS' is set to: /caefs/data/IllustrisTNG/300/ICS
2025-03-10 14:56:25,210 - DEBUG - Output directory 'TNG300_snapshot99' is set to: /caefs/data/IllustrisTNG/snapshot-99-dm-npy/cache
2025-03-10 14:56:25,211 - WARNING - Output directory 'NPZ' does not exist: /path/to/your/output/npz
2025-03-10 14:56:25,211 - DEBUG - Output directory 'NPY' is set to: /caefs/data/IllustrisTNG/300/ICS
2025-03-10 14:56:25,211 - WARNING - Output directory 'LOGS' does not exist: /path/to/your/logs
2025-03-10 14:56:25,212 - DEBUG - Using GPU device 1.
2025-03-10 14:56:25,212 - DEBUG - Output directory 'TNG300_ICS' is set to: /caefs/data/IllustrisTNG/300/ICS
2025-03-10 14:56:25,213 - DEBUG - Output directory 'TNG300_snapshot99' is set to: /caefs/data/IllustrisTNG/snapshot-99-dm-npy/cache
2025-03-10 14:56:25,213 - WARNING - Output directory 'NPZ' does not exist: /path/to/your/output/npz
2025-03-10 14:56:25,213 - DEBUG - Output directory 'NPY' is set to: /caefs/data/IllustrisTNG/300/ICS
2025-03-10 14:56:25,213 - WARNING - Output directory 'LOGS' does not exist: /path/to/your/logs
2025-03-10 14:56:25,217 - DEBUG - Using GPU device 1.
2025-03-10 14:56:25,218 - DEBUG - Output directory 'TNG300_ICS' is set to: /caefs/data/IllustrisTNG/300/ICS
2025-03-10 14:56:25,218 - DEBUG - Output directory 'TNG300_snapshot99' is set to: /caefs/data/IllustrisTNG/snapshot-99-dm-npy/cache
2025-03-10 14:56:25,218 - WARNING - Output directory 'NPZ' does not exist: /path/to/your/output/npz
2025-03-10 14:56:25,218 - DEBUG - Output directory 'NPY' is set to: /caefs/data/IllustrisTNG/300/ICS
2025-03-10 14:56:25,218 - WARNING - Output directory 'LOGS' does not exist: /path/to/your/logs
2025-03-10 14:56:25,259 - DEBUG - Using GPU device 1.
2025-03-10 14:56:25,260 - DEBUG - Output directory 'TNG300_ICS' is set to: /caefs/data/IllustrisTNG/300/ICS
2025-03-10 14:56:25,260 - DEBUG - Output directory 'TNG300_snapshot99' is set to: /caefs/data/IllustrisTNG/snapshot-99-dm-npy/cache
2025-03-10 14:56:25,260 - WARNING - Output directory 'NPZ' does not exist: /path/to/your/output/npz
2025-03-10 14:56:25,260 - DEBUG - Output directory 'NPY' is set to: /caefs/data/IllustrisTNG/300/ICS
2025-03-10 14:56:25,260 - WARNING - Output directory 'LOGS' does not exist: /path/to/your/logs
2025-03-10 14:56:25,348 - DEBUG - Using GPU device 1.
2025-03-10 14:56:25,349 - DEBUG - Output directory 'TNG300_ICS' is set to: /caefs/data/IllustrisTNG/300/ICS
2025-03-10 14:56:25,349 - DEBUG - Output directory 'TNG300_snapshot99' is set to: /caefs/data/IllustrisTNG/snapshot-99-dm-npy/cache
2025-03-10 14:56:25,350 - WARNING - Output directory 'NPZ' does not exist: /path/to/your/output/npz
2025-03-10 14:56:25,350 - DEBUG - Output directory 'NPY' is set to: /caefs/data/IllustrisTNG/300/ICS
2025-03-10 14:56:25,350 - WARNING - Output directory 'LOGS' does not exist: /path/to/your/logs
2025-03-10 14:56:25,363 - DEBUG - Using GPU device 1.
2025-03-10 14:56:25,363 - DEBUG - Output directory 'TNG300_ICS' is set to: /caefs/data/IllustrisTNG/300/ICS
2025-03-10 14:56:25,363 - DEBUG - Output directory 'TNG300_snapshot99' is set to: /caefs/data/IllustrisTNG/snapshot-99-dm-npy/cache
2025-03-10 14:56:25,363 - WARNING - Output directory 'NPZ' does not exist: /path/to/your/output/npz
2025-03-10 14:56:25,363 - DEBUG - Output directory 'NPY' is set to: /caefs/data/IllustrisTNG/300/ICS
2025-03-10 14:56:25,363 - WARNING - Output directory 'LOGS' does not exist: /path/to/your/logs
2025-03-10 14:56:25,427 - DEBUG - Using GPU device 1.
2025-03-10 14:56:25,428 - DEBUG - Output directory 'TNG300_ICS' is set to: /caefs/data/IllustrisTNG/300/ICS
2025-03-10 14:56:25,428 - DEBUG - Output directory 'TNG300_snapshot99' is set to: /caefs/data/IllustrisTNG/snapshot-99-dm-npy/cache
2025-03-10 14:56:25,428 - WARNING - Output directory 'NPZ' does not exist: /path/to/your/output/npz
2025-03-10 14:56:25,428 - DEBUG - Output directory 'NPY' is set to: /caefs/data/IllustrisTNG/300/ICS
2025-03-10 14:56:25,428 - WARNING - Output directory 'LOGS' does not exist: /path/to/your/logs
2025-03-10 14:56:25,463 - DEBUG - Using GPU device 1.
2025-03-10 14:56:25,464 - DEBUG - Output directory 'TNG300_ICS' is set to: /caefs/data/IllustrisTNG/300/ICS
2025-03-10 14:56:25,464 - DEBUG - Output directory 'TNG300_snapshot99' is set to: /caefs/data/IllustrisTNG/snapshot-99-dm-npy/cache
2025-03-10 14:56:25,464 - WARNING - Output directory 'NPZ' does not exist: /path/to/your/output/npz
2025-03-10 14:56:25,464 - DEBUG - Output directory 'NPY' is set to: /caefs/data/IllustrisTNG/300/ICS
2025-03-10 14:56:25,465 - WARNING - Output directory 'LOGS' does not exist: /path/to/your/logs
2025-03-10 14:56:25,490 - DEBUG - Using GPU device 1.
2025-03-10 14:56:25,491 - DEBUG - Output directory 'TNG300_ICS' is set to: /caefs/data/IllustrisTNG/300/ICS
2025-03-10 14:56:25,491 - DEBUG - Output directory 'TNG300_snapshot99' is set to: /caefs/data/IllustrisTNG/snapshot-99-dm-npy/cache
2025-03-10 14:56:25,491 - WARNING - Output directory 'NPZ' does not exist: /path/to/your/output/npz
2025-03-10 14:56:25,491 - DEBUG - Output directory 'NPY' is set to: /caefs/data/IllustrisTNG/300/ICS
2025-03-10 14:56:25,491 - WARNING - Output directory 'LOGS' does not exist: /path/to/your/logs
2025-03-10 14:56:25,502 - DEBUG - Using GPU device 1.
2025-03-10 14:56:25,503 - DEBUG - Output directory 'TNG300_ICS' is set to: /caefs/data/IllustrisTNG/300/ICS
2025-03-10 14:56:25,503 - DEBUG - Output directory 'TNG300_snapshot99' is set to: /caefs/data/IllustrisTNG/snapshot-99-dm-npy/cache
2025-03-10 14:56:25,503 - WARNING - Output directory 'NPZ' does not exist: /path/to/your/output/npz
2025-03-10 14:56:25,503 - DEBUG - Output directory 'NPY' is set to: /caefs/data/IllustrisTNG/300/ICS
2025-03-10 14:56:25,503 - WARNING - Output directory 'LOGS' does not exist: /path/to/your/logs
2025-03-10 14:56:25,511 - DEBUG - Using GPU device 1.
2025-03-10 14:56:25,511 - DEBUG - Output directory 'TNG300_ICS' is set to: /caefs/data/IllustrisTNG/300/ICS
2025-03-10 14:56:25,511 - DEBUG - Output directory 'TNG300_snapshot99' is set to: /caefs/data/IllustrisTNG/snapshot-99-dm-npy/cache
2025-03-10 14:56:25,511 - WARNING - Output directory 'NPZ' does not exist: /path/to/your/output/npz
2025-03-10 14:56:25,511 - DEBUG - Output directory 'NPY' is set to: /caefs/data/IllustrisTNG/300/ICS
2025-03-10 14:56:25,512 - WARNING - Output directory 'LOGS' does not exist: /path/to/your/logs
