2025-03-09 15:35:18,193 - INFO - Using GPU device 1.
2025-03-09 15:35:18,194 - INFO - Output directory 'TNG300_ICS' is set to: /caefs/data/IllustrisTNG/300/ICS
2025-03-09 15:35:18,194 - INFO - Output directory 'TNG300_snapshot99' is set to: /caefs/data/IllustrisTNG/snapshot-99-dm-npy/cache
2025-03-09 15:35:18,194 - WARNING - Output directory 'NPZ' does not exist: /path/to/your/output/npz
2025-03-09 15:35:18,195 - INFO - Output directory 'NPY' is set to: /caefs/data/IllustrisTNG/300/ICS
2025-03-09 15:35:18,195 - WARNING - Output directory 'LOGS' does not exist: /path/to/your/logs
2025-03-09 15:35:18,298 - INFO - Using GPU device 1.
2025-03-09 15:35:18,298 - INFO - Output directory 'TNG300_ICS' is set to: /caefs/data/IllustrisTNG/300/ICS
2025-03-09 15:35:18,298 - INFO - Output directory 'TNG300_snapshot99' is set to: /caefs/data/IllustrisTNG/snapshot-99-dm-npy/cache
2025-03-09 15:35:18,298 - WARNING - Output directory 'NPZ' does not exist: /path/to/your/output/npz
2025-03-09 15:35:18,298 - INFO - Output directory 'NPY' is set to: /caefs/data/IllustrisTNG/300/ICS
2025-03-09 15:35:18,298 - WARNING - Output directory 'LOGS' does not exist: /path/to/your/logs
2025-03-09 15:35:18,604 - INFO - Using GPU device 1.
2025-03-09 15:35:18,604 - INFO - Output directory 'TNG300_ICS' is set to: /caefs/data/IllustrisTNG/300/ICS
2025-03-09 15:35:18,605 - INFO - Output directory 'TNG300_snapshot99' is set to: /caefs/data/IllustrisTNG/snapshot-99-dm-npy/cache
2025-03-09 15:35:18,605 - WARNING - Output directory 'NPZ' does not exist: /path/to/your/output/npz
2025-03-09 15:35:18,605 - INFO - Output directory 'NPY' is set to: /caefs/data/IllustrisTNG/300/ICS
2025-03-09 15:35:18,605 - WARNING - Output directory 'LOGS' does not exist: /path/to/your/logs
2025-03-09 15:35:19,314 - INFO - Using GPU device 1.
2025-03-09 15:35:19,314 - INFO - Output directory 'TNG300_ICS' is set to: /caefs/data/IllustrisTNG/300/ICS
2025-03-09 15:35:19,314 - INFO - Output directory 'TNG300_snapshot99' is set to: /caefs/data/IllustrisTNG/snapshot-99-dm-npy/cache
2025-03-09 15:35:19,314 - WARNING - Output directory 'NPZ' does not exist: /path/to/your/output/npz
2025-03-09 15:35:19,315 - INFO - Output directory 'NPY' is set to: /caefs/data/IllustrisTNG/300/ICS
2025-03-09 15:35:19,315 - WARNING - Output directory 'LOGS' does not exist: /path/to/your/logs
2025-03-09 15:35:19,693 - INFO - Using GPU device 1.
2025-03-09 15:35:19,695 - INFO - Output directory 'TNG300_ICS' is set to: /caefs/data/IllustrisTNG/300/ICS
2025-03-09 15:35:19,696 - INFO - Output directory 'TNG300_snapshot99' is set to: /caefs/data/IllustrisTNG/snapshot-99-dm-npy/cache
2025-03-09 15:35:19,696 - WARNING - Output directory 'NPZ' does not exist: /path/to/your/output/npz
2025-03-09 15:35:19,697 - INFO - Output directory 'NPY' is set to: /caefs/data/IllustrisTNG/300/ICS
2025-03-09 15:35:19,697 - WARNING - Output directory 'LOGS' does not exist: /path/to/your/logs
2025-03-09 15:35:19,911 - INFO - Using GPU device 1.
2025-03-09 15:35:19,912 - INFO - Output directory 'TNG300_ICS' is set to: /caefs/data/IllustrisTNG/300/ICS
2025-03-09 15:35:19,913 - INFO - Output directory 'TNG300_snapshot99' is set to: /caefs/data/IllustrisTNG/snapshot-99-dm-npy/cache
2025-03-09 15:35:19,913 - WARNING - Output directory 'NPZ' does not exist: /path/to/your/output/npz
2025-03-09 15:35:19,913 - INFO - Output directory 'NPY' is set to: /caefs/data/IllustrisTNG/300/ICS
2025-03-09 15:35:19,913 - WARNING - Output directory 'LOGS' does not exist: /path/to/your/logs
2025-03-09 15:35:19,992 - INFO - Using GPU device 1.
2025-03-09 15:35:19,995 - INFO - Output directory 'TNG300_ICS' is set to: /caefs/data/IllustrisTNG/300/ICS
2025-03-09 15:35:19,996 - INFO - Output directory 'TNG300_snapshot99' is set to: /caefs/data/IllustrisTNG/snapshot-99-dm-npy/cache
2025-03-09 15:35:19,996 - WARNING - Output directory 'NPZ' does not exist: /path/to/your/output/npz
2025-03-09 15:35:19,996 - INFO - Output directory 'NPY' is set to: /caefs/data/IllustrisTNG/300/ICS
2025-03-09 15:35:19,997 - WARNING - Output directory 'LOGS' does not exist: /path/to/your/logs
2025-03-09 15:35:20,143 - INFO - Using GPU device 1.
2025-03-09 15:35:20,146 - INFO - Output directory 'TNG300_ICS' is set to: /caefs/data/IllustrisTNG/300/ICS
2025-03-09 15:35:20,147 - INFO - Output directory 'TNG300_snapshot99' is set to: /caefs/data/IllustrisTNG/snapshot-99-dm-npy/cache
2025-03-09 15:35:20,147 - WARNING - Output directory 'NPZ' does not exist: /path/to/your/output/npz
2025-03-09 15:35:20,148 - INFO - Output directory 'NPY' is set to: /caefs/data/IllustrisTNG/300/ICS
2025-03-09 15:35:20,148 - WARNING - Output directory 'LOGS' does not exist: /path/to/your/logs
2025-03-09 15:35:20,150 - INFO - Using GPU device 1.
2025-03-09 15:35:20,151 - INFO - Output directory 'TNG300_ICS' is set to: /caefs/data/IllustrisTNG/300/ICS
2025-03-09 15:35:20,151 - INFO - Output directory 'TNG300_snapshot99' is set to: /caefs/data/IllustrisTNG/snapshot-99-dm-npy/cache
2025-03-09 15:35:20,152 - WARNING - Output directory 'NPZ' does not exist: /path/to/your/output/npz
2025-03-09 15:35:20,152 - INFO - Output directory 'NPY' is set to: /caefs/data/IllustrisTNG/300/ICS
2025-03-09 15:35:20,152 - WARNING - Output directory 'LOGS' does not exist: /path/to/your/logs
2025-03-09 15:35:20,285 - INFO - Using GPU device 1.
2025-03-09 15:35:20,288 - INFO - Output directory 'TNG300_ICS' is set to: /caefs/data/IllustrisTNG/300/ICS
2025-03-09 15:35:20,288 - INFO - Output directory 'TNG300_snapshot99' is set to: /caefs/data/IllustrisTNG/snapshot-99-dm-npy/cache
2025-03-09 15:35:20,288 - WARNING - Output directory 'NPZ' does not exist: /path/to/your/output/npz
2025-03-09 15:35:20,289 - INFO - Output directory 'NPY' is set to: /caefs/data/IllustrisTNG/300/ICS
2025-03-09 15:35:20,289 - WARNING - Output directory 'LOGS' does not exist: /path/to/your/logs
2025-03-09 15:35:20,367 - INFO - Using GPU device 1.
2025-03-09 15:35:20,368 - INFO - Output directory 'TNG300_ICS' is set to: /caefs/data/IllustrisTNG/300/ICS
2025-03-09 15:35:20,369 - INFO - Output directory 'TNG300_snapshot99' is set to: /caefs/data/IllustrisTNG/snapshot-99-dm-npy/cache
2025-03-09 15:35:20,369 - WARNING - Output directory 'NPZ' does not exist: /path/to/your/output/npz
2025-03-09 15:35:20,369 - INFO - Output directory 'NPY' is set to: /caefs/data/IllustrisTNG/300/ICS
2025-03-09 15:35:20,369 - WARNING - Output directory 'LOGS' does not exist: /path/to/your/logs
2025-03-09 15:35:20,408 - INFO - Using GPU device 1.
2025-03-09 15:35:20,409 - INFO - Output directory 'TNG300_ICS' is set to: /caefs/data/IllustrisTNG/300/ICS
2025-03-09 15:35:20,409 - INFO - Output directory 'TNG300_snapshot99' is set to: /caefs/data/IllustrisTNG/snapshot-99-dm-npy/cache
2025-03-09 15:35:20,409 - WARNING - Output directory 'NPZ' does not exist: /path/to/your/output/npz
2025-03-09 15:35:20,410 - INFO - Output directory 'NPY' is set to: /caefs/data/IllustrisTNG/300/ICS
2025-03-09 15:35:20,410 - WARNING - Output directory 'LOGS' does not exist: /path/to/your/logs
2025-03-09 15:35:20,412 - INFO - Using GPU device 1.
2025-03-09 15:35:20,413 - INFO - Output directory 'TNG300_ICS' is set to: /caefs/data/IllustrisTNG/300/ICS
2025-03-09 15:35:20,414 - INFO - Output directory 'TNG300_snapshot99' is set to: /caefs/data/IllustrisTNG/snapshot-99-dm-npy/cache
2025-03-09 15:35:20,414 - WARNING - Output directory 'NPZ' does not exist: /path/to/your/output/npz
2025-03-09 15:35:20,414 - INFO - Output directory 'NPY' is set to: /caefs/data/IllustrisTNG/300/ICS
2025-03-09 15:35:20,414 - WARNING - Output directory 'LOGS' does not exist: /path/to/your/logs
2025-03-09 15:35:20,546 - INFO - Using GPU device 1.
2025-03-09 15:35:20,547 - INFO - Output directory 'TNG300_ICS' is set to: /caefs/data/IllustrisTNG/300/ICS
2025-03-09 15:35:20,547 - INFO - Output directory 'TNG300_snapshot99' is set to: /caefs/data/IllustrisTNG/snapshot-99-dm-npy/cache
2025-03-09 15:35:20,548 - WARNING - Output directory 'NPZ' does not exist: /path/to/your/output/npz
2025-03-09 15:35:20,548 - INFO - Output directory 'NPY' is set to: /caefs/data/IllustrisTNG/300/ICS
2025-03-09 15:35:20,548 - WARNING - Output directory 'LOGS' does not exist: /path/to/your/logs
