2025-03-09 16:08:35,903 - INFO - Using GPU device 1.
2025-03-09 16:08:35,905 - INFO - Output directory 'TNG300_ICS' is set to: /caefs/data/IllustrisTNG/300/ICS
2025-03-09 16:08:35,906 - INFO - Output directory 'TNG300_snapshot99' is set to: /caefs/data/IllustrisTNG/snapshot-99-dm-npy/cache
2025-03-09 16:08:35,906 - WARNING - Output directory 'NPZ' does not exist: /path/to/your/output/npz
2025-03-09 16:08:35,906 - INFO - Output directory 'NPY' is set to: /caefs/data/IllustrisTNG/300/ICS
2025-03-09 16:08:35,906 - WARNING - Output directory 'LOGS' does not exist: /path/to/your/logs
2025-03-09 16:08:35,906 - INFO - Using GPU device 1.
2025-03-09 16:08:35,907 - INFO - Output directory 'TNG300_ICS' is set to: /caefs/data/IllustrisTNG/300/ICS
2025-03-09 16:08:35,907 - INFO - Output directory 'TNG300_snapshot99' is set to: /caefs/data/IllustrisTNG/snapshot-99-dm-npy/cache
2025-03-09 16:08:35,907 - WARNING - Output directory 'NPZ' does not exist: /path/to/your/output/npz
2025-03-09 16:08:35,907 - INFO - Output directory 'NPY' is set to: /caefs/data/IllustrisTNG/300/ICS
2025-03-09 16:08:35,908 - WARNING - Output directory 'LOGS' does not exist: /path/to/your/logs
2025-03-09 16:08:36,121 - INFO - Using GPU device 1.
2025-03-09 16:08:36,122 - INFO - Output directory 'TNG300_ICS' is set to: /caefs/data/IllustrisTNG/300/ICS
2025-03-09 16:08:36,122 - INFO - Output directory 'TNG300_snapshot99' is set to: /caefs/data/IllustrisTNG/snapshot-99-dm-npy/cache
2025-03-09 16:08:36,122 - WARNING - Output directory 'NPZ' does not exist: /path/to/your/output/npz
2025-03-09 16:08:36,123 - INFO - Output directory 'NPY' is set to: /caefs/data/IllustrisTNG/300/ICS
2025-03-09 16:08:36,123 - WARNING - Output directory 'LOGS' does not exist: /path/to/your/logs
2025-03-09 16:08:36,640 - INFO - Using GPU device 1.
2025-03-09 16:08:36,641 - INFO - Output directory 'TNG300_ICS' is set to: /caefs/data/IllustrisTNG/300/ICS
2025-03-09 16:08:36,641 - INFO - Output directory 'TNG300_snapshot99' is set to: /caefs/data/IllustrisTNG/snapshot-99-dm-npy/cache
2025-03-09 16:08:36,641 - WARNING - Output directory 'NPZ' does not exist: /path/to/your/output/npz
2025-03-09 16:08:36,641 - INFO - Output directory 'NPY' is set to: /caefs/data/IllustrisTNG/300/ICS
2025-03-09 16:08:36,641 - WARNING - Output directory 'LOGS' does not exist: /path/to/your/logs
2025-03-09 16:08:36,685 - INFO - Using GPU device 1.
2025-03-09 16:08:36,693 - INFO - Output directory 'TNG300_ICS' is set to: /caefs/data/IllustrisTNG/300/ICS
2025-03-09 16:08:36,694 - INFO - Output directory 'TNG300_snapshot99' is set to: /caefs/data/IllustrisTNG/snapshot-99-dm-npy/cache
2025-03-09 16:08:36,694 - WARNING - Output directory 'NPZ' does not exist: /path/to/your/output/npz
2025-03-09 16:08:36,694 - INFO - Output directory 'NPY' is set to: /caefs/data/IllustrisTNG/300/ICS
2025-03-09 16:08:36,694 - WARNING - Output directory 'LOGS' does not exist: /path/to/your/logs
2025-03-09 16:08:36,740 - INFO - Using GPU device 1.
2025-03-09 16:08:36,740 - INFO - Output directory 'TNG300_ICS' is set to: /caefs/data/IllustrisTNG/300/ICS
2025-03-09 16:08:36,740 - INFO - Output directory 'TNG300_snapshot99' is set to: /caefs/data/IllustrisTNG/snapshot-99-dm-npy/cache
2025-03-09 16:08:36,740 - WARNING - Output directory 'NPZ' does not exist: /path/to/your/output/npz
2025-03-09 16:08:36,740 - INFO - Output directory 'NPY' is set to: /caefs/data/IllustrisTNG/300/ICS
2025-03-09 16:08:36,740 - WARNING - Output directory 'LOGS' does not exist: /path/to/your/logs
2025-03-09 16:08:37,478 - INFO - Using GPU device 1.
2025-03-09 16:08:37,479 - INFO - Output directory 'TNG300_ICS' is set to: /caefs/data/IllustrisTNG/300/ICS
2025-03-09 16:08:37,479 - INFO - Output directory 'TNG300_snapshot99' is set to: /caefs/data/IllustrisTNG/snapshot-99-dm-npy/cache
2025-03-09 16:08:37,479 - WARNING - Output directory 'NPZ' does not exist: /path/to/your/output/npz
2025-03-09 16:08:37,479 - INFO - Output directory 'NPY' is set to: /caefs/data/IllustrisTNG/300/ICS
2025-03-09 16:08:37,479 - WARNING - Output directory 'LOGS' does not exist: /path/to/your/logs
2025-03-09 16:08:37,786 - INFO - Using GPU device 1.
2025-03-09 16:08:37,787 - INFO - Output directory 'TNG300_ICS' is set to: /caefs/data/IllustrisTNG/300/ICS
2025-03-09 16:08:37,788 - INFO - Output directory 'TNG300_snapshot99' is set to: /caefs/data/IllustrisTNG/snapshot-99-dm-npy/cache
2025-03-09 16:08:37,788 - WARNING - Output directory 'NPZ' does not exist: /path/to/your/output/npz
2025-03-09 16:08:37,789 - INFO - Output directory 'NPY' is set to: /caefs/data/IllustrisTNG/300/ICS
2025-03-09 16:08:37,789 - WARNING - Output directory 'LOGS' does not exist: /path/to/your/logs
2025-03-09 16:08:38,133 - INFO - Using GPU device 1.
2025-03-09 16:08:38,134 - INFO - Output directory 'TNG300_ICS' is set to: /caefs/data/IllustrisTNG/300/ICS
2025-03-09 16:08:38,134 - INFO - Output directory 'TNG300_snapshot99' is set to: /caefs/data/IllustrisTNG/snapshot-99-dm-npy/cache
2025-03-09 16:08:38,134 - WARNING - Output directory 'NPZ' does not exist: /path/to/your/output/npz
2025-03-09 16:08:38,135 - INFO - Output directory 'NPY' is set to: /caefs/data/IllustrisTNG/300/ICS
2025-03-09 16:08:38,135 - WARNING - Output directory 'LOGS' does not exist: /path/to/your/logs
2025-03-09 16:08:38,141 - INFO - Using GPU device 1.
2025-03-09 16:08:38,142 - INFO - Output directory 'TNG300_ICS' is set to: /caefs/data/IllustrisTNG/300/ICS
2025-03-09 16:08:38,142 - INFO - Output directory 'TNG300_snapshot99' is set to: /caefs/data/IllustrisTNG/snapshot-99-dm-npy/cache
2025-03-09 16:08:38,142 - WARNING - Output directory 'NPZ' does not exist: /path/to/your/output/npz
2025-03-09 16:08:38,143 - INFO - Output directory 'NPY' is set to: /caefs/data/IllustrisTNG/300/ICS
2025-03-09 16:08:38,143 - WARNING - Output directory 'LOGS' does not exist: /path/to/your/logs
2025-03-09 16:08:38,196 - INFO - Using GPU device 1.
2025-03-09 16:08:38,197 - INFO - Output directory 'TNG300_ICS' is set to: /caefs/data/IllustrisTNG/300/ICS
2025-03-09 16:08:38,198 - INFO - Output directory 'TNG300_snapshot99' is set to: /caefs/data/IllustrisTNG/snapshot-99-dm-npy/cache
2025-03-09 16:08:38,198 - WARNING - Output directory 'NPZ' does not exist: /path/to/your/output/npz
2025-03-09 16:08:38,198 - INFO - Output directory 'NPY' is set to: /caefs/data/IllustrisTNG/300/ICS
2025-03-09 16:08:38,198 - WARNING - Output directory 'LOGS' does not exist: /path/to/your/logs
2025-03-09 16:08:38,317 - INFO - Using GPU device 1.
2025-03-09 16:08:38,318 - INFO - Output directory 'TNG300_ICS' is set to: /caefs/data/IllustrisTNG/300/ICS
2025-03-09 16:08:38,319 - INFO - Output directory 'TNG300_snapshot99' is set to: /caefs/data/IllustrisTNG/snapshot-99-dm-npy/cache
2025-03-09 16:08:38,319 - WARNING - Output directory 'NPZ' does not exist: /path/to/your/output/npz
2025-03-09 16:08:38,319 - INFO - Output directory 'NPY' is set to: /caefs/data/IllustrisTNG/300/ICS
2025-03-09 16:08:38,319 - WARNING - Output directory 'LOGS' does not exist: /path/to/your/logs
2025-03-09 16:08:38,370 - INFO - Using GPU device 1.
2025-03-09 16:08:38,371 - INFO - Output directory 'TNG300_ICS' is set to: /caefs/data/IllustrisTNG/300/ICS
2025-03-09 16:08:38,371 - INFO - Output directory 'TNG300_snapshot99' is set to: /caefs/data/IllustrisTNG/snapshot-99-dm-npy/cache
2025-03-09 16:08:38,371 - WARNING - Output directory 'NPZ' does not exist: /path/to/your/output/npz
2025-03-09 16:08:38,372 - INFO - Output directory 'NPY' is set to: /caefs/data/IllustrisTNG/300/ICS
2025-03-09 16:08:38,372 - WARNING - Output directory 'LOGS' does not exist: /path/to/your/logs
2025-03-09 16:08:38,432 - INFO - Using GPU device 1.
2025-03-09 16:08:38,432 - INFO - Output directory 'TNG300_ICS' is set to: /caefs/data/IllustrisTNG/300/ICS
2025-03-09 16:08:38,433 - INFO - Output directory 'TNG300_snapshot99' is set to: /caefs/data/IllustrisTNG/snapshot-99-dm-npy/cache
2025-03-09 16:08:38,433 - WARNING - Output directory 'NPZ' does not exist: /path/to/your/output/npz
2025-03-09 16:08:38,434 - INFO - Output directory 'NPY' is set to: /caefs/data/IllustrisTNG/300/ICS
2025-03-09 16:08:38,434 - WARNING - Output directory 'LOGS' does not exist: /path/to/your/logs
2025-03-09 16:08:38,505 - INFO - Using GPU device 1.
2025-03-09 16:08:38,506 - INFO - Output directory 'TNG300_ICS' is set to: /caefs/data/IllustrisTNG/300/ICS
2025-03-09 16:08:38,507 - INFO - Output directory 'TNG300_snapshot99' is set to: /caefs/data/IllustrisTNG/snapshot-99-dm-npy/cache
2025-03-09 16:08:38,507 - WARNING - Output directory 'NPZ' does not exist: /path/to/your/output/npz
2025-03-09 16:08:38,508 - INFO - Output directory 'NPY' is set to: /caefs/data/IllustrisTNG/300/ICS
2025-03-09 16:08:38,508 - WARNING - Output directory 'LOGS' does not exist: /path/to/your/logs
2025-03-09 16:08:38,614 - INFO - Using GPU device 1.
2025-03-09 16:08:38,615 - INFO - Output directory 'TNG300_ICS' is set to: /caefs/data/IllustrisTNG/300/ICS
2025-03-09 16:08:38,616 - INFO - Output directory 'TNG300_snapshot99' is set to: /caefs/data/IllustrisTNG/snapshot-99-dm-npy/cache
2025-03-09 16:08:38,616 - WARNING - Output directory 'NPZ' does not exist: /path/to/your/output/npz
2025-03-09 16:08:38,617 - INFO - Output directory 'NPY' is set to: /caefs/data/IllustrisTNG/300/ICS
2025-03-09 16:08:38,617 - WARNING - Output directory 'LOGS' does not exist: /path/to/your/logs
2025-03-09 16:08:38,632 - INFO - Using GPU device 1.
2025-03-09 16:08:38,633 - INFO - Output directory 'TNG300_ICS' is set to: /caefs/data/IllustrisTNG/300/ICS
2025-03-09 16:08:38,633 - INFO - Output directory 'TNG300_snapshot99' is set to: /caefs/data/IllustrisTNG/snapshot-99-dm-npy/cache
2025-03-09 16:08:38,633 - WARNING - Output directory 'NPZ' does not exist: /path/to/your/output/npz
2025-03-09 16:08:38,634 - INFO - Output directory 'NPY' is set to: /caefs/data/IllustrisTNG/300/ICS
2025-03-09 16:08:38,634 - WARNING - Output directory 'LOGS' does not exist: /path/to/your/logs
2025-03-09 16:08:38,712 - INFO - Using GPU device 1.
2025-03-09 16:08:38,713 - INFO - Output directory 'TNG300_ICS' is set to: /caefs/data/IllustrisTNG/300/ICS
2025-03-09 16:08:38,714 - INFO - Output directory 'TNG300_snapshot99' is set to: /caefs/data/IllustrisTNG/snapshot-99-dm-npy/cache
2025-03-09 16:08:38,714 - WARNING - Output directory 'NPZ' does not exist: /path/to/your/output/npz
2025-03-09 16:08:38,715 - INFO - Output directory 'NPY' is set to: /caefs/data/IllustrisTNG/300/ICS
2025-03-09 16:08:38,715 - WARNING - Output directory 'LOGS' does not exist: /path/to/your/logs
2025-03-09 16:08:38,747 - INFO - Using GPU device 1.
2025-03-09 16:08:38,748 - INFO - Output directory 'TNG300_ICS' is set to: /caefs/data/IllustrisTNG/300/ICS
2025-03-09 16:08:38,748 - INFO - Output directory 'TNG300_snapshot99' is set to: /caefs/data/IllustrisTNG/snapshot-99-dm-npy/cache
2025-03-09 16:08:38,749 - WARNING - Output directory 'NPZ' does not exist: /path/to/your/output/npz
2025-03-09 16:08:38,749 - INFO - Output directory 'NPY' is set to: /caefs/data/IllustrisTNG/300/ICS
2025-03-09 16:08:38,749 - WARNING - Output directory 'LOGS' does not exist: /path/to/your/logs
2025-03-09 16:08:38,786 - INFO - Using GPU device 1.
2025-03-09 16:08:38,787 - INFO - Output directory 'TNG300_ICS' is set to: /caefs/data/IllustrisTNG/300/ICS
2025-03-09 16:08:38,788 - INFO - Output directory 'TNG300_snapshot99' is set to: /caefs/data/IllustrisTNG/snapshot-99-dm-npy/cache
2025-03-09 16:08:38,788 - WARNING - Output directory 'NPZ' does not exist: /path/to/your/output/npz
2025-03-09 16:08:38,788 - INFO - Output directory 'NPY' is set to: /caefs/data/IllustrisTNG/300/ICS
2025-03-09 16:08:38,788 - WARNING - Output directory 'LOGS' does not exist: /path/to/your/logs
2025-03-09 16:08:38,815 - INFO - Using GPU device 1.
2025-03-09 16:08:38,815 - INFO - Output directory 'TNG300_ICS' is set to: /caefs/data/IllustrisTNG/300/ICS
2025-03-09 16:08:38,816 - INFO - Output directory 'TNG300_snapshot99' is set to: /caefs/data/IllustrisTNG/snapshot-99-dm-npy/cache
2025-03-09 16:08:38,817 - WARNING - Output directory 'NPZ' does not exist: /path/to/your/output/npz
2025-03-09 16:08:38,817 - INFO - Output directory 'NPY' is set to: /caefs/data/IllustrisTNG/300/ICS
2025-03-09 16:08:38,817 - WARNING - Output directory 'LOGS' does not exist: /path/to/your/logs
2025-03-09 16:08:38,863 - INFO - Using GPU device 1.
2025-03-09 16:08:38,864 - INFO - Output directory 'TNG300_ICS' is set to: /caefs/data/IllustrisTNG/300/ICS
2025-03-09 16:08:38,865 - INFO - Output directory 'TNG300_snapshot99' is set to: /caefs/data/IllustrisTNG/snapshot-99-dm-npy/cache
2025-03-09 16:08:38,865 - WARNING - Output directory 'NPZ' does not exist: /path/to/your/output/npz
2025-03-09 16:08:38,866 - INFO - Output directory 'NPY' is set to: /caefs/data/IllustrisTNG/300/ICS
2025-03-09 16:08:38,866 - WARNING - Output directory 'LOGS' does not exist: /path/to/your/logs
2025-03-09 16:08:38,885 - INFO - Using GPU device 1.
2025-03-09 16:08:38,885 - INFO - Output directory 'TNG300_ICS' is set to: /caefs/data/IllustrisTNG/300/ICS
2025-03-09 16:08:38,886 - INFO - Output directory 'TNG300_snapshot99' is set to: /caefs/data/IllustrisTNG/snapshot-99-dm-npy/cache
2025-03-09 16:08:38,886 - WARNING - Output directory 'NPZ' does not exist: /path/to/your/output/npz
2025-03-09 16:08:38,887 - INFO - Output directory 'NPY' is set to: /caefs/data/IllustrisTNG/300/ICS
2025-03-09 16:08:38,887 - WARNING - Output directory 'LOGS' does not exist: /path/to/your/logs
2025-03-09 16:08:38,903 - INFO - Using GPU device 1.
2025-03-09 16:08:38,904 - INFO - Output directory 'TNG300_ICS' is set to: /caefs/data/IllustrisTNG/300/ICS
2025-03-09 16:08:38,905 - INFO - Output directory 'TNG300_snapshot99' is set to: /caefs/data/IllustrisTNG/snapshot-99-dm-npy/cache
2025-03-09 16:08:38,905 - WARNING - Output directory 'NPZ' does not exist: /path/to/your/output/npz
2025-03-09 16:08:38,906 - INFO - Output directory 'NPY' is set to: /caefs/data/IllustrisTNG/300/ICS
2025-03-09 16:08:38,906 - WARNING - Output directory 'LOGS' does not exist: /path/to/your/logs
2025-03-09 16:08:38,960 - INFO - Using GPU device 1.
2025-03-09 16:08:38,961 - INFO - Output directory 'TNG300_ICS' is set to: /caefs/data/IllustrisTNG/300/ICS
2025-03-09 16:08:38,962 - INFO - Output directory 'TNG300_snapshot99' is set to: /caefs/data/IllustrisTNG/snapshot-99-dm-npy/cache
2025-03-09 16:08:38,962 - WARNING - Output directory 'NPZ' does not exist: /path/to/your/output/npz
2025-03-09 16:08:38,963 - INFO - Output directory 'NPY' is set to: /caefs/data/IllustrisTNG/300/ICS
2025-03-09 16:08:38,963 - WARNING - Output directory 'LOGS' does not exist: /path/to/your/logs
2025-03-09 16:08:38,979 - INFO - Using GPU device 1.
2025-03-09 16:08:38,983 - INFO - Output directory 'TNG300_ICS' is set to: /caefs/data/IllustrisTNG/300/ICS
2025-03-09 16:08:38,984 - INFO - Output directory 'TNG300_snapshot99' is set to: /caefs/data/IllustrisTNG/snapshot-99-dm-npy/cache
2025-03-09 16:08:38,984 - WARNING - Output directory 'NPZ' does not exist: /path/to/your/output/npz
2025-03-09 16:08:38,985 - INFO - Output directory 'NPY' is set to: /caefs/data/IllustrisTNG/300/ICS
2025-03-09 16:08:38,985 - WARNING - Output directory 'LOGS' does not exist: /path/to/your/logs
2025-03-09 16:08:39,016 - INFO - Using GPU device 1.
2025-03-09 16:08:39,017 - INFO - Output directory 'TNG300_ICS' is set to: /caefs/data/IllustrisTNG/300/ICS
2025-03-09 16:08:39,017 - INFO - Output directory 'TNG300_snapshot99' is set to: /caefs/data/IllustrisTNG/snapshot-99-dm-npy/cache
2025-03-09 16:08:39,018 - WARNING - Output directory 'NPZ' does not exist: /path/to/your/output/npz
2025-03-09 16:08:39,018 - INFO - Output directory 'NPY' is set to: /caefs/data/IllustrisTNG/300/ICS
2025-03-09 16:08:39,018 - WARNING - Output directory 'LOGS' does not exist: /path/to/your/logs
2025-03-09 16:08:39,045 - INFO - Using GPU device 1.
2025-03-09 16:08:39,046 - INFO - Output directory 'TNG300_ICS' is set to: /caefs/data/IllustrisTNG/300/ICS
2025-03-09 16:08:39,046 - INFO - Output directory 'TNG300_snapshot99' is set to: /caefs/data/IllustrisTNG/snapshot-99-dm-npy/cache
2025-03-09 16:08:39,046 - WARNING - Output directory 'NPZ' does not exist: /path/to/your/output/npz
2025-03-09 16:08:39,047 - INFO - Output directory 'NPY' is set to: /caefs/data/IllustrisTNG/300/ICS
2025-03-09 16:08:39,047 - WARNING - Output directory 'LOGS' does not exist: /path/to/your/logs
2025-03-09 16:08:39,060 - INFO - Using GPU device 1.
2025-03-09 16:08:39,061 - INFO - Output directory 'TNG300_ICS' is set to: /caefs/data/IllustrisTNG/300/ICS
2025-03-09 16:08:39,062 - INFO - Output directory 'TNG300_snapshot99' is set to: /caefs/data/IllustrisTNG/snapshot-99-dm-npy/cache
2025-03-09 16:08:39,062 - WARNING - Output directory 'NPZ' does not exist: /path/to/your/output/npz
2025-03-09 16:08:39,063 - INFO - Output directory 'NPY' is set to: /caefs/data/IllustrisTNG/300/ICS
2025-03-09 16:08:39,063 - WARNING - Output directory 'LOGS' does not exist: /path/to/your/logs
2025-03-09 16:08:39,073 - INFO - Using GPU device 1.
2025-03-09 16:08:39,074 - INFO - Output directory 'TNG300_ICS' is set to: /caefs/data/IllustrisTNG/300/ICS
2025-03-09 16:08:39,075 - INFO - Output directory 'TNG300_snapshot99' is set to: /caefs/data/IllustrisTNG/snapshot-99-dm-npy/cache
2025-03-09 16:08:39,075 - WARNING - Output directory 'NPZ' does not exist: /path/to/your/output/npz
2025-03-09 16:08:39,076 - INFO - Output directory 'NPY' is set to: /caefs/data/IllustrisTNG/300/ICS
2025-03-09 16:08:39,076 - WARNING - Output directory 'LOGS' does not exist: /path/to/your/logs
