2025-03-09 15:50:20,380 - INFO - Using GPU device 1.
2025-03-09 15:50:20,381 - INFO - Output directory 'TNG300_ICS' is set to: /caefs/data/IllustrisTNG/300/ICS
2025-03-09 15:50:20,382 - INFO - Output directory 'TNG300_snapshot99' is set to: /caefs/data/IllustrisTNG/snapshot-99-dm-npy/cache
2025-03-09 15:50:20,382 - WARNING - Output directory 'NPZ' does not exist: /path/to/your/output/npz
2025-03-09 15:50:20,382 - INFO - Output directory 'NPY' is set to: /caefs/data/IllustrisTNG/300/ICS
2025-03-09 15:50:20,382 - WARNING - Output directory 'LOGS' does not exist: /path/to/your/logs
2025-03-09 15:50:20,395 - INFO - Using GPU device 1.
2025-03-09 15:50:20,396 - INFO - Output directory 'TNG300_ICS' is set to: /caefs/data/IllustrisTNG/300/ICS
2025-03-09 15:50:20,396 - INFO - Output directory 'TNG300_snapshot99' is set to: /caefs/data/IllustrisTNG/snapshot-99-dm-npy/cache
2025-03-09 15:50:20,396 - WARNING - Output directory 'NPZ' does not exist: /path/to/your/output/npz
2025-03-09 15:50:20,396 - INFO - Output directory 'NPY' is set to: /caefs/data/IllustrisTNG/300/ICS
2025-03-09 15:50:20,396 - WARNING - Output directory 'LOGS' does not exist: /path/to/your/logs
2025-03-09 15:50:21,105 - INFO - Using GPU device 1.
2025-03-09 15:50:21,106 - INFO - Output directory 'TNG300_ICS' is set to: /caefs/data/IllustrisTNG/300/ICS
2025-03-09 15:50:21,106 - INFO - Output directory 'TNG300_snapshot99' is set to: /caefs/data/IllustrisTNG/snapshot-99-dm-npy/cache
2025-03-09 15:50:21,106 - WARNING - Output directory 'NPZ' does not exist: /path/to/your/output/npz
2025-03-09 15:50:21,106 - INFO - Output directory 'NPY' is set to: /caefs/data/IllustrisTNG/300/ICS
2025-03-09 15:50:21,107 - WARNING - Output directory 'LOGS' does not exist: /path/to/your/logs
2025-03-09 15:50:21,135 - INFO - Using GPU device 1.
2025-03-09 15:50:21,135 - INFO - Output directory 'TNG300_ICS' is set to: /caefs/data/IllustrisTNG/300/ICS
2025-03-09 15:50:21,135 - INFO - Output directory 'TNG300_snapshot99' is set to: /caefs/data/IllustrisTNG/snapshot-99-dm-npy/cache
2025-03-09 15:50:21,136 - WARNING - Output directory 'NPZ' does not exist: /path/to/your/output/npz
2025-03-09 15:50:21,136 - INFO - Output directory 'NPY' is set to: /caefs/data/IllustrisTNG/300/ICS
2025-03-09 15:50:21,136 - WARNING - Output directory 'LOGS' does not exist: /path/to/your/logs
2025-03-09 15:50:21,273 - INFO - Using GPU device 1.
2025-03-09 15:50:21,273 - INFO - Output directory 'TNG300_ICS' is set to: /caefs/data/IllustrisTNG/300/ICS
2025-03-09 15:50:21,273 - INFO - Output directory 'TNG300_snapshot99' is set to: /caefs/data/IllustrisTNG/snapshot-99-dm-npy/cache
2025-03-09 15:50:21,273 - WARNING - Output directory 'NPZ' does not exist: /path/to/your/output/npz
2025-03-09 15:50:21,273 - INFO - Output directory 'NPY' is set to: /caefs/data/IllustrisTNG/300/ICS
2025-03-09 15:50:21,273 - WARNING - Output directory 'LOGS' does not exist: /path/to/your/logs
2025-03-09 15:50:21,326 - INFO - Using GPU device 1.
2025-03-09 15:50:21,326 - INFO - Output directory 'TNG300_ICS' is set to: /caefs/data/IllustrisTNG/300/ICS
2025-03-09 15:50:21,327 - INFO - Output directory 'TNG300_snapshot99' is set to: /caefs/data/IllustrisTNG/snapshot-99-dm-npy/cache
2025-03-09 15:50:21,327 - WARNING - Output directory 'NPZ' does not exist: /path/to/your/output/npz
2025-03-09 15:50:21,327 - INFO - Output directory 'NPY' is set to: /caefs/data/IllustrisTNG/300/ICS
2025-03-09 15:50:21,327 - WARNING - Output directory 'LOGS' does not exist: /path/to/your/logs
2025-03-09 15:50:21,534 - INFO - Using GPU device 1.
2025-03-09 15:50:21,535 - INFO - Output directory 'TNG300_ICS' is set to: /caefs/data/IllustrisTNG/300/ICS
2025-03-09 15:50:21,535 - INFO - Output directory 'TNG300_snapshot99' is set to: /caefs/data/IllustrisTNG/snapshot-99-dm-npy/cache
2025-03-09 15:50:21,535 - WARNING - Output directory 'NPZ' does not exist: /path/to/your/output/npz
2025-03-09 15:50:21,535 - INFO - Output directory 'NPY' is set to: /caefs/data/IllustrisTNG/300/ICS
2025-03-09 15:50:21,535 - WARNING - Output directory 'LOGS' does not exist: /path/to/your/logs
2025-03-09 15:50:21,613 - INFO - Using GPU device 1.
2025-03-09 15:50:21,614 - INFO - Output directory 'TNG300_ICS' is set to: /caefs/data/IllustrisTNG/300/ICS
2025-03-09 15:50:21,614 - INFO - Output directory 'TNG300_snapshot99' is set to: /caefs/data/IllustrisTNG/snapshot-99-dm-npy/cache
2025-03-09 15:50:21,614 - WARNING - Output directory 'NPZ' does not exist: /path/to/your/output/npz
2025-03-09 15:50:21,614 - INFO - Output directory 'NPY' is set to: /caefs/data/IllustrisTNG/300/ICS
2025-03-09 15:50:21,614 - WARNING - Output directory 'LOGS' does not exist: /path/to/your/logs
