2025-03-09 17:28:12,482 - INFO - Using GPU device 1.
2025-03-09 17:28:12,484 - INFO - Output directory 'TNG300_ICS' is set to: /caefs/data/IllustrisTNG/300/ICS
2025-03-09 17:28:12,484 - INFO - Output directory 'TNG300_snapshot99' is set to: /caefs/data/IllustrisTNG/snapshot-99-dm-npy/cache
2025-03-09 17:28:12,484 - WARNING - Output directory 'NPZ' does not exist: /path/to/your/output/npz
2025-03-09 17:28:12,484 - INFO - Output directory 'NPY' is set to: /caefs/data/IllustrisTNG/300/ICS
2025-03-09 17:28:12,485 - WARNING - Output directory 'LOGS' does not exist: /path/to/your/logs
2025-03-09 17:28:12,948 - INFO - Using GPU device 1.
2025-03-09 17:28:12,948 - INFO - Output directory 'TNG300_ICS' is set to: /caefs/data/IllustrisTNG/300/ICS
2025-03-09 17:28:12,949 - INFO - Output directory 'TNG300_snapshot99' is set to: /caefs/data/IllustrisTNG/snapshot-99-dm-npy/cache
2025-03-09 17:28:12,949 - WARNING - Output directory 'NPZ' does not exist: /path/to/your/output/npz
2025-03-09 17:28:12,949 - INFO - Output directory 'NPY' is set to: /caefs/data/IllustrisTNG/300/ICS
2025-03-09 17:28:12,949 - WARNING - Output directory 'LOGS' does not exist: /path/to/your/logs
2025-03-09 17:28:13,388 - INFO - Using GPU device 1.
2025-03-09 17:28:13,388 - INFO - Output directory 'TNG300_ICS' is set to: /caefs/data/IllustrisTNG/300/ICS
2025-03-09 17:28:13,389 - INFO - Output directory 'TNG300_snapshot99' is set to: /caefs/data/IllustrisTNG/snapshot-99-dm-npy/cache
2025-03-09 17:28:13,389 - WARNING - Output directory 'NPZ' does not exist: /path/to/your/output/npz
2025-03-09 17:28:13,389 - INFO - Output directory 'NPY' is set to: /caefs/data/IllustrisTNG/300/ICS
2025-03-09 17:28:13,389 - WARNING - Output directory 'LOGS' does not exist: /path/to/your/logs
2025-03-09 17:28:13,476 - INFO - Using GPU device 1.
2025-03-09 17:28:13,476 - INFO - Output directory 'TNG300_ICS' is set to: /caefs/data/IllustrisTNG/300/ICS
2025-03-09 17:28:13,476 - INFO - Output directory 'TNG300_snapshot99' is set to: /caefs/data/IllustrisTNG/snapshot-99-dm-npy/cache
2025-03-09 17:28:13,476 - WARNING - Output directory 'NPZ' does not exist: /path/to/your/output/npz
2025-03-09 17:28:13,476 - INFO - Output directory 'NPY' is set to: /caefs/data/IllustrisTNG/300/ICS
2025-03-09 17:28:13,477 - WARNING - Output directory 'LOGS' does not exist: /path/to/your/logs
2025-03-09 17:28:13,624 - INFO - Using GPU device 1.
2025-03-09 17:28:13,624 - INFO - Output directory 'TNG300_ICS' is set to: /caefs/data/IllustrisTNG/300/ICS
2025-03-09 17:28:13,624 - INFO - Output directory 'TNG300_snapshot99' is set to: /caefs/data/IllustrisTNG/snapshot-99-dm-npy/cache
2025-03-09 17:28:13,624 - WARNING - Output directory 'NPZ' does not exist: /path/to/your/output/npz
2025-03-09 17:28:13,625 - INFO - Output directory 'NPY' is set to: /caefs/data/IllustrisTNG/300/ICS
2025-03-09 17:28:13,625 - WARNING - Output directory 'LOGS' does not exist: /path/to/your/logs
2025-03-09 17:28:13,723 - INFO - Using GPU device 1.
2025-03-09 17:28:13,723 - INFO - Output directory 'TNG300_ICS' is set to: /caefs/data/IllustrisTNG/300/ICS
2025-03-09 17:28:13,723 - INFO - Output directory 'TNG300_snapshot99' is set to: /caefs/data/IllustrisTNG/snapshot-99-dm-npy/cache
2025-03-09 17:28:13,723 - WARNING - Output directory 'NPZ' does not exist: /path/to/your/output/npz
2025-03-09 17:28:13,723 - INFO - Output directory 'NPY' is set to: /caefs/data/IllustrisTNG/300/ICS
2025-03-09 17:28:13,724 - WARNING - Output directory 'LOGS' does not exist: /path/to/your/logs
2025-03-09 17:28:13,857 - INFO - Using GPU device 1.
2025-03-09 17:28:13,857 - INFO - Output directory 'TNG300_ICS' is set to: /caefs/data/IllustrisTNG/300/ICS
2025-03-09 17:28:13,857 - INFO - Output directory 'TNG300_snapshot99' is set to: /caefs/data/IllustrisTNG/snapshot-99-dm-npy/cache
2025-03-09 17:28:13,857 - WARNING - Output directory 'NPZ' does not exist: /path/to/your/output/npz
2025-03-09 17:28:13,857 - INFO - Output directory 'NPY' is set to: /caefs/data/IllustrisTNG/300/ICS
2025-03-09 17:28:13,858 - WARNING - Output directory 'LOGS' does not exist: /path/to/your/logs
2025-03-09 17:28:14,080 - INFO - Using GPU device 1.
2025-03-09 17:28:14,081 - INFO - Output directory 'TNG300_ICS' is set to: /caefs/data/IllustrisTNG/300/ICS
2025-03-09 17:28:14,081 - INFO - Output directory 'TNG300_snapshot99' is set to: /caefs/data/IllustrisTNG/snapshot-99-dm-npy/cache
2025-03-09 17:28:14,081 - WARNING - Output directory 'NPZ' does not exist: /path/to/your/output/npz
2025-03-09 17:28:14,081 - INFO - Output directory 'NPY' is set to: /caefs/data/IllustrisTNG/300/ICS
2025-03-09 17:28:14,081 - WARNING - Output directory 'LOGS' does not exist: /path/to/your/logs
2025-03-09 17:28:14,183 - INFO - Using GPU device 1.
2025-03-09 17:28:14,183 - INFO - Output directory 'TNG300_ICS' is set to: /caefs/data/IllustrisTNG/300/ICS
2025-03-09 17:28:14,183 - INFO - Output directory 'TNG300_snapshot99' is set to: /caefs/data/IllustrisTNG/snapshot-99-dm-npy/cache
2025-03-09 17:28:14,183 - WARNING - Output directory 'NPZ' does not exist: /path/to/your/output/npz
2025-03-09 17:28:14,183 - INFO - Output directory 'NPY' is set to: /caefs/data/IllustrisTNG/300/ICS
2025-03-09 17:28:14,183 - WARNING - Output directory 'LOGS' does not exist: /path/to/your/logs
2025-03-09 17:28:14,303 - INFO - Using GPU device 1.
2025-03-09 17:28:14,303 - INFO - Output directory 'TNG300_ICS' is set to: /caefs/data/IllustrisTNG/300/ICS
2025-03-09 17:28:14,304 - INFO - Output directory 'TNG300_snapshot99' is set to: /caefs/data/IllustrisTNG/snapshot-99-dm-npy/cache
2025-03-09 17:28:14,304 - WARNING - Output directory 'NPZ' does not exist: /path/to/your/output/npz
2025-03-09 17:28:14,304 - INFO - Output directory 'NPY' is set to: /caefs/data/IllustrisTNG/300/ICS
2025-03-09 17:28:14,304 - WARNING - Output directory 'LOGS' does not exist: /path/to/your/logs
2025-03-09 17:28:14,329 - INFO - Using GPU device 1.
2025-03-09 17:28:14,329 - INFO - Output directory 'TNG300_ICS' is set to: /caefs/data/IllustrisTNG/300/ICS
2025-03-09 17:28:14,330 - INFO - Output directory 'TNG300_snapshot99' is set to: /caefs/data/IllustrisTNG/snapshot-99-dm-npy/cache
2025-03-09 17:28:14,330 - WARNING - Output directory 'NPZ' does not exist: /path/to/your/output/npz
2025-03-09 17:28:14,330 - INFO - Output directory 'NPY' is set to: /caefs/data/IllustrisTNG/300/ICS
2025-03-09 17:28:14,330 - WARNING - Output directory 'LOGS' does not exist: /path/to/your/logs
2025-03-09 17:28:14,417 - INFO - Using GPU device 1.
2025-03-09 17:28:14,418 - INFO - Output directory 'TNG300_ICS' is set to: /caefs/data/IllustrisTNG/300/ICS
2025-03-09 17:28:14,418 - INFO - Output directory 'TNG300_snapshot99' is set to: /caefs/data/IllustrisTNG/snapshot-99-dm-npy/cache
2025-03-09 17:28:14,418 - WARNING - Output directory 'NPZ' does not exist: /path/to/your/output/npz
2025-03-09 17:28:14,418 - INFO - Output directory 'NPY' is set to: /caefs/data/IllustrisTNG/300/ICS
2025-03-09 17:28:14,418 - WARNING - Output directory 'LOGS' does not exist: /path/to/your/logs
2025-03-09 17:28:14,464 - INFO - Using GPU device 1.
2025-03-09 17:28:14,464 - INFO - Output directory 'TNG300_ICS' is set to: /caefs/data/IllustrisTNG/300/ICS
2025-03-09 17:28:14,465 - INFO - Output directory 'TNG300_snapshot99' is set to: /caefs/data/IllustrisTNG/snapshot-99-dm-npy/cache
2025-03-09 17:28:14,465 - WARNING - Output directory 'NPZ' does not exist: /path/to/your/output/npz
2025-03-09 17:28:14,465 - INFO - Output directory 'NPY' is set to: /caefs/data/IllustrisTNG/300/ICS
2025-03-09 17:28:14,465 - WARNING - Output directory 'LOGS' does not exist: /path/to/your/logs
2025-03-09 17:28:14,504 - INFO - Using GPU device 1.
2025-03-09 17:28:14,505 - INFO - Output directory 'TNG300_ICS' is set to: /caefs/data/IllustrisTNG/300/ICS
2025-03-09 17:28:14,505 - INFO - Output directory 'TNG300_snapshot99' is set to: /caefs/data/IllustrisTNG/snapshot-99-dm-npy/cache
2025-03-09 17:28:14,505 - WARNING - Output directory 'NPZ' does not exist: /path/to/your/output/npz
2025-03-09 17:28:14,505 - INFO - Output directory 'NPY' is set to: /caefs/data/IllustrisTNG/300/ICS
2025-03-09 17:28:14,505 - WARNING - Output directory 'LOGS' does not exist: /path/to/your/logs
2025-03-09 17:28:14,513 - INFO - Using GPU device 1.
2025-03-09 17:28:14,513 - INFO - Output directory 'TNG300_ICS' is set to: /caefs/data/IllustrisTNG/300/ICS
2025-03-09 17:28:14,513 - INFO - Output directory 'TNG300_snapshot99' is set to: /caefs/data/IllustrisTNG/snapshot-99-dm-npy/cache
2025-03-09 17:28:14,513 - WARNING - Output directory 'NPZ' does not exist: /path/to/your/output/npz
2025-03-09 17:28:14,513 - INFO - Output directory 'NPY' is set to: /caefs/data/IllustrisTNG/300/ICS
2025-03-09 17:28:14,513 - WARNING - Output directory 'LOGS' does not exist: /path/to/your/logs
2025-03-09 17:28:14,517 - INFO - Using GPU device 1.
2025-03-09 17:28:14,517 - INFO - Output directory 'TNG300_ICS' is set to: /caefs/data/IllustrisTNG/300/ICS
2025-03-09 17:28:14,517 - INFO - Output directory 'TNG300_snapshot99' is set to: /caefs/data/IllustrisTNG/snapshot-99-dm-npy/cache
2025-03-09 17:28:14,517 - WARNING - Output directory 'NPZ' does not exist: /path/to/your/output/npz
2025-03-09 17:28:14,517 - INFO - Output directory 'NPY' is set to: /caefs/data/IllustrisTNG/300/ICS
2025-03-09 17:28:14,517 - WARNING - Output directory 'LOGS' does not exist: /path/to/your/logs
