2025-03-09 16:06:36,689 - INFO - Using GPU device 1.
2025-03-09 16:06:36,690 - INFO - Output directory 'TNG300_ICS' is set to: /caefs/data/IllustrisTNG/300/ICS
2025-03-09 16:06:36,690 - INFO - Output directory 'TNG300_snapshot99' is set to: /caefs/data/IllustrisTNG/snapshot-99-dm-npy/cache
2025-03-09 16:06:36,690 - WARNING - Output directory 'NPZ' does not exist: /path/to/your/output/npz
2025-03-09 16:06:36,691 - INFO - Output directory 'NPY' is set to: /caefs/data/IllustrisTNG/300/ICS
2025-03-09 16:06:36,691 - WARNING - Output directory 'LOGS' does not exist: /path/to/your/logs
2025-03-09 16:06:36,992 - INFO - Using GPU device 1.
2025-03-09 16:06:36,993 - INFO - Output directory 'TNG300_ICS' is set to: /caefs/data/IllustrisTNG/300/ICS
2025-03-09 16:06:36,993 - INFO - Output directory 'TNG300_snapshot99' is set to: /caefs/data/IllustrisTNG/snapshot-99-dm-npy/cache
2025-03-09 16:06:36,993 - WARNING - Output directory 'NPZ' does not exist: /path/to/your/output/npz
2025-03-09 16:06:36,993 - INFO - Output directory 'NPY' is set to: /caefs/data/IllustrisTNG/300/ICS
2025-03-09 16:06:36,993 - WARNING - Output directory 'LOGS' does not exist: /path/to/your/logs
2025-03-09 16:06:37,000 - INFO - Using GPU device 1.
2025-03-09 16:06:37,000 - INFO - Output directory 'TNG300_ICS' is set to: /caefs/data/IllustrisTNG/300/ICS
2025-03-09 16:06:37,001 - INFO - Output directory 'TNG300_snapshot99' is set to: /caefs/data/IllustrisTNG/snapshot-99-dm-npy/cache
2025-03-09 16:06:37,001 - WARNING - Output directory 'NPZ' does not exist: /path/to/your/output/npz
2025-03-09 16:06:37,001 - INFO - Output directory 'NPY' is set to: /caefs/data/IllustrisTNG/300/ICS
2025-03-09 16:06:37,001 - WARNING - Output directory 'LOGS' does not exist: /path/to/your/logs
2025-03-09 16:06:37,129 - INFO - Using GPU device 1.
2025-03-09 16:06:37,129 - INFO - Output directory 'TNG300_ICS' is set to: /caefs/data/IllustrisTNG/300/ICS
2025-03-09 16:06:37,130 - INFO - Output directory 'TNG300_snapshot99' is set to: /caefs/data/IllustrisTNG/snapshot-99-dm-npy/cache
2025-03-09 16:06:37,130 - WARNING - Output directory 'NPZ' does not exist: /path/to/your/output/npz
2025-03-09 16:06:37,130 - INFO - Output directory 'NPY' is set to: /caefs/data/IllustrisTNG/300/ICS
2025-03-09 16:06:37,130 - WARNING - Output directory 'LOGS' does not exist: /path/to/your/logs
2025-03-09 16:06:37,133 - INFO - Using GPU device 1.
2025-03-09 16:06:37,133 - INFO - Output directory 'TNG300_ICS' is set to: /caefs/data/IllustrisTNG/300/ICS
2025-03-09 16:06:37,134 - INFO - Output directory 'TNG300_snapshot99' is set to: /caefs/data/IllustrisTNG/snapshot-99-dm-npy/cache
2025-03-09 16:06:37,134 - WARNING - Output directory 'NPZ' does not exist: /path/to/your/output/npz
2025-03-09 16:06:37,134 - INFO - Output directory 'NPY' is set to: /caefs/data/IllustrisTNG/300/ICS
2025-03-09 16:06:37,134 - WARNING - Output directory 'LOGS' does not exist: /path/to/your/logs
2025-03-09 16:06:37,582 - INFO - Using GPU device 1.
2025-03-09 16:06:37,582 - INFO - Output directory 'TNG300_ICS' is set to: /caefs/data/IllustrisTNG/300/ICS
2025-03-09 16:06:37,582 - INFO - Output directory 'TNG300_snapshot99' is set to: /caefs/data/IllustrisTNG/snapshot-99-dm-npy/cache
2025-03-09 16:06:37,582 - WARNING - Output directory 'NPZ' does not exist: /path/to/your/output/npz
2025-03-09 16:06:37,583 - INFO - Output directory 'NPY' is set to: /caefs/data/IllustrisTNG/300/ICS
2025-03-09 16:06:37,583 - WARNING - Output directory 'LOGS' does not exist: /path/to/your/logs
2025-03-09 16:06:37,704 - INFO - Using GPU device 1.
2025-03-09 16:06:37,705 - INFO - Output directory 'TNG300_ICS' is set to: /caefs/data/IllustrisTNG/300/ICS
2025-03-09 16:06:37,705 - INFO - Output directory 'TNG300_snapshot99' is set to: /caefs/data/IllustrisTNG/snapshot-99-dm-npy/cache
2025-03-09 16:06:37,705 - WARNING - Output directory 'NPZ' does not exist: /path/to/your/output/npz
2025-03-09 16:06:37,705 - INFO - Output directory 'NPY' is set to: /caefs/data/IllustrisTNG/300/ICS
2025-03-09 16:06:37,705 - WARNING - Output directory 'LOGS' does not exist: /path/to/your/logs
2025-03-09 16:06:37,713 - INFO - Using GPU device 1.
2025-03-09 16:06:37,713 - INFO - Output directory 'TNG300_ICS' is set to: /caefs/data/IllustrisTNG/300/ICS
2025-03-09 16:06:37,714 - INFO - Output directory 'TNG300_snapshot99' is set to: /caefs/data/IllustrisTNG/snapshot-99-dm-npy/cache
2025-03-09 16:06:37,714 - WARNING - Output directory 'NPZ' does not exist: /path/to/your/output/npz
2025-03-09 16:06:37,714 - INFO - Output directory 'NPY' is set to: /caefs/data/IllustrisTNG/300/ICS
2025-03-09 16:06:37,714 - WARNING - Output directory 'LOGS' does not exist: /path/to/your/logs
2025-03-09 16:06:37,970 - INFO - Using GPU device 1.
2025-03-09 16:06:37,970 - INFO - Output directory 'TNG300_ICS' is set to: /caefs/data/IllustrisTNG/300/ICS
2025-03-09 16:06:37,970 - INFO - Output directory 'TNG300_snapshot99' is set to: /caefs/data/IllustrisTNG/snapshot-99-dm-npy/cache
2025-03-09 16:06:37,970 - WARNING - Output directory 'NPZ' does not exist: /path/to/your/output/npz
2025-03-09 16:06:37,970 - INFO - Output directory 'NPY' is set to: /caefs/data/IllustrisTNG/300/ICS
2025-03-09 16:06:37,971 - WARNING - Output directory 'LOGS' does not exist: /path/to/your/logs
2025-03-09 16:06:38,144 - INFO - Using GPU device 1.
2025-03-09 16:06:38,145 - INFO - Output directory 'TNG300_ICS' is set to: /caefs/data/IllustrisTNG/300/ICS
2025-03-09 16:06:38,145 - INFO - Output directory 'TNG300_snapshot99' is set to: /caefs/data/IllustrisTNG/snapshot-99-dm-npy/cache
2025-03-09 16:06:38,145 - WARNING - Output directory 'NPZ' does not exist: /path/to/your/output/npz
2025-03-09 16:06:38,145 - INFO - Output directory 'NPY' is set to: /caefs/data/IllustrisTNG/300/ICS
2025-03-09 16:06:38,145 - WARNING - Output directory 'LOGS' does not exist: /path/to/your/logs
2025-03-09 16:06:38,194 - INFO - Using GPU device 1.
2025-03-09 16:06:38,195 - INFO - Output directory 'TNG300_ICS' is set to: /caefs/data/IllustrisTNG/300/ICS
2025-03-09 16:06:38,195 - INFO - Output directory 'TNG300_snapshot99' is set to: /caefs/data/IllustrisTNG/snapshot-99-dm-npy/cache
2025-03-09 16:06:38,195 - WARNING - Output directory 'NPZ' does not exist: /path/to/your/output/npz
2025-03-09 16:06:38,195 - INFO - Output directory 'NPY' is set to: /caefs/data/IllustrisTNG/300/ICS
2025-03-09 16:06:38,195 - WARNING - Output directory 'LOGS' does not exist: /path/to/your/logs
2025-03-09 16:06:38,219 - INFO - Using GPU device 1.
2025-03-09 16:06:38,219 - INFO - Output directory 'TNG300_ICS' is set to: /caefs/data/IllustrisTNG/300/ICS
2025-03-09 16:06:38,219 - INFO - Output directory 'TNG300_snapshot99' is set to: /caefs/data/IllustrisTNG/snapshot-99-dm-npy/cache
2025-03-09 16:06:38,220 - WARNING - Output directory 'NPZ' does not exist: /path/to/your/output/npz
2025-03-09 16:06:38,220 - INFO - Output directory 'NPY' is set to: /caefs/data/IllustrisTNG/300/ICS
2025-03-09 16:06:38,220 - WARNING - Output directory 'LOGS' does not exist: /path/to/your/logs
2025-03-09 16:06:38,233 - INFO - Using GPU device 1.
2025-03-09 16:06:38,233 - INFO - Output directory 'TNG300_ICS' is set to: /caefs/data/IllustrisTNG/300/ICS
2025-03-09 16:06:38,233 - INFO - Output directory 'TNG300_snapshot99' is set to: /caefs/data/IllustrisTNG/snapshot-99-dm-npy/cache
2025-03-09 16:06:38,233 - WARNING - Output directory 'NPZ' does not exist: /path/to/your/output/npz
2025-03-09 16:06:38,234 - INFO - Output directory 'NPY' is set to: /caefs/data/IllustrisTNG/300/ICS
2025-03-09 16:06:38,234 - WARNING - Output directory 'LOGS' does not exist: /path/to/your/logs
2025-03-09 16:06:38,481 - INFO - Using GPU device 1.
2025-03-09 16:06:38,482 - INFO - Output directory 'TNG300_ICS' is set to: /caefs/data/IllustrisTNG/300/ICS
2025-03-09 16:06:38,482 - INFO - Output directory 'TNG300_snapshot99' is set to: /caefs/data/IllustrisTNG/snapshot-99-dm-npy/cache
2025-03-09 16:06:38,482 - WARNING - Output directory 'NPZ' does not exist: /path/to/your/output/npz
2025-03-09 16:06:38,482 - INFO - Output directory 'NPY' is set to: /caefs/data/IllustrisTNG/300/ICS
2025-03-09 16:06:38,482 - WARNING - Output directory 'LOGS' does not exist: /path/to/your/logs
2025-03-09 16:06:38,584 - INFO - Using GPU device 1.
2025-03-09 16:06:38,584 - INFO - Output directory 'TNG300_ICS' is set to: /caefs/data/IllustrisTNG/300/ICS
2025-03-09 16:06:38,584 - INFO - Output directory 'TNG300_snapshot99' is set to: /caefs/data/IllustrisTNG/snapshot-99-dm-npy/cache
2025-03-09 16:06:38,584 - WARNING - Output directory 'NPZ' does not exist: /path/to/your/output/npz
2025-03-09 16:06:38,584 - INFO - Output directory 'NPY' is set to: /caefs/data/IllustrisTNG/300/ICS
2025-03-09 16:06:38,584 - WARNING - Output directory 'LOGS' does not exist: /path/to/your/logs
2025-03-09 16:06:38,603 - INFO - Using GPU device 1.
2025-03-09 16:06:38,604 - INFO - Output directory 'TNG300_ICS' is set to: /caefs/data/IllustrisTNG/300/ICS
2025-03-09 16:06:38,604 - INFO - Output directory 'TNG300_snapshot99' is set to: /caefs/data/IllustrisTNG/snapshot-99-dm-npy/cache
2025-03-09 16:06:38,604 - WARNING - Output directory 'NPZ' does not exist: /path/to/your/output/npz
2025-03-09 16:06:38,604 - INFO - Output directory 'NPY' is set to: /caefs/data/IllustrisTNG/300/ICS
2025-03-09 16:06:38,604 - WARNING - Output directory 'LOGS' does not exist: /path/to/your/logs
2025-03-09 16:06:38,675 - INFO - Using GPU device 1.
2025-03-09 16:06:38,676 - INFO - Output directory 'TNG300_ICS' is set to: /caefs/data/IllustrisTNG/300/ICS
2025-03-09 16:06:38,676 - INFO - Output directory 'TNG300_snapshot99' is set to: /caefs/data/IllustrisTNG/snapshot-99-dm-npy/cache
2025-03-09 16:06:38,676 - WARNING - Output directory 'NPZ' does not exist: /path/to/your/output/npz
2025-03-09 16:06:38,676 - INFO - Output directory 'NPY' is set to: /caefs/data/IllustrisTNG/300/ICS
2025-03-09 16:06:38,676 - WARNING - Output directory 'LOGS' does not exist: /path/to/your/logs
2025-03-09 16:06:38,706 - INFO - Using GPU device 1.
2025-03-09 16:06:38,707 - INFO - Output directory 'TNG300_ICS' is set to: /caefs/data/IllustrisTNG/300/ICS
2025-03-09 16:06:38,707 - INFO - Output directory 'TNG300_snapshot99' is set to: /caefs/data/IllustrisTNG/snapshot-99-dm-npy/cache
2025-03-09 16:06:38,707 - WARNING - Output directory 'NPZ' does not exist: /path/to/your/output/npz
2025-03-09 16:06:38,707 - INFO - Output directory 'NPY' is set to: /caefs/data/IllustrisTNG/300/ICS
2025-03-09 16:06:38,707 - WARNING - Output directory 'LOGS' does not exist: /path/to/your/logs
2025-03-09 16:06:38,715 - INFO - Using GPU device 1.
2025-03-09 16:06:38,715 - INFO - Output directory 'TNG300_ICS' is set to: /caefs/data/IllustrisTNG/300/ICS
2025-03-09 16:06:38,716 - INFO - Output directory 'TNG300_snapshot99' is set to: /caefs/data/IllustrisTNG/snapshot-99-dm-npy/cache
2025-03-09 16:06:38,716 - WARNING - Output directory 'NPZ' does not exist: /path/to/your/output/npz
2025-03-09 16:06:38,716 - INFO - Output directory 'NPY' is set to: /caefs/data/IllustrisTNG/300/ICS
2025-03-09 16:06:38,716 - WARNING - Output directory 'LOGS' does not exist: /path/to/your/logs
2025-03-09 16:06:38,718 - INFO - Using GPU device 1.
2025-03-09 16:06:38,719 - INFO - Output directory 'TNG300_ICS' is set to: /caefs/data/IllustrisTNG/300/ICS
2025-03-09 16:06:38,719 - INFO - Output directory 'TNG300_snapshot99' is set to: /caefs/data/IllustrisTNG/snapshot-99-dm-npy/cache
2025-03-09 16:06:38,719 - WARNING - Output directory 'NPZ' does not exist: /path/to/your/output/npz
2025-03-09 16:06:38,719 - INFO - Output directory 'NPY' is set to: /caefs/data/IllustrisTNG/300/ICS
2025-03-09 16:06:38,719 - WARNING - Output directory 'LOGS' does not exist: /path/to/your/logs
