2025-03-09 15:25:50,230 - INFO - Using GPU device 1.
2025-03-09 15:25:50,232 - INFO - Output directory 'TNG300_ICS' is set to: /caefs/data/IllustrisTNG/300/ICS
2025-03-09 15:25:50,233 - INFO - Output directory 'TNG300_snapshot99' is set to: /caefs/data/IllustrisTNG/snapshot-99-dm-npy/cache
2025-03-09 15:25:50,233 - WARNING - Output directory 'NPZ' does not exist: /path/to/your/output/npz
2025-03-09 15:25:50,233 - INFO - Output directory 'NPY' is set to: /caefs/data/IllustrisTNG/300/ICS
2025-03-09 15:25:50,233 - WARNING - Output directory 'LOGS' does not exist: /path/to/your/logs
2025-03-09 15:25:50,233 - INFO - Input directory (npy): /caefs/data/IllustrisTNG/snapshot-99-dm-npy/cache
2025-03-09 15:25:50,234 - INFO - Output directory: /caefs/user/mmingyeong/structura/Structura/src/results
2025-03-09 15:25:50,236 - DEBUG - Detected 598 .npy file(s) in the input directory.
2025-03-09 15:25:50,236 - DEBUG - Example file: snapshot-99.370.npy
2025-03-09 15:25:50,236 - DEBUG - Filtering range set to: 100.00 - 110.00 cMpc/h (Center: 105.00 cMpc/h, Thickness: 10.00 cMpc/h)
2025-03-09 15:25:50,236 - INFO - Loading data...
2025-03-09 15:25:50,237 - INFO - Using fixed worker count: 48
2025-03-09 15:26:25,021 - INFO - Batch 1/6: CPU usage = 0.0%, memory usage = 88.1%, throughput = 0.15 tasks/sec, workers = 48
2025-03-09 15:26:37,237 - INFO - Batch 2/6: CPU usage = 0.0%, memory usage = 88.2%, throughput = 0.45 tasks/sec, workers = 48
2025-03-09 15:26:55,867 - INFO - Batch 3/6: CPU usage = 0.0%, memory usage = 88.2%, throughput = 0.28 tasks/sec, workers = 48
2025-03-09 15:27:08,909 - INFO - Batch 4/6: CPU usage = 0.1%, memory usage = 88.3%, throughput = 0.42 tasks/sec, workers = 48
2025-03-09 15:27:16,370 - INFO - Batch 5/6: CPU usage = 0.1%, memory usage = 88.3%, throughput = 0.77 tasks/sec, workers = 48
2025-03-09 15:27:28,355 - INFO - Batch 6/6: CPU usage = 0.1%, memory usage = 88.4%, throughput = 0.46 tasks/sec, workers = 48
2025-03-09 15:27:28,393 - INFO - Time elapsed for loading all data chunks: 98.16 seconds
2025-03-09 15:28:03,362 - INFO - Combined data shape: (33178048, 3)
2025-03-09 15:28:03,362 - ERROR - No data available after filtering. Please verify the filtering parameters or input files.
2025-03-09 15:28:08,700 - INFO - Selected GPU 4 with free memory 84732674048 bytes.
2025-03-09 15:28:09,480 - DEBUG - Loaded data shape: (33178048, 3)
2025-03-09 15:28:09,481 - INFO - Data loaded successfully.
2025-03-09 15:28:09,481 - INFO - Total execution time: 00:02:19 (139.25 seconds)
2025-03-09 15:28:09,482 - INFO - Plot generated successfully.
