2025-03-09 16:14:39,304 - INFO - Using GPU device 1.
2025-03-09 16:14:39,306 - INFO - Output directory 'TNG300_ICS' is set to: /caefs/data/IllustrisTNG/300/ICS
2025-03-09 16:14:39,306 - INFO - Output directory 'TNG300_snapshot99' is set to: /caefs/data/IllustrisTNG/snapshot-99-dm-npy/cache
2025-03-09 16:14:39,306 - WARNING - Output directory 'NPZ' does not exist: /path/to/your/output/npz
2025-03-09 16:14:39,306 - INFO - Output directory 'NPY' is set to: /caefs/data/IllustrisTNG/300/ICS
2025-03-09 16:14:39,306 - WARNING - Output directory 'LOGS' does not exist: /path/to/your/logs
2025-03-09 16:14:39,563 - INFO - Using GPU device 1.
2025-03-09 16:14:39,564 - INFO - Output directory 'TNG300_ICS' is set to: /caefs/data/IllustrisTNG/300/ICS
2025-03-09 16:14:39,564 - INFO - Output directory 'TNG300_snapshot99' is set to: /caefs/data/IllustrisTNG/snapshot-99-dm-npy/cache
2025-03-09 16:14:39,564 - WARNING - Output directory 'NPZ' does not exist: /path/to/your/output/npz
2025-03-09 16:14:39,564 - INFO - Output directory 'NPY' is set to: /caefs/data/IllustrisTNG/300/ICS
2025-03-09 16:14:39,564 - WARNING - Output directory 'LOGS' does not exist: /path/to/your/logs
2025-03-09 16:14:39,624 - INFO - Using GPU device 1.
2025-03-09 16:14:39,624 - INFO - Output directory 'TNG300_ICS' is set to: /caefs/data/IllustrisTNG/300/ICS
2025-03-09 16:14:39,624 - INFO - Output directory 'TNG300_snapshot99' is set to: /caefs/data/IllustrisTNG/snapshot-99-dm-npy/cache
2025-03-09 16:14:39,624 - WARNING - Output directory 'NPZ' does not exist: /path/to/your/output/npz
2025-03-09 16:14:39,624 - INFO - Output directory 'NPY' is set to: /caefs/data/IllustrisTNG/300/ICS
2025-03-09 16:14:39,624 - WARNING - Output directory 'LOGS' does not exist: /path/to/your/logs
2025-03-09 16:14:39,721 - INFO - Using GPU device 1.
2025-03-09 16:14:39,721 - INFO - Output directory 'TNG300_ICS' is set to: /caefs/data/IllustrisTNG/300/ICS
2025-03-09 16:14:39,721 - INFO - Output directory 'TNG300_snapshot99' is set to: /caefs/data/IllustrisTNG/snapshot-99-dm-npy/cache
2025-03-09 16:14:39,721 - WARNING - Output directory 'NPZ' does not exist: /path/to/your/output/npz
2025-03-09 16:14:39,721 - INFO - Output directory 'NPY' is set to: /caefs/data/IllustrisTNG/300/ICS
2025-03-09 16:14:39,721 - WARNING - Output directory 'LOGS' does not exist: /path/to/your/logs
2025-03-09 16:14:39,861 - INFO - Using GPU device 1.
2025-03-09 16:14:39,861 - INFO - Output directory 'TNG300_ICS' is set to: /caefs/data/IllustrisTNG/300/ICS
2025-03-09 16:14:39,861 - INFO - Output directory 'TNG300_snapshot99' is set to: /caefs/data/IllustrisTNG/snapshot-99-dm-npy/cache
2025-03-09 16:14:39,861 - WARNING - Output directory 'NPZ' does not exist: /path/to/your/output/npz
2025-03-09 16:14:39,861 - INFO - Output directory 'NPY' is set to: /caefs/data/IllustrisTNG/300/ICS
2025-03-09 16:14:39,862 - WARNING - Output directory 'LOGS' does not exist: /path/to/your/logs
2025-03-09 16:14:39,886 - INFO - Using GPU device 1.
2025-03-09 16:14:39,886 - INFO - Output directory 'TNG300_ICS' is set to: /caefs/data/IllustrisTNG/300/ICS
2025-03-09 16:14:39,886 - INFO - Output directory 'TNG300_snapshot99' is set to: /caefs/data/IllustrisTNG/snapshot-99-dm-npy/cache
2025-03-09 16:14:39,886 - WARNING - Output directory 'NPZ' does not exist: /path/to/your/output/npz
2025-03-09 16:14:39,886 - INFO - Output directory 'NPY' is set to: /caefs/data/IllustrisTNG/300/ICS
2025-03-09 16:14:39,887 - WARNING - Output directory 'LOGS' does not exist: /path/to/your/logs
2025-03-09 16:14:39,902 - INFO - Using GPU device 1.
2025-03-09 16:14:39,903 - INFO - Output directory 'TNG300_ICS' is set to: /caefs/data/IllustrisTNG/300/ICS
2025-03-09 16:14:39,903 - INFO - Output directory 'TNG300_snapshot99' is set to: /caefs/data/IllustrisTNG/snapshot-99-dm-npy/cache
2025-03-09 16:14:39,903 - WARNING - Output directory 'NPZ' does not exist: /path/to/your/output/npz
2025-03-09 16:14:39,903 - INFO - Output directory 'NPY' is set to: /caefs/data/IllustrisTNG/300/ICS
2025-03-09 16:14:39,903 - WARNING - Output directory 'LOGS' does not exist: /path/to/your/logs
2025-03-09 16:14:39,918 - INFO - Using GPU device 1.
2025-03-09 16:14:39,918 - INFO - Output directory 'TNG300_ICS' is set to: /caefs/data/IllustrisTNG/300/ICS
2025-03-09 16:14:39,918 - INFO - Output directory 'TNG300_snapshot99' is set to: /caefs/data/IllustrisTNG/snapshot-99-dm-npy/cache
2025-03-09 16:14:39,918 - WARNING - Output directory 'NPZ' does not exist: /path/to/your/output/npz
2025-03-09 16:14:39,919 - INFO - Output directory 'NPY' is set to: /caefs/data/IllustrisTNG/300/ICS
2025-03-09 16:14:39,919 - WARNING - Output directory 'LOGS' does not exist: /path/to/your/logs
