2025-03-09 16:14:34,578 - INFO - Using GPU device 1.
2025-03-09 16:14:34,580 - INFO - Output directory 'TNG300_ICS' is set to: /caefs/data/IllustrisTNG/300/ICS
2025-03-09 16:14:34,580 - INFO - Output directory 'TNG300_snapshot99' is set to: /caefs/data/IllustrisTNG/snapshot-99-dm-npy/cache
2025-03-09 16:14:34,581 - WARNING - Output directory 'NPZ' does not exist: /path/to/your/output/npz
2025-03-09 16:14:34,581 - INFO - Output directory 'NPY' is set to: /caefs/data/IllustrisTNG/300/ICS
2025-03-09 16:14:34,581 - WARNING - Output directory 'LOGS' does not exist: /path/to/your/logs
2025-03-09 16:14:34,994 - INFO - Input directory (npy): /caefs/data/IllustrisTNG/snapshot-99-dm-npy/cache
2025-03-09 16:14:34,994 - INFO - Output directory: /caefs/user/mmingyeong/structura/Structura/src/results
2025-03-09 16:14:34,995 - DEBUG - Detected 598 .npy file(s) in the input directory.
2025-03-09 16:14:34,995 - DEBUG - Example file: snapshot-99.370.npy
2025-03-09 16:14:34,995 - DEBUG - Filtering range set to: 100.00 - 110.00 cMpc/h (Center: 105.00 cMpc/h, Thickness: 10.00 cMpc/h)
2025-03-09 16:14:34,996 - INFO - Loading data...
2025-03-09 16:14:49,354 - INFO - Using Dask distributed client with 60 workers.
2025-03-09 16:16:25,828 - INFO - Time elapsed for loading all data chunks: 110.83 seconds
2025-03-09 16:16:50,460 - INFO - Combined data shape: (118168098, 3)
2025-03-09 16:16:51,263 - INFO - Selected GPU 4 with free memory 84732674048 bytes.
2025-03-09 16:16:54,111 - DEBUG - Loaded data shape: (118168098, 3)
2025-03-09 16:16:54,112 - INFO - Data loaded successfully.
2025-03-09 16:16:54,112 - INFO - Total execution time: 00:02:19 (139.12 seconds)
2025-03-09 16:16:54,112 - INFO - Plot generated successfully.
