2025-03-09 16:13:04,588 - INFO - Using GPU device 1.
2025-03-09 16:13:04,590 - INFO - Output directory 'TNG300_ICS' is set to: /caefs/data/IllustrisTNG/300/ICS
2025-03-09 16:13:04,591 - INFO - Output directory 'TNG300_snapshot99' is set to: /caefs/data/IllustrisTNG/snapshot-99-dm-npy/cache
2025-03-09 16:13:04,591 - WARNING - Output directory 'NPZ' does not exist: /path/to/your/output/npz
2025-03-09 16:13:04,592 - INFO - Output directory 'NPY' is set to: /caefs/data/IllustrisTNG/300/ICS
2025-03-09 16:13:04,592 - WARNING - Output directory 'LOGS' does not exist: /path/to/your/logs
2025-03-09 16:13:04,605 - INFO - Using GPU device 1.
2025-03-09 16:13:04,607 - INFO - Output directory 'TNG300_ICS' is set to: /caefs/data/IllustrisTNG/300/ICS
2025-03-09 16:13:04,608 - INFO - Output directory 'TNG300_snapshot99' is set to: /caefs/data/IllustrisTNG/snapshot-99-dm-npy/cache
2025-03-09 16:13:04,608 - WARNING - Output directory 'NPZ' does not exist: /path/to/your/output/npz
2025-03-09 16:13:04,609 - INFO - Output directory 'NPY' is set to: /caefs/data/IllustrisTNG/300/ICS
2025-03-09 16:13:04,609 - WARNING - Output directory 'LOGS' does not exist: /path/to/your/logs
2025-03-09 16:13:04,657 - INFO - Using GPU device 1.
2025-03-09 16:13:04,658 - INFO - Output directory 'TNG300_ICS' is set to: /caefs/data/IllustrisTNG/300/ICS
2025-03-09 16:13:04,659 - INFO - Output directory 'TNG300_snapshot99' is set to: /caefs/data/IllustrisTNG/snapshot-99-dm-npy/cache
2025-03-09 16:13:04,659 - WARNING - Output directory 'NPZ' does not exist: /path/to/your/output/npz
2025-03-09 16:13:04,660 - INFO - Output directory 'NPY' is set to: /caefs/data/IllustrisTNG/300/ICS
2025-03-09 16:13:04,660 - WARNING - Output directory 'LOGS' does not exist: /path/to/your/logs
2025-03-09 16:13:04,955 - INFO - Using GPU device 1.
2025-03-09 16:13:04,956 - INFO - Output directory 'TNG300_ICS' is set to: /caefs/data/IllustrisTNG/300/ICS
2025-03-09 16:13:04,957 - INFO - Output directory 'TNG300_snapshot99' is set to: /caefs/data/IllustrisTNG/snapshot-99-dm-npy/cache
2025-03-09 16:13:04,957 - WARNING - Output directory 'NPZ' does not exist: /path/to/your/output/npz
2025-03-09 16:13:04,957 - INFO - Output directory 'NPY' is set to: /caefs/data/IllustrisTNG/300/ICS
2025-03-09 16:13:04,958 - WARNING - Output directory 'LOGS' does not exist: /path/to/your/logs
2025-03-09 16:13:05,365 - INFO - Using GPU device 1.
2025-03-09 16:13:05,366 - INFO - Output directory 'TNG300_ICS' is set to: /caefs/data/IllustrisTNG/300/ICS
2025-03-09 16:13:05,367 - INFO - Output directory 'TNG300_snapshot99' is set to: /caefs/data/IllustrisTNG/snapshot-99-dm-npy/cache
2025-03-09 16:13:05,367 - WARNING - Output directory 'NPZ' does not exist: /path/to/your/output/npz
2025-03-09 16:13:05,368 - INFO - Output directory 'NPY' is set to: /caefs/data/IllustrisTNG/300/ICS
2025-03-09 16:13:05,368 - WARNING - Output directory 'LOGS' does not exist: /path/to/your/logs
2025-03-09 16:13:06,651 - INFO - Using GPU device 1.
2025-03-09 16:13:06,651 - INFO - Output directory 'TNG300_ICS' is set to: /caefs/data/IllustrisTNG/300/ICS
2025-03-09 16:13:06,652 - INFO - Output directory 'TNG300_snapshot99' is set to: /caefs/data/IllustrisTNG/snapshot-99-dm-npy/cache
2025-03-09 16:13:06,652 - WARNING - Output directory 'NPZ' does not exist: /path/to/your/output/npz
2025-03-09 16:13:06,652 - INFO - Output directory 'NPY' is set to: /caefs/data/IllustrisTNG/300/ICS
2025-03-09 16:13:06,652 - WARNING - Output directory 'LOGS' does not exist: /path/to/your/logs
2025-03-09 16:13:06,817 - INFO - Using GPU device 1.
2025-03-09 16:13:06,817 - INFO - Output directory 'TNG300_ICS' is set to: /caefs/data/IllustrisTNG/300/ICS
2025-03-09 16:13:06,818 - INFO - Output directory 'TNG300_snapshot99' is set to: /caefs/data/IllustrisTNG/snapshot-99-dm-npy/cache
2025-03-09 16:13:06,818 - WARNING - Output directory 'NPZ' does not exist: /path/to/your/output/npz
2025-03-09 16:13:06,818 - INFO - Output directory 'NPY' is set to: /caefs/data/IllustrisTNG/300/ICS
2025-03-09 16:13:06,818 - WARNING - Output directory 'LOGS' does not exist: /path/to/your/logs
