2025-03-09 17:45:21,775 - INFO - Using GPU device 1.
2025-03-09 17:45:21,777 - INFO - Output directory 'TNG300_ICS' is set to: /caefs/data/IllustrisTNG/300/ICS
2025-03-09 17:45:21,777 - INFO - Output directory 'TNG300_snapshot99' is set to: /caefs/data/IllustrisTNG/snapshot-99-dm-npy/cache
2025-03-09 17:45:21,777 - WARNING - Output directory 'NPZ' does not exist: /path/to/your/output/npz
2025-03-09 17:45:21,777 - INFO - Output directory 'NPY' is set to: /caefs/data/IllustrisTNG/300/ICS
2025-03-09 17:45:21,778 - WARNING - Output directory 'LOGS' does not exist: /path/to/your/logs
2025-03-09 17:45:22,349 - INFO - Using GPU device 1.
2025-03-09 17:45:22,349 - INFO - Output directory 'TNG300_ICS' is set to: /caefs/data/IllustrisTNG/300/ICS
2025-03-09 17:45:22,349 - INFO - Output directory 'TNG300_snapshot99' is set to: /caefs/data/IllustrisTNG/snapshot-99-dm-npy/cache
2025-03-09 17:45:22,349 - WARNING - Output directory 'NPZ' does not exist: /path/to/your/output/npz
2025-03-09 17:45:22,350 - INFO - Output directory 'NPY' is set to: /caefs/data/IllustrisTNG/300/ICS
2025-03-09 17:45:22,350 - WARNING - Output directory 'LOGS' does not exist: /path/to/your/logs
2025-03-09 17:45:22,408 - INFO - Using GPU device 1.
2025-03-09 17:45:22,408 - INFO - Output directory 'TNG300_ICS' is set to: /caefs/data/IllustrisTNG/300/ICS
2025-03-09 17:45:22,408 - INFO - Output directory 'TNG300_snapshot99' is set to: /caefs/data/IllustrisTNG/snapshot-99-dm-npy/cache
2025-03-09 17:45:22,408 - WARNING - Output directory 'NPZ' does not exist: /path/to/your/output/npz
2025-03-09 17:45:22,409 - INFO - Output directory 'NPY' is set to: /caefs/data/IllustrisTNG/300/ICS
2025-03-09 17:45:22,409 - WARNING - Output directory 'LOGS' does not exist: /path/to/your/logs
2025-03-09 17:45:22,420 - INFO - Using GPU device 1.
2025-03-09 17:45:22,421 - INFO - Output directory 'TNG300_ICS' is set to: /caefs/data/IllustrisTNG/300/ICS
2025-03-09 17:45:22,421 - INFO - Output directory 'TNG300_snapshot99' is set to: /caefs/data/IllustrisTNG/snapshot-99-dm-npy/cache
2025-03-09 17:45:22,421 - WARNING - Output directory 'NPZ' does not exist: /path/to/your/output/npz
2025-03-09 17:45:22,421 - INFO - Output directory 'NPY' is set to: /caefs/data/IllustrisTNG/300/ICS
2025-03-09 17:45:22,421 - WARNING - Output directory 'LOGS' does not exist: /path/to/your/logs
2025-03-09 17:45:22,434 - INFO - Using GPU device 1.
2025-03-09 17:45:22,435 - INFO - Output directory 'TNG300_ICS' is set to: /caefs/data/IllustrisTNG/300/ICS
2025-03-09 17:45:22,435 - INFO - Output directory 'TNG300_snapshot99' is set to: /caefs/data/IllustrisTNG/snapshot-99-dm-npy/cache
2025-03-09 17:45:22,435 - WARNING - Output directory 'NPZ' does not exist: /path/to/your/output/npz
2025-03-09 17:45:22,435 - INFO - Output directory 'NPY' is set to: /caefs/data/IllustrisTNG/300/ICS
2025-03-09 17:45:22,435 - WARNING - Output directory 'LOGS' does not exist: /path/to/your/logs
2025-03-09 17:45:22,518 - INFO - Using GPU device 1.
2025-03-09 17:45:22,519 - INFO - Output directory 'TNG300_ICS' is set to: /caefs/data/IllustrisTNG/300/ICS
2025-03-09 17:45:22,519 - INFO - Output directory 'TNG300_snapshot99' is set to: /caefs/data/IllustrisTNG/snapshot-99-dm-npy/cache
2025-03-09 17:45:22,519 - WARNING - Output directory 'NPZ' does not exist: /path/to/your/output/npz
2025-03-09 17:45:22,519 - INFO - Output directory 'NPY' is set to: /caefs/data/IllustrisTNG/300/ICS
2025-03-09 17:45:22,519 - WARNING - Output directory 'LOGS' does not exist: /path/to/your/logs
2025-03-09 17:45:22,521 - INFO - Using GPU device 1.
2025-03-09 17:45:22,522 - INFO - Output directory 'TNG300_ICS' is set to: /caefs/data/IllustrisTNG/300/ICS
2025-03-09 17:45:22,522 - INFO - Output directory 'TNG300_snapshot99' is set to: /caefs/data/IllustrisTNG/snapshot-99-dm-npy/cache
2025-03-09 17:45:22,522 - WARNING - Output directory 'NPZ' does not exist: /path/to/your/output/npz
2025-03-09 17:45:22,523 - INFO - Output directory 'NPY' is set to: /caefs/data/IllustrisTNG/300/ICS
2025-03-09 17:45:22,523 - WARNING - Output directory 'LOGS' does not exist: /path/to/your/logs
2025-03-09 17:45:22,524 - INFO - Using GPU device 1.
2025-03-09 17:45:22,525 - INFO - Output directory 'TNG300_ICS' is set to: /caefs/data/IllustrisTNG/300/ICS
2025-03-09 17:45:22,525 - INFO - Output directory 'TNG300_snapshot99' is set to: /caefs/data/IllustrisTNG/snapshot-99-dm-npy/cache
2025-03-09 17:45:22,525 - WARNING - Output directory 'NPZ' does not exist: /path/to/your/output/npz
2025-03-09 17:45:22,525 - INFO - Output directory 'NPY' is set to: /caefs/data/IllustrisTNG/300/ICS
2025-03-09 17:45:22,525 - WARNING - Output directory 'LOGS' does not exist: /path/to/your/logs
