2025-03-09 15:48:44,707 - INFO - Using GPU device 1.
2025-03-09 15:48:44,708 - INFO - Output directory 'TNG300_ICS' is set to: /caefs/data/IllustrisTNG/300/ICS
2025-03-09 15:48:44,709 - INFO - Output directory 'TNG300_snapshot99' is set to: /caefs/data/IllustrisTNG/snapshot-99-dm-npy/cache
2025-03-09 15:48:44,709 - WARNING - Output directory 'NPZ' does not exist: /path/to/your/output/npz
2025-03-09 15:48:44,709 - INFO - Output directory 'NPY' is set to: /caefs/data/IllustrisTNG/300/ICS
2025-03-09 15:48:44,709 - WARNING - Output directory 'LOGS' does not exist: /path/to/your/logs
2025-03-09 15:48:45,139 - INFO - Input directory (npy): /caefs/data/IllustrisTNG/snapshot-99-dm-npy/cache
2025-03-09 15:48:45,140 - INFO - Output directory: /caefs/user/mmingyeong/structura/Structura/src/results
2025-03-09 15:48:45,140 - DEBUG - Detected 598 .npy file(s) in the input directory.
2025-03-09 15:48:45,140 - DEBUG - Example file: snapshot-99.370.npy
2025-03-09 15:48:45,140 - DEBUG - Filtering range set to: 100.00 - 110.00 cMpc/h (Center: 105.00 cMpc/h, Thickness: 10.00 cMpc/h)
2025-03-09 15:48:45,140 - INFO - Loading data...
2025-03-09 15:48:55,373 - INFO - Using Dask distributed client with 48 workers.
2025-03-09 15:49:39,262 - INFO - Time elapsed for loading all data chunks: 54.12 seconds
2025-03-09 15:49:53,678 - INFO - Combined data shape: (33178048, 3)
2025-03-09 15:50:04,717 - INFO - Selected GPU 4 with free memory 84732674048 bytes.
2025-03-09 15:50:05,567 - DEBUG - Loaded data shape: (33178048, 3)
2025-03-09 15:50:05,568 - INFO - Data loaded successfully.
2025-03-09 15:50:05,568 - INFO - Total execution time: 00:01:20 (80.43 seconds)
2025-03-09 15:50:05,568 - INFO - Plot generated successfully.
