2025-03-09 18:53:30,261 - INFO - Using GPU device 1.
2025-03-09 18:53:30,262 - INFO - Output directory 'TNG300_ICS' is set to: /caefs/data/IllustrisTNG/300/ICS
2025-03-09 18:53:30,263 - INFO - Output directory 'TNG300_snapshot99' is set to: /caefs/data/IllustrisTNG/snapshot-99-dm-npy/cache
2025-03-09 18:53:30,263 - WARNING - Output directory 'NPZ' does not exist: /path/to/your/output/npz
2025-03-09 18:53:30,263 - INFO - Output directory 'NPY' is set to: /caefs/data/IllustrisTNG/300/ICS
2025-03-09 18:53:30,263 - WARNING - Output directory 'LOGS' does not exist: /path/to/your/logs
2025-03-09 18:53:30,433 - INFO - Using GPU device 1.
2025-03-09 18:53:30,434 - INFO - Output directory 'TNG300_ICS' is set to: /caefs/data/IllustrisTNG/300/ICS
2025-03-09 18:53:30,435 - INFO - Output directory 'TNG300_snapshot99' is set to: /caefs/data/IllustrisTNG/snapshot-99-dm-npy/cache
2025-03-09 18:53:30,435 - WARNING - Output directory 'NPZ' does not exist: /path/to/your/output/npz
2025-03-09 18:53:30,435 - INFO - Output directory 'NPY' is set to: /caefs/data/IllustrisTNG/300/ICS
2025-03-09 18:53:30,435 - WARNING - Output directory 'LOGS' does not exist: /path/to/your/logs
2025-03-09 18:53:31,121 - INFO - Using GPU device 1.
2025-03-09 18:53:31,122 - INFO - Output directory 'TNG300_ICS' is set to: /caefs/data/IllustrisTNG/300/ICS
2025-03-09 18:53:31,123 - INFO - Output directory 'TNG300_snapshot99' is set to: /caefs/data/IllustrisTNG/snapshot-99-dm-npy/cache
2025-03-09 18:53:31,123 - WARNING - Output directory 'NPZ' does not exist: /path/to/your/output/npz
2025-03-09 18:53:31,124 - INFO - Output directory 'NPY' is set to: /caefs/data/IllustrisTNG/300/ICS
2025-03-09 18:53:31,124 - WARNING - Output directory 'LOGS' does not exist: /path/to/your/logs
2025-03-09 18:53:31,212 - INFO - Using GPU device 1.
2025-03-09 18:53:31,213 - INFO - Output directory 'TNG300_ICS' is set to: /caefs/data/IllustrisTNG/300/ICS
2025-03-09 18:53:31,214 - INFO - Output directory 'TNG300_snapshot99' is set to: /caefs/data/IllustrisTNG/snapshot-99-dm-npy/cache
2025-03-09 18:53:31,214 - WARNING - Output directory 'NPZ' does not exist: /path/to/your/output/npz
2025-03-09 18:53:31,215 - INFO - Output directory 'NPY' is set to: /caefs/data/IllustrisTNG/300/ICS
2025-03-09 18:53:31,215 - WARNING - Output directory 'LOGS' does not exist: /path/to/your/logs
2025-03-09 18:53:31,775 - INFO - Using GPU device 1.
2025-03-09 18:53:31,776 - INFO - Output directory 'TNG300_ICS' is set to: /caefs/data/IllustrisTNG/300/ICS
2025-03-09 18:53:31,777 - INFO - Output directory 'TNG300_snapshot99' is set to: /caefs/data/IllustrisTNG/snapshot-99-dm-npy/cache
2025-03-09 18:53:31,777 - WARNING - Output directory 'NPZ' does not exist: /path/to/your/output/npz
2025-03-09 18:53:31,778 - INFO - Output directory 'NPY' is set to: /caefs/data/IllustrisTNG/300/ICS
2025-03-09 18:53:31,778 - WARNING - Output directory 'LOGS' does not exist: /path/to/your/logs
2025-03-09 18:53:33,176 - INFO - Using GPU device 1.
2025-03-09 18:53:33,177 - INFO - Output directory 'TNG300_ICS' is set to: /caefs/data/IllustrisTNG/300/ICS
2025-03-09 18:53:33,178 - INFO - Output directory 'TNG300_snapshot99' is set to: /caefs/data/IllustrisTNG/snapshot-99-dm-npy/cache
2025-03-09 18:53:33,178 - WARNING - Output directory 'NPZ' does not exist: /path/to/your/output/npz
2025-03-09 18:53:33,179 - INFO - Output directory 'NPY' is set to: /caefs/data/IllustrisTNG/300/ICS
2025-03-09 18:53:33,179 - WARNING - Output directory 'LOGS' does not exist: /path/to/your/logs
2025-03-09 18:53:33,390 - INFO - Using GPU device 1.
2025-03-09 18:53:33,392 - INFO - Output directory 'TNG300_ICS' is set to: /caefs/data/IllustrisTNG/300/ICS
2025-03-09 18:53:33,393 - INFO - Output directory 'TNG300_snapshot99' is set to: /caefs/data/IllustrisTNG/snapshot-99-dm-npy/cache
2025-03-09 18:53:33,393 - WARNING - Output directory 'NPZ' does not exist: /path/to/your/output/npz
2025-03-09 18:53:33,394 - INFO - Output directory 'NPY' is set to: /caefs/data/IllustrisTNG/300/ICS
2025-03-09 18:53:33,394 - WARNING - Output directory 'LOGS' does not exist: /path/to/your/logs
2025-03-09 18:53:33,551 - INFO - Using GPU device 1.
2025-03-09 18:53:33,552 - INFO - Output directory 'TNG300_ICS' is set to: /caefs/data/IllustrisTNG/300/ICS
2025-03-09 18:53:33,553 - INFO - Output directory 'TNG300_snapshot99' is set to: /caefs/data/IllustrisTNG/snapshot-99-dm-npy/cache
2025-03-09 18:53:33,553 - WARNING - Output directory 'NPZ' does not exist: /path/to/your/output/npz
2025-03-09 18:53:33,554 - INFO - Output directory 'NPY' is set to: /caefs/data/IllustrisTNG/300/ICS
2025-03-09 18:53:33,554 - WARNING - Output directory 'LOGS' does not exist: /path/to/your/logs
2025-03-09 18:53:33,677 - INFO - Using GPU device 1.
2025-03-09 18:53:33,678 - INFO - Output directory 'TNG300_ICS' is set to: /caefs/data/IllustrisTNG/300/ICS
2025-03-09 18:53:33,679 - INFO - Output directory 'TNG300_snapshot99' is set to: /caefs/data/IllustrisTNG/snapshot-99-dm-npy/cache
2025-03-09 18:53:33,679 - WARNING - Output directory 'NPZ' does not exist: /path/to/your/output/npz
2025-03-09 18:53:33,680 - INFO - Output directory 'NPY' is set to: /caefs/data/IllustrisTNG/300/ICS
2025-03-09 18:53:33,680 - WARNING - Output directory 'LOGS' does not exist: /path/to/your/logs
2025-03-09 18:53:33,907 - INFO - Using GPU device 1.
2025-03-09 18:53:33,908 - INFO - Output directory 'TNG300_ICS' is set to: /caefs/data/IllustrisTNG/300/ICS
2025-03-09 18:53:33,909 - INFO - Output directory 'TNG300_snapshot99' is set to: /caefs/data/IllustrisTNG/snapshot-99-dm-npy/cache
2025-03-09 18:53:33,909 - WARNING - Output directory 'NPZ' does not exist: /path/to/your/output/npz
2025-03-09 18:53:33,910 - INFO - Output directory 'NPY' is set to: /caefs/data/IllustrisTNG/300/ICS
2025-03-09 18:53:33,910 - WARNING - Output directory 'LOGS' does not exist: /path/to/your/logs
2025-03-09 18:53:34,009 - INFO - Using GPU device 1.
2025-03-09 18:53:34,010 - INFO - Output directory 'TNG300_ICS' is set to: /caefs/data/IllustrisTNG/300/ICS
2025-03-09 18:53:34,011 - INFO - Output directory 'TNG300_snapshot99' is set to: /caefs/data/IllustrisTNG/snapshot-99-dm-npy/cache
2025-03-09 18:53:34,011 - WARNING - Output directory 'NPZ' does not exist: /path/to/your/output/npz
2025-03-09 18:53:34,011 - INFO - Output directory 'NPY' is set to: /caefs/data/IllustrisTNG/300/ICS
2025-03-09 18:53:34,012 - WARNING - Output directory 'LOGS' does not exist: /path/to/your/logs
2025-03-09 18:53:34,089 - INFO - Using GPU device 1.
2025-03-09 18:53:34,090 - INFO - Output directory 'TNG300_ICS' is set to: /caefs/data/IllustrisTNG/300/ICS
2025-03-09 18:53:34,090 - INFO - Output directory 'TNG300_snapshot99' is set to: /caefs/data/IllustrisTNG/snapshot-99-dm-npy/cache
2025-03-09 18:53:34,091 - WARNING - Output directory 'NPZ' does not exist: /path/to/your/output/npz
2025-03-09 18:53:34,091 - INFO - Output directory 'NPY' is set to: /caefs/data/IllustrisTNG/300/ICS
2025-03-09 18:53:34,091 - WARNING - Output directory 'LOGS' does not exist: /path/to/your/logs
2025-03-09 18:53:34,246 - INFO - Using GPU device 1.
2025-03-09 18:53:34,247 - INFO - Output directory 'TNG300_ICS' is set to: /caefs/data/IllustrisTNG/300/ICS
2025-03-09 18:53:34,248 - INFO - Output directory 'TNG300_snapshot99' is set to: /caefs/data/IllustrisTNG/snapshot-99-dm-npy/cache
2025-03-09 18:53:34,248 - WARNING - Output directory 'NPZ' does not exist: /path/to/your/output/npz
2025-03-09 18:53:34,249 - INFO - Output directory 'NPY' is set to: /caefs/data/IllustrisTNG/300/ICS
2025-03-09 18:53:34,249 - WARNING - Output directory 'LOGS' does not exist: /path/to/your/logs
2025-03-09 18:53:34,282 - INFO - Using GPU device 1.
2025-03-09 18:53:34,282 - INFO - Output directory 'TNG300_ICS' is set to: /caefs/data/IllustrisTNG/300/ICS
2025-03-09 18:53:34,283 - INFO - Output directory 'TNG300_snapshot99' is set to: /caefs/data/IllustrisTNG/snapshot-99-dm-npy/cache
2025-03-09 18:53:34,283 - WARNING - Output directory 'NPZ' does not exist: /path/to/your/output/npz
2025-03-09 18:53:34,284 - INFO - Output directory 'NPY' is set to: /caefs/data/IllustrisTNG/300/ICS
2025-03-09 18:53:34,284 - WARNING - Output directory 'LOGS' does not exist: /path/to/your/logs
2025-03-09 18:53:34,487 - INFO - Using GPU device 1.
2025-03-09 18:53:34,488 - INFO - Output directory 'TNG300_ICS' is set to: /caefs/data/IllustrisTNG/300/ICS
2025-03-09 18:53:34,489 - INFO - Output directory 'TNG300_snapshot99' is set to: /caefs/data/IllustrisTNG/snapshot-99-dm-npy/cache
2025-03-09 18:53:34,489 - WARNING - Output directory 'NPZ' does not exist: /path/to/your/output/npz
2025-03-09 18:53:34,490 - INFO - Output directory 'NPY' is set to: /caefs/data/IllustrisTNG/300/ICS
2025-03-09 18:53:34,490 - WARNING - Output directory 'LOGS' does not exist: /path/to/your/logs
2025-03-09 18:53:34,556 - INFO - Using GPU device 1.
2025-03-09 18:53:34,557 - INFO - Output directory 'TNG300_ICS' is set to: /caefs/data/IllustrisTNG/300/ICS
2025-03-09 18:53:34,558 - INFO - Output directory 'TNG300_snapshot99' is set to: /caefs/data/IllustrisTNG/snapshot-99-dm-npy/cache
2025-03-09 18:53:34,558 - WARNING - Output directory 'NPZ' does not exist: /path/to/your/output/npz
2025-03-09 18:53:34,558 - INFO - Output directory 'NPY' is set to: /caefs/data/IllustrisTNG/300/ICS
2025-03-09 18:53:34,558 - WARNING - Output directory 'LOGS' does not exist: /path/to/your/logs
2025-03-09 18:53:34,782 - INFO - Using GPU device 1.
2025-03-09 18:53:34,783 - INFO - Output directory 'TNG300_ICS' is set to: /caefs/data/IllustrisTNG/300/ICS
2025-03-09 18:53:34,783 - INFO - Output directory 'TNG300_snapshot99' is set to: /caefs/data/IllustrisTNG/snapshot-99-dm-npy/cache
2025-03-09 18:53:34,783 - WARNING - Output directory 'NPZ' does not exist: /path/to/your/output/npz
2025-03-09 18:53:34,784 - INFO - Output directory 'NPY' is set to: /caefs/data/IllustrisTNG/300/ICS
2025-03-09 18:53:34,784 - WARNING - Output directory 'LOGS' does not exist: /path/to/your/logs
2025-03-09 18:53:35,025 - INFO - Using GPU device 1.
2025-03-09 18:53:35,026 - INFO - Output directory 'TNG300_ICS' is set to: /caefs/data/IllustrisTNG/300/ICS
2025-03-09 18:53:35,027 - INFO - Output directory 'TNG300_snapshot99' is set to: /caefs/data/IllustrisTNG/snapshot-99-dm-npy/cache
2025-03-09 18:53:35,027 - WARNING - Output directory 'NPZ' does not exist: /path/to/your/output/npz
2025-03-09 18:53:35,027 - INFO - Output directory 'NPY' is set to: /caefs/data/IllustrisTNG/300/ICS
2025-03-09 18:53:35,027 - WARNING - Output directory 'LOGS' does not exist: /path/to/your/logs
2025-03-09 18:53:35,456 - INFO - Using GPU device 1.
2025-03-09 18:53:35,456 - INFO - Output directory 'TNG300_ICS' is set to: /caefs/data/IllustrisTNG/300/ICS
2025-03-09 18:53:35,457 - INFO - Output directory 'TNG300_snapshot99' is set to: /caefs/data/IllustrisTNG/snapshot-99-dm-npy/cache
2025-03-09 18:53:35,457 - WARNING - Output directory 'NPZ' does not exist: /path/to/your/output/npz
2025-03-09 18:53:35,457 - INFO - Output directory 'NPY' is set to: /caefs/data/IllustrisTNG/300/ICS
2025-03-09 18:53:35,457 - WARNING - Output directory 'LOGS' does not exist: /path/to/your/logs
2025-03-09 18:53:35,504 - INFO - Using GPU device 1.
2025-03-09 18:53:35,504 - INFO - Output directory 'TNG300_ICS' is set to: /caefs/data/IllustrisTNG/300/ICS
2025-03-09 18:53:35,505 - INFO - Output directory 'TNG300_snapshot99' is set to: /caefs/data/IllustrisTNG/snapshot-99-dm-npy/cache
2025-03-09 18:53:35,505 - WARNING - Output directory 'NPZ' does not exist: /path/to/your/output/npz
2025-03-09 18:53:35,505 - INFO - Output directory 'NPY' is set to: /caefs/data/IllustrisTNG/300/ICS
2025-03-09 18:53:35,505 - WARNING - Output directory 'LOGS' does not exist: /path/to/your/logs
2025-03-09 18:53:35,538 - INFO - Using GPU device 1.
2025-03-09 18:53:35,538 - INFO - Output directory 'TNG300_ICS' is set to: /caefs/data/IllustrisTNG/300/ICS
2025-03-09 18:53:35,539 - INFO - Output directory 'TNG300_snapshot99' is set to: /caefs/data/IllustrisTNG/snapshot-99-dm-npy/cache
2025-03-09 18:53:35,539 - WARNING - Output directory 'NPZ' does not exist: /path/to/your/output/npz
2025-03-09 18:53:35,539 - INFO - Output directory 'NPY' is set to: /caefs/data/IllustrisTNG/300/ICS
2025-03-09 18:53:35,539 - WARNING - Output directory 'LOGS' does not exist: /path/to/your/logs
2025-03-09 18:53:35,648 - INFO - Using GPU device 1.
2025-03-09 18:53:35,648 - INFO - Output directory 'TNG300_ICS' is set to: /caefs/data/IllustrisTNG/300/ICS
2025-03-09 18:53:35,648 - INFO - Output directory 'TNG300_snapshot99' is set to: /caefs/data/IllustrisTNG/snapshot-99-dm-npy/cache
2025-03-09 18:53:35,649 - WARNING - Output directory 'NPZ' does not exist: /path/to/your/output/npz
2025-03-09 18:53:35,649 - INFO - Output directory 'NPY' is set to: /caefs/data/IllustrisTNG/300/ICS
2025-03-09 18:53:35,649 - WARNING - Output directory 'LOGS' does not exist: /path/to/your/logs
2025-03-09 18:53:35,722 - INFO - Using GPU device 1.
2025-03-09 18:53:35,722 - INFO - Output directory 'TNG300_ICS' is set to: /caefs/data/IllustrisTNG/300/ICS
2025-03-09 18:53:35,723 - INFO - Output directory 'TNG300_snapshot99' is set to: /caefs/data/IllustrisTNG/snapshot-99-dm-npy/cache
2025-03-09 18:53:35,723 - WARNING - Output directory 'NPZ' does not exist: /path/to/your/output/npz
2025-03-09 18:53:35,723 - INFO - Output directory 'NPY' is set to: /caefs/data/IllustrisTNG/300/ICS
2025-03-09 18:53:35,723 - WARNING - Output directory 'LOGS' does not exist: /path/to/your/logs
2025-03-09 18:53:35,946 - INFO - Using GPU device 1.
2025-03-09 18:53:35,946 - INFO - Output directory 'TNG300_ICS' is set to: /caefs/data/IllustrisTNG/300/ICS
2025-03-09 18:53:35,946 - INFO - Output directory 'TNG300_snapshot99' is set to: /caefs/data/IllustrisTNG/snapshot-99-dm-npy/cache
2025-03-09 18:53:35,947 - WARNING - Output directory 'NPZ' does not exist: /path/to/your/output/npz
2025-03-09 18:53:35,947 - INFO - Output directory 'NPY' is set to: /caefs/data/IllustrisTNG/300/ICS
2025-03-09 18:53:35,947 - WARNING - Output directory 'LOGS' does not exist: /path/to/your/logs
2025-03-09 18:53:36,145 - INFO - Using GPU device 1.
2025-03-09 18:53:36,145 - INFO - Output directory 'TNG300_ICS' is set to: /caefs/data/IllustrisTNG/300/ICS
2025-03-09 18:53:36,145 - INFO - Output directory 'TNG300_snapshot99' is set to: /caefs/data/IllustrisTNG/snapshot-99-dm-npy/cache
2025-03-09 18:53:36,145 - WARNING - Output directory 'NPZ' does not exist: /path/to/your/output/npz
2025-03-09 18:53:36,146 - INFO - Output directory 'NPY' is set to: /caefs/data/IllustrisTNG/300/ICS
2025-03-09 18:53:36,146 - WARNING - Output directory 'LOGS' does not exist: /path/to/your/logs
2025-03-09 18:53:36,463 - INFO - Using GPU device 1.
2025-03-09 18:53:36,463 - INFO - Output directory 'TNG300_ICS' is set to: /caefs/data/IllustrisTNG/300/ICS
2025-03-09 18:53:36,463 - INFO - Output directory 'TNG300_snapshot99' is set to: /caefs/data/IllustrisTNG/snapshot-99-dm-npy/cache
2025-03-09 18:53:36,463 - WARNING - Output directory 'NPZ' does not exist: /path/to/your/output/npz
2025-03-09 18:53:36,464 - INFO - Output directory 'NPY' is set to: /caefs/data/IllustrisTNG/300/ICS
2025-03-09 18:53:36,464 - WARNING - Output directory 'LOGS' does not exist: /path/to/your/logs
2025-03-09 18:53:37,371 - INFO - Using GPU device 1.
2025-03-09 18:53:37,372 - INFO - Output directory 'TNG300_ICS' is set to: /caefs/data/IllustrisTNG/300/ICS
2025-03-09 18:53:37,372 - INFO - Output directory 'TNG300_snapshot99' is set to: /caefs/data/IllustrisTNG/snapshot-99-dm-npy/cache
2025-03-09 18:53:37,372 - WARNING - Output directory 'NPZ' does not exist: /path/to/your/output/npz
2025-03-09 18:53:37,372 - INFO - Output directory 'NPY' is set to: /caefs/data/IllustrisTNG/300/ICS
2025-03-09 18:53:37,372 - WARNING - Output directory 'LOGS' does not exist: /path/to/your/logs
2025-03-09 18:53:37,540 - INFO - Using GPU device 1.
2025-03-09 18:53:37,541 - INFO - Output directory 'TNG300_ICS' is set to: /caefs/data/IllustrisTNG/300/ICS
2025-03-09 18:53:37,541 - INFO - Output directory 'TNG300_snapshot99' is set to: /caefs/data/IllustrisTNG/snapshot-99-dm-npy/cache
2025-03-09 18:53:37,541 - WARNING - Output directory 'NPZ' does not exist: /path/to/your/output/npz
2025-03-09 18:53:37,541 - INFO - Output directory 'NPY' is set to: /caefs/data/IllustrisTNG/300/ICS
2025-03-09 18:53:37,542 - WARNING - Output directory 'LOGS' does not exist: /path/to/your/logs
2025-03-09 18:53:37,695 - INFO - Using GPU device 1.
2025-03-09 18:53:37,695 - INFO - Output directory 'TNG300_ICS' is set to: /caefs/data/IllustrisTNG/300/ICS
2025-03-09 18:53:37,695 - INFO - Output directory 'TNG300_snapshot99' is set to: /caefs/data/IllustrisTNG/snapshot-99-dm-npy/cache
2025-03-09 18:53:37,695 - WARNING - Output directory 'NPZ' does not exist: /path/to/your/output/npz
2025-03-09 18:53:37,695 - INFO - Output directory 'NPY' is set to: /caefs/data/IllustrisTNG/300/ICS
2025-03-09 18:53:37,695 - WARNING - Output directory 'LOGS' does not exist: /path/to/your/logs
