2025-03-09 16:03:03,156 - INFO - Using GPU device 1.
2025-03-09 16:03:03,157 - INFO - Output directory 'TNG300_ICS' is set to: /caefs/data/IllustrisTNG/300/ICS
2025-03-09 16:03:03,158 - INFO - Output directory 'TNG300_snapshot99' is set to: /caefs/data/IllustrisTNG/snapshot-99-dm-npy/cache
2025-03-09 16:03:03,158 - WARNING - Output directory 'NPZ' does not exist: /path/to/your/output/npz
2025-03-09 16:03:03,158 - INFO - Output directory 'NPY' is set to: /caefs/data/IllustrisTNG/300/ICS
2025-03-09 16:03:03,159 - WARNING - Output directory 'LOGS' does not exist: /path/to/your/logs
2025-03-09 16:03:03,492 - INFO - Using GPU device 1.
2025-03-09 16:03:03,493 - INFO - Output directory 'TNG300_ICS' is set to: /caefs/data/IllustrisTNG/300/ICS
2025-03-09 16:03:03,493 - INFO - Output directory 'TNG300_snapshot99' is set to: /caefs/data/IllustrisTNG/snapshot-99-dm-npy/cache
2025-03-09 16:03:03,493 - WARNING - Output directory 'NPZ' does not exist: /path/to/your/output/npz
2025-03-09 16:03:03,494 - INFO - Output directory 'NPY' is set to: /caefs/data/IllustrisTNG/300/ICS
2025-03-09 16:03:03,494 - WARNING - Output directory 'LOGS' does not exist: /path/to/your/logs
2025-03-09 16:03:03,682 - INFO - Using GPU device 1.
2025-03-09 16:03:03,683 - INFO - Output directory 'TNG300_ICS' is set to: /caefs/data/IllustrisTNG/300/ICS
2025-03-09 16:03:03,683 - INFO - Output directory 'TNG300_snapshot99' is set to: /caefs/data/IllustrisTNG/snapshot-99-dm-npy/cache
2025-03-09 16:03:03,683 - WARNING - Output directory 'NPZ' does not exist: /path/to/your/output/npz
2025-03-09 16:03:03,684 - INFO - Output directory 'NPY' is set to: /caefs/data/IllustrisTNG/300/ICS
2025-03-09 16:03:03,684 - WARNING - Output directory 'LOGS' does not exist: /path/to/your/logs
2025-03-09 16:03:03,862 - INFO - Using GPU device 1.
2025-03-09 16:03:03,863 - INFO - Output directory 'TNG300_ICS' is set to: /caefs/data/IllustrisTNG/300/ICS
2025-03-09 16:03:03,864 - INFO - Output directory 'TNG300_snapshot99' is set to: /caefs/data/IllustrisTNG/snapshot-99-dm-npy/cache
2025-03-09 16:03:03,864 - WARNING - Output directory 'NPZ' does not exist: /path/to/your/output/npz
2025-03-09 16:03:03,864 - INFO - Output directory 'NPY' is set to: /caefs/data/IllustrisTNG/300/ICS
2025-03-09 16:03:03,864 - WARNING - Output directory 'LOGS' does not exist: /path/to/your/logs
2025-03-09 16:03:03,868 - INFO - Using GPU device 1.
2025-03-09 16:03:03,869 - INFO - Output directory 'TNG300_ICS' is set to: /caefs/data/IllustrisTNG/300/ICS
2025-03-09 16:03:03,869 - INFO - Output directory 'TNG300_snapshot99' is set to: /caefs/data/IllustrisTNG/snapshot-99-dm-npy/cache
2025-03-09 16:03:03,869 - WARNING - Output directory 'NPZ' does not exist: /path/to/your/output/npz
2025-03-09 16:03:03,870 - INFO - Output directory 'NPY' is set to: /caefs/data/IllustrisTNG/300/ICS
2025-03-09 16:03:03,870 - WARNING - Output directory 'LOGS' does not exist: /path/to/your/logs
2025-03-09 16:03:03,912 - INFO - Using GPU device 1.
2025-03-09 16:03:03,912 - INFO - Output directory 'TNG300_ICS' is set to: /caefs/data/IllustrisTNG/300/ICS
2025-03-09 16:03:03,913 - INFO - Output directory 'TNG300_snapshot99' is set to: /caefs/data/IllustrisTNG/snapshot-99-dm-npy/cache
2025-03-09 16:03:03,913 - WARNING - Output directory 'NPZ' does not exist: /path/to/your/output/npz
2025-03-09 16:03:03,913 - INFO - Output directory 'NPY' is set to: /caefs/data/IllustrisTNG/300/ICS
2025-03-09 16:03:03,914 - WARNING - Output directory 'LOGS' does not exist: /path/to/your/logs
2025-03-09 16:03:04,270 - INFO - Using GPU device 1.
2025-03-09 16:03:04,271 - INFO - Output directory 'TNG300_ICS' is set to: /caefs/data/IllustrisTNG/300/ICS
2025-03-09 16:03:04,271 - INFO - Output directory 'TNG300_snapshot99' is set to: /caefs/data/IllustrisTNG/snapshot-99-dm-npy/cache
2025-03-09 16:03:04,271 - WARNING - Output directory 'NPZ' does not exist: /path/to/your/output/npz
2025-03-09 16:03:04,271 - INFO - Output directory 'NPY' is set to: /caefs/data/IllustrisTNG/300/ICS
2025-03-09 16:03:04,272 - WARNING - Output directory 'LOGS' does not exist: /path/to/your/logs
2025-03-09 16:03:06,388 - INFO - Using GPU device 1.
2025-03-09 16:03:06,389 - INFO - Output directory 'TNG300_ICS' is set to: /caefs/data/IllustrisTNG/300/ICS
2025-03-09 16:03:06,389 - INFO - Output directory 'TNG300_snapshot99' is set to: /caefs/data/IllustrisTNG/snapshot-99-dm-npy/cache
2025-03-09 16:03:06,389 - WARNING - Output directory 'NPZ' does not exist: /path/to/your/output/npz
2025-03-09 16:03:06,389 - INFO - Output directory 'NPY' is set to: /caefs/data/IllustrisTNG/300/ICS
2025-03-09 16:03:06,389 - WARNING - Output directory 'LOGS' does not exist: /path/to/your/logs
2025-03-09 16:03:07,416 - INFO - Using GPU device 1.
2025-03-09 16:03:07,417 - INFO - Output directory 'TNG300_ICS' is set to: /caefs/data/IllustrisTNG/300/ICS
2025-03-09 16:03:07,417 - INFO - Output directory 'TNG300_snapshot99' is set to: /caefs/data/IllustrisTNG/snapshot-99-dm-npy/cache
2025-03-09 16:03:07,417 - WARNING - Output directory 'NPZ' does not exist: /path/to/your/output/npz
2025-03-09 16:03:07,417 - INFO - Output directory 'NPY' is set to: /caefs/data/IllustrisTNG/300/ICS
2025-03-09 16:03:07,418 - WARNING - Output directory 'LOGS' does not exist: /path/to/your/logs
2025-03-09 16:03:07,430 - INFO - Using GPU device 1.
2025-03-09 16:03:07,431 - INFO - Output directory 'TNG300_ICS' is set to: /caefs/data/IllustrisTNG/300/ICS
2025-03-09 16:03:07,431 - INFO - Output directory 'TNG300_snapshot99' is set to: /caefs/data/IllustrisTNG/snapshot-99-dm-npy/cache
2025-03-09 16:03:07,432 - WARNING - Output directory 'NPZ' does not exist: /path/to/your/output/npz
2025-03-09 16:03:07,432 - INFO - Output directory 'NPY' is set to: /caefs/data/IllustrisTNG/300/ICS
2025-03-09 16:03:07,432 - WARNING - Output directory 'LOGS' does not exist: /path/to/your/logs
2025-03-09 16:03:07,514 - INFO - Using GPU device 1.
2025-03-09 16:03:07,515 - INFO - Output directory 'TNG300_ICS' is set to: /caefs/data/IllustrisTNG/300/ICS
2025-03-09 16:03:07,515 - INFO - Output directory 'TNG300_snapshot99' is set to: /caefs/data/IllustrisTNG/snapshot-99-dm-npy/cache
2025-03-09 16:03:07,515 - WARNING - Output directory 'NPZ' does not exist: /path/to/your/output/npz
2025-03-09 16:03:07,515 - INFO - Output directory 'NPY' is set to: /caefs/data/IllustrisTNG/300/ICS
2025-03-09 16:03:07,515 - WARNING - Output directory 'LOGS' does not exist: /path/to/your/logs
2025-03-09 16:03:07,546 - INFO - Using GPU device 1.
2025-03-09 16:03:07,546 - INFO - Output directory 'TNG300_ICS' is set to: /caefs/data/IllustrisTNG/300/ICS
2025-03-09 16:03:07,547 - INFO - Output directory 'TNG300_snapshot99' is set to: /caefs/data/IllustrisTNG/snapshot-99-dm-npy/cache
2025-03-09 16:03:07,547 - WARNING - Output directory 'NPZ' does not exist: /path/to/your/output/npz
2025-03-09 16:03:07,547 - INFO - Output directory 'NPY' is set to: /caefs/data/IllustrisTNG/300/ICS
2025-03-09 16:03:07,547 - WARNING - Output directory 'LOGS' does not exist: /path/to/your/logs
2025-03-09 16:03:07,586 - INFO - Using GPU device 1.
2025-03-09 16:03:07,586 - INFO - Output directory 'TNG300_ICS' is set to: /caefs/data/IllustrisTNG/300/ICS
2025-03-09 16:03:07,587 - INFO - Output directory 'TNG300_snapshot99' is set to: /caefs/data/IllustrisTNG/snapshot-99-dm-npy/cache
2025-03-09 16:03:07,587 - WARNING - Output directory 'NPZ' does not exist: /path/to/your/output/npz
2025-03-09 16:03:07,587 - INFO - Output directory 'NPY' is set to: /caefs/data/IllustrisTNG/300/ICS
2025-03-09 16:03:07,587 - WARNING - Output directory 'LOGS' does not exist: /path/to/your/logs
2025-03-09 16:03:07,658 - INFO - Using GPU device 1.
2025-03-09 16:03:07,659 - INFO - Output directory 'TNG300_ICS' is set to: /caefs/data/IllustrisTNG/300/ICS
2025-03-09 16:03:07,659 - INFO - Output directory 'TNG300_snapshot99' is set to: /caefs/data/IllustrisTNG/snapshot-99-dm-npy/cache
2025-03-09 16:03:07,659 - WARNING - Output directory 'NPZ' does not exist: /path/to/your/output/npz
2025-03-09 16:03:07,659 - INFO - Output directory 'NPY' is set to: /caefs/data/IllustrisTNG/300/ICS
2025-03-09 16:03:07,659 - WARNING - Output directory 'LOGS' does not exist: /path/to/your/logs
2025-03-09 16:03:07,719 - INFO - Using GPU device 1.
2025-03-09 16:03:07,720 - INFO - Output directory 'TNG300_ICS' is set to: /caefs/data/IllustrisTNG/300/ICS
2025-03-09 16:03:07,720 - INFO - Output directory 'TNG300_snapshot99' is set to: /caefs/data/IllustrisTNG/snapshot-99-dm-npy/cache
2025-03-09 16:03:07,720 - WARNING - Output directory 'NPZ' does not exist: /path/to/your/output/npz
2025-03-09 16:03:07,720 - INFO - Output directory 'NPY' is set to: /caefs/data/IllustrisTNG/300/ICS
2025-03-09 16:03:07,721 - WARNING - Output directory 'LOGS' does not exist: /path/to/your/logs
2025-03-09 16:03:07,784 - INFO - Using GPU device 1.
2025-03-09 16:03:07,785 - INFO - Output directory 'TNG300_ICS' is set to: /caefs/data/IllustrisTNG/300/ICS
2025-03-09 16:03:07,785 - INFO - Output directory 'TNG300_snapshot99' is set to: /caefs/data/IllustrisTNG/snapshot-99-dm-npy/cache
2025-03-09 16:03:07,785 - WARNING - Output directory 'NPZ' does not exist: /path/to/your/output/npz
2025-03-09 16:03:07,785 - INFO - Output directory 'NPY' is set to: /caefs/data/IllustrisTNG/300/ICS
2025-03-09 16:03:07,785 - WARNING - Output directory 'LOGS' does not exist: /path/to/your/logs
2025-03-09 16:03:07,886 - INFO - Using GPU device 1.
2025-03-09 16:03:07,886 - INFO - Output directory 'TNG300_ICS' is set to: /caefs/data/IllustrisTNG/300/ICS
2025-03-09 16:03:07,887 - INFO - Output directory 'TNG300_snapshot99' is set to: /caefs/data/IllustrisTNG/snapshot-99-dm-npy/cache
2025-03-09 16:03:07,887 - WARNING - Output directory 'NPZ' does not exist: /path/to/your/output/npz
2025-03-09 16:03:07,887 - INFO - Output directory 'NPY' is set to: /caefs/data/IllustrisTNG/300/ICS
2025-03-09 16:03:07,887 - WARNING - Output directory 'LOGS' does not exist: /path/to/your/logs
2025-03-09 16:03:07,894 - INFO - Using GPU device 1.
2025-03-09 16:03:07,894 - INFO - Output directory 'TNG300_ICS' is set to: /caefs/data/IllustrisTNG/300/ICS
2025-03-09 16:03:07,895 - INFO - Output directory 'TNG300_snapshot99' is set to: /caefs/data/IllustrisTNG/snapshot-99-dm-npy/cache
2025-03-09 16:03:07,895 - WARNING - Output directory 'NPZ' does not exist: /path/to/your/output/npz
2025-03-09 16:03:07,895 - INFO - Output directory 'NPY' is set to: /caefs/data/IllustrisTNG/300/ICS
2025-03-09 16:03:07,895 - WARNING - Output directory 'LOGS' does not exist: /path/to/your/logs
2025-03-09 16:03:07,962 - INFO - Using GPU device 1.
2025-03-09 16:03:07,962 - INFO - Output directory 'TNG300_ICS' is set to: /caefs/data/IllustrisTNG/300/ICS
2025-03-09 16:03:07,962 - INFO - Output directory 'TNG300_snapshot99' is set to: /caefs/data/IllustrisTNG/snapshot-99-dm-npy/cache
2025-03-09 16:03:07,962 - WARNING - Output directory 'NPZ' does not exist: /path/to/your/output/npz
2025-03-09 16:03:07,962 - INFO - Output directory 'NPY' is set to: /caefs/data/IllustrisTNG/300/ICS
2025-03-09 16:03:07,962 - WARNING - Output directory 'LOGS' does not exist: /path/to/your/logs
2025-03-09 16:03:08,039 - INFO - Using GPU device 1.
2025-03-09 16:03:08,039 - INFO - Output directory 'TNG300_ICS' is set to: /caefs/data/IllustrisTNG/300/ICS
2025-03-09 16:03:08,039 - INFO - Output directory 'TNG300_snapshot99' is set to: /caefs/data/IllustrisTNG/snapshot-99-dm-npy/cache
2025-03-09 16:03:08,040 - WARNING - Output directory 'NPZ' does not exist: /path/to/your/output/npz
2025-03-09 16:03:08,040 - INFO - Output directory 'NPY' is set to: /caefs/data/IllustrisTNG/300/ICS
2025-03-09 16:03:08,040 - WARNING - Output directory 'LOGS' does not exist: /path/to/your/logs
2025-03-09 16:03:08,142 - INFO - Using GPU device 1.
2025-03-09 16:03:08,143 - INFO - Output directory 'TNG300_ICS' is set to: /caefs/data/IllustrisTNG/300/ICS
2025-03-09 16:03:08,143 - INFO - Output directory 'TNG300_snapshot99' is set to: /caefs/data/IllustrisTNG/snapshot-99-dm-npy/cache
2025-03-09 16:03:08,143 - WARNING - Output directory 'NPZ' does not exist: /path/to/your/output/npz
2025-03-09 16:03:08,143 - INFO - Output directory 'NPY' is set to: /caefs/data/IllustrisTNG/300/ICS
2025-03-09 16:03:08,144 - WARNING - Output directory 'LOGS' does not exist: /path/to/your/logs
2025-03-09 16:03:08,168 - INFO - Using GPU device 1.
2025-03-09 16:03:08,168 - INFO - Output directory 'TNG300_ICS' is set to: /caefs/data/IllustrisTNG/300/ICS
2025-03-09 16:03:08,168 - INFO - Output directory 'TNG300_snapshot99' is set to: /caefs/data/IllustrisTNG/snapshot-99-dm-npy/cache
2025-03-09 16:03:08,168 - WARNING - Output directory 'NPZ' does not exist: /path/to/your/output/npz
2025-03-09 16:03:08,168 - INFO - Output directory 'NPY' is set to: /caefs/data/IllustrisTNG/300/ICS
2025-03-09 16:03:08,169 - WARNING - Output directory 'LOGS' does not exist: /path/to/your/logs
2025-03-09 16:03:08,183 - INFO - Using GPU device 1.
2025-03-09 16:03:08,184 - INFO - Output directory 'TNG300_ICS' is set to: /caefs/data/IllustrisTNG/300/ICS
2025-03-09 16:03:08,184 - INFO - Output directory 'TNG300_snapshot99' is set to: /caefs/data/IllustrisTNG/snapshot-99-dm-npy/cache
2025-03-09 16:03:08,184 - WARNING - Output directory 'NPZ' does not exist: /path/to/your/output/npz
2025-03-09 16:03:08,184 - INFO - Output directory 'NPY' is set to: /caefs/data/IllustrisTNG/300/ICS
2025-03-09 16:03:08,184 - WARNING - Output directory 'LOGS' does not exist: /path/to/your/logs
2025-03-09 16:03:08,208 - INFO - Using GPU device 1.
2025-03-09 16:03:08,208 - INFO - Output directory 'TNG300_ICS' is set to: /caefs/data/IllustrisTNG/300/ICS
2025-03-09 16:03:08,208 - INFO - Output directory 'TNG300_snapshot99' is set to: /caefs/data/IllustrisTNG/snapshot-99-dm-npy/cache
2025-03-09 16:03:08,209 - WARNING - Output directory 'NPZ' does not exist: /path/to/your/output/npz
2025-03-09 16:03:08,209 - INFO - Output directory 'NPY' is set to: /caefs/data/IllustrisTNG/300/ICS
2025-03-09 16:03:08,209 - WARNING - Output directory 'LOGS' does not exist: /path/to/your/logs
2025-03-09 16:03:08,294 - INFO - Using GPU device 1.
2025-03-09 16:03:08,294 - INFO - Output directory 'TNG300_ICS' is set to: /caefs/data/IllustrisTNG/300/ICS
2025-03-09 16:03:08,294 - INFO - Output directory 'TNG300_snapshot99' is set to: /caefs/data/IllustrisTNG/snapshot-99-dm-npy/cache
2025-03-09 16:03:08,295 - WARNING - Output directory 'NPZ' does not exist: /path/to/your/output/npz
2025-03-09 16:03:08,295 - INFO - Output directory 'NPY' is set to: /caefs/data/IllustrisTNG/300/ICS
2025-03-09 16:03:08,295 - WARNING - Output directory 'LOGS' does not exist: /path/to/your/logs
2025-03-09 16:03:08,318 - INFO - Using GPU device 1.
2025-03-09 16:03:08,319 - INFO - Output directory 'TNG300_ICS' is set to: /caefs/data/IllustrisTNG/300/ICS
2025-03-09 16:03:08,319 - INFO - Output directory 'TNG300_snapshot99' is set to: /caefs/data/IllustrisTNG/snapshot-99-dm-npy/cache
2025-03-09 16:03:08,319 - WARNING - Output directory 'NPZ' does not exist: /path/to/your/output/npz
2025-03-09 16:03:08,319 - INFO - Output directory 'NPY' is set to: /caefs/data/IllustrisTNG/300/ICS
2025-03-09 16:03:08,319 - WARNING - Output directory 'LOGS' does not exist: /path/to/your/logs
2025-03-09 16:03:08,406 - INFO - Using GPU device 1.
2025-03-09 16:03:08,406 - INFO - Output directory 'TNG300_ICS' is set to: /caefs/data/IllustrisTNG/300/ICS
2025-03-09 16:03:08,406 - INFO - Output directory 'TNG300_snapshot99' is set to: /caefs/data/IllustrisTNG/snapshot-99-dm-npy/cache
2025-03-09 16:03:08,406 - WARNING - Output directory 'NPZ' does not exist: /path/to/your/output/npz
2025-03-09 16:03:08,406 - INFO - Output directory 'NPY' is set to: /caefs/data/IllustrisTNG/300/ICS
2025-03-09 16:03:08,407 - WARNING - Output directory 'LOGS' does not exist: /path/to/your/logs
2025-03-09 16:03:08,509 - INFO - Using GPU device 1.
2025-03-09 16:03:08,510 - INFO - Output directory 'TNG300_ICS' is set to: /caefs/data/IllustrisTNG/300/ICS
2025-03-09 16:03:08,510 - INFO - Output directory 'TNG300_snapshot99' is set to: /caefs/data/IllustrisTNG/snapshot-99-dm-npy/cache
2025-03-09 16:03:08,510 - WARNING - Output directory 'NPZ' does not exist: /path/to/your/output/npz
2025-03-09 16:03:08,510 - INFO - Output directory 'NPY' is set to: /caefs/data/IllustrisTNG/300/ICS
2025-03-09 16:03:08,510 - WARNING - Output directory 'LOGS' does not exist: /path/to/your/logs
2025-03-09 16:03:08,535 - INFO - Using GPU device 1.
2025-03-09 16:03:08,535 - INFO - Output directory 'TNG300_ICS' is set to: /caefs/data/IllustrisTNG/300/ICS
2025-03-09 16:03:08,535 - INFO - Output directory 'TNG300_snapshot99' is set to: /caefs/data/IllustrisTNG/snapshot-99-dm-npy/cache
2025-03-09 16:03:08,535 - WARNING - Output directory 'NPZ' does not exist: /path/to/your/output/npz
2025-03-09 16:03:08,535 - INFO - Output directory 'NPY' is set to: /caefs/data/IllustrisTNG/300/ICS
2025-03-09 16:03:08,535 - WARNING - Output directory 'LOGS' does not exist: /path/to/your/logs
2025-03-09 16:03:08,553 - INFO - Using GPU device 1.
2025-03-09 16:03:08,554 - INFO - Output directory 'TNG300_ICS' is set to: /caefs/data/IllustrisTNG/300/ICS
2025-03-09 16:03:08,554 - INFO - Output directory 'TNG300_snapshot99' is set to: /caefs/data/IllustrisTNG/snapshot-99-dm-npy/cache
2025-03-09 16:03:08,554 - WARNING - Output directory 'NPZ' does not exist: /path/to/your/output/npz
2025-03-09 16:03:08,554 - INFO - Output directory 'NPY' is set to: /caefs/data/IllustrisTNG/300/ICS
2025-03-09 16:03:08,554 - WARNING - Output directory 'LOGS' does not exist: /path/to/your/logs
2025-03-09 16:03:08,575 - INFO - Using GPU device 1.
2025-03-09 16:03:08,576 - INFO - Output directory 'TNG300_ICS' is set to: /caefs/data/IllustrisTNG/300/ICS
2025-03-09 16:03:08,576 - INFO - Output directory 'TNG300_snapshot99' is set to: /caefs/data/IllustrisTNG/snapshot-99-dm-npy/cache
2025-03-09 16:03:08,576 - WARNING - Output directory 'NPZ' does not exist: /path/to/your/output/npz
2025-03-09 16:03:08,576 - INFO - Output directory 'NPY' is set to: /caefs/data/IllustrisTNG/300/ICS
2025-03-09 16:03:08,576 - WARNING - Output directory 'LOGS' does not exist: /path/to/your/logs
2025-03-09 16:03:08,582 - INFO - Using GPU device 1.
2025-03-09 16:03:08,582 - INFO - Output directory 'TNG300_ICS' is set to: /caefs/data/IllustrisTNG/300/ICS
2025-03-09 16:03:08,582 - INFO - Output directory 'TNG300_snapshot99' is set to: /caefs/data/IllustrisTNG/snapshot-99-dm-npy/cache
2025-03-09 16:03:08,583 - WARNING - Output directory 'NPZ' does not exist: /path/to/your/output/npz
2025-03-09 16:03:08,583 - INFO - Output directory 'NPY' is set to: /caefs/data/IllustrisTNG/300/ICS
2025-03-09 16:03:08,583 - WARNING - Output directory 'LOGS' does not exist: /path/to/your/logs
2025-03-09 16:03:08,589 - INFO - Using GPU device 1.
2025-03-09 16:03:08,589 - INFO - Output directory 'TNG300_ICS' is set to: /caefs/data/IllustrisTNG/300/ICS
2025-03-09 16:03:08,589 - INFO - Output directory 'TNG300_snapshot99' is set to: /caefs/data/IllustrisTNG/snapshot-99-dm-npy/cache
2025-03-09 16:03:08,589 - WARNING - Output directory 'NPZ' does not exist: /path/to/your/output/npz
2025-03-09 16:03:08,589 - INFO - Output directory 'NPY' is set to: /caefs/data/IllustrisTNG/300/ICS
2025-03-09 16:03:08,589 - WARNING - Output directory 'LOGS' does not exist: /path/to/your/logs
2025-03-09 16:03:08,593 - INFO - Using GPU device 1.
2025-03-09 16:03:08,593 - INFO - Output directory 'TNG300_ICS' is set to: /caefs/data/IllustrisTNG/300/ICS
2025-03-09 16:03:08,594 - INFO - Output directory 'TNG300_snapshot99' is set to: /caefs/data/IllustrisTNG/snapshot-99-dm-npy/cache
2025-03-09 16:03:08,594 - WARNING - Output directory 'NPZ' does not exist: /path/to/your/output/npz
2025-03-09 16:03:08,594 - INFO - Output directory 'NPY' is set to: /caefs/data/IllustrisTNG/300/ICS
2025-03-09 16:03:08,594 - WARNING - Output directory 'LOGS' does not exist: /path/to/your/logs
