2025-03-09 15:39:16,967 - INFO - Using GPU device 1.
2025-03-09 15:39:16,969 - INFO - Output directory 'TNG300_ICS' is set to: /caefs/data/IllustrisTNG/300/ICS
2025-03-09 15:39:16,969 - INFO - Output directory 'TNG300_snapshot99' is set to: /caefs/data/IllustrisTNG/snapshot-99-dm-npy/cache
2025-03-09 15:39:16,969 - WARNING - Output directory 'NPZ' does not exist: /path/to/your/output/npz
2025-03-09 15:39:16,969 - INFO - Output directory 'NPY' is set to: /caefs/data/IllustrisTNG/300/ICS
2025-03-09 15:39:16,969 - WARNING - Output directory 'LOGS' does not exist: /path/to/your/logs
2025-03-09 15:39:17,488 - INFO - Using GPU device 1.
2025-03-09 15:39:17,488 - INFO - Output directory 'TNG300_ICS' is set to: /caefs/data/IllustrisTNG/300/ICS
2025-03-09 15:39:17,488 - INFO - Output directory 'TNG300_snapshot99' is set to: /caefs/data/IllustrisTNG/snapshot-99-dm-npy/cache
2025-03-09 15:39:17,489 - WARNING - Output directory 'NPZ' does not exist: /path/to/your/output/npz
2025-03-09 15:39:17,489 - INFO - Output directory 'NPY' is set to: /caefs/data/IllustrisTNG/300/ICS
2025-03-09 15:39:17,489 - WARNING - Output directory 'LOGS' does not exist: /path/to/your/logs
2025-03-09 15:39:17,563 - INFO - Using GPU device 1.
2025-03-09 15:39:17,563 - INFO - Output directory 'TNG300_ICS' is set to: /caefs/data/IllustrisTNG/300/ICS
2025-03-09 15:39:17,563 - INFO - Output directory 'TNG300_snapshot99' is set to: /caefs/data/IllustrisTNG/snapshot-99-dm-npy/cache
2025-03-09 15:39:17,563 - WARNING - Output directory 'NPZ' does not exist: /path/to/your/output/npz
2025-03-09 15:39:17,563 - INFO - Output directory 'NPY' is set to: /caefs/data/IllustrisTNG/300/ICS
2025-03-09 15:39:17,563 - WARNING - Output directory 'LOGS' does not exist: /path/to/your/logs
2025-03-09 15:39:17,617 - INFO - Using GPU device 1.
2025-03-09 15:39:17,618 - INFO - Output directory 'TNG300_ICS' is set to: /caefs/data/IllustrisTNG/300/ICS
2025-03-09 15:39:17,618 - INFO - Output directory 'TNG300_snapshot99' is set to: /caefs/data/IllustrisTNG/snapshot-99-dm-npy/cache
2025-03-09 15:39:17,618 - WARNING - Output directory 'NPZ' does not exist: /path/to/your/output/npz
2025-03-09 15:39:17,618 - INFO - Output directory 'NPY' is set to: /caefs/data/IllustrisTNG/300/ICS
2025-03-09 15:39:17,618 - WARNING - Output directory 'LOGS' does not exist: /path/to/your/logs
2025-03-09 15:39:17,722 - INFO - Using GPU device 1.
2025-03-09 15:39:17,723 - INFO - Output directory 'TNG300_ICS' is set to: /caefs/data/IllustrisTNG/300/ICS
2025-03-09 15:39:17,723 - INFO - Output directory 'TNG300_snapshot99' is set to: /caefs/data/IllustrisTNG/snapshot-99-dm-npy/cache
2025-03-09 15:39:17,723 - WARNING - Output directory 'NPZ' does not exist: /path/to/your/output/npz
2025-03-09 15:39:17,723 - INFO - Output directory 'NPY' is set to: /caefs/data/IllustrisTNG/300/ICS
2025-03-09 15:39:17,723 - WARNING - Output directory 'LOGS' does not exist: /path/to/your/logs
2025-03-09 15:39:17,733 - INFO - Using GPU device 1.
2025-03-09 15:39:17,733 - INFO - Output directory 'TNG300_ICS' is set to: /caefs/data/IllustrisTNG/300/ICS
2025-03-09 15:39:17,733 - INFO - Output directory 'TNG300_snapshot99' is set to: /caefs/data/IllustrisTNG/snapshot-99-dm-npy/cache
2025-03-09 15:39:17,734 - WARNING - Output directory 'NPZ' does not exist: /path/to/your/output/npz
2025-03-09 15:39:17,734 - INFO - Output directory 'NPY' is set to: /caefs/data/IllustrisTNG/300/ICS
2025-03-09 15:39:17,734 - WARNING - Output directory 'LOGS' does not exist: /path/to/your/logs
2025-03-09 15:39:17,781 - INFO - Using GPU device 1.
2025-03-09 15:39:17,782 - INFO - Output directory 'TNG300_ICS' is set to: /caefs/data/IllustrisTNG/300/ICS
2025-03-09 15:39:17,782 - INFO - Output directory 'TNG300_snapshot99' is set to: /caefs/data/IllustrisTNG/snapshot-99-dm-npy/cache
2025-03-09 15:39:17,782 - WARNING - Output directory 'NPZ' does not exist: /path/to/your/output/npz
2025-03-09 15:39:17,782 - INFO - Output directory 'NPY' is set to: /caefs/data/IllustrisTNG/300/ICS
2025-03-09 15:39:17,782 - WARNING - Output directory 'LOGS' does not exist: /path/to/your/logs
2025-03-09 15:39:17,825 - INFO - Using GPU device 1.
2025-03-09 15:39:17,825 - INFO - Output directory 'TNG300_ICS' is set to: /caefs/data/IllustrisTNG/300/ICS
2025-03-09 15:39:17,826 - INFO - Output directory 'TNG300_snapshot99' is set to: /caefs/data/IllustrisTNG/snapshot-99-dm-npy/cache
2025-03-09 15:39:17,826 - WARNING - Output directory 'NPZ' does not exist: /path/to/your/output/npz
2025-03-09 15:39:17,826 - INFO - Output directory 'NPY' is set to: /caefs/data/IllustrisTNG/300/ICS
2025-03-09 15:39:17,826 - WARNING - Output directory 'LOGS' does not exist: /path/to/your/logs
2025-03-09 15:39:17,887 - INFO - Using GPU device 1.
2025-03-09 15:39:17,888 - INFO - Output directory 'TNG300_ICS' is set to: /caefs/data/IllustrisTNG/300/ICS
2025-03-09 15:39:17,888 - INFO - Output directory 'TNG300_snapshot99' is set to: /caefs/data/IllustrisTNG/snapshot-99-dm-npy/cache
2025-03-09 15:39:17,888 - WARNING - Output directory 'NPZ' does not exist: /path/to/your/output/npz
2025-03-09 15:39:17,888 - INFO - Output directory 'NPY' is set to: /caefs/data/IllustrisTNG/300/ICS
2025-03-09 15:39:17,888 - WARNING - Output directory 'LOGS' does not exist: /path/to/your/logs
2025-03-09 15:39:17,971 - INFO - Using GPU device 1.
2025-03-09 15:39:17,972 - INFO - Output directory 'TNG300_ICS' is set to: /caefs/data/IllustrisTNG/300/ICS
2025-03-09 15:39:17,972 - INFO - Output directory 'TNG300_snapshot99' is set to: /caefs/data/IllustrisTNG/snapshot-99-dm-npy/cache
2025-03-09 15:39:17,972 - WARNING - Output directory 'NPZ' does not exist: /path/to/your/output/npz
2025-03-09 15:39:17,972 - INFO - Output directory 'NPY' is set to: /caefs/data/IllustrisTNG/300/ICS
2025-03-09 15:39:17,972 - WARNING - Output directory 'LOGS' does not exist: /path/to/your/logs
2025-03-09 15:39:18,001 - INFO - Using GPU device 1.
2025-03-09 15:39:18,001 - INFO - Output directory 'TNG300_ICS' is set to: /caefs/data/IllustrisTNG/300/ICS
2025-03-09 15:39:18,001 - INFO - Output directory 'TNG300_snapshot99' is set to: /caefs/data/IllustrisTNG/snapshot-99-dm-npy/cache
2025-03-09 15:39:18,001 - WARNING - Output directory 'NPZ' does not exist: /path/to/your/output/npz
2025-03-09 15:39:18,001 - INFO - Output directory 'NPY' is set to: /caefs/data/IllustrisTNG/300/ICS
2025-03-09 15:39:18,002 - WARNING - Output directory 'LOGS' does not exist: /path/to/your/logs
2025-03-09 15:39:18,137 - INFO - Using GPU device 1.
2025-03-09 15:39:18,138 - INFO - Output directory 'TNG300_ICS' is set to: /caefs/data/IllustrisTNG/300/ICS
2025-03-09 15:39:18,138 - INFO - Output directory 'TNG300_snapshot99' is set to: /caefs/data/IllustrisTNG/snapshot-99-dm-npy/cache
2025-03-09 15:39:18,139 - WARNING - Output directory 'NPZ' does not exist: /path/to/your/output/npz
2025-03-09 15:39:18,139 - INFO - Output directory 'NPY' is set to: /caefs/data/IllustrisTNG/300/ICS
2025-03-09 15:39:18,139 - WARNING - Output directory 'LOGS' does not exist: /path/to/your/logs
2025-03-09 15:39:18,156 - INFO - Using GPU device 1.
2025-03-09 15:39:18,156 - INFO - Output directory 'TNG300_ICS' is set to: /caefs/data/IllustrisTNG/300/ICS
2025-03-09 15:39:18,156 - INFO - Output directory 'TNG300_snapshot99' is set to: /caefs/data/IllustrisTNG/snapshot-99-dm-npy/cache
2025-03-09 15:39:18,156 - WARNING - Output directory 'NPZ' does not exist: /path/to/your/output/npz
2025-03-09 15:39:18,157 - INFO - Output directory 'NPY' is set to: /caefs/data/IllustrisTNG/300/ICS
2025-03-09 15:39:18,157 - WARNING - Output directory 'LOGS' does not exist: /path/to/your/logs
2025-03-09 15:39:18,190 - INFO - Using GPU device 1.
2025-03-09 15:39:18,190 - INFO - Output directory 'TNG300_ICS' is set to: /caefs/data/IllustrisTNG/300/ICS
2025-03-09 15:39:18,190 - INFO - Output directory 'TNG300_snapshot99' is set to: /caefs/data/IllustrisTNG/snapshot-99-dm-npy/cache
2025-03-09 15:39:18,190 - WARNING - Output directory 'NPZ' does not exist: /path/to/your/output/npz
2025-03-09 15:39:18,190 - INFO - Output directory 'NPY' is set to: /caefs/data/IllustrisTNG/300/ICS
2025-03-09 15:39:18,191 - WARNING - Output directory 'LOGS' does not exist: /path/to/your/logs
2025-03-09 15:39:18,203 - INFO - Using GPU device 1.
2025-03-09 15:39:18,204 - INFO - Output directory 'TNG300_ICS' is set to: /caefs/data/IllustrisTNG/300/ICS
2025-03-09 15:39:18,204 - INFO - Output directory 'TNG300_snapshot99' is set to: /caefs/data/IllustrisTNG/snapshot-99-dm-npy/cache
2025-03-09 15:39:18,204 - WARNING - Output directory 'NPZ' does not exist: /path/to/your/output/npz
2025-03-09 15:39:18,204 - INFO - Output directory 'NPY' is set to: /caefs/data/IllustrisTNG/300/ICS
2025-03-09 15:39:18,204 - WARNING - Output directory 'LOGS' does not exist: /path/to/your/logs
2025-03-09 15:39:18,297 - INFO - Using GPU device 1.
2025-03-09 15:39:18,297 - INFO - Output directory 'TNG300_ICS' is set to: /caefs/data/IllustrisTNG/300/ICS
2025-03-09 15:39:18,298 - INFO - Output directory 'TNG300_snapshot99' is set to: /caefs/data/IllustrisTNG/snapshot-99-dm-npy/cache
2025-03-09 15:39:18,298 - WARNING - Output directory 'NPZ' does not exist: /path/to/your/output/npz
2025-03-09 15:39:18,298 - INFO - Output directory 'NPY' is set to: /caefs/data/IllustrisTNG/300/ICS
2025-03-09 15:39:18,298 - WARNING - Output directory 'LOGS' does not exist: /path/to/your/logs
2025-03-09 15:39:18,322 - INFO - Using GPU device 1.
2025-03-09 15:39:18,323 - INFO - Output directory 'TNG300_ICS' is set to: /caefs/data/IllustrisTNG/300/ICS
2025-03-09 15:39:18,323 - INFO - Output directory 'TNG300_snapshot99' is set to: /caefs/data/IllustrisTNG/snapshot-99-dm-npy/cache
2025-03-09 15:39:18,323 - WARNING - Output directory 'NPZ' does not exist: /path/to/your/output/npz
2025-03-09 15:39:18,323 - INFO - Output directory 'NPY' is set to: /caefs/data/IllustrisTNG/300/ICS
2025-03-09 15:39:18,323 - WARNING - Output directory 'LOGS' does not exist: /path/to/your/logs
2025-03-09 15:39:18,331 - INFO - Using GPU device 1.
2025-03-09 15:39:18,331 - INFO - Output directory 'TNG300_ICS' is set to: /caefs/data/IllustrisTNG/300/ICS
2025-03-09 15:39:18,331 - INFO - Output directory 'TNG300_snapshot99' is set to: /caefs/data/IllustrisTNG/snapshot-99-dm-npy/cache
2025-03-09 15:39:18,331 - WARNING - Output directory 'NPZ' does not exist: /path/to/your/output/npz
2025-03-09 15:39:18,332 - INFO - Output directory 'NPY' is set to: /caefs/data/IllustrisTNG/300/ICS
2025-03-09 15:39:18,332 - WARNING - Output directory 'LOGS' does not exist: /path/to/your/logs
2025-03-09 15:39:18,335 - INFO - Using GPU device 1.
2025-03-09 15:39:18,336 - INFO - Output directory 'TNG300_ICS' is set to: /caefs/data/IllustrisTNG/300/ICS
2025-03-09 15:39:18,336 - INFO - Output directory 'TNG300_snapshot99' is set to: /caefs/data/IllustrisTNG/snapshot-99-dm-npy/cache
2025-03-09 15:39:18,337 - WARNING - Output directory 'NPZ' does not exist: /path/to/your/output/npz
2025-03-09 15:39:18,337 - INFO - Output directory 'NPY' is set to: /caefs/data/IllustrisTNG/300/ICS
2025-03-09 15:39:18,337 - WARNING - Output directory 'LOGS' does not exist: /path/to/your/logs
