2025-03-09 14:59:27,534 - INFO - Using GPU device 1.
2025-03-09 14:59:27,536 - INFO - Output directory 'TNG300_ICS' is set to: /caefs/data/IllustrisTNG/300/ICS
2025-03-09 14:59:27,536 - INFO - Output directory 'TNG300_snapshot99' is set to: /caefs/data/IllustrisTNG/snapshot-99-dm-npy/cache
2025-03-09 14:59:27,536 - WARNING - Output directory 'NPZ' does not exist: /path/to/your/output/npz
2025-03-09 14:59:27,536 - INFO - Output directory 'NPY' is set to: /caefs/data/IllustrisTNG/300/ICS
2025-03-09 14:59:27,536 - WARNING - Output directory 'LOGS' does not exist: /path/to/your/logs
2025-03-09 14:59:27,536 - INFO - Input directory (npy): /caefs/data/IllustrisTNG/snapshot-99-dm-npy/cache
2025-03-09 14:59:27,536 - INFO - Output directory: /caefs/user/mmingyeong/structura/Structura/src/results
2025-03-09 14:59:27,538 - DEBUG - Detected 598 .npy file(s) in the input directory.
2025-03-09 14:59:27,538 - DEBUG - Example file: snapshot-99.370.npy
2025-03-09 14:59:27,539 - DEBUG - Filtering range set to: 100.00 - 110.00 cMpc/h (Center: 105.00 cMpc/h, Thickness: 10.00 cMpc/h)
2025-03-09 14:59:27,539 - INFO - Loading data...
2025-03-09 14:59:43,424 - INFO - Batch 1/6: CPU usage = 0.0%, throughput = 0.34 tasks/sec, current workers = 48
2025-03-09 14:59:43,424 - INFO - Increasing worker count: 48 -> 49 (CPU usage low)
2025-03-09 14:59:55,870 - INFO - Batch 2/6: CPU usage = 0.0%, throughput = 0.44 tasks/sec, current workers = 49
2025-03-09 14:59:55,871 - INFO - Increasing worker count: 49 -> 50 (CPU usage low)
2025-03-09 15:00:07,372 - INFO - Batch 3/6: CPU usage = 0.2%, throughput = 0.48 tasks/sec, current workers = 50
2025-03-09 15:00:07,373 - INFO - Increasing worker count: 50 -> 51 (CPU usage low)
2025-03-09 15:00:19,498 - INFO - Batch 4/6: CPU usage = 0.0%, throughput = 0.45 tasks/sec, current workers = 51
2025-03-09 15:00:19,499 - INFO - Increasing worker count: 51 -> 52 (CPU usage low)
2025-03-09 15:00:23,910 - INFO - Batch 5/6: CPU usage = 0.0%, throughput = 1.47 tasks/sec, current workers = 52
2025-03-09 15:00:23,911 - INFO - Increasing worker count: 52 -> 53 (CPU usage low)
2025-03-09 15:00:33,757 - INFO - Batch 6/6: CPU usage = 0.0%, throughput = 0.57 tasks/sec, current workers = 53
2025-03-09 15:00:33,757 - INFO - Increasing worker count: 53 -> 54 (CPU usage low)
2025-03-09 15:00:33,757 - INFO - Time elapsed for loading all data chunks: 66.22 seconds
2025-03-09 15:00:57,159 - INFO - Combined data shape: (33178048, 3)
2025-03-09 15:01:41,597 - INFO - Data statistics per column:
  Mean: [105.22121415  88.30739951  98.74438458]
  Median: [105.59593033  76.75813341 105.4041747 ]
  Minimum: [1.00000001e+02 6.95434415e-01 1.46158535e-03]
  Maximum: [109.99999955 203.20403474 198.54628412]
2025-03-09 15:01:41,597 - INFO - Projection axis 0 range: min = 100.00000099213804, max = 109.99999954707825
2025-03-09 15:01:45,866 - DEBUG - Loaded data shape: (33178048, 3)
2025-03-09 15:01:45,866 - INFO - Data loaded successfully.
2025-03-09 15:01:45,867 - INFO - Total execution time: 00:02:18 (138.33 seconds)
2025-03-09 15:01:45,867 - INFO - Plot generated successfully.
