2025-03-09 15:15:35,156 - INFO - Using GPU device 1.
2025-03-09 15:15:35,158 - INFO - Output directory 'TNG300_ICS' is set to: /caefs/data/IllustrisTNG/300/ICS
2025-03-09 15:15:35,158 - INFO - Output directory 'TNG300_snapshot99' is set to: /caefs/data/IllustrisTNG/snapshot-99-dm-npy/cache
2025-03-09 15:15:35,158 - WARNING - Output directory 'NPZ' does not exist: /path/to/your/output/npz
2025-03-09 15:15:35,158 - INFO - Output directory 'NPY' is set to: /caefs/data/IllustrisTNG/300/ICS
2025-03-09 15:15:35,158 - WARNING - Output directory 'LOGS' does not exist: /path/to/your/logs
2025-03-09 15:15:35,159 - INFO - Input directory (npy): /caefs/data/IllustrisTNG/snapshot-99-dm-npy/cache
2025-03-09 15:15:35,159 - INFO - Output directory: /caefs/user/mmingyeong/structura/Structura/src/results
2025-03-09 15:15:35,160 - DEBUG - Detected 598 .npy file(s) in the input directory.
2025-03-09 15:15:35,160 - DEBUG - Example file: snapshot-99.370.npy
2025-03-09 15:15:35,160 - DEBUG - Filtering range set to: 100.00 - 110.00 cMpc/h (Center: 105.00 cMpc/h, Thickness: 10.00 cMpc/h)
2025-03-09 15:15:35,160 - INFO - Loading data...
2025-03-09 15:15:35,161 - INFO - Initial adaptive worker count: 48
2025-03-09 15:15:42,323 - INFO - Batch 1/6: CPU usage = 0.0%, memory usage = 88.1%, throughput = 0.81 tasks/sec, current workers = 48
2025-03-09 15:15:47,814 - INFO - Batch 2/6: CPU usage = 0.0%, memory usage = 88.1%, throughput = 1.11 tasks/sec, current workers = 48
2025-03-09 15:16:02,563 - INFO - Batch 3/6: CPU usage = 0.2%, memory usage = 88.1%, throughput = 0.36 tasks/sec, current workers = 48
2025-03-09 15:16:26,301 - INFO - Batch 4/6: CPU usage = 0.0%, memory usage = 88.2%, throughput = 0.22 tasks/sec, current workers = 48
2025-03-09 15:16:33,519 - INFO - Batch 5/6: CPU usage = 0.0%, memory usage = 88.2%, throughput = 0.80 tasks/sec, current workers = 48
2025-03-09 15:16:48,451 - INFO - Batch 6/6: CPU usage = 0.1%, memory usage = 88.2%, throughput = 0.36 tasks/sec, current workers = 48
2025-03-09 15:16:48,452 - INFO - Time elapsed for loading all data chunks: 73.29 seconds
2025-03-09 15:17:16,738 - INFO - Combined data shape: (33178048, 3)
2025-03-09 15:17:42,207 - INFO - Data statistics per column:
  Mean: [105.22121415  88.30739951  98.74438458]
  Median: [105.59593033  76.75813341 105.4041747 ]
  Minimum: [1.00000001e+02 6.95434415e-01 1.46158535e-03]
  Maximum: [109.99999955 203.20403474 198.54628412]
2025-03-09 15:17:42,207 - INFO - Projection axis 0 range: min = 100.00000099213804, max = 109.99999954707825
2025-03-09 15:17:43,001 - DEBUG - Loaded data shape: (33178048, 3)
2025-03-09 15:17:43,001 - INFO - Data loaded successfully.
2025-03-09 15:17:43,002 - INFO - Total execution time: 00:02:07 (127.84 seconds)
2025-03-09 15:17:43,002 - INFO - Plot generated successfully.
