2025-03-09 16:59:25,779 - INFO - Using GPU device 1.
2025-03-09 16:59:25,781 - INFO - Output directory 'TNG300_ICS' is set to: /caefs/data/IllustrisTNG/300/ICS
2025-03-09 16:59:25,781 - INFO - Output directory 'TNG300_snapshot99' is set to: /caefs/data/IllustrisTNG/snapshot-99-dm-npy/cache
2025-03-09 16:59:25,781 - WARNING - Output directory 'NPZ' does not exist: /path/to/your/output/npz
2025-03-09 16:59:25,781 - INFO - Output directory 'NPY' is set to: /caefs/data/IllustrisTNG/300/ICS
2025-03-09 16:59:25,781 - WARNING - Output directory 'LOGS' does not exist: /path/to/your/logs
2025-03-09 16:59:25,860 - INFO - Using GPU device 1.
2025-03-09 16:59:25,861 - INFO - Output directory 'TNG300_ICS' is set to: /caefs/data/IllustrisTNG/300/ICS
2025-03-09 16:59:25,861 - INFO - Output directory 'TNG300_snapshot99' is set to: /caefs/data/IllustrisTNG/snapshot-99-dm-npy/cache
2025-03-09 16:59:25,861 - WARNING - Output directory 'NPZ' does not exist: /path/to/your/output/npz
2025-03-09 16:59:25,861 - INFO - Output directory 'NPY' is set to: /caefs/data/IllustrisTNG/300/ICS
2025-03-09 16:59:25,861 - WARNING - Output directory 'LOGS' does not exist: /path/to/your/logs
2025-03-09 16:59:25,935 - INFO - Using GPU device 1.
2025-03-09 16:59:25,935 - INFO - Output directory 'TNG300_ICS' is set to: /caefs/data/IllustrisTNG/300/ICS
2025-03-09 16:59:25,935 - INFO - Output directory 'TNG300_snapshot99' is set to: /caefs/data/IllustrisTNG/snapshot-99-dm-npy/cache
2025-03-09 16:59:25,935 - WARNING - Output directory 'NPZ' does not exist: /path/to/your/output/npz
2025-03-09 16:59:25,935 - INFO - Output directory 'NPY' is set to: /caefs/data/IllustrisTNG/300/ICS
2025-03-09 16:59:25,935 - WARNING - Output directory 'LOGS' does not exist: /path/to/your/logs
2025-03-09 16:59:26,005 - INFO - Using GPU device 1.
2025-03-09 16:59:26,006 - INFO - Output directory 'TNG300_ICS' is set to: /caefs/data/IllustrisTNG/300/ICS
2025-03-09 16:59:26,006 - INFO - Output directory 'TNG300_snapshot99' is set to: /caefs/data/IllustrisTNG/snapshot-99-dm-npy/cache
2025-03-09 16:59:26,006 - WARNING - Output directory 'NPZ' does not exist: /path/to/your/output/npz
2025-03-09 16:59:26,006 - INFO - Output directory 'NPY' is set to: /caefs/data/IllustrisTNG/300/ICS
2025-03-09 16:59:26,006 - WARNING - Output directory 'LOGS' does not exist: /path/to/your/logs
2025-03-09 16:59:26,271 - INFO - Using GPU device 1.
2025-03-09 16:59:26,271 - INFO - Output directory 'TNG300_ICS' is set to: /caefs/data/IllustrisTNG/300/ICS
2025-03-09 16:59:26,271 - INFO - Output directory 'TNG300_snapshot99' is set to: /caefs/data/IllustrisTNG/snapshot-99-dm-npy/cache
2025-03-09 16:59:26,272 - WARNING - Output directory 'NPZ' does not exist: /path/to/your/output/npz
2025-03-09 16:59:26,272 - INFO - Output directory 'NPY' is set to: /caefs/data/IllustrisTNG/300/ICS
2025-03-09 16:59:26,272 - WARNING - Output directory 'LOGS' does not exist: /path/to/your/logs
2025-03-09 16:59:26,331 - INFO - Using GPU device 1.
2025-03-09 16:59:26,332 - INFO - Output directory 'TNG300_ICS' is set to: /caefs/data/IllustrisTNG/300/ICS
2025-03-09 16:59:26,332 - INFO - Output directory 'TNG300_snapshot99' is set to: /caefs/data/IllustrisTNG/snapshot-99-dm-npy/cache
2025-03-09 16:59:26,332 - WARNING - Output directory 'NPZ' does not exist: /path/to/your/output/npz
2025-03-09 16:59:26,332 - INFO - Output directory 'NPY' is set to: /caefs/data/IllustrisTNG/300/ICS
2025-03-09 16:59:26,333 - WARNING - Output directory 'LOGS' does not exist: /path/to/your/logs
2025-03-09 16:59:27,182 - INFO - Using GPU device 1.
2025-03-09 16:59:27,182 - INFO - Output directory 'TNG300_ICS' is set to: /caefs/data/IllustrisTNG/300/ICS
2025-03-09 16:59:27,182 - INFO - Output directory 'TNG300_snapshot99' is set to: /caefs/data/IllustrisTNG/snapshot-99-dm-npy/cache
2025-03-09 16:59:27,182 - WARNING - Output directory 'NPZ' does not exist: /path/to/your/output/npz
2025-03-09 16:59:27,182 - INFO - Output directory 'NPY' is set to: /caefs/data/IllustrisTNG/300/ICS
2025-03-09 16:59:27,182 - WARNING - Output directory 'LOGS' does not exist: /path/to/your/logs
2025-03-09 16:59:27,249 - INFO - Using GPU device 1.
2025-03-09 16:59:27,249 - INFO - Output directory 'TNG300_ICS' is set to: /caefs/data/IllustrisTNG/300/ICS
2025-03-09 16:59:27,250 - INFO - Output directory 'TNG300_snapshot99' is set to: /caefs/data/IllustrisTNG/snapshot-99-dm-npy/cache
2025-03-09 16:59:27,250 - WARNING - Output directory 'NPZ' does not exist: /path/to/your/output/npz
2025-03-09 16:59:27,250 - INFO - Output directory 'NPY' is set to: /caefs/data/IllustrisTNG/300/ICS
2025-03-09 16:59:27,250 - WARNING - Output directory 'LOGS' does not exist: /path/to/your/logs
2025-03-09 16:59:27,276 - INFO - Using GPU device 1.
2025-03-09 16:59:27,276 - INFO - Output directory 'TNG300_ICS' is set to: /caefs/data/IllustrisTNG/300/ICS
2025-03-09 16:59:27,276 - INFO - Output directory 'TNG300_snapshot99' is set to: /caefs/data/IllustrisTNG/snapshot-99-dm-npy/cache
2025-03-09 16:59:27,277 - WARNING - Output directory 'NPZ' does not exist: /path/to/your/output/npz
2025-03-09 16:59:27,277 - INFO - Output directory 'NPY' is set to: /caefs/data/IllustrisTNG/300/ICS
2025-03-09 16:59:27,277 - WARNING - Output directory 'LOGS' does not exist: /path/to/your/logs
2025-03-09 16:59:27,381 - INFO - Using GPU device 1.
2025-03-09 16:59:27,382 - INFO - Output directory 'TNG300_ICS' is set to: /caefs/data/IllustrisTNG/300/ICS
2025-03-09 16:59:27,382 - INFO - Output directory 'TNG300_snapshot99' is set to: /caefs/data/IllustrisTNG/snapshot-99-dm-npy/cache
2025-03-09 16:59:27,382 - WARNING - Output directory 'NPZ' does not exist: /path/to/your/output/npz
2025-03-09 16:59:27,382 - INFO - Output directory 'NPY' is set to: /caefs/data/IllustrisTNG/300/ICS
2025-03-09 16:59:27,382 - WARNING - Output directory 'LOGS' does not exist: /path/to/your/logs
2025-03-09 16:59:27,387 - INFO - Using GPU device 1.
2025-03-09 16:59:27,388 - INFO - Output directory 'TNG300_ICS' is set to: /caefs/data/IllustrisTNG/300/ICS
2025-03-09 16:59:27,388 - INFO - Output directory 'TNG300_snapshot99' is set to: /caefs/data/IllustrisTNG/snapshot-99-dm-npy/cache
2025-03-09 16:59:27,388 - WARNING - Output directory 'NPZ' does not exist: /path/to/your/output/npz
2025-03-09 16:59:27,388 - INFO - Output directory 'NPY' is set to: /caefs/data/IllustrisTNG/300/ICS
2025-03-09 16:59:27,388 - WARNING - Output directory 'LOGS' does not exist: /path/to/your/logs
2025-03-09 16:59:27,453 - INFO - Using GPU device 1.
2025-03-09 16:59:27,453 - INFO - Output directory 'TNG300_ICS' is set to: /caefs/data/IllustrisTNG/300/ICS
2025-03-09 16:59:27,453 - INFO - Output directory 'TNG300_snapshot99' is set to: /caefs/data/IllustrisTNG/snapshot-99-dm-npy/cache
2025-03-09 16:59:27,453 - WARNING - Output directory 'NPZ' does not exist: /path/to/your/output/npz
2025-03-09 16:59:27,453 - INFO - Output directory 'NPY' is set to: /caefs/data/IllustrisTNG/300/ICS
2025-03-09 16:59:27,454 - WARNING - Output directory 'LOGS' does not exist: /path/to/your/logs
2025-03-09 16:59:27,564 - INFO - Using GPU device 1.
2025-03-09 16:59:27,565 - INFO - Output directory 'TNG300_ICS' is set to: /caefs/data/IllustrisTNG/300/ICS
2025-03-09 16:59:27,565 - INFO - Output directory 'TNG300_snapshot99' is set to: /caefs/data/IllustrisTNG/snapshot-99-dm-npy/cache
2025-03-09 16:59:27,565 - WARNING - Output directory 'NPZ' does not exist: /path/to/your/output/npz
2025-03-09 16:59:27,565 - INFO - Output directory 'NPY' is set to: /caefs/data/IllustrisTNG/300/ICS
2025-03-09 16:59:27,565 - WARNING - Output directory 'LOGS' does not exist: /path/to/your/logs
2025-03-09 16:59:27,569 - INFO - Using GPU device 1.
2025-03-09 16:59:27,569 - INFO - Output directory 'TNG300_ICS' is set to: /caefs/data/IllustrisTNG/300/ICS
2025-03-09 16:59:27,570 - INFO - Output directory 'TNG300_snapshot99' is set to: /caefs/data/IllustrisTNG/snapshot-99-dm-npy/cache
2025-03-09 16:59:27,570 - WARNING - Output directory 'NPZ' does not exist: /path/to/your/output/npz
2025-03-09 16:59:27,570 - INFO - Output directory 'NPY' is set to: /caefs/data/IllustrisTNG/300/ICS
2025-03-09 16:59:27,570 - WARNING - Output directory 'LOGS' does not exist: /path/to/your/logs
2025-03-09 16:59:27,667 - INFO - Using GPU device 1.
2025-03-09 16:59:27,667 - INFO - Output directory 'TNG300_ICS' is set to: /caefs/data/IllustrisTNG/300/ICS
2025-03-09 16:59:27,667 - INFO - Output directory 'TNG300_snapshot99' is set to: /caefs/data/IllustrisTNG/snapshot-99-dm-npy/cache
2025-03-09 16:59:27,667 - WARNING - Output directory 'NPZ' does not exist: /path/to/your/output/npz
2025-03-09 16:59:27,667 - INFO - Output directory 'NPY' is set to: /caefs/data/IllustrisTNG/300/ICS
2025-03-09 16:59:27,667 - WARNING - Output directory 'LOGS' does not exist: /path/to/your/logs
2025-03-09 16:59:27,682 - INFO - Using GPU device 1.
2025-03-09 16:59:27,682 - INFO - Output directory 'TNG300_ICS' is set to: /caefs/data/IllustrisTNG/300/ICS
2025-03-09 16:59:27,682 - INFO - Output directory 'TNG300_snapshot99' is set to: /caefs/data/IllustrisTNG/snapshot-99-dm-npy/cache
2025-03-09 16:59:27,682 - WARNING - Output directory 'NPZ' does not exist: /path/to/your/output/npz
2025-03-09 16:59:27,683 - INFO - Output directory 'NPY' is set to: /caefs/data/IllustrisTNG/300/ICS
2025-03-09 16:59:27,683 - WARNING - Output directory 'LOGS' does not exist: /path/to/your/logs
2025-03-09 16:59:27,811 - INFO - Using GPU device 1.
2025-03-09 16:59:27,812 - INFO - Output directory 'TNG300_ICS' is set to: /caefs/data/IllustrisTNG/300/ICS
2025-03-09 16:59:27,812 - INFO - Output directory 'TNG300_snapshot99' is set to: /caefs/data/IllustrisTNG/snapshot-99-dm-npy/cache
2025-03-09 16:59:27,812 - WARNING - Output directory 'NPZ' does not exist: /path/to/your/output/npz
2025-03-09 16:59:27,812 - INFO - Output directory 'NPY' is set to: /caefs/data/IllustrisTNG/300/ICS
2025-03-09 16:59:27,812 - WARNING - Output directory 'LOGS' does not exist: /path/to/your/logs
2025-03-09 16:59:27,812 - INFO - Using GPU device 1.
2025-03-09 16:59:27,813 - INFO - Output directory 'TNG300_ICS' is set to: /caefs/data/IllustrisTNG/300/ICS
2025-03-09 16:59:27,813 - INFO - Output directory 'TNG300_snapshot99' is set to: /caefs/data/IllustrisTNG/snapshot-99-dm-npy/cache
2025-03-09 16:59:27,813 - WARNING - Output directory 'NPZ' does not exist: /path/to/your/output/npz
2025-03-09 16:59:27,814 - INFO - Output directory 'NPY' is set to: /caefs/data/IllustrisTNG/300/ICS
2025-03-09 16:59:27,814 - WARNING - Output directory 'LOGS' does not exist: /path/to/your/logs
2025-03-09 16:59:27,838 - INFO - Using GPU device 1.
2025-03-09 16:59:27,839 - INFO - Output directory 'TNG300_ICS' is set to: /caefs/data/IllustrisTNG/300/ICS
2025-03-09 16:59:27,839 - INFO - Output directory 'TNG300_snapshot99' is set to: /caefs/data/IllustrisTNG/snapshot-99-dm-npy/cache
2025-03-09 16:59:27,839 - WARNING - Output directory 'NPZ' does not exist: /path/to/your/output/npz
2025-03-09 16:59:27,839 - INFO - Output directory 'NPY' is set to: /caefs/data/IllustrisTNG/300/ICS
2025-03-09 16:59:27,839 - WARNING - Output directory 'LOGS' does not exist: /path/to/your/logs
2025-03-09 16:59:27,953 - INFO - Using GPU device 1.
2025-03-09 16:59:27,953 - INFO - Output directory 'TNG300_ICS' is set to: /caefs/data/IllustrisTNG/300/ICS
2025-03-09 16:59:27,954 - INFO - Output directory 'TNG300_snapshot99' is set to: /caefs/data/IllustrisTNG/snapshot-99-dm-npy/cache
2025-03-09 16:59:27,954 - WARNING - Output directory 'NPZ' does not exist: /path/to/your/output/npz
2025-03-09 16:59:27,954 - INFO - Output directory 'NPY' is set to: /caefs/data/IllustrisTNG/300/ICS
2025-03-09 16:59:27,954 - WARNING - Output directory 'LOGS' does not exist: /path/to/your/logs
2025-03-09 16:59:28,004 - INFO - Using GPU device 1.
2025-03-09 16:59:28,005 - INFO - Output directory 'TNG300_ICS' is set to: /caefs/data/IllustrisTNG/300/ICS
2025-03-09 16:59:28,005 - INFO - Output directory 'TNG300_snapshot99' is set to: /caefs/data/IllustrisTNG/snapshot-99-dm-npy/cache
2025-03-09 16:59:28,005 - WARNING - Output directory 'NPZ' does not exist: /path/to/your/output/npz
2025-03-09 16:59:28,005 - INFO - Output directory 'NPY' is set to: /caefs/data/IllustrisTNG/300/ICS
2025-03-09 16:59:28,005 - WARNING - Output directory 'LOGS' does not exist: /path/to/your/logs
2025-03-09 16:59:28,019 - INFO - Using GPU device 1.
2025-03-09 16:59:28,020 - INFO - Output directory 'TNG300_ICS' is set to: /caefs/data/IllustrisTNG/300/ICS
2025-03-09 16:59:28,020 - INFO - Output directory 'TNG300_snapshot99' is set to: /caefs/data/IllustrisTNG/snapshot-99-dm-npy/cache
2025-03-09 16:59:28,020 - WARNING - Output directory 'NPZ' does not exist: /path/to/your/output/npz
2025-03-09 16:59:28,020 - INFO - Output directory 'NPY' is set to: /caefs/data/IllustrisTNG/300/ICS
2025-03-09 16:59:28,020 - WARNING - Output directory 'LOGS' does not exist: /path/to/your/logs
2025-03-09 16:59:28,027 - INFO - Using GPU device 1.
2025-03-09 16:59:28,028 - INFO - Output directory 'TNG300_ICS' is set to: /caefs/data/IllustrisTNG/300/ICS
2025-03-09 16:59:28,028 - INFO - Output directory 'TNG300_snapshot99' is set to: /caefs/data/IllustrisTNG/snapshot-99-dm-npy/cache
2025-03-09 16:59:28,028 - WARNING - Output directory 'NPZ' does not exist: /path/to/your/output/npz
2025-03-09 16:59:28,028 - INFO - Output directory 'NPY' is set to: /caefs/data/IllustrisTNG/300/ICS
2025-03-09 16:59:28,028 - WARNING - Output directory 'LOGS' does not exist: /path/to/your/logs
2025-03-09 16:59:28,045 - INFO - Using GPU device 1.
2025-03-09 16:59:28,045 - INFO - Output directory 'TNG300_ICS' is set to: /caefs/data/IllustrisTNG/300/ICS
2025-03-09 16:59:28,046 - INFO - Output directory 'TNG300_snapshot99' is set to: /caefs/data/IllustrisTNG/snapshot-99-dm-npy/cache
2025-03-09 16:59:28,046 - WARNING - Output directory 'NPZ' does not exist: /path/to/your/output/npz
2025-03-09 16:59:28,046 - INFO - Output directory 'NPY' is set to: /caefs/data/IllustrisTNG/300/ICS
2025-03-09 16:59:28,046 - WARNING - Output directory 'LOGS' does not exist: /path/to/your/logs
2025-03-09 16:59:28,048 - INFO - Using GPU device 1.
2025-03-09 16:59:28,048 - INFO - Output directory 'TNG300_ICS' is set to: /caefs/data/IllustrisTNG/300/ICS
2025-03-09 16:59:28,048 - INFO - Output directory 'TNG300_snapshot99' is set to: /caefs/data/IllustrisTNG/snapshot-99-dm-npy/cache
2025-03-09 16:59:28,049 - WARNING - Output directory 'NPZ' does not exist: /path/to/your/output/npz
2025-03-09 16:59:28,049 - INFO - Output directory 'NPY' is set to: /caefs/data/IllustrisTNG/300/ICS
2025-03-09 16:59:28,049 - WARNING - Output directory 'LOGS' does not exist: /path/to/your/logs
