2025-03-09 15:50:16,810 - INFO - Using GPU device 1.
2025-03-09 15:50:16,814 - INFO - Output directory 'TNG300_ICS' is set to: /caefs/data/IllustrisTNG/300/ICS
2025-03-09 15:50:16,815 - INFO - Output directory 'TNG300_snapshot99' is set to: /caefs/data/IllustrisTNG/snapshot-99-dm-npy/cache
2025-03-09 15:50:16,815 - WARNING - Output directory 'NPZ' does not exist: /path/to/your/output/npz
2025-03-09 15:50:16,815 - INFO - Output directory 'NPY' is set to: /caefs/data/IllustrisTNG/300/ICS
2025-03-09 15:50:16,815 - WARNING - Output directory 'LOGS' does not exist: /path/to/your/logs
2025-03-09 15:50:18,002 - INFO - Using GPU device 1.
2025-03-09 15:50:18,002 - INFO - Output directory 'TNG300_ICS' is set to: /caefs/data/IllustrisTNG/300/ICS
2025-03-09 15:50:18,002 - INFO - Output directory 'TNG300_snapshot99' is set to: /caefs/data/IllustrisTNG/snapshot-99-dm-npy/cache
2025-03-09 15:50:18,003 - WARNING - Output directory 'NPZ' does not exist: /path/to/your/output/npz
2025-03-09 15:50:18,003 - INFO - Output directory 'NPY' is set to: /caefs/data/IllustrisTNG/300/ICS
2025-03-09 15:50:18,003 - WARNING - Output directory 'LOGS' does not exist: /path/to/your/logs
2025-03-09 15:50:18,105 - INFO - Using GPU device 1.
2025-03-09 15:50:18,106 - INFO - Output directory 'TNG300_ICS' is set to: /caefs/data/IllustrisTNG/300/ICS
2025-03-09 15:50:18,106 - INFO - Output directory 'TNG300_snapshot99' is set to: /caefs/data/IllustrisTNG/snapshot-99-dm-npy/cache
2025-03-09 15:50:18,106 - WARNING - Output directory 'NPZ' does not exist: /path/to/your/output/npz
2025-03-09 15:50:18,106 - INFO - Output directory 'NPY' is set to: /caefs/data/IllustrisTNG/300/ICS
2025-03-09 15:50:18,106 - WARNING - Output directory 'LOGS' does not exist: /path/to/your/logs
2025-03-09 15:50:18,254 - INFO - Using GPU device 1.
2025-03-09 15:50:18,254 - INFO - Output directory 'TNG300_ICS' is set to: /caefs/data/IllustrisTNG/300/ICS
2025-03-09 15:50:18,255 - INFO - Output directory 'TNG300_snapshot99' is set to: /caefs/data/IllustrisTNG/snapshot-99-dm-npy/cache
2025-03-09 15:50:18,255 - WARNING - Output directory 'NPZ' does not exist: /path/to/your/output/npz
2025-03-09 15:50:18,255 - INFO - Output directory 'NPY' is set to: /caefs/data/IllustrisTNG/300/ICS
2025-03-09 15:50:18,255 - WARNING - Output directory 'LOGS' does not exist: /path/to/your/logs
2025-03-09 15:50:18,380 - INFO - Using GPU device 1.
2025-03-09 15:50:18,381 - INFO - Output directory 'TNG300_ICS' is set to: /caefs/data/IllustrisTNG/300/ICS
2025-03-09 15:50:18,381 - INFO - Output directory 'TNG300_snapshot99' is set to: /caefs/data/IllustrisTNG/snapshot-99-dm-npy/cache
2025-03-09 15:50:18,381 - WARNING - Output directory 'NPZ' does not exist: /path/to/your/output/npz
2025-03-09 15:50:18,381 - INFO - Output directory 'NPY' is set to: /caefs/data/IllustrisTNG/300/ICS
2025-03-09 15:50:18,381 - WARNING - Output directory 'LOGS' does not exist: /path/to/your/logs
2025-03-09 15:50:18,825 - INFO - Using GPU device 1.
2025-03-09 15:50:18,826 - INFO - Output directory 'TNG300_ICS' is set to: /caefs/data/IllustrisTNG/300/ICS
2025-03-09 15:50:18,827 - INFO - Output directory 'TNG300_snapshot99' is set to: /caefs/data/IllustrisTNG/snapshot-99-dm-npy/cache
2025-03-09 15:50:18,827 - WARNING - Output directory 'NPZ' does not exist: /path/to/your/output/npz
2025-03-09 15:50:18,827 - INFO - Output directory 'NPY' is set to: /caefs/data/IllustrisTNG/300/ICS
2025-03-09 15:50:18,827 - WARNING - Output directory 'LOGS' does not exist: /path/to/your/logs
2025-03-09 15:50:19,217 - INFO - Using GPU device 1.
2025-03-09 15:50:19,218 - INFO - Output directory 'TNG300_ICS' is set to: /caefs/data/IllustrisTNG/300/ICS
2025-03-09 15:50:19,218 - INFO - Output directory 'TNG300_snapshot99' is set to: /caefs/data/IllustrisTNG/snapshot-99-dm-npy/cache
2025-03-09 15:50:19,218 - WARNING - Output directory 'NPZ' does not exist: /path/to/your/output/npz
2025-03-09 15:50:19,219 - INFO - Output directory 'NPY' is set to: /caefs/data/IllustrisTNG/300/ICS
2025-03-09 15:50:19,219 - WARNING - Output directory 'LOGS' does not exist: /path/to/your/logs
2025-03-09 15:50:19,294 - INFO - Using GPU device 1.
2025-03-09 15:50:19,295 - INFO - Output directory 'TNG300_ICS' is set to: /caefs/data/IllustrisTNG/300/ICS
2025-03-09 15:50:19,295 - INFO - Output directory 'TNG300_snapshot99' is set to: /caefs/data/IllustrisTNG/snapshot-99-dm-npy/cache
2025-03-09 15:50:19,296 - WARNING - Output directory 'NPZ' does not exist: /path/to/your/output/npz
2025-03-09 15:50:19,296 - INFO - Output directory 'NPY' is set to: /caefs/data/IllustrisTNG/300/ICS
2025-03-09 15:50:19,296 - WARNING - Output directory 'LOGS' does not exist: /path/to/your/logs
2025-03-09 15:50:19,376 - INFO - Using GPU device 1.
2025-03-09 15:50:19,377 - INFO - Output directory 'TNG300_ICS' is set to: /caefs/data/IllustrisTNG/300/ICS
2025-03-09 15:50:19,377 - INFO - Output directory 'TNG300_snapshot99' is set to: /caefs/data/IllustrisTNG/snapshot-99-dm-npy/cache
2025-03-09 15:50:19,377 - WARNING - Output directory 'NPZ' does not exist: /path/to/your/output/npz
2025-03-09 15:50:19,378 - INFO - Output directory 'NPY' is set to: /caefs/data/IllustrisTNG/300/ICS
2025-03-09 15:50:19,378 - WARNING - Output directory 'LOGS' does not exist: /path/to/your/logs
2025-03-09 15:50:19,629 - INFO - Using GPU device 1.
2025-03-09 15:50:19,630 - INFO - Output directory 'TNG300_ICS' is set to: /caefs/data/IllustrisTNG/300/ICS
2025-03-09 15:50:19,630 - INFO - Output directory 'TNG300_snapshot99' is set to: /caefs/data/IllustrisTNG/snapshot-99-dm-npy/cache
2025-03-09 15:50:19,631 - WARNING - Output directory 'NPZ' does not exist: /path/to/your/output/npz
2025-03-09 15:50:19,631 - INFO - Output directory 'NPY' is set to: /caefs/data/IllustrisTNG/300/ICS
2025-03-09 15:50:19,631 - WARNING - Output directory 'LOGS' does not exist: /path/to/your/logs
2025-03-09 15:50:19,827 - INFO - Using GPU device 1.
2025-03-09 15:50:19,828 - INFO - Output directory 'TNG300_ICS' is set to: /caefs/data/IllustrisTNG/300/ICS
2025-03-09 15:50:19,828 - INFO - Output directory 'TNG300_snapshot99' is set to: /caefs/data/IllustrisTNG/snapshot-99-dm-npy/cache
2025-03-09 15:50:19,828 - WARNING - Output directory 'NPZ' does not exist: /path/to/your/output/npz
2025-03-09 15:50:19,829 - INFO - Output directory 'NPY' is set to: /caefs/data/IllustrisTNG/300/ICS
2025-03-09 15:50:19,829 - WARNING - Output directory 'LOGS' does not exist: /path/to/your/logs
2025-03-09 15:50:20,026 - INFO - Using GPU device 1.
2025-03-09 15:50:20,026 - INFO - Output directory 'TNG300_ICS' is set to: /caefs/data/IllustrisTNG/300/ICS
2025-03-09 15:50:20,027 - INFO - Output directory 'TNG300_snapshot99' is set to: /caefs/data/IllustrisTNG/snapshot-99-dm-npy/cache
2025-03-09 15:50:20,027 - WARNING - Output directory 'NPZ' does not exist: /path/to/your/output/npz
2025-03-09 15:50:20,027 - INFO - Output directory 'NPY' is set to: /caefs/data/IllustrisTNG/300/ICS
2025-03-09 15:50:20,028 - WARNING - Output directory 'LOGS' does not exist: /path/to/your/logs
2025-03-09 15:50:20,231 - INFO - Using GPU device 1.
2025-03-09 15:50:20,232 - INFO - Output directory 'TNG300_ICS' is set to: /caefs/data/IllustrisTNG/300/ICS
2025-03-09 15:50:20,232 - INFO - Output directory 'TNG300_snapshot99' is set to: /caefs/data/IllustrisTNG/snapshot-99-dm-npy/cache
2025-03-09 15:50:20,232 - WARNING - Output directory 'NPZ' does not exist: /path/to/your/output/npz
2025-03-09 15:50:20,233 - INFO - Output directory 'NPY' is set to: /caefs/data/IllustrisTNG/300/ICS
2025-03-09 15:50:20,233 - WARNING - Output directory 'LOGS' does not exist: /path/to/your/logs
2025-03-09 15:50:20,283 - INFO - Using GPU device 1.
2025-03-09 15:50:20,284 - INFO - Output directory 'TNG300_ICS' is set to: /caefs/data/IllustrisTNG/300/ICS
2025-03-09 15:50:20,284 - INFO - Output directory 'TNG300_snapshot99' is set to: /caefs/data/IllustrisTNG/snapshot-99-dm-npy/cache
2025-03-09 15:50:20,284 - WARNING - Output directory 'NPZ' does not exist: /path/to/your/output/npz
2025-03-09 15:50:20,284 - INFO - Output directory 'NPY' is set to: /caefs/data/IllustrisTNG/300/ICS
2025-03-09 15:50:20,285 - WARNING - Output directory 'LOGS' does not exist: /path/to/your/logs
2025-03-09 15:50:20,467 - INFO - Using GPU device 1.
2025-03-09 15:50:20,468 - INFO - Output directory 'TNG300_ICS' is set to: /caefs/data/IllustrisTNG/300/ICS
2025-03-09 15:50:20,468 - INFO - Output directory 'TNG300_snapshot99' is set to: /caefs/data/IllustrisTNG/snapshot-99-dm-npy/cache
2025-03-09 15:50:20,468 - WARNING - Output directory 'NPZ' does not exist: /path/to/your/output/npz
2025-03-09 15:50:20,469 - INFO - Output directory 'NPY' is set to: /caefs/data/IllustrisTNG/300/ICS
2025-03-09 15:50:20,469 - WARNING - Output directory 'LOGS' does not exist: /path/to/your/logs
2025-03-09 15:50:20,567 - INFO - Using GPU device 1.
2025-03-09 15:50:20,568 - INFO - Output directory 'TNG300_ICS' is set to: /caefs/data/IllustrisTNG/300/ICS
2025-03-09 15:50:20,568 - INFO - Output directory 'TNG300_snapshot99' is set to: /caefs/data/IllustrisTNG/snapshot-99-dm-npy/cache
2025-03-09 15:50:20,568 - WARNING - Output directory 'NPZ' does not exist: /path/to/your/output/npz
2025-03-09 15:50:20,568 - INFO - Output directory 'NPY' is set to: /caefs/data/IllustrisTNG/300/ICS
2025-03-09 15:50:20,568 - WARNING - Output directory 'LOGS' does not exist: /path/to/your/logs
2025-03-09 15:50:20,603 - INFO - Using GPU device 1.
2025-03-09 15:50:20,604 - INFO - Output directory 'TNG300_ICS' is set to: /caefs/data/IllustrisTNG/300/ICS
2025-03-09 15:50:20,604 - INFO - Output directory 'TNG300_snapshot99' is set to: /caefs/data/IllustrisTNG/snapshot-99-dm-npy/cache
2025-03-09 15:50:20,604 - WARNING - Output directory 'NPZ' does not exist: /path/to/your/output/npz
2025-03-09 15:50:20,604 - INFO - Output directory 'NPY' is set to: /caefs/data/IllustrisTNG/300/ICS
2025-03-09 15:50:20,604 - WARNING - Output directory 'LOGS' does not exist: /path/to/your/logs
2025-03-09 15:50:20,719 - INFO - Using GPU device 1.
2025-03-09 15:50:20,719 - INFO - Output directory 'TNG300_ICS' is set to: /caefs/data/IllustrisTNG/300/ICS
2025-03-09 15:50:20,719 - INFO - Output directory 'TNG300_snapshot99' is set to: /caefs/data/IllustrisTNG/snapshot-99-dm-npy/cache
2025-03-09 15:50:20,720 - WARNING - Output directory 'NPZ' does not exist: /path/to/your/output/npz
2025-03-09 15:50:20,720 - INFO - Output directory 'NPY' is set to: /caefs/data/IllustrisTNG/300/ICS
2025-03-09 15:50:20,720 - WARNING - Output directory 'LOGS' does not exist: /path/to/your/logs
2025-03-09 15:50:20,763 - INFO - Using GPU device 1.
2025-03-09 15:50:20,763 - INFO - Output directory 'TNG300_ICS' is set to: /caefs/data/IllustrisTNG/300/ICS
2025-03-09 15:50:20,763 - INFO - Output directory 'TNG300_snapshot99' is set to: /caefs/data/IllustrisTNG/snapshot-99-dm-npy/cache
2025-03-09 15:50:20,763 - WARNING - Output directory 'NPZ' does not exist: /path/to/your/output/npz
2025-03-09 15:50:20,764 - INFO - Output directory 'NPY' is set to: /caefs/data/IllustrisTNG/300/ICS
2025-03-09 15:50:20,764 - WARNING - Output directory 'LOGS' does not exist: /path/to/your/logs
2025-03-09 15:50:20,842 - INFO - Using GPU device 1.
2025-03-09 15:50:20,842 - INFO - Output directory 'TNG300_ICS' is set to: /caefs/data/IllustrisTNG/300/ICS
2025-03-09 15:50:20,842 - INFO - Output directory 'TNG300_snapshot99' is set to: /caefs/data/IllustrisTNG/snapshot-99-dm-npy/cache
2025-03-09 15:50:20,842 - WARNING - Output directory 'NPZ' does not exist: /path/to/your/output/npz
2025-03-09 15:50:20,842 - INFO - Output directory 'NPY' is set to: /caefs/data/IllustrisTNG/300/ICS
2025-03-09 15:50:20,842 - WARNING - Output directory 'LOGS' does not exist: /path/to/your/logs
2025-03-09 15:50:20,876 - INFO - Using GPU device 1.
2025-03-09 15:50:20,877 - INFO - Output directory 'TNG300_ICS' is set to: /caefs/data/IllustrisTNG/300/ICS
2025-03-09 15:50:20,877 - INFO - Output directory 'TNG300_snapshot99' is set to: /caefs/data/IllustrisTNG/snapshot-99-dm-npy/cache
2025-03-09 15:50:20,877 - WARNING - Output directory 'NPZ' does not exist: /path/to/your/output/npz
2025-03-09 15:50:20,877 - INFO - Output directory 'NPY' is set to: /caefs/data/IllustrisTNG/300/ICS
2025-03-09 15:50:20,877 - WARNING - Output directory 'LOGS' does not exist: /path/to/your/logs
2025-03-09 15:50:21,056 - INFO - Using GPU device 1.
2025-03-09 15:50:21,056 - INFO - Output directory 'TNG300_ICS' is set to: /caefs/data/IllustrisTNG/300/ICS
2025-03-09 15:50:21,056 - INFO - Output directory 'TNG300_snapshot99' is set to: /caefs/data/IllustrisTNG/snapshot-99-dm-npy/cache
2025-03-09 15:50:21,056 - WARNING - Output directory 'NPZ' does not exist: /path/to/your/output/npz
2025-03-09 15:50:21,057 - INFO - Output directory 'NPY' is set to: /caefs/data/IllustrisTNG/300/ICS
2025-03-09 15:50:21,057 - WARNING - Output directory 'LOGS' does not exist: /path/to/your/logs
2025-03-09 15:50:21,192 - INFO - Using GPU device 1.
2025-03-09 15:50:21,192 - INFO - Output directory 'TNG300_ICS' is set to: /caefs/data/IllustrisTNG/300/ICS
2025-03-09 15:50:21,193 - INFO - Output directory 'TNG300_snapshot99' is set to: /caefs/data/IllustrisTNG/snapshot-99-dm-npy/cache
2025-03-09 15:50:21,193 - WARNING - Output directory 'NPZ' does not exist: /path/to/your/output/npz
2025-03-09 15:50:21,193 - INFO - Output directory 'NPY' is set to: /caefs/data/IllustrisTNG/300/ICS
2025-03-09 15:50:21,193 - WARNING - Output directory 'LOGS' does not exist: /path/to/your/logs
2025-03-09 15:50:21,398 - INFO - Using GPU device 1.
2025-03-09 15:50:21,398 - INFO - Output directory 'TNG300_ICS' is set to: /caefs/data/IllustrisTNG/300/ICS
2025-03-09 15:50:21,398 - INFO - Output directory 'TNG300_snapshot99' is set to: /caefs/data/IllustrisTNG/snapshot-99-dm-npy/cache
2025-03-09 15:50:21,398 - WARNING - Output directory 'NPZ' does not exist: /path/to/your/output/npz
2025-03-09 15:50:21,399 - INFO - Output directory 'NPY' is set to: /caefs/data/IllustrisTNG/300/ICS
2025-03-09 15:50:21,399 - WARNING - Output directory 'LOGS' does not exist: /path/to/your/logs
2025-03-09 15:50:21,651 - INFO - Using GPU device 1.
2025-03-09 15:50:21,651 - INFO - Output directory 'TNG300_ICS' is set to: /caefs/data/IllustrisTNG/300/ICS
2025-03-09 15:50:21,651 - INFO - Output directory 'TNG300_snapshot99' is set to: /caefs/data/IllustrisTNG/snapshot-99-dm-npy/cache
2025-03-09 15:50:21,651 - WARNING - Output directory 'NPZ' does not exist: /path/to/your/output/npz
2025-03-09 15:50:21,652 - INFO - Output directory 'NPY' is set to: /caefs/data/IllustrisTNG/300/ICS
2025-03-09 15:50:21,652 - WARNING - Output directory 'LOGS' does not exist: /path/to/your/logs
