2025-03-09 15:46:17,447 - INFO - Using GPU device 1.
2025-03-09 15:46:17,449 - INFO - Output directory 'TNG300_ICS' is set to: /caefs/data/IllustrisTNG/300/ICS
2025-03-09 15:46:17,449 - INFO - Output directory 'TNG300_snapshot99' is set to: /caefs/data/IllustrisTNG/snapshot-99-dm-npy/cache
2025-03-09 15:46:17,449 - WARNING - Output directory 'NPZ' does not exist: /path/to/your/output/npz
2025-03-09 15:46:17,449 - INFO - Output directory 'NPY' is set to: /caefs/data/IllustrisTNG/300/ICS
2025-03-09 15:46:17,449 - WARNING - Output directory 'LOGS' does not exist: /path/to/your/logs
2025-03-09 15:46:17,749 - INFO - Using GPU device 1.
2025-03-09 15:46:17,749 - INFO - Output directory 'TNG300_ICS' is set to: /caefs/data/IllustrisTNG/300/ICS
2025-03-09 15:46:17,749 - INFO - Output directory 'TNG300_snapshot99' is set to: /caefs/data/IllustrisTNG/snapshot-99-dm-npy/cache
2025-03-09 15:46:17,750 - WARNING - Output directory 'NPZ' does not exist: /path/to/your/output/npz
2025-03-09 15:46:17,750 - INFO - Output directory 'NPY' is set to: /caefs/data/IllustrisTNG/300/ICS
2025-03-09 15:46:17,750 - WARNING - Output directory 'LOGS' does not exist: /path/to/your/logs
2025-03-09 15:46:18,556 - INFO - Using GPU device 1.
2025-03-09 15:46:18,557 - INFO - Output directory 'TNG300_ICS' is set to: /caefs/data/IllustrisTNG/300/ICS
2025-03-09 15:46:18,557 - INFO - Output directory 'TNG300_snapshot99' is set to: /caefs/data/IllustrisTNG/snapshot-99-dm-npy/cache
2025-03-09 15:46:18,557 - WARNING - Output directory 'NPZ' does not exist: /path/to/your/output/npz
2025-03-09 15:46:18,557 - INFO - Output directory 'NPY' is set to: /caefs/data/IllustrisTNG/300/ICS
2025-03-09 15:46:18,557 - WARNING - Output directory 'LOGS' does not exist: /path/to/your/logs
2025-03-09 15:46:18,645 - INFO - Using GPU device 1.
2025-03-09 15:46:18,645 - INFO - Output directory 'TNG300_ICS' is set to: /caefs/data/IllustrisTNG/300/ICS
2025-03-09 15:46:18,645 - INFO - Output directory 'TNG300_snapshot99' is set to: /caefs/data/IllustrisTNG/snapshot-99-dm-npy/cache
2025-03-09 15:46:18,646 - WARNING - Output directory 'NPZ' does not exist: /path/to/your/output/npz
2025-03-09 15:46:18,646 - INFO - Output directory 'NPY' is set to: /caefs/data/IllustrisTNG/300/ICS
2025-03-09 15:46:18,646 - WARNING - Output directory 'LOGS' does not exist: /path/to/your/logs
2025-03-09 15:46:18,702 - INFO - Using GPU device 1.
2025-03-09 15:46:18,703 - INFO - Output directory 'TNG300_ICS' is set to: /caefs/data/IllustrisTNG/300/ICS
2025-03-09 15:46:18,703 - INFO - Output directory 'TNG300_snapshot99' is set to: /caefs/data/IllustrisTNG/snapshot-99-dm-npy/cache
2025-03-09 15:46:18,703 - WARNING - Output directory 'NPZ' does not exist: /path/to/your/output/npz
2025-03-09 15:46:18,703 - INFO - Output directory 'NPY' is set to: /caefs/data/IllustrisTNG/300/ICS
2025-03-09 15:46:18,703 - WARNING - Output directory 'LOGS' does not exist: /path/to/your/logs
2025-03-09 15:46:18,740 - INFO - Using GPU device 1.
2025-03-09 15:46:18,741 - INFO - Output directory 'TNG300_ICS' is set to: /caefs/data/IllustrisTNG/300/ICS
2025-03-09 15:46:18,741 - INFO - Output directory 'TNG300_snapshot99' is set to: /caefs/data/IllustrisTNG/snapshot-99-dm-npy/cache
2025-03-09 15:46:18,741 - WARNING - Output directory 'NPZ' does not exist: /path/to/your/output/npz
2025-03-09 15:46:18,741 - INFO - Output directory 'NPY' is set to: /caefs/data/IllustrisTNG/300/ICS
2025-03-09 15:46:18,741 - WARNING - Output directory 'LOGS' does not exist: /path/to/your/logs
2025-03-09 15:46:18,797 - INFO - Using GPU device 1.
2025-03-09 15:46:18,798 - INFO - Output directory 'TNG300_ICS' is set to: /caefs/data/IllustrisTNG/300/ICS
2025-03-09 15:46:18,798 - INFO - Output directory 'TNG300_snapshot99' is set to: /caefs/data/IllustrisTNG/snapshot-99-dm-npy/cache
2025-03-09 15:46:18,798 - WARNING - Output directory 'NPZ' does not exist: /path/to/your/output/npz
2025-03-09 15:46:18,798 - INFO - Output directory 'NPY' is set to: /caefs/data/IllustrisTNG/300/ICS
2025-03-09 15:46:18,798 - WARNING - Output directory 'LOGS' does not exist: /path/to/your/logs
2025-03-09 15:46:18,925 - INFO - Using GPU device 1.
2025-03-09 15:46:18,925 - INFO - Output directory 'TNG300_ICS' is set to: /caefs/data/IllustrisTNG/300/ICS
2025-03-09 15:46:18,926 - INFO - Output directory 'TNG300_snapshot99' is set to: /caefs/data/IllustrisTNG/snapshot-99-dm-npy/cache
2025-03-09 15:46:18,926 - WARNING - Output directory 'NPZ' does not exist: /path/to/your/output/npz
2025-03-09 15:46:18,926 - INFO - Output directory 'NPY' is set to: /caefs/data/IllustrisTNG/300/ICS
2025-03-09 15:46:18,926 - WARNING - Output directory 'LOGS' does not exist: /path/to/your/logs
2025-03-09 15:46:18,929 - INFO - Using GPU device 1.
2025-03-09 15:46:18,930 - INFO - Output directory 'TNG300_ICS' is set to: /caefs/data/IllustrisTNG/300/ICS
2025-03-09 15:46:18,930 - INFO - Output directory 'TNG300_snapshot99' is set to: /caefs/data/IllustrisTNG/snapshot-99-dm-npy/cache
2025-03-09 15:46:18,930 - WARNING - Output directory 'NPZ' does not exist: /path/to/your/output/npz
2025-03-09 15:46:18,930 - INFO - Output directory 'NPY' is set to: /caefs/data/IllustrisTNG/300/ICS
2025-03-09 15:46:18,930 - WARNING - Output directory 'LOGS' does not exist: /path/to/your/logs
2025-03-09 15:46:18,936 - INFO - Using GPU device 1.
2025-03-09 15:46:18,937 - INFO - Output directory 'TNG300_ICS' is set to: /caefs/data/IllustrisTNG/300/ICS
2025-03-09 15:46:18,937 - INFO - Output directory 'TNG300_snapshot99' is set to: /caefs/data/IllustrisTNG/snapshot-99-dm-npy/cache
2025-03-09 15:46:18,937 - WARNING - Output directory 'NPZ' does not exist: /path/to/your/output/npz
2025-03-09 15:46:18,937 - INFO - Output directory 'NPY' is set to: /caefs/data/IllustrisTNG/300/ICS
2025-03-09 15:46:18,937 - WARNING - Output directory 'LOGS' does not exist: /path/to/your/logs
2025-03-09 15:46:19,021 - INFO - Using GPU device 1.
2025-03-09 15:46:19,021 - INFO - Output directory 'TNG300_ICS' is set to: /caefs/data/IllustrisTNG/300/ICS
2025-03-09 15:46:19,021 - INFO - Output directory 'TNG300_snapshot99' is set to: /caefs/data/IllustrisTNG/snapshot-99-dm-npy/cache
2025-03-09 15:46:19,021 - WARNING - Output directory 'NPZ' does not exist: /path/to/your/output/npz
2025-03-09 15:46:19,022 - INFO - Output directory 'NPY' is set to: /caefs/data/IllustrisTNG/300/ICS
2025-03-09 15:46:19,022 - WARNING - Output directory 'LOGS' does not exist: /path/to/your/logs
2025-03-09 15:46:19,088 - INFO - Using GPU device 1.
2025-03-09 15:46:19,092 - INFO - Output directory 'TNG300_ICS' is set to: /caefs/data/IllustrisTNG/300/ICS
2025-03-09 15:46:19,092 - INFO - Output directory 'TNG300_snapshot99' is set to: /caefs/data/IllustrisTNG/snapshot-99-dm-npy/cache
2025-03-09 15:46:19,092 - WARNING - Output directory 'NPZ' does not exist: /path/to/your/output/npz
2025-03-09 15:46:19,092 - INFO - Output directory 'NPY' is set to: /caefs/data/IllustrisTNG/300/ICS
2025-03-09 15:46:19,092 - WARNING - Output directory 'LOGS' does not exist: /path/to/your/logs
2025-03-09 15:46:19,132 - INFO - Using GPU device 1.
2025-03-09 15:46:19,132 - INFO - Output directory 'TNG300_ICS' is set to: /caefs/data/IllustrisTNG/300/ICS
2025-03-09 15:46:19,132 - INFO - Output directory 'TNG300_snapshot99' is set to: /caefs/data/IllustrisTNG/snapshot-99-dm-npy/cache
2025-03-09 15:46:19,133 - WARNING - Output directory 'NPZ' does not exist: /path/to/your/output/npz
2025-03-09 15:46:19,133 - INFO - Output directory 'NPY' is set to: /caefs/data/IllustrisTNG/300/ICS
2025-03-09 15:46:19,133 - WARNING - Output directory 'LOGS' does not exist: /path/to/your/logs
2025-03-09 15:46:19,136 - INFO - Using GPU device 1.
2025-03-09 15:46:19,137 - INFO - Output directory 'TNG300_ICS' is set to: /caefs/data/IllustrisTNG/300/ICS
2025-03-09 15:46:19,137 - INFO - Output directory 'TNG300_snapshot99' is set to: /caefs/data/IllustrisTNG/snapshot-99-dm-npy/cache
2025-03-09 15:46:19,137 - WARNING - Output directory 'NPZ' does not exist: /path/to/your/output/npz
2025-03-09 15:46:19,137 - INFO - Output directory 'NPY' is set to: /caefs/data/IllustrisTNG/300/ICS
2025-03-09 15:46:19,137 - WARNING - Output directory 'LOGS' does not exist: /path/to/your/logs
2025-03-09 15:46:19,144 - INFO - Using GPU device 1.
2025-03-09 15:46:19,145 - INFO - Output directory 'TNG300_ICS' is set to: /caefs/data/IllustrisTNG/300/ICS
2025-03-09 15:46:19,145 - INFO - Output directory 'TNG300_snapshot99' is set to: /caefs/data/IllustrisTNG/snapshot-99-dm-npy/cache
2025-03-09 15:46:19,145 - WARNING - Output directory 'NPZ' does not exist: /path/to/your/output/npz
2025-03-09 15:46:19,145 - INFO - Output directory 'NPY' is set to: /caefs/data/IllustrisTNG/300/ICS
2025-03-09 15:46:19,145 - WARNING - Output directory 'LOGS' does not exist: /path/to/your/logs
