2025-03-10 14:46:30,862 - INFO - Using GPU device 1.
2025-03-10 14:46:30,864 - INFO - Output directory 'TNG300_ICS' is set to: /caefs/data/IllustrisTNG/300/ICS
2025-03-10 14:46:30,864 - INFO - Output directory 'TNG300_snapshot99' is set to: /caefs/data/IllustrisTNG/snapshot-99-dm-npy/cache
2025-03-10 14:46:30,865 - WARNING - Output directory 'NPZ' does not exist: /path/to/your/output/npz
2025-03-10 14:46:30,865 - INFO - Output directory 'NPY' is set to: /caefs/data/IllustrisTNG/300/ICS
2025-03-10 14:46:30,865 - WARNING - Output directory 'LOGS' does not exist: /path/to/your/logs
2025-03-10 14:46:30,886 - INFO - Using GPU device 1.
2025-03-10 14:46:30,887 - INFO - Output directory 'TNG300_ICS' is set to: /caefs/data/IllustrisTNG/300/ICS
2025-03-10 14:46:30,887 - INFO - Output directory 'TNG300_snapshot99' is set to: /caefs/data/IllustrisTNG/snapshot-99-dm-npy/cache
2025-03-10 14:46:30,887 - WARNING - Output directory 'NPZ' does not exist: /path/to/your/output/npz
2025-03-10 14:46:30,887 - INFO - Output directory 'NPY' is set to: /caefs/data/IllustrisTNG/300/ICS
2025-03-10 14:46:30,887 - WARNING - Output directory 'LOGS' does not exist: /path/to/your/logs
2025-03-10 14:46:30,974 - INFO - Using GPU device 1.
2025-03-10 14:46:30,974 - INFO - Output directory 'TNG300_ICS' is set to: /caefs/data/IllustrisTNG/300/ICS
2025-03-10 14:46:30,974 - INFO - Output directory 'TNG300_snapshot99' is set to: /caefs/data/IllustrisTNG/snapshot-99-dm-npy/cache
2025-03-10 14:46:30,974 - WARNING - Output directory 'NPZ' does not exist: /path/to/your/output/npz
2025-03-10 14:46:30,974 - INFO - Output directory 'NPY' is set to: /caefs/data/IllustrisTNG/300/ICS
2025-03-10 14:46:30,974 - WARNING - Output directory 'LOGS' does not exist: /path/to/your/logs
2025-03-10 14:46:30,998 - INFO - Using GPU device 1.
2025-03-10 14:46:30,999 - INFO - Output directory 'TNG300_ICS' is set to: /caefs/data/IllustrisTNG/300/ICS
2025-03-10 14:46:30,999 - INFO - Output directory 'TNG300_snapshot99' is set to: /caefs/data/IllustrisTNG/snapshot-99-dm-npy/cache
2025-03-10 14:46:30,999 - WARNING - Output directory 'NPZ' does not exist: /path/to/your/output/npz
2025-03-10 14:46:30,999 - INFO - Output directory 'NPY' is set to: /caefs/data/IllustrisTNG/300/ICS
2025-03-10 14:46:31,000 - WARNING - Output directory 'LOGS' does not exist: /path/to/your/logs
