2025-03-09 16:37:00,143 - INFO - Using GPU device 1.
2025-03-09 16:37:00,145 - INFO - Output directory 'TNG300_ICS' is set to: /caefs/data/IllustrisTNG/300/ICS
2025-03-09 16:37:00,146 - INFO - Output directory 'TNG300_snapshot99' is set to: /caefs/data/IllustrisTNG/snapshot-99-dm-npy/cache
2025-03-09 16:37:00,146 - WARNING - Output directory 'NPZ' does not exist: /path/to/your/output/npz
2025-03-09 16:37:00,146 - INFO - Output directory 'NPY' is set to: /caefs/data/IllustrisTNG/300/ICS
2025-03-09 16:37:00,146 - WARNING - Output directory 'LOGS' does not exist: /path/to/your/logs
2025-03-09 16:37:00,180 - INFO - Using GPU device 1.
2025-03-09 16:37:00,181 - INFO - Output directory 'TNG300_ICS' is set to: /caefs/data/IllustrisTNG/300/ICS
2025-03-09 16:37:00,181 - INFO - Output directory 'TNG300_snapshot99' is set to: /caefs/data/IllustrisTNG/snapshot-99-dm-npy/cache
2025-03-09 16:37:00,181 - WARNING - Output directory 'NPZ' does not exist: /path/to/your/output/npz
2025-03-09 16:37:00,182 - INFO - Output directory 'NPY' is set to: /caefs/data/IllustrisTNG/300/ICS
2025-03-09 16:37:00,182 - WARNING - Output directory 'LOGS' does not exist: /path/to/your/logs
2025-03-09 16:37:00,231 - INFO - Using GPU device 1.
2025-03-09 16:37:00,232 - INFO - Output directory 'TNG300_ICS' is set to: /caefs/data/IllustrisTNG/300/ICS
2025-03-09 16:37:00,233 - INFO - Output directory 'TNG300_snapshot99' is set to: /caefs/data/IllustrisTNG/snapshot-99-dm-npy/cache
2025-03-09 16:37:00,233 - WARNING - Output directory 'NPZ' does not exist: /path/to/your/output/npz
2025-03-09 16:37:00,233 - INFO - Output directory 'NPY' is set to: /caefs/data/IllustrisTNG/300/ICS
2025-03-09 16:37:00,233 - WARNING - Output directory 'LOGS' does not exist: /path/to/your/logs
2025-03-09 16:37:00,339 - INFO - Using GPU device 1.
2025-03-09 16:37:00,340 - INFO - Output directory 'TNG300_ICS' is set to: /caefs/data/IllustrisTNG/300/ICS
2025-03-09 16:37:00,341 - INFO - Output directory 'TNG300_snapshot99' is set to: /caefs/data/IllustrisTNG/snapshot-99-dm-npy/cache
2025-03-09 16:37:00,341 - WARNING - Output directory 'NPZ' does not exist: /path/to/your/output/npz
2025-03-09 16:37:00,341 - INFO - Output directory 'NPY' is set to: /caefs/data/IllustrisTNG/300/ICS
2025-03-09 16:37:00,342 - WARNING - Output directory 'LOGS' does not exist: /path/to/your/logs
2025-03-09 16:37:00,736 - INFO - Using GPU device 1.
2025-03-09 16:37:00,737 - INFO - Output directory 'TNG300_ICS' is set to: /caefs/data/IllustrisTNG/300/ICS
2025-03-09 16:37:00,737 - INFO - Output directory 'TNG300_snapshot99' is set to: /caefs/data/IllustrisTNG/snapshot-99-dm-npy/cache
2025-03-09 16:37:00,737 - WARNING - Output directory 'NPZ' does not exist: /path/to/your/output/npz
2025-03-09 16:37:00,738 - INFO - Output directory 'NPY' is set to: /caefs/data/IllustrisTNG/300/ICS
2025-03-09 16:37:00,738 - WARNING - Output directory 'LOGS' does not exist: /path/to/your/logs
2025-03-09 16:37:00,799 - INFO - Using GPU device 1.
2025-03-09 16:37:00,800 - INFO - Output directory 'TNG300_ICS' is set to: /caefs/data/IllustrisTNG/300/ICS
2025-03-09 16:37:00,801 - INFO - Output directory 'TNG300_snapshot99' is set to: /caefs/data/IllustrisTNG/snapshot-99-dm-npy/cache
2025-03-09 16:37:00,801 - WARNING - Output directory 'NPZ' does not exist: /path/to/your/output/npz
2025-03-09 16:37:00,802 - INFO - Output directory 'NPY' is set to: /caefs/data/IllustrisTNG/300/ICS
2025-03-09 16:37:00,802 - WARNING - Output directory 'LOGS' does not exist: /path/to/your/logs
2025-03-09 16:37:00,979 - INFO - Using GPU device 1.
2025-03-09 16:37:00,980 - INFO - Output directory 'TNG300_ICS' is set to: /caefs/data/IllustrisTNG/300/ICS
2025-03-09 16:37:00,981 - INFO - Output directory 'TNG300_snapshot99' is set to: /caefs/data/IllustrisTNG/snapshot-99-dm-npy/cache
2025-03-09 16:37:00,981 - WARNING - Output directory 'NPZ' does not exist: /path/to/your/output/npz
2025-03-09 16:37:00,981 - INFO - Output directory 'NPY' is set to: /caefs/data/IllustrisTNG/300/ICS
2025-03-09 16:37:00,981 - WARNING - Output directory 'LOGS' does not exist: /path/to/your/logs
2025-03-09 16:37:02,808 - INFO - Using GPU device 1.
2025-03-09 16:37:02,808 - INFO - Output directory 'TNG300_ICS' is set to: /caefs/data/IllustrisTNG/300/ICS
2025-03-09 16:37:02,808 - INFO - Output directory 'TNG300_snapshot99' is set to: /caefs/data/IllustrisTNG/snapshot-99-dm-npy/cache
2025-03-09 16:37:02,808 - WARNING - Output directory 'NPZ' does not exist: /path/to/your/output/npz
2025-03-09 16:37:02,808 - INFO - Output directory 'NPY' is set to: /caefs/data/IllustrisTNG/300/ICS
2025-03-09 16:37:02,809 - WARNING - Output directory 'LOGS' does not exist: /path/to/your/logs
2025-03-09 16:37:03,753 - INFO - Using GPU device 1.
2025-03-09 16:37:03,753 - INFO - Output directory 'TNG300_ICS' is set to: /caefs/data/IllustrisTNG/300/ICS
2025-03-09 16:37:03,754 - INFO - Output directory 'TNG300_snapshot99' is set to: /caefs/data/IllustrisTNG/snapshot-99-dm-npy/cache
2025-03-09 16:37:03,754 - WARNING - Output directory 'NPZ' does not exist: /path/to/your/output/npz
2025-03-09 16:37:03,754 - INFO - Output directory 'NPY' is set to: /caefs/data/IllustrisTNG/300/ICS
2025-03-09 16:37:03,754 - WARNING - Output directory 'LOGS' does not exist: /path/to/your/logs
2025-03-09 16:37:04,175 - INFO - Using GPU device 1.
2025-03-09 16:37:04,176 - INFO - Output directory 'TNG300_ICS' is set to: /caefs/data/IllustrisTNG/300/ICS
2025-03-09 16:37:04,176 - INFO - Output directory 'TNG300_snapshot99' is set to: /caefs/data/IllustrisTNG/snapshot-99-dm-npy/cache
2025-03-09 16:37:04,176 - WARNING - Output directory 'NPZ' does not exist: /path/to/your/output/npz
2025-03-09 16:37:04,176 - INFO - Output directory 'NPY' is set to: /caefs/data/IllustrisTNG/300/ICS
2025-03-09 16:37:04,176 - WARNING - Output directory 'LOGS' does not exist: /path/to/your/logs
2025-03-09 16:37:04,310 - INFO - Using GPU device 1.
2025-03-09 16:37:04,310 - INFO - Output directory 'TNG300_ICS' is set to: /caefs/data/IllustrisTNG/300/ICS
2025-03-09 16:37:04,310 - INFO - Output directory 'TNG300_snapshot99' is set to: /caefs/data/IllustrisTNG/snapshot-99-dm-npy/cache
2025-03-09 16:37:04,310 - WARNING - Output directory 'NPZ' does not exist: /path/to/your/output/npz
2025-03-09 16:37:04,311 - INFO - Output directory 'NPY' is set to: /caefs/data/IllustrisTNG/300/ICS
2025-03-09 16:37:04,311 - WARNING - Output directory 'LOGS' does not exist: /path/to/your/logs
2025-03-09 16:37:04,768 - INFO - Using GPU device 1.
2025-03-09 16:37:04,769 - INFO - Output directory 'TNG300_ICS' is set to: /caefs/data/IllustrisTNG/300/ICS
2025-03-09 16:37:04,769 - INFO - Output directory 'TNG300_snapshot99' is set to: /caefs/data/IllustrisTNG/snapshot-99-dm-npy/cache
2025-03-09 16:37:04,769 - WARNING - Output directory 'NPZ' does not exist: /path/to/your/output/npz
2025-03-09 16:37:04,769 - INFO - Output directory 'NPY' is set to: /caefs/data/IllustrisTNG/300/ICS
2025-03-09 16:37:04,769 - WARNING - Output directory 'LOGS' does not exist: /path/to/your/logs
2025-03-09 16:37:05,090 - INFO - Using GPU device 1.
2025-03-09 16:37:05,091 - INFO - Output directory 'TNG300_ICS' is set to: /caefs/data/IllustrisTNG/300/ICS
2025-03-09 16:37:05,091 - INFO - Output directory 'TNG300_snapshot99' is set to: /caefs/data/IllustrisTNG/snapshot-99-dm-npy/cache
2025-03-09 16:37:05,091 - WARNING - Output directory 'NPZ' does not exist: /path/to/your/output/npz
2025-03-09 16:37:05,091 - INFO - Output directory 'NPY' is set to: /caefs/data/IllustrisTNG/300/ICS
2025-03-09 16:37:05,091 - WARNING - Output directory 'LOGS' does not exist: /path/to/your/logs
2025-03-09 16:37:05,198 - INFO - Using GPU device 1.
2025-03-09 16:37:05,198 - INFO - Output directory 'TNG300_ICS' is set to: /caefs/data/IllustrisTNG/300/ICS
2025-03-09 16:37:05,198 - INFO - Output directory 'TNG300_snapshot99' is set to: /caefs/data/IllustrisTNG/snapshot-99-dm-npy/cache
2025-03-09 16:37:05,199 - WARNING - Output directory 'NPZ' does not exist: /path/to/your/output/npz
2025-03-09 16:37:05,199 - INFO - Output directory 'NPY' is set to: /caefs/data/IllustrisTNG/300/ICS
2025-03-09 16:37:05,199 - WARNING - Output directory 'LOGS' does not exist: /path/to/your/logs
2025-03-09 16:37:05,212 - INFO - Using GPU device 1.
2025-03-09 16:37:05,212 - INFO - Output directory 'TNG300_ICS' is set to: /caefs/data/IllustrisTNG/300/ICS
2025-03-09 16:37:05,212 - INFO - Output directory 'TNG300_snapshot99' is set to: /caefs/data/IllustrisTNG/snapshot-99-dm-npy/cache
2025-03-09 16:37:05,212 - WARNING - Output directory 'NPZ' does not exist: /path/to/your/output/npz
2025-03-09 16:37:05,213 - INFO - Output directory 'NPY' is set to: /caefs/data/IllustrisTNG/300/ICS
2025-03-09 16:37:05,213 - WARNING - Output directory 'LOGS' does not exist: /path/to/your/logs
2025-03-09 16:37:05,259 - INFO - Using GPU device 1.
2025-03-09 16:37:05,260 - INFO - Output directory 'TNG300_ICS' is set to: /caefs/data/IllustrisTNG/300/ICS
2025-03-09 16:37:05,260 - INFO - Output directory 'TNG300_snapshot99' is set to: /caefs/data/IllustrisTNG/snapshot-99-dm-npy/cache
2025-03-09 16:37:05,260 - WARNING - Output directory 'NPZ' does not exist: /path/to/your/output/npz
2025-03-09 16:37:05,260 - INFO - Output directory 'NPY' is set to: /caefs/data/IllustrisTNG/300/ICS
2025-03-09 16:37:05,260 - WARNING - Output directory 'LOGS' does not exist: /path/to/your/logs
2025-03-09 16:37:05,304 - INFO - Using GPU device 1.
2025-03-09 16:37:05,305 - INFO - Output directory 'TNG300_ICS' is set to: /caefs/data/IllustrisTNG/300/ICS
2025-03-09 16:37:05,305 - INFO - Output directory 'TNG300_snapshot99' is set to: /caefs/data/IllustrisTNG/snapshot-99-dm-npy/cache
2025-03-09 16:37:05,305 - WARNING - Output directory 'NPZ' does not exist: /path/to/your/output/npz
2025-03-09 16:37:05,305 - INFO - Output directory 'NPY' is set to: /caefs/data/IllustrisTNG/300/ICS
2025-03-09 16:37:05,305 - WARNING - Output directory 'LOGS' does not exist: /path/to/your/logs
2025-03-09 16:37:05,513 - INFO - Using GPU device 1.
2025-03-09 16:37:05,513 - INFO - Output directory 'TNG300_ICS' is set to: /caefs/data/IllustrisTNG/300/ICS
2025-03-09 16:37:05,513 - INFO - Output directory 'TNG300_snapshot99' is set to: /caefs/data/IllustrisTNG/snapshot-99-dm-npy/cache
2025-03-09 16:37:05,513 - WARNING - Output directory 'NPZ' does not exist: /path/to/your/output/npz
2025-03-09 16:37:05,513 - INFO - Output directory 'NPY' is set to: /caefs/data/IllustrisTNG/300/ICS
2025-03-09 16:37:05,513 - WARNING - Output directory 'LOGS' does not exist: /path/to/your/logs
2025-03-09 16:37:05,611 - INFO - Using GPU device 1.
2025-03-09 16:37:05,611 - INFO - Output directory 'TNG300_ICS' is set to: /caefs/data/IllustrisTNG/300/ICS
2025-03-09 16:37:05,611 - INFO - Output directory 'TNG300_snapshot99' is set to: /caefs/data/IllustrisTNG/snapshot-99-dm-npy/cache
2025-03-09 16:37:05,611 - WARNING - Output directory 'NPZ' does not exist: /path/to/your/output/npz
2025-03-09 16:37:05,611 - INFO - Output directory 'NPY' is set to: /caefs/data/IllustrisTNG/300/ICS
2025-03-09 16:37:05,611 - WARNING - Output directory 'LOGS' does not exist: /path/to/your/logs
2025-03-09 16:37:05,779 - INFO - Using GPU device 1.
2025-03-09 16:37:05,780 - INFO - Output directory 'TNG300_ICS' is set to: /caefs/data/IllustrisTNG/300/ICS
2025-03-09 16:37:05,781 - INFO - Output directory 'TNG300_snapshot99' is set to: /caefs/data/IllustrisTNG/snapshot-99-dm-npy/cache
2025-03-09 16:37:05,781 - WARNING - Output directory 'NPZ' does not exist: /path/to/your/output/npz
2025-03-09 16:37:05,781 - INFO - Output directory 'NPY' is set to: /caefs/data/IllustrisTNG/300/ICS
2025-03-09 16:37:05,781 - WARNING - Output directory 'LOGS' does not exist: /path/to/your/logs
2025-03-09 16:37:05,919 - INFO - Using GPU device 1.
2025-03-09 16:37:05,920 - INFO - Output directory 'TNG300_ICS' is set to: /caefs/data/IllustrisTNG/300/ICS
2025-03-09 16:37:05,920 - INFO - Output directory 'TNG300_snapshot99' is set to: /caefs/data/IllustrisTNG/snapshot-99-dm-npy/cache
2025-03-09 16:37:05,920 - WARNING - Output directory 'NPZ' does not exist: /path/to/your/output/npz
2025-03-09 16:37:05,921 - INFO - Output directory 'NPY' is set to: /caefs/data/IllustrisTNG/300/ICS
2025-03-09 16:37:05,921 - WARNING - Output directory 'LOGS' does not exist: /path/to/your/logs
2025-03-09 16:37:05,968 - INFO - Using GPU device 1.
2025-03-09 16:37:05,968 - INFO - Output directory 'TNG300_ICS' is set to: /caefs/data/IllustrisTNG/300/ICS
2025-03-09 16:37:05,969 - INFO - Output directory 'TNG300_snapshot99' is set to: /caefs/data/IllustrisTNG/snapshot-99-dm-npy/cache
2025-03-09 16:37:05,969 - WARNING - Output directory 'NPZ' does not exist: /path/to/your/output/npz
2025-03-09 16:37:05,969 - INFO - Output directory 'NPY' is set to: /caefs/data/IllustrisTNG/300/ICS
2025-03-09 16:37:05,969 - WARNING - Output directory 'LOGS' does not exist: /path/to/your/logs
