2025-03-09 15:42:19,499 - INFO - Using GPU device 1.
2025-03-09 15:42:19,501 - INFO - Output directory 'TNG300_ICS' is set to: /caefs/data/IllustrisTNG/300/ICS
2025-03-09 15:42:19,502 - INFO - Output directory 'TNG300_snapshot99' is set to: /caefs/data/IllustrisTNG/snapshot-99-dm-npy/cache
2025-03-09 15:42:19,502 - WARNING - Output directory 'NPZ' does not exist: /path/to/your/output/npz
2025-03-09 15:42:19,502 - INFO - Output directory 'NPY' is set to: /caefs/data/IllustrisTNG/300/ICS
2025-03-09 15:42:19,502 - WARNING - Output directory 'LOGS' does not exist: /path/to/your/logs
2025-03-09 15:42:19,918 - INFO - Using GPU device 1.
2025-03-09 15:42:19,919 - INFO - Output directory 'TNG300_ICS' is set to: /caefs/data/IllustrisTNG/300/ICS
2025-03-09 15:42:19,919 - INFO - Output directory 'TNG300_snapshot99' is set to: /caefs/data/IllustrisTNG/snapshot-99-dm-npy/cache
2025-03-09 15:42:19,919 - WARNING - Output directory 'NPZ' does not exist: /path/to/your/output/npz
2025-03-09 15:42:19,919 - INFO - Output directory 'NPY' is set to: /caefs/data/IllustrisTNG/300/ICS
2025-03-09 15:42:19,919 - WARNING - Output directory 'LOGS' does not exist: /path/to/your/logs
2025-03-09 15:42:20,086 - INFO - Using GPU device 1.
2025-03-09 15:42:20,087 - INFO - Output directory 'TNG300_ICS' is set to: /caefs/data/IllustrisTNG/300/ICS
2025-03-09 15:42:20,087 - INFO - Output directory 'TNG300_snapshot99' is set to: /caefs/data/IllustrisTNG/snapshot-99-dm-npy/cache
2025-03-09 15:42:20,087 - WARNING - Output directory 'NPZ' does not exist: /path/to/your/output/npz
2025-03-09 15:42:20,087 - INFO - Output directory 'NPY' is set to: /caefs/data/IllustrisTNG/300/ICS
2025-03-09 15:42:20,088 - WARNING - Output directory 'LOGS' does not exist: /path/to/your/logs
2025-03-09 15:42:20,290 - INFO - Using GPU device 1.
2025-03-09 15:42:20,290 - INFO - Output directory 'TNG300_ICS' is set to: /caefs/data/IllustrisTNG/300/ICS
2025-03-09 15:42:20,290 - INFO - Output directory 'TNG300_snapshot99' is set to: /caefs/data/IllustrisTNG/snapshot-99-dm-npy/cache
2025-03-09 15:42:20,290 - WARNING - Output directory 'NPZ' does not exist: /path/to/your/output/npz
2025-03-09 15:42:20,290 - INFO - Output directory 'NPY' is set to: /caefs/data/IllustrisTNG/300/ICS
2025-03-09 15:42:20,291 - WARNING - Output directory 'LOGS' does not exist: /path/to/your/logs
2025-03-09 15:42:20,497 - INFO - Using GPU device 1.
2025-03-09 15:42:20,498 - INFO - Output directory 'TNG300_ICS' is set to: /caefs/data/IllustrisTNG/300/ICS
2025-03-09 15:42:20,498 - INFO - Output directory 'TNG300_snapshot99' is set to: /caefs/data/IllustrisTNG/snapshot-99-dm-npy/cache
2025-03-09 15:42:20,498 - WARNING - Output directory 'NPZ' does not exist: /path/to/your/output/npz
2025-03-09 15:42:20,498 - INFO - Output directory 'NPY' is set to: /caefs/data/IllustrisTNG/300/ICS
2025-03-09 15:42:20,498 - WARNING - Output directory 'LOGS' does not exist: /path/to/your/logs
2025-03-09 15:42:20,673 - INFO - Using GPU device 1.
2025-03-09 15:42:20,681 - INFO - Output directory 'TNG300_ICS' is set to: /caefs/data/IllustrisTNG/300/ICS
2025-03-09 15:42:20,682 - INFO - Output directory 'TNG300_snapshot99' is set to: /caefs/data/IllustrisTNG/snapshot-99-dm-npy/cache
2025-03-09 15:42:20,682 - WARNING - Output directory 'NPZ' does not exist: /path/to/your/output/npz
2025-03-09 15:42:20,682 - INFO - Output directory 'NPY' is set to: /caefs/data/IllustrisTNG/300/ICS
2025-03-09 15:42:20,682 - WARNING - Output directory 'LOGS' does not exist: /path/to/your/logs
2025-03-09 15:42:20,761 - INFO - Using GPU device 1.
2025-03-09 15:42:20,762 - INFO - Output directory 'TNG300_ICS' is set to: /caefs/data/IllustrisTNG/300/ICS
2025-03-09 15:42:20,762 - INFO - Output directory 'TNG300_snapshot99' is set to: /caefs/data/IllustrisTNG/snapshot-99-dm-npy/cache
2025-03-09 15:42:20,762 - WARNING - Output directory 'NPZ' does not exist: /path/to/your/output/npz
2025-03-09 15:42:20,762 - INFO - Output directory 'NPY' is set to: /caefs/data/IllustrisTNG/300/ICS
2025-03-09 15:42:20,762 - WARNING - Output directory 'LOGS' does not exist: /path/to/your/logs
2025-03-09 15:42:21,051 - INFO - Using GPU device 1.
2025-03-09 15:42:21,052 - INFO - Output directory 'TNG300_ICS' is set to: /caefs/data/IllustrisTNG/300/ICS
2025-03-09 15:42:21,052 - INFO - Output directory 'TNG300_snapshot99' is set to: /caefs/data/IllustrisTNG/snapshot-99-dm-npy/cache
2025-03-09 15:42:21,053 - WARNING - Output directory 'NPZ' does not exist: /path/to/your/output/npz
2025-03-09 15:42:21,053 - INFO - Output directory 'NPY' is set to: /caefs/data/IllustrisTNG/300/ICS
2025-03-09 15:42:21,053 - WARNING - Output directory 'LOGS' does not exist: /path/to/your/logs
2025-03-09 15:42:21,142 - INFO - Using GPU device 1.
2025-03-09 15:42:21,142 - INFO - Output directory 'TNG300_ICS' is set to: /caefs/data/IllustrisTNG/300/ICS
2025-03-09 15:42:21,143 - INFO - Output directory 'TNG300_snapshot99' is set to: /caefs/data/IllustrisTNG/snapshot-99-dm-npy/cache
2025-03-09 15:42:21,143 - WARNING - Output directory 'NPZ' does not exist: /path/to/your/output/npz
2025-03-09 15:42:21,143 - INFO - Output directory 'NPY' is set to: /caefs/data/IllustrisTNG/300/ICS
2025-03-09 15:42:21,143 - WARNING - Output directory 'LOGS' does not exist: /path/to/your/logs
2025-03-09 15:42:21,304 - INFO - Using GPU device 1.
2025-03-09 15:42:21,305 - INFO - Output directory 'TNG300_ICS' is set to: /caefs/data/IllustrisTNG/300/ICS
2025-03-09 15:42:21,306 - INFO - Output directory 'TNG300_snapshot99' is set to: /caefs/data/IllustrisTNG/snapshot-99-dm-npy/cache
2025-03-09 15:42:21,306 - WARNING - Output directory 'NPZ' does not exist: /path/to/your/output/npz
2025-03-09 15:42:21,306 - INFO - Output directory 'NPY' is set to: /caefs/data/IllustrisTNG/300/ICS
2025-03-09 15:42:21,306 - WARNING - Output directory 'LOGS' does not exist: /path/to/your/logs
2025-03-09 15:42:21,383 - INFO - Using GPU device 1.
2025-03-09 15:42:21,384 - INFO - Output directory 'TNG300_ICS' is set to: /caefs/data/IllustrisTNG/300/ICS
2025-03-09 15:42:21,384 - INFO - Output directory 'TNG300_snapshot99' is set to: /caefs/data/IllustrisTNG/snapshot-99-dm-npy/cache
2025-03-09 15:42:21,384 - WARNING - Output directory 'NPZ' does not exist: /path/to/your/output/npz
2025-03-09 15:42:21,385 - INFO - Output directory 'NPY' is set to: /caefs/data/IllustrisTNG/300/ICS
2025-03-09 15:42:21,385 - WARNING - Output directory 'LOGS' does not exist: /path/to/your/logs
2025-03-09 15:42:21,555 - INFO - Using GPU device 1.
2025-03-09 15:42:21,556 - INFO - Output directory 'TNG300_ICS' is set to: /caefs/data/IllustrisTNG/300/ICS
2025-03-09 15:42:21,556 - INFO - Output directory 'TNG300_snapshot99' is set to: /caefs/data/IllustrisTNG/snapshot-99-dm-npy/cache
2025-03-09 15:42:21,557 - WARNING - Output directory 'NPZ' does not exist: /path/to/your/output/npz
2025-03-09 15:42:21,557 - INFO - Output directory 'NPY' is set to: /caefs/data/IllustrisTNG/300/ICS
2025-03-09 15:42:21,557 - WARNING - Output directory 'LOGS' does not exist: /path/to/your/logs
2025-03-09 15:42:21,609 - INFO - Using GPU device 1.
2025-03-09 15:42:21,610 - INFO - Output directory 'TNG300_ICS' is set to: /caefs/data/IllustrisTNG/300/ICS
2025-03-09 15:42:21,610 - INFO - Output directory 'TNG300_snapshot99' is set to: /caefs/data/IllustrisTNG/snapshot-99-dm-npy/cache
2025-03-09 15:42:21,610 - WARNING - Output directory 'NPZ' does not exist: /path/to/your/output/npz
2025-03-09 15:42:21,611 - INFO - Output directory 'NPY' is set to: /caefs/data/IllustrisTNG/300/ICS
2025-03-09 15:42:21,611 - WARNING - Output directory 'LOGS' does not exist: /path/to/your/logs
2025-03-09 15:42:21,742 - INFO - Using GPU device 1.
2025-03-09 15:42:21,743 - INFO - Output directory 'TNG300_ICS' is set to: /caefs/data/IllustrisTNG/300/ICS
2025-03-09 15:42:21,744 - INFO - Output directory 'TNG300_snapshot99' is set to: /caefs/data/IllustrisTNG/snapshot-99-dm-npy/cache
2025-03-09 15:42:21,744 - WARNING - Output directory 'NPZ' does not exist: /path/to/your/output/npz
2025-03-09 15:42:21,744 - INFO - Output directory 'NPY' is set to: /caefs/data/IllustrisTNG/300/ICS
2025-03-09 15:42:21,744 - WARNING - Output directory 'LOGS' does not exist: /path/to/your/logs
2025-03-09 15:42:21,754 - INFO - Using GPU device 1.
2025-03-09 15:42:21,755 - INFO - Output directory 'TNG300_ICS' is set to: /caefs/data/IllustrisTNG/300/ICS
2025-03-09 15:42:21,755 - INFO - Output directory 'TNG300_snapshot99' is set to: /caefs/data/IllustrisTNG/snapshot-99-dm-npy/cache
2025-03-09 15:42:21,755 - WARNING - Output directory 'NPZ' does not exist: /path/to/your/output/npz
2025-03-09 15:42:21,756 - INFO - Output directory 'NPY' is set to: /caefs/data/IllustrisTNG/300/ICS
2025-03-09 15:42:21,756 - WARNING - Output directory 'LOGS' does not exist: /path/to/your/logs
2025-03-09 15:42:21,768 - INFO - Using GPU device 1.
2025-03-09 15:42:21,769 - INFO - Output directory 'TNG300_ICS' is set to: /caefs/data/IllustrisTNG/300/ICS
2025-03-09 15:42:21,770 - INFO - Output directory 'TNG300_snapshot99' is set to: /caefs/data/IllustrisTNG/snapshot-99-dm-npy/cache
2025-03-09 15:42:21,770 - WARNING - Output directory 'NPZ' does not exist: /path/to/your/output/npz
2025-03-09 15:42:21,770 - INFO - Output directory 'NPY' is set to: /caefs/data/IllustrisTNG/300/ICS
2025-03-09 15:42:21,770 - WARNING - Output directory 'LOGS' does not exist: /path/to/your/logs
2025-03-09 15:42:21,831 - INFO - Using GPU device 1.
2025-03-09 15:42:21,832 - INFO - Output directory 'TNG300_ICS' is set to: /caefs/data/IllustrisTNG/300/ICS
2025-03-09 15:42:21,833 - INFO - Output directory 'TNG300_snapshot99' is set to: /caefs/data/IllustrisTNG/snapshot-99-dm-npy/cache
2025-03-09 15:42:21,833 - WARNING - Output directory 'NPZ' does not exist: /path/to/your/output/npz
2025-03-09 15:42:21,833 - INFO - Output directory 'NPY' is set to: /caefs/data/IllustrisTNG/300/ICS
2025-03-09 15:42:21,833 - WARNING - Output directory 'LOGS' does not exist: /path/to/your/logs
2025-03-09 15:42:21,846 - INFO - Using GPU device 1.
2025-03-09 15:42:21,847 - INFO - Output directory 'TNG300_ICS' is set to: /caefs/data/IllustrisTNG/300/ICS
2025-03-09 15:42:21,848 - INFO - Output directory 'TNG300_snapshot99' is set to: /caefs/data/IllustrisTNG/snapshot-99-dm-npy/cache
2025-03-09 15:42:21,848 - WARNING - Output directory 'NPZ' does not exist: /path/to/your/output/npz
2025-03-09 15:42:21,848 - INFO - Output directory 'NPY' is set to: /caefs/data/IllustrisTNG/300/ICS
2025-03-09 15:42:21,848 - WARNING - Output directory 'LOGS' does not exist: /path/to/your/logs
2025-03-09 15:42:21,878 - INFO - Using GPU device 1.
2025-03-09 15:42:21,879 - INFO - Output directory 'TNG300_ICS' is set to: /caefs/data/IllustrisTNG/300/ICS
2025-03-09 15:42:21,880 - INFO - Output directory 'TNG300_snapshot99' is set to: /caefs/data/IllustrisTNG/snapshot-99-dm-npy/cache
2025-03-09 15:42:21,880 - WARNING - Output directory 'NPZ' does not exist: /path/to/your/output/npz
2025-03-09 15:42:21,880 - INFO - Output directory 'NPY' is set to: /caefs/data/IllustrisTNG/300/ICS
2025-03-09 15:42:21,880 - WARNING - Output directory 'LOGS' does not exist: /path/to/your/logs
2025-03-09 15:42:21,896 - INFO - Using GPU device 1.
2025-03-09 15:42:21,896 - INFO - Output directory 'TNG300_ICS' is set to: /caefs/data/IllustrisTNG/300/ICS
2025-03-09 15:42:21,897 - INFO - Output directory 'TNG300_snapshot99' is set to: /caefs/data/IllustrisTNG/snapshot-99-dm-npy/cache
2025-03-09 15:42:21,897 - WARNING - Output directory 'NPZ' does not exist: /path/to/your/output/npz
2025-03-09 15:42:21,898 - INFO - Output directory 'NPY' is set to: /caefs/data/IllustrisTNG/300/ICS
2025-03-09 15:42:21,898 - WARNING - Output directory 'LOGS' does not exist: /path/to/your/logs
2025-03-09 15:42:21,988 - INFO - Using GPU device 1.
2025-03-09 15:42:21,989 - INFO - Output directory 'TNG300_ICS' is set to: /caefs/data/IllustrisTNG/300/ICS
2025-03-09 15:42:21,989 - INFO - Output directory 'TNG300_snapshot99' is set to: /caefs/data/IllustrisTNG/snapshot-99-dm-npy/cache
2025-03-09 15:42:21,989 - WARNING - Output directory 'NPZ' does not exist: /path/to/your/output/npz
2025-03-09 15:42:21,990 - INFO - Output directory 'NPY' is set to: /caefs/data/IllustrisTNG/300/ICS
2025-03-09 15:42:21,990 - WARNING - Output directory 'LOGS' does not exist: /path/to/your/logs
2025-03-09 15:42:22,004 - INFO - Using GPU device 1.
2025-03-09 15:42:22,004 - INFO - Output directory 'TNG300_ICS' is set to: /caefs/data/IllustrisTNG/300/ICS
2025-03-09 15:42:22,005 - INFO - Output directory 'TNG300_snapshot99' is set to: /caefs/data/IllustrisTNG/snapshot-99-dm-npy/cache
2025-03-09 15:42:22,005 - WARNING - Output directory 'NPZ' does not exist: /path/to/your/output/npz
2025-03-09 15:42:22,005 - INFO - Output directory 'NPY' is set to: /caefs/data/IllustrisTNG/300/ICS
2025-03-09 15:42:22,005 - WARNING - Output directory 'LOGS' does not exist: /path/to/your/logs
