2025-03-10 14:46:30,703 - INFO - Using GPU device 1.
2025-03-10 14:46:30,704 - INFO - Output directory 'TNG300_ICS' is set to: /caefs/data/IllustrisTNG/300/ICS
2025-03-10 14:46:30,704 - INFO - Output directory 'TNG300_snapshot99' is set to: /caefs/data/IllustrisTNG/snapshot-99-dm-npy/cache
2025-03-10 14:46:30,704 - WARNING - Output directory 'NPZ' does not exist: /path/to/your/output/npz
2025-03-10 14:46:30,704 - INFO - Output directory 'NPY' is set to: /caefs/data/IllustrisTNG/300/ICS
2025-03-10 14:46:30,704 - WARNING - Output directory 'LOGS' does not exist: /path/to/your/logs
2025-03-10 14:46:30,749 - INFO - Using GPU device 1.
2025-03-10 14:46:30,749 - INFO - Output directory 'TNG300_ICS' is set to: /caefs/data/IllustrisTNG/300/ICS
2025-03-10 14:46:30,750 - INFO - Output directory 'TNG300_snapshot99' is set to: /caefs/data/IllustrisTNG/snapshot-99-dm-npy/cache
2025-03-10 14:46:30,750 - WARNING - Output directory 'NPZ' does not exist: /path/to/your/output/npz
2025-03-10 14:46:30,750 - INFO - Output directory 'NPY' is set to: /caefs/data/IllustrisTNG/300/ICS
2025-03-10 14:46:30,750 - WARNING - Output directory 'LOGS' does not exist: /path/to/your/logs
2025-03-10 14:46:30,774 - INFO - Using GPU device 1.
2025-03-10 14:46:30,774 - INFO - Output directory 'TNG300_ICS' is set to: /caefs/data/IllustrisTNG/300/ICS
2025-03-10 14:46:30,774 - INFO - Output directory 'TNG300_snapshot99' is set to: /caefs/data/IllustrisTNG/snapshot-99-dm-npy/cache
2025-03-10 14:46:30,775 - WARNING - Output directory 'NPZ' does not exist: /path/to/your/output/npz
2025-03-10 14:46:30,775 - INFO - Output directory 'NPY' is set to: /caefs/data/IllustrisTNG/300/ICS
2025-03-10 14:46:30,775 - WARNING - Output directory 'LOGS' does not exist: /path/to/your/logs
2025-03-10 14:46:30,790 - INFO - Using GPU device 1.
2025-03-10 14:46:30,791 - INFO - Output directory 'TNG300_ICS' is set to: /caefs/data/IllustrisTNG/300/ICS
2025-03-10 14:46:30,791 - INFO - Output directory 'TNG300_snapshot99' is set to: /caefs/data/IllustrisTNG/snapshot-99-dm-npy/cache
2025-03-10 14:46:30,791 - WARNING - Output directory 'NPZ' does not exist: /path/to/your/output/npz
2025-03-10 14:46:30,791 - INFO - Output directory 'NPY' is set to: /caefs/data/IllustrisTNG/300/ICS
2025-03-10 14:46:30,791 - WARNING - Output directory 'LOGS' does not exist: /path/to/your/logs
