2025-03-09 16:59:17,033 - INFO - Using GPU device 1.
2025-03-09 16:59:17,035 - INFO - Output directory 'TNG300_ICS' is set to: /caefs/data/IllustrisTNG/300/ICS
2025-03-09 16:59:17,035 - INFO - Output directory 'TNG300_snapshot99' is set to: /caefs/data/IllustrisTNG/snapshot-99-dm-npy/cache
2025-03-09 16:59:17,036 - WARNING - Output directory 'NPZ' does not exist: /path/to/your/output/npz
2025-03-09 16:59:17,036 - INFO - Output directory 'NPY' is set to: /caefs/data/IllustrisTNG/300/ICS
2025-03-09 16:59:17,036 - WARNING - Output directory 'LOGS' does not exist: /path/to/your/logs
2025-03-09 16:59:18,044 - INFO - Input directory (npy): /caefs/data/IllustrisTNG/snapshot-99-dm-npy/cache
2025-03-09 16:59:18,044 - INFO - Output directory: /caefs/user/mmingyeong/structura/Structura/src/results
2025-03-09 16:59:18,047 - DEBUG - Detected 598 .npy file(s) in the input directory.
2025-03-09 16:59:18,047 - DEBUG - Example file: snapshot-99.370.npy
2025-03-09 16:59:18,048 - DEBUG - Filtering range set to: 100.00 - 110.00 cMpc/h (Center: 105.00 cMpc/h, Thickness: 10.00 cMpc/h)
2025-03-09 16:59:18,048 - INFO - Loading data...
2025-03-09 16:59:28,888 - INFO - Using Dask distributed client with 60 workers.
2025-03-09 17:09:05,554 - INFO - Time elapsed for loading all data chunks: 587.50 seconds
2025-03-09 17:09:50,266 - INFO - Combined data shape: (471016684, 3)
2025-03-09 17:09:51,360 - INFO - Selected GPU 4 with free memory 84732674048 bytes.
2025-03-09 17:09:55,609 - DEBUG - Loaded data shape: (471016684, 3)
2025-03-09 17:09:55,610 - INFO - Data loaded successfully.
2025-03-09 17:09:55,610 - INFO - Total execution time: 00:10:37 (637.57 seconds)
2025-03-09 17:09:55,610 - INFO - Plot generated successfully.
