2025-03-09 17:11:12,954 - INFO - Using GPU device 1.
2025-03-09 17:11:12,955 - INFO - Output directory 'TNG300_ICS' is set to: /caefs/data/IllustrisTNG/300/ICS
2025-03-09 17:11:12,955 - INFO - Output directory 'TNG300_snapshot99' is set to: /caefs/data/IllustrisTNG/snapshot-99-dm-npy/cache
2025-03-09 17:11:12,955 - WARNING - Output directory 'NPZ' does not exist: /path/to/your/output/npz
2025-03-09 17:11:12,956 - INFO - Output directory 'NPY' is set to: /caefs/data/IllustrisTNG/300/ICS
2025-03-09 17:11:12,956 - WARNING - Output directory 'LOGS' does not exist: /path/to/your/logs
2025-03-09 17:11:13,045 - INFO - Using GPU device 1.
2025-03-09 17:11:13,046 - INFO - Output directory 'TNG300_ICS' is set to: /caefs/data/IllustrisTNG/300/ICS
2025-03-09 17:11:13,046 - INFO - Output directory 'TNG300_snapshot99' is set to: /caefs/data/IllustrisTNG/snapshot-99-dm-npy/cache
2025-03-09 17:11:13,046 - WARNING - Output directory 'NPZ' does not exist: /path/to/your/output/npz
2025-03-09 17:11:13,046 - INFO - Output directory 'NPY' is set to: /caefs/data/IllustrisTNG/300/ICS
2025-03-09 17:11:13,046 - WARNING - Output directory 'LOGS' does not exist: /path/to/your/logs
2025-03-09 17:11:13,780 - INFO - Using GPU device 1.
2025-03-09 17:11:13,780 - INFO - Output directory 'TNG300_ICS' is set to: /caefs/data/IllustrisTNG/300/ICS
2025-03-09 17:11:13,780 - INFO - Output directory 'TNG300_snapshot99' is set to: /caefs/data/IllustrisTNG/snapshot-99-dm-npy/cache
2025-03-09 17:11:13,781 - WARNING - Output directory 'NPZ' does not exist: /path/to/your/output/npz
2025-03-09 17:11:13,781 - INFO - Output directory 'NPY' is set to: /caefs/data/IllustrisTNG/300/ICS
2025-03-09 17:11:13,781 - WARNING - Output directory 'LOGS' does not exist: /path/to/your/logs
2025-03-09 17:11:13,790 - INFO - Using GPU device 1.
2025-03-09 17:11:13,809 - INFO - Output directory 'TNG300_ICS' is set to: /caefs/data/IllustrisTNG/300/ICS
2025-03-09 17:11:13,809 - INFO - Output directory 'TNG300_snapshot99' is set to: /caefs/data/IllustrisTNG/snapshot-99-dm-npy/cache
2025-03-09 17:11:13,809 - WARNING - Output directory 'NPZ' does not exist: /path/to/your/output/npz
2025-03-09 17:11:13,809 - INFO - Output directory 'NPY' is set to: /caefs/data/IllustrisTNG/300/ICS
2025-03-09 17:11:13,809 - WARNING - Output directory 'LOGS' does not exist: /path/to/your/logs
2025-03-09 17:11:13,808 - INFO - Using GPU device 1.
2025-03-09 17:11:13,840 - INFO - Output directory 'TNG300_ICS' is set to: /caefs/data/IllustrisTNG/300/ICS
2025-03-09 17:11:13,840 - INFO - Output directory 'TNG300_snapshot99' is set to: /caefs/data/IllustrisTNG/snapshot-99-dm-npy/cache
2025-03-09 17:11:13,840 - WARNING - Output directory 'NPZ' does not exist: /path/to/your/output/npz
2025-03-09 17:11:13,840 - INFO - Output directory 'NPY' is set to: /caefs/data/IllustrisTNG/300/ICS
2025-03-09 17:11:13,840 - WARNING - Output directory 'LOGS' does not exist: /path/to/your/logs
