2025-03-09 15:57:20,776 - INFO - Using GPU device 1.
2025-03-09 15:57:20,777 - INFO - Output directory 'TNG300_ICS' is set to: /caefs/data/IllustrisTNG/300/ICS
2025-03-09 15:57:20,777 - INFO - Output directory 'TNG300_snapshot99' is set to: /caefs/data/IllustrisTNG/snapshot-99-dm-npy/cache
2025-03-09 15:57:20,777 - WARNING - Output directory 'NPZ' does not exist: /path/to/your/output/npz
2025-03-09 15:57:20,778 - INFO - Output directory 'NPY' is set to: /caefs/data/IllustrisTNG/300/ICS
2025-03-09 15:57:20,778 - WARNING - Output directory 'LOGS' does not exist: /path/to/your/logs
2025-03-09 15:57:20,880 - INFO - Using GPU device 1.
2025-03-09 15:57:20,881 - INFO - Output directory 'TNG300_ICS' is set to: /caefs/data/IllustrisTNG/300/ICS
2025-03-09 15:57:20,881 - INFO - Output directory 'TNG300_snapshot99' is set to: /caefs/data/IllustrisTNG/snapshot-99-dm-npy/cache
2025-03-09 15:57:20,881 - WARNING - Output directory 'NPZ' does not exist: /path/to/your/output/npz
2025-03-09 15:57:20,882 - INFO - Output directory 'NPY' is set to: /caefs/data/IllustrisTNG/300/ICS
2025-03-09 15:57:20,882 - WARNING - Output directory 'LOGS' does not exist: /path/to/your/logs
2025-03-09 15:57:20,926 - INFO - Using GPU device 1.
2025-03-09 15:57:20,927 - INFO - Output directory 'TNG300_ICS' is set to: /caefs/data/IllustrisTNG/300/ICS
2025-03-09 15:57:20,927 - INFO - Output directory 'TNG300_snapshot99' is set to: /caefs/data/IllustrisTNG/snapshot-99-dm-npy/cache
2025-03-09 15:57:20,927 - WARNING - Output directory 'NPZ' does not exist: /path/to/your/output/npz
2025-03-09 15:57:20,927 - INFO - Output directory 'NPY' is set to: /caefs/data/IllustrisTNG/300/ICS
2025-03-09 15:57:20,928 - WARNING - Output directory 'LOGS' does not exist: /path/to/your/logs
2025-03-09 15:57:20,995 - INFO - Using GPU device 1.
2025-03-09 15:57:20,995 - INFO - Output directory 'TNG300_ICS' is set to: /caefs/data/IllustrisTNG/300/ICS
2025-03-09 15:57:20,996 - INFO - Output directory 'TNG300_snapshot99' is set to: /caefs/data/IllustrisTNG/snapshot-99-dm-npy/cache
2025-03-09 15:57:20,996 - WARNING - Output directory 'NPZ' does not exist: /path/to/your/output/npz
2025-03-09 15:57:20,996 - INFO - Output directory 'NPY' is set to: /caefs/data/IllustrisTNG/300/ICS
2025-03-09 15:57:20,996 - WARNING - Output directory 'LOGS' does not exist: /path/to/your/logs
2025-03-09 15:57:21,324 - INFO - Using GPU device 1.
2025-03-09 15:57:21,325 - INFO - Output directory 'TNG300_ICS' is set to: /caefs/data/IllustrisTNG/300/ICS
2025-03-09 15:57:21,325 - INFO - Output directory 'TNG300_snapshot99' is set to: /caefs/data/IllustrisTNG/snapshot-99-dm-npy/cache
2025-03-09 15:57:21,325 - WARNING - Output directory 'NPZ' does not exist: /path/to/your/output/npz
2025-03-09 15:57:21,325 - INFO - Output directory 'NPY' is set to: /caefs/data/IllustrisTNG/300/ICS
2025-03-09 15:57:21,325 - WARNING - Output directory 'LOGS' does not exist: /path/to/your/logs
2025-03-09 15:57:21,423 - INFO - Using GPU device 1.
2025-03-09 15:57:21,424 - INFO - Output directory 'TNG300_ICS' is set to: /caefs/data/IllustrisTNG/300/ICS
2025-03-09 15:57:21,424 - INFO - Output directory 'TNG300_snapshot99' is set to: /caefs/data/IllustrisTNG/snapshot-99-dm-npy/cache
2025-03-09 15:57:21,424 - WARNING - Output directory 'NPZ' does not exist: /path/to/your/output/npz
2025-03-09 15:57:21,424 - INFO - Output directory 'NPY' is set to: /caefs/data/IllustrisTNG/300/ICS
2025-03-09 15:57:21,424 - WARNING - Output directory 'LOGS' does not exist: /path/to/your/logs
2025-03-09 15:57:21,495 - INFO - Using GPU device 1.
2025-03-09 15:57:21,496 - INFO - Output directory 'TNG300_ICS' is set to: /caefs/data/IllustrisTNG/300/ICS
2025-03-09 15:57:21,496 - INFO - Output directory 'TNG300_snapshot99' is set to: /caefs/data/IllustrisTNG/snapshot-99-dm-npy/cache
2025-03-09 15:57:21,496 - WARNING - Output directory 'NPZ' does not exist: /path/to/your/output/npz
2025-03-09 15:57:21,496 - INFO - Output directory 'NPY' is set to: /caefs/data/IllustrisTNG/300/ICS
2025-03-09 15:57:21,496 - WARNING - Output directory 'LOGS' does not exist: /path/to/your/logs
2025-03-09 15:57:21,692 - INFO - Using GPU device 1.
2025-03-09 15:57:21,693 - INFO - Output directory 'TNG300_ICS' is set to: /caefs/data/IllustrisTNG/300/ICS
2025-03-09 15:57:21,693 - INFO - Output directory 'TNG300_snapshot99' is set to: /caefs/data/IllustrisTNG/snapshot-99-dm-npy/cache
2025-03-09 15:57:21,693 - WARNING - Output directory 'NPZ' does not exist: /path/to/your/output/npz
2025-03-09 15:57:21,693 - INFO - Output directory 'NPY' is set to: /caefs/data/IllustrisTNG/300/ICS
2025-03-09 15:57:21,693 - WARNING - Output directory 'LOGS' does not exist: /path/to/your/logs
2025-03-09 15:57:21,821 - INFO - Using GPU device 1.
2025-03-09 15:57:21,822 - INFO - Output directory 'TNG300_ICS' is set to: /caefs/data/IllustrisTNG/300/ICS
2025-03-09 15:57:21,822 - INFO - Output directory 'TNG300_snapshot99' is set to: /caefs/data/IllustrisTNG/snapshot-99-dm-npy/cache
2025-03-09 15:57:21,822 - WARNING - Output directory 'NPZ' does not exist: /path/to/your/output/npz
2025-03-09 15:57:21,822 - INFO - Output directory 'NPY' is set to: /caefs/data/IllustrisTNG/300/ICS
2025-03-09 15:57:21,822 - WARNING - Output directory 'LOGS' does not exist: /path/to/your/logs
2025-03-09 15:57:21,877 - INFO - Using GPU device 1.
2025-03-09 15:57:21,877 - INFO - Output directory 'TNG300_ICS' is set to: /caefs/data/IllustrisTNG/300/ICS
2025-03-09 15:57:21,877 - INFO - Output directory 'TNG300_snapshot99' is set to: /caefs/data/IllustrisTNG/snapshot-99-dm-npy/cache
2025-03-09 15:57:21,877 - WARNING - Output directory 'NPZ' does not exist: /path/to/your/output/npz
2025-03-09 15:57:21,878 - INFO - Output directory 'NPY' is set to: /caefs/data/IllustrisTNG/300/ICS
2025-03-09 15:57:21,878 - WARNING - Output directory 'LOGS' does not exist: /path/to/your/logs
2025-03-09 15:57:22,170 - INFO - Using GPU device 1.
2025-03-09 15:57:22,171 - INFO - Output directory 'TNG300_ICS' is set to: /caefs/data/IllustrisTNG/300/ICS
2025-03-09 15:57:22,172 - INFO - Output directory 'TNG300_snapshot99' is set to: /caefs/data/IllustrisTNG/snapshot-99-dm-npy/cache
2025-03-09 15:57:22,172 - WARNING - Output directory 'NPZ' does not exist: /path/to/your/output/npz
2025-03-09 15:57:22,172 - INFO - Output directory 'NPY' is set to: /caefs/data/IllustrisTNG/300/ICS
2025-03-09 15:57:22,172 - WARNING - Output directory 'LOGS' does not exist: /path/to/your/logs
2025-03-09 15:57:22,791 - INFO - Using GPU device 1.
2025-03-09 15:57:22,791 - INFO - Output directory 'TNG300_ICS' is set to: /caefs/data/IllustrisTNG/300/ICS
2025-03-09 15:57:22,792 - INFO - Output directory 'TNG300_snapshot99' is set to: /caefs/data/IllustrisTNG/snapshot-99-dm-npy/cache
2025-03-09 15:57:22,792 - WARNING - Output directory 'NPZ' does not exist: /path/to/your/output/npz
2025-03-09 15:57:22,793 - INFO - Output directory 'NPY' is set to: /caefs/data/IllustrisTNG/300/ICS
2025-03-09 15:57:22,793 - WARNING - Output directory 'LOGS' does not exist: /path/to/your/logs
2025-03-09 15:57:22,820 - INFO - Using GPU device 1.
2025-03-09 15:57:22,821 - INFO - Output directory 'TNG300_ICS' is set to: /caefs/data/IllustrisTNG/300/ICS
2025-03-09 15:57:22,822 - INFO - Output directory 'TNG300_snapshot99' is set to: /caefs/data/IllustrisTNG/snapshot-99-dm-npy/cache
2025-03-09 15:57:22,822 - WARNING - Output directory 'NPZ' does not exist: /path/to/your/output/npz
2025-03-09 15:57:22,822 - INFO - Output directory 'NPY' is set to: /caefs/data/IllustrisTNG/300/ICS
2025-03-09 15:57:22,823 - WARNING - Output directory 'LOGS' does not exist: /path/to/your/logs
2025-03-09 15:57:22,907 - INFO - Using GPU device 1.
2025-03-09 15:57:22,908 - INFO - Output directory 'TNG300_ICS' is set to: /caefs/data/IllustrisTNG/300/ICS
2025-03-09 15:57:22,909 - INFO - Output directory 'TNG300_snapshot99' is set to: /caefs/data/IllustrisTNG/snapshot-99-dm-npy/cache
2025-03-09 15:57:22,909 - WARNING - Output directory 'NPZ' does not exist: /path/to/your/output/npz
2025-03-09 15:57:22,909 - INFO - Output directory 'NPY' is set to: /caefs/data/IllustrisTNG/300/ICS
2025-03-09 15:57:22,909 - WARNING - Output directory 'LOGS' does not exist: /path/to/your/logs
2025-03-09 15:57:22,972 - INFO - Using GPU device 1.
2025-03-09 15:57:22,973 - INFO - Output directory 'TNG300_ICS' is set to: /caefs/data/IllustrisTNG/300/ICS
2025-03-09 15:57:22,974 - INFO - Output directory 'TNG300_snapshot99' is set to: /caefs/data/IllustrisTNG/snapshot-99-dm-npy/cache
2025-03-09 15:57:22,974 - WARNING - Output directory 'NPZ' does not exist: /path/to/your/output/npz
2025-03-09 15:57:22,974 - INFO - Output directory 'NPY' is set to: /caefs/data/IllustrisTNG/300/ICS
2025-03-09 15:57:22,974 - WARNING - Output directory 'LOGS' does not exist: /path/to/your/logs
2025-03-09 15:57:23,004 - INFO - Using GPU device 1.
2025-03-09 15:57:23,005 - INFO - Output directory 'TNG300_ICS' is set to: /caefs/data/IllustrisTNG/300/ICS
2025-03-09 15:57:23,006 - INFO - Output directory 'TNG300_snapshot99' is set to: /caefs/data/IllustrisTNG/snapshot-99-dm-npy/cache
2025-03-09 15:57:23,006 - WARNING - Output directory 'NPZ' does not exist: /path/to/your/output/npz
2025-03-09 15:57:23,006 - INFO - Output directory 'NPY' is set to: /caefs/data/IllustrisTNG/300/ICS
2025-03-09 15:57:23,007 - WARNING - Output directory 'LOGS' does not exist: /path/to/your/logs
