2025-03-09 16:06:36,744 - INFO - Using GPU device 1.
2025-03-09 16:06:36,745 - INFO - Output directory 'TNG300_ICS' is set to: /caefs/data/IllustrisTNG/300/ICS
2025-03-09 16:06:36,745 - INFO - Output directory 'TNG300_snapshot99' is set to: /caefs/data/IllustrisTNG/snapshot-99-dm-npy/cache
2025-03-09 16:06:36,745 - WARNING - Output directory 'NPZ' does not exist: /path/to/your/output/npz
2025-03-09 16:06:36,745 - INFO - Output directory 'NPY' is set to: /caefs/data/IllustrisTNG/300/ICS
2025-03-09 16:06:36,745 - WARNING - Output directory 'LOGS' does not exist: /path/to/your/logs
2025-03-09 16:06:36,784 - INFO - Using GPU device 1.
2025-03-09 16:06:36,784 - INFO - Output directory 'TNG300_ICS' is set to: /caefs/data/IllustrisTNG/300/ICS
2025-03-09 16:06:36,784 - INFO - Output directory 'TNG300_snapshot99' is set to: /caefs/data/IllustrisTNG/snapshot-99-dm-npy/cache
2025-03-09 16:06:36,784 - WARNING - Output directory 'NPZ' does not exist: /path/to/your/output/npz
2025-03-09 16:06:36,784 - INFO - Output directory 'NPY' is set to: /caefs/data/IllustrisTNG/300/ICS
2025-03-09 16:06:36,784 - WARNING - Output directory 'LOGS' does not exist: /path/to/your/logs
2025-03-09 16:06:36,884 - INFO - Using GPU device 1.
2025-03-09 16:06:36,885 - INFO - Output directory 'TNG300_ICS' is set to: /caefs/data/IllustrisTNG/300/ICS
2025-03-09 16:06:36,885 - INFO - Output directory 'TNG300_snapshot99' is set to: /caefs/data/IllustrisTNG/snapshot-99-dm-npy/cache
2025-03-09 16:06:36,885 - WARNING - Output directory 'NPZ' does not exist: /path/to/your/output/npz
2025-03-09 16:06:36,885 - INFO - Output directory 'NPY' is set to: /caefs/data/IllustrisTNG/300/ICS
2025-03-09 16:06:36,885 - WARNING - Output directory 'LOGS' does not exist: /path/to/your/logs
2025-03-09 16:06:37,375 - INFO - Using GPU device 1.
2025-03-09 16:06:37,375 - INFO - Output directory 'TNG300_ICS' is set to: /caefs/data/IllustrisTNG/300/ICS
2025-03-09 16:06:37,375 - INFO - Output directory 'TNG300_snapshot99' is set to: /caefs/data/IllustrisTNG/snapshot-99-dm-npy/cache
2025-03-09 16:06:37,375 - WARNING - Output directory 'NPZ' does not exist: /path/to/your/output/npz
2025-03-09 16:06:37,376 - INFO - Output directory 'NPY' is set to: /caefs/data/IllustrisTNG/300/ICS
2025-03-09 16:06:37,376 - WARNING - Output directory 'LOGS' does not exist: /path/to/your/logs
2025-03-09 16:06:37,383 - INFO - Using GPU device 1.
2025-03-09 16:06:37,383 - INFO - Output directory 'TNG300_ICS' is set to: /caefs/data/IllustrisTNG/300/ICS
2025-03-09 16:06:37,383 - INFO - Output directory 'TNG300_snapshot99' is set to: /caefs/data/IllustrisTNG/snapshot-99-dm-npy/cache
2025-03-09 16:06:37,384 - WARNING - Output directory 'NPZ' does not exist: /path/to/your/output/npz
2025-03-09 16:06:37,384 - INFO - Output directory 'NPY' is set to: /caefs/data/IllustrisTNG/300/ICS
2025-03-09 16:06:37,384 - WARNING - Output directory 'LOGS' does not exist: /path/to/your/logs
2025-03-09 16:06:37,420 - INFO - Using GPU device 1.
2025-03-09 16:06:37,420 - INFO - Output directory 'TNG300_ICS' is set to: /caefs/data/IllustrisTNG/300/ICS
2025-03-09 16:06:37,421 - INFO - Output directory 'TNG300_snapshot99' is set to: /caefs/data/IllustrisTNG/snapshot-99-dm-npy/cache
2025-03-09 16:06:37,421 - WARNING - Output directory 'NPZ' does not exist: /path/to/your/output/npz
2025-03-09 16:06:37,421 - INFO - Output directory 'NPY' is set to: /caefs/data/IllustrisTNG/300/ICS
2025-03-09 16:06:37,421 - WARNING - Output directory 'LOGS' does not exist: /path/to/your/logs
2025-03-09 16:06:37,537 - INFO - Using GPU device 1.
2025-03-09 16:06:37,538 - INFO - Output directory 'TNG300_ICS' is set to: /caefs/data/IllustrisTNG/300/ICS
2025-03-09 16:06:37,538 - INFO - Output directory 'TNG300_snapshot99' is set to: /caefs/data/IllustrisTNG/snapshot-99-dm-npy/cache
2025-03-09 16:06:37,538 - WARNING - Output directory 'NPZ' does not exist: /path/to/your/output/npz
2025-03-09 16:06:37,538 - INFO - Output directory 'NPY' is set to: /caefs/data/IllustrisTNG/300/ICS
2025-03-09 16:06:37,538 - WARNING - Output directory 'LOGS' does not exist: /path/to/your/logs
2025-03-09 16:06:37,792 - INFO - Using GPU device 1.
2025-03-09 16:06:37,792 - INFO - Output directory 'TNG300_ICS' is set to: /caefs/data/IllustrisTNG/300/ICS
2025-03-09 16:06:37,793 - INFO - Output directory 'TNG300_snapshot99' is set to: /caefs/data/IllustrisTNG/snapshot-99-dm-npy/cache
2025-03-09 16:06:37,793 - WARNING - Output directory 'NPZ' does not exist: /path/to/your/output/npz
2025-03-09 16:06:37,793 - INFO - Output directory 'NPY' is set to: /caefs/data/IllustrisTNG/300/ICS
2025-03-09 16:06:37,793 - WARNING - Output directory 'LOGS' does not exist: /path/to/your/logs
2025-03-09 16:06:38,024 - INFO - Using GPU device 1.
2025-03-09 16:06:38,024 - INFO - Output directory 'TNG300_ICS' is set to: /caefs/data/IllustrisTNG/300/ICS
2025-03-09 16:06:38,024 - INFO - Output directory 'TNG300_snapshot99' is set to: /caefs/data/IllustrisTNG/snapshot-99-dm-npy/cache
2025-03-09 16:06:38,024 - WARNING - Output directory 'NPZ' does not exist: /path/to/your/output/npz
2025-03-09 16:06:38,024 - INFO - Output directory 'NPY' is set to: /caefs/data/IllustrisTNG/300/ICS
2025-03-09 16:06:38,024 - WARNING - Output directory 'LOGS' does not exist: /path/to/your/logs
2025-03-09 16:06:38,371 - INFO - Using GPU device 1.
2025-03-09 16:06:38,372 - INFO - Output directory 'TNG300_ICS' is set to: /caefs/data/IllustrisTNG/300/ICS
2025-03-09 16:06:38,372 - INFO - Output directory 'TNG300_snapshot99' is set to: /caefs/data/IllustrisTNG/snapshot-99-dm-npy/cache
2025-03-09 16:06:38,372 - WARNING - Output directory 'NPZ' does not exist: /path/to/your/output/npz
2025-03-09 16:06:38,372 - INFO - Output directory 'NPY' is set to: /caefs/data/IllustrisTNG/300/ICS
2025-03-09 16:06:38,372 - WARNING - Output directory 'LOGS' does not exist: /path/to/your/logs
2025-03-09 16:06:38,387 - INFO - Using GPU device 1.
2025-03-09 16:06:38,388 - INFO - Output directory 'TNG300_ICS' is set to: /caefs/data/IllustrisTNG/300/ICS
2025-03-09 16:06:38,388 - INFO - Output directory 'TNG300_snapshot99' is set to: /caefs/data/IllustrisTNG/snapshot-99-dm-npy/cache
2025-03-09 16:06:38,388 - WARNING - Output directory 'NPZ' does not exist: /path/to/your/output/npz
2025-03-09 16:06:38,388 - INFO - Output directory 'NPY' is set to: /caefs/data/IllustrisTNG/300/ICS
2025-03-09 16:06:38,388 - WARNING - Output directory 'LOGS' does not exist: /path/to/your/logs
2025-03-09 16:06:38,540 - INFO - Using GPU device 1.
2025-03-09 16:06:38,541 - INFO - Output directory 'TNG300_ICS' is set to: /caefs/data/IllustrisTNG/300/ICS
2025-03-09 16:06:38,541 - INFO - Output directory 'TNG300_snapshot99' is set to: /caefs/data/IllustrisTNG/snapshot-99-dm-npy/cache
2025-03-09 16:06:38,541 - WARNING - Output directory 'NPZ' does not exist: /path/to/your/output/npz
2025-03-09 16:06:38,541 - INFO - Output directory 'NPY' is set to: /caefs/data/IllustrisTNG/300/ICS
2025-03-09 16:06:38,541 - WARNING - Output directory 'LOGS' does not exist: /path/to/your/logs
2025-03-09 16:06:38,692 - INFO - Using GPU device 1.
2025-03-09 16:06:38,692 - INFO - Output directory 'TNG300_ICS' is set to: /caefs/data/IllustrisTNG/300/ICS
2025-03-09 16:06:38,693 - INFO - Output directory 'TNG300_snapshot99' is set to: /caefs/data/IllustrisTNG/snapshot-99-dm-npy/cache
2025-03-09 16:06:38,693 - WARNING - Output directory 'NPZ' does not exist: /path/to/your/output/npz
2025-03-09 16:06:38,693 - INFO - Output directory 'NPY' is set to: /caefs/data/IllustrisTNG/300/ICS
2025-03-09 16:06:38,693 - WARNING - Output directory 'LOGS' does not exist: /path/to/your/logs
