2025-03-09 16:11:31,264 - INFO - Using GPU device 1.
2025-03-09 16:11:31,266 - INFO - Output directory 'TNG300_ICS' is set to: /caefs/data/IllustrisTNG/300/ICS
2025-03-09 16:11:31,267 - INFO - Output directory 'TNG300_snapshot99' is set to: /caefs/data/IllustrisTNG/snapshot-99-dm-npy/cache
2025-03-09 16:11:31,267 - WARNING - Output directory 'NPZ' does not exist: /path/to/your/output/npz
2025-03-09 16:11:31,267 - INFO - Output directory 'NPY' is set to: /caefs/data/IllustrisTNG/300/ICS
2025-03-09 16:11:31,267 - WARNING - Output directory 'LOGS' does not exist: /path/to/your/logs
2025-03-09 16:11:31,492 - INFO - Using GPU device 1.
2025-03-09 16:11:31,493 - INFO - Output directory 'TNG300_ICS' is set to: /caefs/data/IllustrisTNG/300/ICS
2025-03-09 16:11:31,494 - INFO - Output directory 'TNG300_snapshot99' is set to: /caefs/data/IllustrisTNG/snapshot-99-dm-npy/cache
2025-03-09 16:11:31,494 - WARNING - Output directory 'NPZ' does not exist: /path/to/your/output/npz
2025-03-09 16:11:31,495 - INFO - Output directory 'NPY' is set to: /caefs/data/IllustrisTNG/300/ICS
2025-03-09 16:11:31,495 - WARNING - Output directory 'LOGS' does not exist: /path/to/your/logs
2025-03-09 16:11:31,754 - INFO - Using GPU device 1.
2025-03-09 16:11:31,756 - INFO - Output directory 'TNG300_ICS' is set to: /caefs/data/IllustrisTNG/300/ICS
2025-03-09 16:11:31,757 - INFO - Output directory 'TNG300_snapshot99' is set to: /caefs/data/IllustrisTNG/snapshot-99-dm-npy/cache
2025-03-09 16:11:31,757 - WARNING - Output directory 'NPZ' does not exist: /path/to/your/output/npz
2025-03-09 16:11:31,757 - INFO - Output directory 'NPY' is set to: /caefs/data/IllustrisTNG/300/ICS
2025-03-09 16:11:31,758 - WARNING - Output directory 'LOGS' does not exist: /path/to/your/logs
2025-03-09 16:11:32,098 - INFO - Using GPU device 1.
2025-03-09 16:11:32,099 - INFO - Output directory 'TNG300_ICS' is set to: /caefs/data/IllustrisTNG/300/ICS
2025-03-09 16:11:32,100 - INFO - Output directory 'TNG300_snapshot99' is set to: /caefs/data/IllustrisTNG/snapshot-99-dm-npy/cache
2025-03-09 16:11:32,100 - WARNING - Output directory 'NPZ' does not exist: /path/to/your/output/npz
2025-03-09 16:11:32,101 - INFO - Output directory 'NPY' is set to: /caefs/data/IllustrisTNG/300/ICS
2025-03-09 16:11:32,101 - WARNING - Output directory 'LOGS' does not exist: /path/to/your/logs
2025-03-09 16:11:33,032 - INFO - Using GPU device 1.
2025-03-09 16:11:33,033 - INFO - Output directory 'TNG300_ICS' is set to: /caefs/data/IllustrisTNG/300/ICS
2025-03-09 16:11:33,033 - INFO - Output directory 'TNG300_snapshot99' is set to: /caefs/data/IllustrisTNG/snapshot-99-dm-npy/cache
2025-03-09 16:11:33,033 - WARNING - Output directory 'NPZ' does not exist: /path/to/your/output/npz
2025-03-09 16:11:33,034 - INFO - Output directory 'NPY' is set to: /caefs/data/IllustrisTNG/300/ICS
2025-03-09 16:11:33,034 - WARNING - Output directory 'LOGS' does not exist: /path/to/your/logs
2025-03-09 16:11:33,145 - INFO - Using GPU device 1.
2025-03-09 16:11:33,146 - INFO - Output directory 'TNG300_ICS' is set to: /caefs/data/IllustrisTNG/300/ICS
2025-03-09 16:11:33,146 - INFO - Output directory 'TNG300_snapshot99' is set to: /caefs/data/IllustrisTNG/snapshot-99-dm-npy/cache
2025-03-09 16:11:33,146 - WARNING - Output directory 'NPZ' does not exist: /path/to/your/output/npz
2025-03-09 16:11:33,147 - INFO - Output directory 'NPY' is set to: /caefs/data/IllustrisTNG/300/ICS
2025-03-09 16:11:33,147 - WARNING - Output directory 'LOGS' does not exist: /path/to/your/logs
2025-03-09 16:11:33,255 - INFO - Using GPU device 1.
2025-03-09 16:11:33,256 - INFO - Output directory 'TNG300_ICS' is set to: /caefs/data/IllustrisTNG/300/ICS
2025-03-09 16:11:33,257 - INFO - Output directory 'TNG300_snapshot99' is set to: /caefs/data/IllustrisTNG/snapshot-99-dm-npy/cache
2025-03-09 16:11:33,257 - WARNING - Output directory 'NPZ' does not exist: /path/to/your/output/npz
2025-03-09 16:11:33,257 - INFO - Output directory 'NPY' is set to: /caefs/data/IllustrisTNG/300/ICS
2025-03-09 16:11:33,257 - WARNING - Output directory 'LOGS' does not exist: /path/to/your/logs
2025-03-09 16:11:33,522 - INFO - Using GPU device 1.
2025-03-09 16:11:33,523 - INFO - Output directory 'TNG300_ICS' is set to: /caefs/data/IllustrisTNG/300/ICS
2025-03-09 16:11:33,523 - INFO - Output directory 'TNG300_snapshot99' is set to: /caefs/data/IllustrisTNG/snapshot-99-dm-npy/cache
2025-03-09 16:11:33,523 - WARNING - Output directory 'NPZ' does not exist: /path/to/your/output/npz
2025-03-09 16:11:33,524 - INFO - Output directory 'NPY' is set to: /caefs/data/IllustrisTNG/300/ICS
2025-03-09 16:11:33,524 - WARNING - Output directory 'LOGS' does not exist: /path/to/your/logs
2025-03-09 16:11:33,882 - INFO - Using GPU device 1.
2025-03-09 16:11:33,882 - INFO - Output directory 'TNG300_ICS' is set to: /caefs/data/IllustrisTNG/300/ICS
2025-03-09 16:11:33,882 - INFO - Output directory 'TNG300_snapshot99' is set to: /caefs/data/IllustrisTNG/snapshot-99-dm-npy/cache
2025-03-09 16:11:33,882 - WARNING - Output directory 'NPZ' does not exist: /path/to/your/output/npz
2025-03-09 16:11:33,882 - INFO - Output directory 'NPY' is set to: /caefs/data/IllustrisTNG/300/ICS
2025-03-09 16:11:33,882 - WARNING - Output directory 'LOGS' does not exist: /path/to/your/logs
2025-03-09 16:11:34,292 - INFO - Using GPU device 1.
2025-03-09 16:11:34,292 - INFO - Output directory 'TNG300_ICS' is set to: /caefs/data/IllustrisTNG/300/ICS
2025-03-09 16:11:34,292 - INFO - Output directory 'TNG300_snapshot99' is set to: /caefs/data/IllustrisTNG/snapshot-99-dm-npy/cache
2025-03-09 16:11:34,293 - WARNING - Output directory 'NPZ' does not exist: /path/to/your/output/npz
2025-03-09 16:11:34,293 - INFO - Output directory 'NPY' is set to: /caefs/data/IllustrisTNG/300/ICS
2025-03-09 16:11:34,293 - WARNING - Output directory 'LOGS' does not exist: /path/to/your/logs
2025-03-09 16:11:34,973 - INFO - Using GPU device 1.
2025-03-09 16:11:34,973 - INFO - Output directory 'TNG300_ICS' is set to: /caefs/data/IllustrisTNG/300/ICS
2025-03-09 16:11:34,974 - INFO - Output directory 'TNG300_snapshot99' is set to: /caefs/data/IllustrisTNG/snapshot-99-dm-npy/cache
2025-03-09 16:11:34,974 - WARNING - Output directory 'NPZ' does not exist: /path/to/your/output/npz
2025-03-09 16:11:34,974 - INFO - Output directory 'NPY' is set to: /caefs/data/IllustrisTNG/300/ICS
2025-03-09 16:11:34,974 - WARNING - Output directory 'LOGS' does not exist: /path/to/your/logs
2025-03-09 16:11:35,025 - INFO - Using GPU device 1.
2025-03-09 16:11:35,025 - INFO - Output directory 'TNG300_ICS' is set to: /caefs/data/IllustrisTNG/300/ICS
2025-03-09 16:11:35,025 - INFO - Output directory 'TNG300_snapshot99' is set to: /caefs/data/IllustrisTNG/snapshot-99-dm-npy/cache
2025-03-09 16:11:35,025 - WARNING - Output directory 'NPZ' does not exist: /path/to/your/output/npz
2025-03-09 16:11:35,025 - INFO - Output directory 'NPY' is set to: /caefs/data/IllustrisTNG/300/ICS
2025-03-09 16:11:35,026 - WARNING - Output directory 'LOGS' does not exist: /path/to/your/logs
2025-03-09 16:11:35,351 - INFO - Using GPU device 1.
2025-03-09 16:11:35,352 - INFO - Output directory 'TNG300_ICS' is set to: /caefs/data/IllustrisTNG/300/ICS
2025-03-09 16:11:35,352 - INFO - Output directory 'TNG300_snapshot99' is set to: /caefs/data/IllustrisTNG/snapshot-99-dm-npy/cache
2025-03-09 16:11:35,352 - WARNING - Output directory 'NPZ' does not exist: /path/to/your/output/npz
2025-03-09 16:11:35,352 - INFO - Output directory 'NPY' is set to: /caefs/data/IllustrisTNG/300/ICS
2025-03-09 16:11:35,352 - WARNING - Output directory 'LOGS' does not exist: /path/to/your/logs
2025-03-09 16:11:35,528 - INFO - Using GPU device 1.
2025-03-09 16:11:35,529 - INFO - Output directory 'TNG300_ICS' is set to: /caefs/data/IllustrisTNG/300/ICS
2025-03-09 16:11:35,529 - INFO - Output directory 'TNG300_snapshot99' is set to: /caefs/data/IllustrisTNG/snapshot-99-dm-npy/cache
2025-03-09 16:11:35,529 - WARNING - Output directory 'NPZ' does not exist: /path/to/your/output/npz
2025-03-09 16:11:35,529 - INFO - Output directory 'NPY' is set to: /caefs/data/IllustrisTNG/300/ICS
2025-03-09 16:11:35,529 - WARNING - Output directory 'LOGS' does not exist: /path/to/your/logs
2025-03-09 16:11:35,534 - INFO - Using GPU device 1.
2025-03-09 16:11:35,535 - INFO - Output directory 'TNG300_ICS' is set to: /caefs/data/IllustrisTNG/300/ICS
2025-03-09 16:11:35,535 - INFO - Output directory 'TNG300_snapshot99' is set to: /caefs/data/IllustrisTNG/snapshot-99-dm-npy/cache
2025-03-09 16:11:35,535 - WARNING - Output directory 'NPZ' does not exist: /path/to/your/output/npz
2025-03-09 16:11:35,535 - INFO - Output directory 'NPY' is set to: /caefs/data/IllustrisTNG/300/ICS
2025-03-09 16:11:35,535 - WARNING - Output directory 'LOGS' does not exist: /path/to/your/logs
2025-03-09 16:11:35,598 - INFO - Using GPU device 1.
2025-03-09 16:11:35,598 - INFO - Output directory 'TNG300_ICS' is set to: /caefs/data/IllustrisTNG/300/ICS
2025-03-09 16:11:35,598 - INFO - Output directory 'TNG300_snapshot99' is set to: /caefs/data/IllustrisTNG/snapshot-99-dm-npy/cache
2025-03-09 16:11:35,598 - WARNING - Output directory 'NPZ' does not exist: /path/to/your/output/npz
2025-03-09 16:11:35,598 - INFO - Output directory 'NPY' is set to: /caefs/data/IllustrisTNG/300/ICS
2025-03-09 16:11:35,598 - WARNING - Output directory 'LOGS' does not exist: /path/to/your/logs
2025-03-09 16:11:35,650 - INFO - Using GPU device 1.
2025-03-09 16:11:35,651 - INFO - Output directory 'TNG300_ICS' is set to: /caefs/data/IllustrisTNG/300/ICS
2025-03-09 16:11:35,651 - INFO - Output directory 'TNG300_snapshot99' is set to: /caefs/data/IllustrisTNG/snapshot-99-dm-npy/cache
2025-03-09 16:11:35,651 - WARNING - Output directory 'NPZ' does not exist: /path/to/your/output/npz
2025-03-09 16:11:35,651 - INFO - Output directory 'NPY' is set to: /caefs/data/IllustrisTNG/300/ICS
2025-03-09 16:11:35,651 - WARNING - Output directory 'LOGS' does not exist: /path/to/your/logs
2025-03-09 16:11:35,786 - INFO - Using GPU device 1.
2025-03-09 16:11:35,786 - INFO - Output directory 'TNG300_ICS' is set to: /caefs/data/IllustrisTNG/300/ICS
2025-03-09 16:11:35,786 - INFO - Output directory 'TNG300_snapshot99' is set to: /caefs/data/IllustrisTNG/snapshot-99-dm-npy/cache
2025-03-09 16:11:35,786 - WARNING - Output directory 'NPZ' does not exist: /path/to/your/output/npz
2025-03-09 16:11:35,787 - INFO - Output directory 'NPY' is set to: /caefs/data/IllustrisTNG/300/ICS
2025-03-09 16:11:35,787 - WARNING - Output directory 'LOGS' does not exist: /path/to/your/logs
2025-03-09 16:11:35,797 - INFO - Using GPU device 1.
2025-03-09 16:11:35,797 - INFO - Output directory 'TNG300_ICS' is set to: /caefs/data/IllustrisTNG/300/ICS
2025-03-09 16:11:35,798 - INFO - Output directory 'TNG300_snapshot99' is set to: /caefs/data/IllustrisTNG/snapshot-99-dm-npy/cache
2025-03-09 16:11:35,798 - WARNING - Output directory 'NPZ' does not exist: /path/to/your/output/npz
2025-03-09 16:11:35,798 - INFO - Output directory 'NPY' is set to: /caefs/data/IllustrisTNG/300/ICS
2025-03-09 16:11:35,798 - WARNING - Output directory 'LOGS' does not exist: /path/to/your/logs
2025-03-09 16:11:35,808 - INFO - Using GPU device 1.
2025-03-09 16:11:35,808 - INFO - Output directory 'TNG300_ICS' is set to: /caefs/data/IllustrisTNG/300/ICS
2025-03-09 16:11:35,808 - INFO - Output directory 'TNG300_snapshot99' is set to: /caefs/data/IllustrisTNG/snapshot-99-dm-npy/cache
2025-03-09 16:11:35,809 - WARNING - Output directory 'NPZ' does not exist: /path/to/your/output/npz
2025-03-09 16:11:35,809 - INFO - Output directory 'NPY' is set to: /caefs/data/IllustrisTNG/300/ICS
2025-03-09 16:11:35,809 - WARNING - Output directory 'LOGS' does not exist: /path/to/your/logs
2025-03-09 16:11:35,884 - INFO - Using GPU device 1.
2025-03-09 16:11:35,885 - INFO - Output directory 'TNG300_ICS' is set to: /caefs/data/IllustrisTNG/300/ICS
2025-03-09 16:11:35,885 - INFO - Output directory 'TNG300_snapshot99' is set to: /caefs/data/IllustrisTNG/snapshot-99-dm-npy/cache
2025-03-09 16:11:35,885 - WARNING - Output directory 'NPZ' does not exist: /path/to/your/output/npz
2025-03-09 16:11:35,885 - INFO - Output directory 'NPY' is set to: /caefs/data/IllustrisTNG/300/ICS
2025-03-09 16:11:35,885 - WARNING - Output directory 'LOGS' does not exist: /path/to/your/logs
2025-03-09 16:11:35,999 - INFO - Using GPU device 1.
2025-03-09 16:11:35,999 - INFO - Output directory 'TNG300_ICS' is set to: /caefs/data/IllustrisTNG/300/ICS
2025-03-09 16:11:35,999 - INFO - Output directory 'TNG300_snapshot99' is set to: /caefs/data/IllustrisTNG/snapshot-99-dm-npy/cache
2025-03-09 16:11:35,999 - WARNING - Output directory 'NPZ' does not exist: /path/to/your/output/npz
2025-03-09 16:11:36,000 - INFO - Output directory 'NPY' is set to: /caefs/data/IllustrisTNG/300/ICS
2025-03-09 16:11:36,000 - WARNING - Output directory 'LOGS' does not exist: /path/to/your/logs
2025-03-09 16:11:36,008 - INFO - Using GPU device 1.
2025-03-09 16:11:36,008 - INFO - Output directory 'TNG300_ICS' is set to: /caefs/data/IllustrisTNG/300/ICS
2025-03-09 16:11:36,009 - INFO - Output directory 'TNG300_snapshot99' is set to: /caefs/data/IllustrisTNG/snapshot-99-dm-npy/cache
2025-03-09 16:11:36,009 - WARNING - Output directory 'NPZ' does not exist: /path/to/your/output/npz
2025-03-09 16:11:36,009 - INFO - Output directory 'NPY' is set to: /caefs/data/IllustrisTNG/300/ICS
2025-03-09 16:11:36,009 - WARNING - Output directory 'LOGS' does not exist: /path/to/your/logs
2025-03-09 16:11:36,109 - INFO - Using GPU device 1.
2025-03-09 16:11:36,109 - INFO - Output directory 'TNG300_ICS' is set to: /caefs/data/IllustrisTNG/300/ICS
2025-03-09 16:11:36,110 - INFO - Output directory 'TNG300_snapshot99' is set to: /caefs/data/IllustrisTNG/snapshot-99-dm-npy/cache
2025-03-09 16:11:36,110 - WARNING - Output directory 'NPZ' does not exist: /path/to/your/output/npz
2025-03-09 16:11:36,110 - INFO - Output directory 'NPY' is set to: /caefs/data/IllustrisTNG/300/ICS
2025-03-09 16:11:36,110 - WARNING - Output directory 'LOGS' does not exist: /path/to/your/logs
2025-03-09 16:11:36,122 - INFO - Using GPU device 1.
2025-03-09 16:11:36,123 - INFO - Output directory 'TNG300_ICS' is set to: /caefs/data/IllustrisTNG/300/ICS
2025-03-09 16:11:36,123 - INFO - Output directory 'TNG300_snapshot99' is set to: /caefs/data/IllustrisTNG/snapshot-99-dm-npy/cache
2025-03-09 16:11:36,123 - WARNING - Output directory 'NPZ' does not exist: /path/to/your/output/npz
2025-03-09 16:11:36,123 - INFO - Output directory 'NPY' is set to: /caefs/data/IllustrisTNG/300/ICS
2025-03-09 16:11:36,123 - WARNING - Output directory 'LOGS' does not exist: /path/to/your/logs
2025-03-09 16:11:36,167 - INFO - Using GPU device 1.
2025-03-09 16:11:36,168 - INFO - Output directory 'TNG300_ICS' is set to: /caefs/data/IllustrisTNG/300/ICS
2025-03-09 16:11:36,168 - INFO - Output directory 'TNG300_snapshot99' is set to: /caefs/data/IllustrisTNG/snapshot-99-dm-npy/cache
2025-03-09 16:11:36,168 - WARNING - Output directory 'NPZ' does not exist: /path/to/your/output/npz
2025-03-09 16:11:36,168 - INFO - Output directory 'NPY' is set to: /caefs/data/IllustrisTNG/300/ICS
2025-03-09 16:11:36,168 - WARNING - Output directory 'LOGS' does not exist: /path/to/your/logs
2025-03-09 16:11:36,238 - INFO - Using GPU device 1.
2025-03-09 16:11:36,238 - INFO - Output directory 'TNG300_ICS' is set to: /caefs/data/IllustrisTNG/300/ICS
2025-03-09 16:11:36,238 - INFO - Output directory 'TNG300_snapshot99' is set to: /caefs/data/IllustrisTNG/snapshot-99-dm-npy/cache
2025-03-09 16:11:36,239 - WARNING - Output directory 'NPZ' does not exist: /path/to/your/output/npz
2025-03-09 16:11:36,239 - INFO - Output directory 'NPY' is set to: /caefs/data/IllustrisTNG/300/ICS
2025-03-09 16:11:36,239 - WARNING - Output directory 'LOGS' does not exist: /path/to/your/logs
2025-03-09 16:11:36,272 - INFO - Using GPU device 1.
2025-03-09 16:11:36,273 - INFO - Output directory 'TNG300_ICS' is set to: /caefs/data/IllustrisTNG/300/ICS
2025-03-09 16:11:36,273 - INFO - Output directory 'TNG300_snapshot99' is set to: /caefs/data/IllustrisTNG/snapshot-99-dm-npy/cache
2025-03-09 16:11:36,273 - WARNING - Output directory 'NPZ' does not exist: /path/to/your/output/npz
2025-03-09 16:11:36,273 - INFO - Output directory 'NPY' is set to: /caefs/data/IllustrisTNG/300/ICS
2025-03-09 16:11:36,273 - WARNING - Output directory 'LOGS' does not exist: /path/to/your/logs
2025-03-09 16:11:36,358 - INFO - Using GPU device 1.
2025-03-09 16:11:36,358 - INFO - Output directory 'TNG300_ICS' is set to: /caefs/data/IllustrisTNG/300/ICS
2025-03-09 16:11:36,359 - INFO - Output directory 'TNG300_snapshot99' is set to: /caefs/data/IllustrisTNG/snapshot-99-dm-npy/cache
2025-03-09 16:11:36,359 - WARNING - Output directory 'NPZ' does not exist: /path/to/your/output/npz
2025-03-09 16:11:36,359 - INFO - Output directory 'NPY' is set to: /caefs/data/IllustrisTNG/300/ICS
2025-03-09 16:11:36,359 - WARNING - Output directory 'LOGS' does not exist: /path/to/your/logs
2025-03-09 16:11:36,370 - INFO - Using GPU device 1.
2025-03-09 16:11:36,370 - INFO - Output directory 'TNG300_ICS' is set to: /caefs/data/IllustrisTNG/300/ICS
2025-03-09 16:11:36,370 - INFO - Output directory 'TNG300_snapshot99' is set to: /caefs/data/IllustrisTNG/snapshot-99-dm-npy/cache
2025-03-09 16:11:36,370 - WARNING - Output directory 'NPZ' does not exist: /path/to/your/output/npz
2025-03-09 16:11:36,370 - INFO - Output directory 'NPY' is set to: /caefs/data/IllustrisTNG/300/ICS
2025-03-09 16:11:36,371 - WARNING - Output directory 'LOGS' does not exist: /path/to/your/logs
2025-03-09 16:11:36,386 - INFO - Using GPU device 1.
2025-03-09 16:11:36,386 - INFO - Output directory 'TNG300_ICS' is set to: /caefs/data/IllustrisTNG/300/ICS
2025-03-09 16:11:36,386 - INFO - Output directory 'TNG300_snapshot99' is set to: /caefs/data/IllustrisTNG/snapshot-99-dm-npy/cache
2025-03-09 16:11:36,386 - WARNING - Output directory 'NPZ' does not exist: /path/to/your/output/npz
2025-03-09 16:11:36,386 - INFO - Output directory 'NPY' is set to: /caefs/data/IllustrisTNG/300/ICS
2025-03-09 16:11:36,386 - WARNING - Output directory 'LOGS' does not exist: /path/to/your/logs
2025-03-09 16:11:36,403 - INFO - Using GPU device 1.
2025-03-09 16:11:36,403 - INFO - Output directory 'TNG300_ICS' is set to: /caefs/data/IllustrisTNG/300/ICS
2025-03-09 16:11:36,403 - INFO - Output directory 'TNG300_snapshot99' is set to: /caefs/data/IllustrisTNG/snapshot-99-dm-npy/cache
2025-03-09 16:11:36,403 - WARNING - Output directory 'NPZ' does not exist: /path/to/your/output/npz
2025-03-09 16:11:36,404 - INFO - Output directory 'NPY' is set to: /caefs/data/IllustrisTNG/300/ICS
2025-03-09 16:11:36,404 - WARNING - Output directory 'LOGS' does not exist: /path/to/your/logs
2025-03-09 16:11:36,407 - INFO - Using GPU device 1.
2025-03-09 16:11:36,408 - INFO - Output directory 'TNG300_ICS' is set to: /caefs/data/IllustrisTNG/300/ICS
2025-03-09 16:11:36,408 - INFO - Output directory 'TNG300_snapshot99' is set to: /caefs/data/IllustrisTNG/snapshot-99-dm-npy/cache
2025-03-09 16:11:36,408 - WARNING - Output directory 'NPZ' does not exist: /path/to/your/output/npz
2025-03-09 16:11:36,408 - INFO - Output directory 'NPY' is set to: /caefs/data/IllustrisTNG/300/ICS
2025-03-09 16:11:36,408 - WARNING - Output directory 'LOGS' does not exist: /path/to/your/logs
