2025-03-09 15:48:50,628 - INFO - Using GPU device 1.
2025-03-09 15:48:50,630 - INFO - Output directory 'TNG300_ICS' is set to: /caefs/data/IllustrisTNG/300/ICS
2025-03-09 15:48:50,631 - INFO - Output directory 'TNG300_snapshot99' is set to: /caefs/data/IllustrisTNG/snapshot-99-dm-npy/cache
2025-03-09 15:48:50,631 - WARNING - Output directory 'NPZ' does not exist: /path/to/your/output/npz
2025-03-09 15:48:50,631 - INFO - Output directory 'NPY' is set to: /caefs/data/IllustrisTNG/300/ICS
2025-03-09 15:48:50,632 - WARNING - Output directory 'LOGS' does not exist: /path/to/your/logs
2025-03-09 15:48:50,691 - INFO - Using GPU device 1.
2025-03-09 15:48:50,692 - INFO - Output directory 'TNG300_ICS' is set to: /caefs/data/IllustrisTNG/300/ICS
2025-03-09 15:48:50,693 - INFO - Output directory 'TNG300_snapshot99' is set to: /caefs/data/IllustrisTNG/snapshot-99-dm-npy/cache
2025-03-09 15:48:50,693 - WARNING - Output directory 'NPZ' does not exist: /path/to/your/output/npz
2025-03-09 15:48:50,693 - INFO - Output directory 'NPY' is set to: /caefs/data/IllustrisTNG/300/ICS
2025-03-09 15:48:50,693 - WARNING - Output directory 'LOGS' does not exist: /path/to/your/logs
2025-03-09 15:48:51,556 - INFO - Using GPU device 1.
2025-03-09 15:48:51,556 - INFO - Output directory 'TNG300_ICS' is set to: /caefs/data/IllustrisTNG/300/ICS
2025-03-09 15:48:51,556 - INFO - Output directory 'TNG300_snapshot99' is set to: /caefs/data/IllustrisTNG/snapshot-99-dm-npy/cache
2025-03-09 15:48:51,556 - WARNING - Output directory 'NPZ' does not exist: /path/to/your/output/npz
2025-03-09 15:48:51,557 - INFO - Output directory 'NPY' is set to: /caefs/data/IllustrisTNG/300/ICS
2025-03-09 15:48:51,557 - WARNING - Output directory 'LOGS' does not exist: /path/to/your/logs
2025-03-09 15:48:52,038 - INFO - Using GPU device 1.
2025-03-09 15:48:52,039 - INFO - Output directory 'TNG300_ICS' is set to: /caefs/data/IllustrisTNG/300/ICS
2025-03-09 15:48:52,039 - INFO - Output directory 'TNG300_snapshot99' is set to: /caefs/data/IllustrisTNG/snapshot-99-dm-npy/cache
2025-03-09 15:48:52,039 - WARNING - Output directory 'NPZ' does not exist: /path/to/your/output/npz
2025-03-09 15:48:52,039 - INFO - Output directory 'NPY' is set to: /caefs/data/IllustrisTNG/300/ICS
2025-03-09 15:48:52,039 - WARNING - Output directory 'LOGS' does not exist: /path/to/your/logs
2025-03-09 15:48:52,187 - INFO - Using GPU device 1.
2025-03-09 15:48:52,188 - INFO - Output directory 'TNG300_ICS' is set to: /caefs/data/IllustrisTNG/300/ICS
2025-03-09 15:48:52,188 - INFO - Output directory 'TNG300_snapshot99' is set to: /caefs/data/IllustrisTNG/snapshot-99-dm-npy/cache
2025-03-09 15:48:52,188 - WARNING - Output directory 'NPZ' does not exist: /path/to/your/output/npz
2025-03-09 15:48:52,188 - INFO - Output directory 'NPY' is set to: /caefs/data/IllustrisTNG/300/ICS
2025-03-09 15:48:52,188 - WARNING - Output directory 'LOGS' does not exist: /path/to/your/logs
2025-03-09 15:48:52,569 - INFO - Using GPU device 1.
2025-03-09 15:48:52,569 - INFO - Output directory 'TNG300_ICS' is set to: /caefs/data/IllustrisTNG/300/ICS
2025-03-09 15:48:52,570 - INFO - Output directory 'TNG300_snapshot99' is set to: /caefs/data/IllustrisTNG/snapshot-99-dm-npy/cache
2025-03-09 15:48:52,570 - WARNING - Output directory 'NPZ' does not exist: /path/to/your/output/npz
2025-03-09 15:48:52,570 - INFO - Output directory 'NPY' is set to: /caefs/data/IllustrisTNG/300/ICS
2025-03-09 15:48:52,570 - WARNING - Output directory 'LOGS' does not exist: /path/to/your/logs
2025-03-09 15:48:52,853 - INFO - Using GPU device 1.
2025-03-09 15:48:52,854 - INFO - Output directory 'TNG300_ICS' is set to: /caefs/data/IllustrisTNG/300/ICS
2025-03-09 15:48:52,854 - INFO - Output directory 'TNG300_snapshot99' is set to: /caefs/data/IllustrisTNG/snapshot-99-dm-npy/cache
2025-03-09 15:48:52,854 - WARNING - Output directory 'NPZ' does not exist: /path/to/your/output/npz
2025-03-09 15:48:52,854 - INFO - Output directory 'NPY' is set to: /caefs/data/IllustrisTNG/300/ICS
2025-03-09 15:48:52,854 - WARNING - Output directory 'LOGS' does not exist: /path/to/your/logs
2025-03-09 15:48:52,927 - INFO - Using GPU device 1.
2025-03-09 15:48:52,927 - INFO - Output directory 'TNG300_ICS' is set to: /caefs/data/IllustrisTNG/300/ICS
2025-03-09 15:48:52,928 - INFO - Output directory 'TNG300_snapshot99' is set to: /caefs/data/IllustrisTNG/snapshot-99-dm-npy/cache
2025-03-09 15:48:52,928 - WARNING - Output directory 'NPZ' does not exist: /path/to/your/output/npz
2025-03-09 15:48:52,928 - INFO - Output directory 'NPY' is set to: /caefs/data/IllustrisTNG/300/ICS
2025-03-09 15:48:52,928 - WARNING - Output directory 'LOGS' does not exist: /path/to/your/logs
2025-03-09 15:48:52,954 - INFO - Using GPU device 1.
2025-03-09 15:48:52,955 - INFO - Output directory 'TNG300_ICS' is set to: /caefs/data/IllustrisTNG/300/ICS
2025-03-09 15:48:52,955 - INFO - Output directory 'TNG300_snapshot99' is set to: /caefs/data/IllustrisTNG/snapshot-99-dm-npy/cache
2025-03-09 15:48:52,955 - WARNING - Output directory 'NPZ' does not exist: /path/to/your/output/npz
2025-03-09 15:48:52,955 - INFO - Output directory 'NPY' is set to: /caefs/data/IllustrisTNG/300/ICS
2025-03-09 15:48:52,955 - WARNING - Output directory 'LOGS' does not exist: /path/to/your/logs
2025-03-09 15:48:53,058 - INFO - Using GPU device 1.
2025-03-09 15:48:53,058 - INFO - Output directory 'TNG300_ICS' is set to: /caefs/data/IllustrisTNG/300/ICS
2025-03-09 15:48:53,058 - INFO - Output directory 'TNG300_snapshot99' is set to: /caefs/data/IllustrisTNG/snapshot-99-dm-npy/cache
2025-03-09 15:48:53,059 - WARNING - Output directory 'NPZ' does not exist: /path/to/your/output/npz
2025-03-09 15:48:53,059 - INFO - Output directory 'NPY' is set to: /caefs/data/IllustrisTNG/300/ICS
2025-03-09 15:48:53,059 - WARNING - Output directory 'LOGS' does not exist: /path/to/your/logs
2025-03-09 15:48:53,061 - INFO - Using GPU device 1.
2025-03-09 15:48:53,061 - INFO - Output directory 'TNG300_ICS' is set to: /caefs/data/IllustrisTNG/300/ICS
2025-03-09 15:48:53,061 - INFO - Output directory 'TNG300_snapshot99' is set to: /caefs/data/IllustrisTNG/snapshot-99-dm-npy/cache
2025-03-09 15:48:53,061 - WARNING - Output directory 'NPZ' does not exist: /path/to/your/output/npz
2025-03-09 15:48:53,061 - INFO - Output directory 'NPY' is set to: /caefs/data/IllustrisTNG/300/ICS
2025-03-09 15:48:53,061 - WARNING - Output directory 'LOGS' does not exist: /path/to/your/logs
2025-03-09 15:48:53,158 - INFO - Using GPU device 1.
2025-03-09 15:48:53,158 - INFO - Output directory 'TNG300_ICS' is set to: /caefs/data/IllustrisTNG/300/ICS
2025-03-09 15:48:53,158 - INFO - Output directory 'TNG300_snapshot99' is set to: /caefs/data/IllustrisTNG/snapshot-99-dm-npy/cache
2025-03-09 15:48:53,159 - WARNING - Output directory 'NPZ' does not exist: /path/to/your/output/npz
2025-03-09 15:48:53,159 - INFO - Output directory 'NPY' is set to: /caefs/data/IllustrisTNG/300/ICS
2025-03-09 15:48:53,159 - WARNING - Output directory 'LOGS' does not exist: /path/to/your/logs
2025-03-09 15:48:53,166 - INFO - Using GPU device 1.
2025-03-09 15:48:53,166 - INFO - Output directory 'TNG300_ICS' is set to: /caefs/data/IllustrisTNG/300/ICS
2025-03-09 15:48:53,166 - INFO - Output directory 'TNG300_snapshot99' is set to: /caefs/data/IllustrisTNG/snapshot-99-dm-npy/cache
2025-03-09 15:48:53,166 - WARNING - Output directory 'NPZ' does not exist: /path/to/your/output/npz
2025-03-09 15:48:53,167 - INFO - Output directory 'NPY' is set to: /caefs/data/IllustrisTNG/300/ICS
2025-03-09 15:48:53,167 - WARNING - Output directory 'LOGS' does not exist: /path/to/your/logs
2025-03-09 15:48:53,240 - INFO - Using GPU device 1.
2025-03-09 15:48:53,241 - INFO - Output directory 'TNG300_ICS' is set to: /caefs/data/IllustrisTNG/300/ICS
2025-03-09 15:48:53,241 - INFO - Output directory 'TNG300_snapshot99' is set to: /caefs/data/IllustrisTNG/snapshot-99-dm-npy/cache
2025-03-09 15:48:53,241 - WARNING - Output directory 'NPZ' does not exist: /path/to/your/output/npz
2025-03-09 15:48:53,241 - INFO - Output directory 'NPY' is set to: /caefs/data/IllustrisTNG/300/ICS
2025-03-09 15:48:53,241 - WARNING - Output directory 'LOGS' does not exist: /path/to/your/logs
2025-03-09 15:48:53,291 - INFO - Using GPU device 1.
2025-03-09 15:48:53,291 - INFO - Output directory 'TNG300_ICS' is set to: /caefs/data/IllustrisTNG/300/ICS
2025-03-09 15:48:53,291 - INFO - Output directory 'TNG300_snapshot99' is set to: /caefs/data/IllustrisTNG/snapshot-99-dm-npy/cache
2025-03-09 15:48:53,292 - WARNING - Output directory 'NPZ' does not exist: /path/to/your/output/npz
2025-03-09 15:48:53,292 - INFO - Output directory 'NPY' is set to: /caefs/data/IllustrisTNG/300/ICS
2025-03-09 15:48:53,292 - WARNING - Output directory 'LOGS' does not exist: /path/to/your/logs
2025-03-09 15:48:53,354 - INFO - Using GPU device 1.
2025-03-09 15:48:53,355 - INFO - Output directory 'TNG300_ICS' is set to: /caefs/data/IllustrisTNG/300/ICS
2025-03-09 15:48:53,355 - INFO - Output directory 'TNG300_snapshot99' is set to: /caefs/data/IllustrisTNG/snapshot-99-dm-npy/cache
2025-03-09 15:48:53,355 - WARNING - Output directory 'NPZ' does not exist: /path/to/your/output/npz
2025-03-09 15:48:53,355 - INFO - Output directory 'NPY' is set to: /caefs/data/IllustrisTNG/300/ICS
2025-03-09 15:48:53,355 - WARNING - Output directory 'LOGS' does not exist: /path/to/your/logs
2025-03-09 15:48:53,446 - INFO - Using GPU device 1.
2025-03-09 15:48:53,446 - INFO - Output directory 'TNG300_ICS' is set to: /caefs/data/IllustrisTNG/300/ICS
2025-03-09 15:48:53,447 - INFO - Output directory 'TNG300_snapshot99' is set to: /caefs/data/IllustrisTNG/snapshot-99-dm-npy/cache
2025-03-09 15:48:53,447 - WARNING - Output directory 'NPZ' does not exist: /path/to/your/output/npz
2025-03-09 15:48:53,447 - INFO - Output directory 'NPY' is set to: /caefs/data/IllustrisTNG/300/ICS
2025-03-09 15:48:53,447 - WARNING - Output directory 'LOGS' does not exist: /path/to/your/logs
2025-03-09 15:48:53,470 - INFO - Using GPU device 1.
2025-03-09 15:48:53,471 - INFO - Output directory 'TNG300_ICS' is set to: /caefs/data/IllustrisTNG/300/ICS
2025-03-09 15:48:53,471 - INFO - Output directory 'TNG300_snapshot99' is set to: /caefs/data/IllustrisTNG/snapshot-99-dm-npy/cache
2025-03-09 15:48:53,471 - WARNING - Output directory 'NPZ' does not exist: /path/to/your/output/npz
2025-03-09 15:48:53,471 - INFO - Output directory 'NPY' is set to: /caefs/data/IllustrisTNG/300/ICS
2025-03-09 15:48:53,471 - WARNING - Output directory 'LOGS' does not exist: /path/to/your/logs
2025-03-09 15:48:53,530 - INFO - Using GPU device 1.
2025-03-09 15:48:53,531 - INFO - Output directory 'TNG300_ICS' is set to: /caefs/data/IllustrisTNG/300/ICS
2025-03-09 15:48:53,531 - INFO - Output directory 'TNG300_snapshot99' is set to: /caefs/data/IllustrisTNG/snapshot-99-dm-npy/cache
2025-03-09 15:48:53,531 - WARNING - Output directory 'NPZ' does not exist: /path/to/your/output/npz
2025-03-09 15:48:53,531 - INFO - Output directory 'NPY' is set to: /caefs/data/IllustrisTNG/300/ICS
2025-03-09 15:48:53,531 - WARNING - Output directory 'LOGS' does not exist: /path/to/your/logs
2025-03-09 15:48:53,610 - INFO - Using GPU device 1.
2025-03-09 15:48:53,610 - INFO - Output directory 'TNG300_ICS' is set to: /caefs/data/IllustrisTNG/300/ICS
2025-03-09 15:48:53,610 - INFO - Output directory 'TNG300_snapshot99' is set to: /caefs/data/IllustrisTNG/snapshot-99-dm-npy/cache
2025-03-09 15:48:53,610 - WARNING - Output directory 'NPZ' does not exist: /path/to/your/output/npz
2025-03-09 15:48:53,610 - INFO - Output directory 'NPY' is set to: /caefs/data/IllustrisTNG/300/ICS
2025-03-09 15:48:53,611 - WARNING - Output directory 'LOGS' does not exist: /path/to/your/logs
2025-03-09 15:48:53,627 - INFO - Using GPU device 1.
2025-03-09 15:48:53,627 - INFO - Output directory 'TNG300_ICS' is set to: /caefs/data/IllustrisTNG/300/ICS
2025-03-09 15:48:53,628 - INFO - Output directory 'TNG300_snapshot99' is set to: /caefs/data/IllustrisTNG/snapshot-99-dm-npy/cache
2025-03-09 15:48:53,628 - WARNING - Output directory 'NPZ' does not exist: /path/to/your/output/npz
2025-03-09 15:48:53,628 - INFO - Output directory 'NPY' is set to: /caefs/data/IllustrisTNG/300/ICS
2025-03-09 15:48:53,628 - WARNING - Output directory 'LOGS' does not exist: /path/to/your/logs
2025-03-09 15:48:53,636 - INFO - Using GPU device 1.
2025-03-09 15:48:53,636 - INFO - Output directory 'TNG300_ICS' is set to: /caefs/data/IllustrisTNG/300/ICS
2025-03-09 15:48:53,636 - INFO - Output directory 'TNG300_snapshot99' is set to: /caefs/data/IllustrisTNG/snapshot-99-dm-npy/cache
2025-03-09 15:48:53,636 - WARNING - Output directory 'NPZ' does not exist: /path/to/your/output/npz
2025-03-09 15:48:53,637 - INFO - Output directory 'NPY' is set to: /caefs/data/IllustrisTNG/300/ICS
2025-03-09 15:48:53,637 - WARNING - Output directory 'LOGS' does not exist: /path/to/your/logs
2025-03-09 15:48:53,640 - INFO - Using GPU device 1.
2025-03-09 15:48:53,640 - INFO - Output directory 'TNG300_ICS' is set to: /caefs/data/IllustrisTNG/300/ICS
2025-03-09 15:48:53,640 - INFO - Output directory 'TNG300_snapshot99' is set to: /caefs/data/IllustrisTNG/snapshot-99-dm-npy/cache
2025-03-09 15:48:53,640 - WARNING - Output directory 'NPZ' does not exist: /path/to/your/output/npz
2025-03-09 15:48:53,641 - INFO - Output directory 'NPY' is set to: /caefs/data/IllustrisTNG/300/ICS
2025-03-09 15:48:53,641 - WARNING - Output directory 'LOGS' does not exist: /path/to/your/logs
