2025-03-09 15:46:13,636 - INFO - Using GPU device 1.
2025-03-09 15:46:13,637 - INFO - Output directory 'TNG300_ICS' is set to: /caefs/data/IllustrisTNG/300/ICS
2025-03-09 15:46:13,637 - INFO - Output directory 'TNG300_snapshot99' is set to: /caefs/data/IllustrisTNG/snapshot-99-dm-npy/cache
2025-03-09 15:46:13,637 - WARNING - Output directory 'NPZ' does not exist: /path/to/your/output/npz
2025-03-09 15:46:13,638 - INFO - Output directory 'NPY' is set to: /caefs/data/IllustrisTNG/300/ICS
2025-03-09 15:46:13,638 - WARNING - Output directory 'LOGS' does not exist: /path/to/your/logs
2025-03-09 15:46:14,059 - INFO - Input directory (npy): /caefs/data/IllustrisTNG/snapshot-99-dm-npy/cache
2025-03-09 15:46:14,059 - INFO - Output directory: /caefs/user/mmingyeong/structura/Structura/src/results
2025-03-09 15:46:14,060 - DEBUG - Detected 598 .npy file(s) in the input directory.
2025-03-09 15:46:14,060 - DEBUG - Example file: snapshot-99.370.npy
2025-03-09 15:46:14,060 - DEBUG - Filtering range set to: 100.00 - 110.00 cMpc/h (Center: 105.00 cMpc/h, Thickness: 10.00 cMpc/h)
2025-03-09 15:46:14,060 - INFO - Loading data...
2025-03-09 15:46:29,963 - INFO - Using Dask distributed client with 24 workers.
2025-03-09 15:47:24,151 - INFO - Time elapsed for loading all data chunks: 70.09 seconds
2025-03-09 15:47:44,846 - INFO - Combined data shape: (33178048, 3)
2025-03-09 15:47:53,525 - INFO - Selected GPU 4 with free memory 84732674048 bytes.
2025-03-09 15:47:54,343 - DEBUG - Loaded data shape: (33178048, 3)
2025-03-09 15:47:54,344 - INFO - Data loaded successfully.
2025-03-09 15:47:54,345 - INFO - Total execution time: 00:01:40 (100.29 seconds)
2025-03-09 15:47:54,345 - INFO - Plot generated successfully.
