2025-03-06 22:55:26,704 - WARNING - Numba is not installed. JIT acceleration will not be available.
2025-03-06 22:55:26,829 - INFO - ✅ Using GPU device 1.
2025-03-06 22:55:26,830 - INFO - 📁 Output directory 'TNG300_ICS' is set to: /caefs/data/IllustrisTNG/300/ICS
2025-03-06 22:55:26,830 - INFO - 📁 Output directory 'TNG300_snapshot99' is set to: /caefs/data/IllustrisTNG/snapshot-99-dm-npy/cache
2025-03-06 22:55:26,830 - WARNING - ⚠️ Output directory 'NPZ' does not exist: /path/to/your/output/npz
2025-03-06 22:55:26,830 - INFO - 📁 Output directory 'NPY' is set to: /caefs/data/IllustrisTNG/300/ICS
2025-03-06 22:55:26,830 - WARNING - ⚠️ Output directory 'LOGS' does not exist: /path/to/your/logs
2025-03-06 22:55:26,830 - INFO - 📁 Input (npy) folder: /caefs/data/IllustrisTNG/snapshot-99-dm-npy/cache
2025-03-06 22:55:26,830 - INFO - 📁 Output folder: /caefs/user/mmingyeong/structura/Structura/src/results
2025-03-06 22:55:26,834 - DEBUG - 📂 Detected 598 .npy files in the input folder.
2025-03-06 22:55:26,834 - DEBUG - 📄 Example file: snapshot-99.370.npy
2025-03-06 22:55:26,834 - DEBUG - Filtering X range set to: 100.00 - 110.00 cMpc/h (Center: 105.00 cMpc/h, Thickness: 10.00 cMpc/h)
2025-03-06 22:55:26,835 - INFO - 🔹 Loading data...
2025-03-06 23:09:35,709 - INFO - ✅ Time taken to load all chunks: 848.87s
2025-03-06 23:09:44,757 - INFO - Combined data shape: (746599720, 3)
2025-03-06 23:11:09,020 - INFO - Data statistics per column:
 Mean: [104.88027856  94.81623734 101.64854605]
 Median: [104.84160833  87.84134083 104.97431569]
 Min: [1.00000000e+02 3.40943312e-07 6.32837386e-07]
 Max: [110.         204.99999887 204.99999986]
2025-03-06 23:11:09,020 - INFO - Projection axis 0 data range: min: 100.00000001882314, max: 109.9999999980288
2025-03-06 23:11:24,289 - DEBUG - Loaded data shape: (746599720, 3)
2025-03-06 23:11:24,290 - INFO - ✅ Data loaded successfully.
2025-03-06 23:11:24,290 - INFO - 🔹 Computing 2D histogram and generating image plot...
2025-03-06 23:11:30,673 - ERROR - ❌ Error occurred for scale 'log10': [Errno 2] No such file or directory: '/caefs/user/mmingyeong/structura/Structura/src/results/2D Histogram (log10, 0.5 cMpc/h/bin).png'
2025-03-06 23:11:35,364 - ERROR - ❌ Error occurred for scale 'log2': [Errno 2] No such file or directory: '/caefs/user/mmingyeong/structura/Structura/src/results/2D Histogram (log2, 0.5 cMpc/h/bin).png'
2025-03-06 23:11:40,047 - ERROR - ❌ Error occurred for scale 'ln': [Errno 2] No such file or directory: '/caefs/user/mmingyeong/structura/Structura/src/results/2D Histogram (ln, 0.5 cMpc/h/bin).png'
2025-03-06 23:11:44,744 - ERROR - ❌ Error occurred for scale 'sqrt': [Errno 2] No such file or directory: '/caefs/user/mmingyeong/structura/Structura/src/results/2D Histogram (sqrt, 0.5 cMpc/h/bin).png'
2025-03-06 23:11:49,434 - ERROR - ❌ Error occurred for scale 'linear': [Errno 2] No such file or directory: '/caefs/user/mmingyeong/structura/Structura/src/results/2D Histogram (linear, 0.5 cMpc/h/bin).png'
2025-03-06 23:11:49,435 - INFO - ⏳ Total execution time: 00:16:22 (982.60 seconds)
2025-03-06 23:11:49,435 - INFO - ✅ Plot generated successfully!
