2025-03-09 16:13:03,943 - INFO - Using GPU device 1.
2025-03-09 16:13:03,944 - INFO - Output directory 'TNG300_ICS' is set to: /caefs/data/IllustrisTNG/300/ICS
2025-03-09 16:13:03,945 - INFO - Output directory 'TNG300_snapshot99' is set to: /caefs/data/IllustrisTNG/snapshot-99-dm-npy/cache
2025-03-09 16:13:03,945 - WARNING - Output directory 'NPZ' does not exist: /path/to/your/output/npz
2025-03-09 16:13:03,945 - INFO - Output directory 'NPY' is set to: /caefs/data/IllustrisTNG/300/ICS
2025-03-09 16:13:03,945 - WARNING - Output directory 'LOGS' does not exist: /path/to/your/logs
2025-03-09 16:13:04,087 - INFO - Using GPU device 1.
2025-03-09 16:13:04,087 - INFO - Output directory 'TNG300_ICS' is set to: /caefs/data/IllustrisTNG/300/ICS
2025-03-09 16:13:04,087 - INFO - Output directory 'TNG300_snapshot99' is set to: /caefs/data/IllustrisTNG/snapshot-99-dm-npy/cache
2025-03-09 16:13:04,087 - WARNING - Output directory 'NPZ' does not exist: /path/to/your/output/npz
2025-03-09 16:13:04,088 - INFO - Output directory 'NPY' is set to: /caefs/data/IllustrisTNG/300/ICS
2025-03-09 16:13:04,088 - WARNING - Output directory 'LOGS' does not exist: /path/to/your/logs
2025-03-09 16:13:04,110 - INFO - Using GPU device 1.
2025-03-09 16:13:04,110 - INFO - Output directory 'TNG300_ICS' is set to: /caefs/data/IllustrisTNG/300/ICS
2025-03-09 16:13:04,110 - INFO - Output directory 'TNG300_snapshot99' is set to: /caefs/data/IllustrisTNG/snapshot-99-dm-npy/cache
2025-03-09 16:13:04,110 - WARNING - Output directory 'NPZ' does not exist: /path/to/your/output/npz
2025-03-09 16:13:04,111 - INFO - Output directory 'NPY' is set to: /caefs/data/IllustrisTNG/300/ICS
2025-03-09 16:13:04,111 - WARNING - Output directory 'LOGS' does not exist: /path/to/your/logs
2025-03-09 16:13:04,212 - INFO - Using GPU device 1.
2025-03-09 16:13:04,213 - INFO - Output directory 'TNG300_ICS' is set to: /caefs/data/IllustrisTNG/300/ICS
2025-03-09 16:13:04,213 - INFO - Output directory 'TNG300_snapshot99' is set to: /caefs/data/IllustrisTNG/snapshot-99-dm-npy/cache
2025-03-09 16:13:04,213 - WARNING - Output directory 'NPZ' does not exist: /path/to/your/output/npz
2025-03-09 16:13:04,214 - INFO - Output directory 'NPY' is set to: /caefs/data/IllustrisTNG/300/ICS
2025-03-09 16:13:04,214 - WARNING - Output directory 'LOGS' does not exist: /path/to/your/logs
