2025-03-09 16:03:01,933 - INFO - Using GPU device 1.
2025-03-09 16:03:01,934 - INFO - Output directory 'TNG300_ICS' is set to: /caefs/data/IllustrisTNG/300/ICS
2025-03-09 16:03:01,934 - INFO - Output directory 'TNG300_snapshot99' is set to: /caefs/data/IllustrisTNG/snapshot-99-dm-npy/cache
2025-03-09 16:03:01,934 - WARNING - Output directory 'NPZ' does not exist: /path/to/your/output/npz
2025-03-09 16:03:01,934 - INFO - Output directory 'NPY' is set to: /caefs/data/IllustrisTNG/300/ICS
2025-03-09 16:03:01,934 - WARNING - Output directory 'LOGS' does not exist: /path/to/your/logs
2025-03-09 16:03:02,146 - INFO - Using GPU device 1.
2025-03-09 16:03:02,153 - INFO - Output directory 'TNG300_ICS' is set to: /caefs/data/IllustrisTNG/300/ICS
2025-03-09 16:03:02,153 - INFO - Output directory 'TNG300_snapshot99' is set to: /caefs/data/IllustrisTNG/snapshot-99-dm-npy/cache
2025-03-09 16:03:02,154 - WARNING - Output directory 'NPZ' does not exist: /path/to/your/output/npz
2025-03-09 16:03:02,154 - INFO - Output directory 'NPY' is set to: /caefs/data/IllustrisTNG/300/ICS
2025-03-09 16:03:02,154 - WARNING - Output directory 'LOGS' does not exist: /path/to/your/logs
2025-03-09 16:03:02,238 - INFO - Using GPU device 1.
2025-03-09 16:03:02,238 - INFO - Output directory 'TNG300_ICS' is set to: /caefs/data/IllustrisTNG/300/ICS
2025-03-09 16:03:02,239 - INFO - Output directory 'TNG300_snapshot99' is set to: /caefs/data/IllustrisTNG/snapshot-99-dm-npy/cache
2025-03-09 16:03:02,239 - WARNING - Output directory 'NPZ' does not exist: /path/to/your/output/npz
2025-03-09 16:03:02,239 - INFO - Output directory 'NPY' is set to: /caefs/data/IllustrisTNG/300/ICS
2025-03-09 16:03:02,239 - WARNING - Output directory 'LOGS' does not exist: /path/to/your/logs
2025-03-09 16:03:02,544 - INFO - Using GPU device 1.
2025-03-09 16:03:02,545 - INFO - Output directory 'TNG300_ICS' is set to: /caefs/data/IllustrisTNG/300/ICS
2025-03-09 16:03:02,545 - INFO - Output directory 'TNG300_snapshot99' is set to: /caefs/data/IllustrisTNG/snapshot-99-dm-npy/cache
2025-03-09 16:03:02,545 - WARNING - Output directory 'NPZ' does not exist: /path/to/your/output/npz
2025-03-09 16:03:02,545 - INFO - Output directory 'NPY' is set to: /caefs/data/IllustrisTNG/300/ICS
2025-03-09 16:03:02,545 - WARNING - Output directory 'LOGS' does not exist: /path/to/your/logs
2025-03-09 16:03:02,555 - INFO - Using GPU device 1.
2025-03-09 16:03:02,555 - INFO - Output directory 'TNG300_ICS' is set to: /caefs/data/IllustrisTNG/300/ICS
2025-03-09 16:03:02,555 - INFO - Output directory 'TNG300_snapshot99' is set to: /caefs/data/IllustrisTNG/snapshot-99-dm-npy/cache
2025-03-09 16:03:02,555 - WARNING - Output directory 'NPZ' does not exist: /path/to/your/output/npz
2025-03-09 16:03:02,555 - INFO - Output directory 'NPY' is set to: /caefs/data/IllustrisTNG/300/ICS
2025-03-09 16:03:02,555 - WARNING - Output directory 'LOGS' does not exist: /path/to/your/logs
2025-03-09 16:03:02,640 - INFO - Using GPU device 1.
2025-03-09 16:03:02,640 - INFO - Output directory 'TNG300_ICS' is set to: /caefs/data/IllustrisTNG/300/ICS
2025-03-09 16:03:02,640 - INFO - Output directory 'TNG300_snapshot99' is set to: /caefs/data/IllustrisTNG/snapshot-99-dm-npy/cache
2025-03-09 16:03:02,640 - WARNING - Output directory 'NPZ' does not exist: /path/to/your/output/npz
2025-03-09 16:03:02,640 - INFO - Output directory 'NPY' is set to: /caefs/data/IllustrisTNG/300/ICS
2025-03-09 16:03:02,641 - WARNING - Output directory 'LOGS' does not exist: /path/to/your/logs
2025-03-09 16:03:02,654 - INFO - Using GPU device 1.
2025-03-09 16:03:02,654 - INFO - Output directory 'TNG300_ICS' is set to: /caefs/data/IllustrisTNG/300/ICS
2025-03-09 16:03:02,655 - INFO - Output directory 'TNG300_snapshot99' is set to: /caefs/data/IllustrisTNG/snapshot-99-dm-npy/cache
2025-03-09 16:03:02,655 - WARNING - Output directory 'NPZ' does not exist: /path/to/your/output/npz
2025-03-09 16:03:02,655 - INFO - Output directory 'NPY' is set to: /caefs/data/IllustrisTNG/300/ICS
2025-03-09 16:03:02,655 - WARNING - Output directory 'LOGS' does not exist: /path/to/your/logs
2025-03-09 16:03:02,659 - INFO - Using GPU device 1.
2025-03-09 16:03:02,660 - INFO - Output directory 'TNG300_ICS' is set to: /caefs/data/IllustrisTNG/300/ICS
2025-03-09 16:03:02,660 - INFO - Output directory 'TNG300_snapshot99' is set to: /caefs/data/IllustrisTNG/snapshot-99-dm-npy/cache
2025-03-09 16:03:02,660 - WARNING - Output directory 'NPZ' does not exist: /path/to/your/output/npz
2025-03-09 16:03:02,660 - INFO - Output directory 'NPY' is set to: /caefs/data/IllustrisTNG/300/ICS
2025-03-09 16:03:02,660 - WARNING - Output directory 'LOGS' does not exist: /path/to/your/logs
