2025-03-10 14:46:31,164 - INFO - Using GPU device 1.
2025-03-10 14:46:31,166 - INFO - Output directory 'TNG300_ICS' is set to: /caefs/data/IllustrisTNG/300/ICS
2025-03-10 14:46:31,166 - INFO - Output directory 'TNG300_snapshot99' is set to: /caefs/data/IllustrisTNG/snapshot-99-dm-npy/cache
2025-03-10 14:46:31,166 - WARNING - Output directory 'NPZ' does not exist: /path/to/your/output/npz
2025-03-10 14:46:31,166 - INFO - Output directory 'NPY' is set to: /caefs/data/IllustrisTNG/300/ICS
2025-03-10 14:46:31,166 - WARNING - Output directory 'LOGS' does not exist: /path/to/your/logs
2025-03-10 14:46:31,183 - INFO - Using GPU device 1.
2025-03-10 14:46:31,183 - INFO - Output directory 'TNG300_ICS' is set to: /caefs/data/IllustrisTNG/300/ICS
2025-03-10 14:46:31,183 - INFO - Output directory 'TNG300_snapshot99' is set to: /caefs/data/IllustrisTNG/snapshot-99-dm-npy/cache
2025-03-10 14:46:31,183 - WARNING - Output directory 'NPZ' does not exist: /path/to/your/output/npz
2025-03-10 14:46:31,183 - INFO - Output directory 'NPY' is set to: /caefs/data/IllustrisTNG/300/ICS
2025-03-10 14:46:31,184 - WARNING - Output directory 'LOGS' does not exist: /path/to/your/logs
2025-03-10 14:46:31,385 - INFO - Using GPU device 1.
2025-03-10 14:46:31,385 - INFO - Output directory 'TNG300_ICS' is set to: /caefs/data/IllustrisTNG/300/ICS
2025-03-10 14:46:31,386 - INFO - Output directory 'TNG300_snapshot99' is set to: /caefs/data/IllustrisTNG/snapshot-99-dm-npy/cache
2025-03-10 14:46:31,386 - WARNING - Output directory 'NPZ' does not exist: /path/to/your/output/npz
2025-03-10 14:46:31,386 - INFO - Output directory 'NPY' is set to: /caefs/data/IllustrisTNG/300/ICS
2025-03-10 14:46:31,386 - WARNING - Output directory 'LOGS' does not exist: /path/to/your/logs
2025-03-10 14:46:31,457 - INFO - Using GPU device 1.
2025-03-10 14:46:31,457 - INFO - Output directory 'TNG300_ICS' is set to: /caefs/data/IllustrisTNG/300/ICS
2025-03-10 14:46:31,457 - INFO - Output directory 'TNG300_snapshot99' is set to: /caefs/data/IllustrisTNG/snapshot-99-dm-npy/cache
2025-03-10 14:46:31,458 - WARNING - Output directory 'NPZ' does not exist: /path/to/your/output/npz
2025-03-10 14:46:31,458 - INFO - Output directory 'NPY' is set to: /caefs/data/IllustrisTNG/300/ICS
2025-03-10 14:46:31,458 - WARNING - Output directory 'LOGS' does not exist: /path/to/your/logs
2025-03-10 14:46:31,460 - INFO - Using GPU device 1.
2025-03-10 14:46:31,461 - INFO - Output directory 'TNG300_ICS' is set to: /caefs/data/IllustrisTNG/300/ICS
2025-03-10 14:46:31,461 - INFO - Output directory 'TNG300_snapshot99' is set to: /caefs/data/IllustrisTNG/snapshot-99-dm-npy/cache
2025-03-10 14:46:31,461 - WARNING - Output directory 'NPZ' does not exist: /path/to/your/output/npz
2025-03-10 14:46:31,461 - INFO - Output directory 'NPY' is set to: /caefs/data/IllustrisTNG/300/ICS
2025-03-10 14:46:31,461 - WARNING - Output directory 'LOGS' does not exist: /path/to/your/logs
2025-03-10 14:46:31,475 - INFO - Using GPU device 1.
2025-03-10 14:46:31,476 - INFO - Output directory 'TNG300_ICS' is set to: /caefs/data/IllustrisTNG/300/ICS
2025-03-10 14:46:31,476 - INFO - Output directory 'TNG300_snapshot99' is set to: /caefs/data/IllustrisTNG/snapshot-99-dm-npy/cache
2025-03-10 14:46:31,476 - WARNING - Output directory 'NPZ' does not exist: /path/to/your/output/npz
2025-03-10 14:46:31,476 - INFO - Output directory 'NPY' is set to: /caefs/data/IllustrisTNG/300/ICS
2025-03-10 14:46:31,476 - WARNING - Output directory 'LOGS' does not exist: /path/to/your/logs
