2025-03-09 17:11:14,071 - INFO - Using GPU device 1.
2025-03-09 17:11:14,072 - INFO - Output directory 'TNG300_ICS' is set to: /caefs/data/IllustrisTNG/300/ICS
2025-03-09 17:11:14,072 - INFO - Output directory 'TNG300_snapshot99' is set to: /caefs/data/IllustrisTNG/snapshot-99-dm-npy/cache
2025-03-09 17:11:14,072 - WARNING - Output directory 'NPZ' does not exist: /path/to/your/output/npz
2025-03-09 17:11:14,073 - INFO - Output directory 'NPY' is set to: /caefs/data/IllustrisTNG/300/ICS
2025-03-09 17:11:14,073 - WARNING - Output directory 'LOGS' does not exist: /path/to/your/logs
2025-03-09 17:11:14,096 - INFO - Using GPU device 1.
2025-03-09 17:11:14,114 - INFO - Output directory 'TNG300_ICS' is set to: /caefs/data/IllustrisTNG/300/ICS
2025-03-09 17:11:14,115 - INFO - Output directory 'TNG300_snapshot99' is set to: /caefs/data/IllustrisTNG/snapshot-99-dm-npy/cache
2025-03-09 17:11:14,115 - WARNING - Output directory 'NPZ' does not exist: /path/to/your/output/npz
2025-03-09 17:11:14,115 - INFO - Output directory 'NPY' is set to: /caefs/data/IllustrisTNG/300/ICS
2025-03-09 17:11:14,115 - WARNING - Output directory 'LOGS' does not exist: /path/to/your/logs
2025-03-09 17:11:14,160 - INFO - Using GPU device 1.
2025-03-09 17:11:14,178 - INFO - Output directory 'TNG300_ICS' is set to: /caefs/data/IllustrisTNG/300/ICS
2025-03-09 17:11:14,178 - INFO - Output directory 'TNG300_snapshot99' is set to: /caefs/data/IllustrisTNG/snapshot-99-dm-npy/cache
2025-03-09 17:11:14,179 - WARNING - Output directory 'NPZ' does not exist: /path/to/your/output/npz
2025-03-09 17:11:14,179 - INFO - Output directory 'NPY' is set to: /caefs/data/IllustrisTNG/300/ICS
2025-03-09 17:11:14,179 - WARNING - Output directory 'LOGS' does not exist: /path/to/your/logs
2025-03-09 17:11:14,199 - INFO - Using GPU device 1.
2025-03-09 17:11:14,200 - INFO - Output directory 'TNG300_ICS' is set to: /caefs/data/IllustrisTNG/300/ICS
2025-03-09 17:11:14,200 - INFO - Output directory 'TNG300_snapshot99' is set to: /caefs/data/IllustrisTNG/snapshot-99-dm-npy/cache
2025-03-09 17:11:14,200 - WARNING - Output directory 'NPZ' does not exist: /path/to/your/output/npz
2025-03-09 17:11:14,200 - INFO - Output directory 'NPY' is set to: /caefs/data/IllustrisTNG/300/ICS
2025-03-09 17:11:14,200 - WARNING - Output directory 'LOGS' does not exist: /path/to/your/logs
