2025-03-09 16:13:00,900 - INFO - Using GPU device 1.
2025-03-09 16:13:00,902 - INFO - Output directory 'TNG300_ICS' is set to: /caefs/data/IllustrisTNG/300/ICS
2025-03-09 16:13:00,902 - INFO - Output directory 'TNG300_snapshot99' is set to: /caefs/data/IllustrisTNG/snapshot-99-dm-npy/cache
2025-03-09 16:13:00,902 - WARNING - Output directory 'NPZ' does not exist: /path/to/your/output/npz
2025-03-09 16:13:00,903 - INFO - Output directory 'NPY' is set to: /caefs/data/IllustrisTNG/300/ICS
2025-03-09 16:13:00,903 - WARNING - Output directory 'LOGS' does not exist: /path/to/your/logs
2025-03-09 16:13:02,104 - INFO - Using GPU device 1.
2025-03-09 16:13:02,104 - INFO - Output directory 'TNG300_ICS' is set to: /caefs/data/IllustrisTNG/300/ICS
2025-03-09 16:13:02,104 - INFO - Output directory 'TNG300_snapshot99' is set to: /caefs/data/IllustrisTNG/snapshot-99-dm-npy/cache
2025-03-09 16:13:02,105 - WARNING - Output directory 'NPZ' does not exist: /path/to/your/output/npz
2025-03-09 16:13:02,105 - INFO - Output directory 'NPY' is set to: /caefs/data/IllustrisTNG/300/ICS
2025-03-09 16:13:02,105 - WARNING - Output directory 'LOGS' does not exist: /path/to/your/logs
2025-03-09 16:13:02,798 - INFO - Using GPU device 1.
2025-03-09 16:13:02,799 - INFO - Output directory 'TNG300_ICS' is set to: /caefs/data/IllustrisTNG/300/ICS
2025-03-09 16:13:02,799 - INFO - Output directory 'TNG300_snapshot99' is set to: /caefs/data/IllustrisTNG/snapshot-99-dm-npy/cache
2025-03-09 16:13:02,799 - WARNING - Output directory 'NPZ' does not exist: /path/to/your/output/npz
2025-03-09 16:13:02,799 - INFO - Output directory 'NPY' is set to: /caefs/data/IllustrisTNG/300/ICS
2025-03-09 16:13:02,799 - WARNING - Output directory 'LOGS' does not exist: /path/to/your/logs
2025-03-09 16:13:02,889 - INFO - Using GPU device 1.
2025-03-09 16:13:02,890 - INFO - Output directory 'TNG300_ICS' is set to: /caefs/data/IllustrisTNG/300/ICS
2025-03-09 16:13:02,890 - INFO - Output directory 'TNG300_snapshot99' is set to: /caefs/data/IllustrisTNG/snapshot-99-dm-npy/cache
2025-03-09 16:13:02,890 - WARNING - Output directory 'NPZ' does not exist: /path/to/your/output/npz
2025-03-09 16:13:02,890 - INFO - Output directory 'NPY' is set to: /caefs/data/IllustrisTNG/300/ICS
2025-03-09 16:13:02,890 - WARNING - Output directory 'LOGS' does not exist: /path/to/your/logs
2025-03-09 16:13:03,303 - INFO - Using GPU device 1.
2025-03-09 16:13:03,304 - INFO - Output directory 'TNG300_ICS' is set to: /caefs/data/IllustrisTNG/300/ICS
2025-03-09 16:13:03,304 - INFO - Output directory 'TNG300_snapshot99' is set to: /caefs/data/IllustrisTNG/snapshot-99-dm-npy/cache
2025-03-09 16:13:03,304 - WARNING - Output directory 'NPZ' does not exist: /path/to/your/output/npz
2025-03-09 16:13:03,304 - INFO - Output directory 'NPY' is set to: /caefs/data/IllustrisTNG/300/ICS
2025-03-09 16:13:03,305 - WARNING - Output directory 'LOGS' does not exist: /path/to/your/logs
2025-03-09 16:13:03,386 - INFO - Using GPU device 1.
2025-03-09 16:13:03,388 - INFO - Output directory 'TNG300_ICS' is set to: /caefs/data/IllustrisTNG/300/ICS
2025-03-09 16:13:03,389 - INFO - Output directory 'TNG300_snapshot99' is set to: /caefs/data/IllustrisTNG/snapshot-99-dm-npy/cache
2025-03-09 16:13:03,389 - WARNING - Output directory 'NPZ' does not exist: /path/to/your/output/npz
2025-03-09 16:13:03,389 - INFO - Output directory 'NPY' is set to: /caefs/data/IllustrisTNG/300/ICS
2025-03-09 16:13:03,389 - WARNING - Output directory 'LOGS' does not exist: /path/to/your/logs
2025-03-09 16:13:03,626 - INFO - Using GPU device 1.
2025-03-09 16:13:03,626 - INFO - Output directory 'TNG300_ICS' is set to: /caefs/data/IllustrisTNG/300/ICS
2025-03-09 16:13:03,626 - INFO - Output directory 'TNG300_snapshot99' is set to: /caefs/data/IllustrisTNG/snapshot-99-dm-npy/cache
2025-03-09 16:13:03,627 - WARNING - Output directory 'NPZ' does not exist: /path/to/your/output/npz
2025-03-09 16:13:03,627 - INFO - Output directory 'NPY' is set to: /caefs/data/IllustrisTNG/300/ICS
2025-03-09 16:13:03,627 - WARNING - Output directory 'LOGS' does not exist: /path/to/your/logs
2025-03-09 16:13:03,664 - INFO - Using GPU device 1.
2025-03-09 16:13:03,665 - INFO - Output directory 'TNG300_ICS' is set to: /caefs/data/IllustrisTNG/300/ICS
2025-03-09 16:13:03,665 - INFO - Output directory 'TNG300_snapshot99' is set to: /caefs/data/IllustrisTNG/snapshot-99-dm-npy/cache
2025-03-09 16:13:03,665 - WARNING - Output directory 'NPZ' does not exist: /path/to/your/output/npz
2025-03-09 16:13:03,665 - INFO - Output directory 'NPY' is set to: /caefs/data/IllustrisTNG/300/ICS
2025-03-09 16:13:03,665 - WARNING - Output directory 'LOGS' does not exist: /path/to/your/logs
2025-03-09 16:13:03,850 - INFO - Using GPU device 1.
2025-03-09 16:13:03,854 - INFO - Output directory 'TNG300_ICS' is set to: /caefs/data/IllustrisTNG/300/ICS
2025-03-09 16:13:03,854 - INFO - Output directory 'TNG300_snapshot99' is set to: /caefs/data/IllustrisTNG/snapshot-99-dm-npy/cache
2025-03-09 16:13:03,855 - WARNING - Output directory 'NPZ' does not exist: /path/to/your/output/npz
2025-03-09 16:13:03,855 - INFO - Output directory 'NPY' is set to: /caefs/data/IllustrisTNG/300/ICS
2025-03-09 16:13:03,855 - WARNING - Output directory 'LOGS' does not exist: /path/to/your/logs
2025-03-09 16:13:03,883 - INFO - Using GPU device 1.
2025-03-09 16:13:03,883 - INFO - Output directory 'TNG300_ICS' is set to: /caefs/data/IllustrisTNG/300/ICS
2025-03-09 16:13:03,883 - INFO - Output directory 'TNG300_snapshot99' is set to: /caefs/data/IllustrisTNG/snapshot-99-dm-npy/cache
2025-03-09 16:13:03,883 - WARNING - Output directory 'NPZ' does not exist: /path/to/your/output/npz
2025-03-09 16:13:03,883 - INFO - Output directory 'NPY' is set to: /caefs/data/IllustrisTNG/300/ICS
2025-03-09 16:13:03,883 - WARNING - Output directory 'LOGS' does not exist: /path/to/your/logs
2025-03-09 16:13:03,973 - INFO - Using GPU device 1.
2025-03-09 16:13:03,974 - INFO - Output directory 'TNG300_ICS' is set to: /caefs/data/IllustrisTNG/300/ICS
2025-03-09 16:13:03,974 - INFO - Output directory 'TNG300_snapshot99' is set to: /caefs/data/IllustrisTNG/snapshot-99-dm-npy/cache
2025-03-09 16:13:03,974 - WARNING - Output directory 'NPZ' does not exist: /path/to/your/output/npz
2025-03-09 16:13:03,974 - INFO - Output directory 'NPY' is set to: /caefs/data/IllustrisTNG/300/ICS
2025-03-09 16:13:03,974 - WARNING - Output directory 'LOGS' does not exist: /path/to/your/logs
2025-03-09 16:13:03,982 - INFO - Using GPU device 1.
2025-03-09 16:13:03,983 - INFO - Output directory 'TNG300_ICS' is set to: /caefs/data/IllustrisTNG/300/ICS
2025-03-09 16:13:03,983 - INFO - Output directory 'TNG300_snapshot99' is set to: /caefs/data/IllustrisTNG/snapshot-99-dm-npy/cache
2025-03-09 16:13:03,983 - WARNING - Output directory 'NPZ' does not exist: /path/to/your/output/npz
2025-03-09 16:13:03,983 - INFO - Output directory 'NPY' is set to: /caefs/data/IllustrisTNG/300/ICS
2025-03-09 16:13:03,983 - WARNING - Output directory 'LOGS' does not exist: /path/to/your/logs
