2025-03-09 16:59:21,285 - INFO - Using GPU device 1.
2025-03-09 16:59:21,286 - INFO - Output directory 'TNG300_ICS' is set to: /caefs/data/IllustrisTNG/300/ICS
2025-03-09 16:59:21,287 - INFO - Output directory 'TNG300_snapshot99' is set to: /caefs/data/IllustrisTNG/snapshot-99-dm-npy/cache
2025-03-09 16:59:21,287 - WARNING - Output directory 'NPZ' does not exist: /path/to/your/output/npz
2025-03-09 16:59:21,287 - INFO - Output directory 'NPY' is set to: /caefs/data/IllustrisTNG/300/ICS
2025-03-09 16:59:21,288 - WARNING - Output directory 'LOGS' does not exist: /path/to/your/logs
2025-03-09 16:59:22,875 - INFO - Using GPU device 1.
2025-03-09 16:59:22,875 - INFO - Output directory 'TNG300_ICS' is set to: /caefs/data/IllustrisTNG/300/ICS
2025-03-09 16:59:22,875 - INFO - Output directory 'TNG300_snapshot99' is set to: /caefs/data/IllustrisTNG/snapshot-99-dm-npy/cache
2025-03-09 16:59:22,876 - WARNING - Output directory 'NPZ' does not exist: /path/to/your/output/npz
2025-03-09 16:59:22,876 - INFO - Output directory 'NPY' is set to: /caefs/data/IllustrisTNG/300/ICS
2025-03-09 16:59:22,876 - WARNING - Output directory 'LOGS' does not exist: /path/to/your/logs
2025-03-09 16:59:22,951 - INFO - Using GPU device 1.
2025-03-09 16:59:22,952 - INFO - Output directory 'TNG300_ICS' is set to: /caefs/data/IllustrisTNG/300/ICS
2025-03-09 16:59:22,953 - INFO - Output directory 'TNG300_snapshot99' is set to: /caefs/data/IllustrisTNG/snapshot-99-dm-npy/cache
2025-03-09 16:59:22,953 - WARNING - Output directory 'NPZ' does not exist: /path/to/your/output/npz
2025-03-09 16:59:22,953 - INFO - Output directory 'NPY' is set to: /caefs/data/IllustrisTNG/300/ICS
2025-03-09 16:59:22,953 - WARNING - Output directory 'LOGS' does not exist: /path/to/your/logs
2025-03-09 16:59:22,957 - INFO - Using GPU device 1.
2025-03-09 16:59:22,959 - INFO - Output directory 'TNG300_ICS' is set to: /caefs/data/IllustrisTNG/300/ICS
2025-03-09 16:59:22,959 - INFO - Output directory 'TNG300_snapshot99' is set to: /caefs/data/IllustrisTNG/snapshot-99-dm-npy/cache
2025-03-09 16:59:22,959 - WARNING - Output directory 'NPZ' does not exist: /path/to/your/output/npz
2025-03-09 16:59:22,959 - INFO - Output directory 'NPY' is set to: /caefs/data/IllustrisTNG/300/ICS
2025-03-09 16:59:22,960 - WARNING - Output directory 'LOGS' does not exist: /path/to/your/logs
2025-03-09 16:59:23,676 - INFO - Using GPU device 1.
2025-03-09 16:59:23,677 - INFO - Output directory 'TNG300_ICS' is set to: /caefs/data/IllustrisTNG/300/ICS
2025-03-09 16:59:23,677 - INFO - Output directory 'TNG300_snapshot99' is set to: /caefs/data/IllustrisTNG/snapshot-99-dm-npy/cache
2025-03-09 16:59:23,678 - WARNING - Output directory 'NPZ' does not exist: /path/to/your/output/npz
2025-03-09 16:59:23,678 - INFO - Output directory 'NPY' is set to: /caefs/data/IllustrisTNG/300/ICS
2025-03-09 16:59:23,678 - WARNING - Output directory 'LOGS' does not exist: /path/to/your/logs
2025-03-09 16:59:23,697 - INFO - Using GPU device 1.
2025-03-09 16:59:23,698 - INFO - Output directory 'TNG300_ICS' is set to: /caefs/data/IllustrisTNG/300/ICS
2025-03-09 16:59:23,699 - INFO - Output directory 'TNG300_snapshot99' is set to: /caefs/data/IllustrisTNG/snapshot-99-dm-npy/cache
2025-03-09 16:59:23,699 - WARNING - Output directory 'NPZ' does not exist: /path/to/your/output/npz
2025-03-09 16:59:23,700 - INFO - Output directory 'NPY' is set to: /caefs/data/IllustrisTNG/300/ICS
2025-03-09 16:59:23,700 - WARNING - Output directory 'LOGS' does not exist: /path/to/your/logs
2025-03-09 16:59:24,079 - INFO - Using GPU device 1.
2025-03-09 16:59:24,079 - INFO - Output directory 'TNG300_ICS' is set to: /caefs/data/IllustrisTNG/300/ICS
2025-03-09 16:59:24,080 - INFO - Output directory 'TNG300_snapshot99' is set to: /caefs/data/IllustrisTNG/snapshot-99-dm-npy/cache
2025-03-09 16:59:24,080 - WARNING - Output directory 'NPZ' does not exist: /path/to/your/output/npz
2025-03-09 16:59:24,080 - INFO - Output directory 'NPY' is set to: /caefs/data/IllustrisTNG/300/ICS
2025-03-09 16:59:24,080 - WARNING - Output directory 'LOGS' does not exist: /path/to/your/logs
2025-03-09 16:59:24,645 - INFO - Using GPU device 1.
2025-03-09 16:59:24,646 - INFO - Output directory 'TNG300_ICS' is set to: /caefs/data/IllustrisTNG/300/ICS
2025-03-09 16:59:24,646 - INFO - Output directory 'TNG300_snapshot99' is set to: /caefs/data/IllustrisTNG/snapshot-99-dm-npy/cache
2025-03-09 16:59:24,646 - WARNING - Output directory 'NPZ' does not exist: /path/to/your/output/npz
2025-03-09 16:59:24,647 - INFO - Output directory 'NPY' is set to: /caefs/data/IllustrisTNG/300/ICS
2025-03-09 16:59:24,647 - WARNING - Output directory 'LOGS' does not exist: /path/to/your/logs
2025-03-09 16:59:24,732 - INFO - Using GPU device 1.
2025-03-09 16:59:24,732 - INFO - Output directory 'TNG300_ICS' is set to: /caefs/data/IllustrisTNG/300/ICS
2025-03-09 16:59:24,733 - INFO - Output directory 'TNG300_snapshot99' is set to: /caefs/data/IllustrisTNG/snapshot-99-dm-npy/cache
2025-03-09 16:59:24,733 - WARNING - Output directory 'NPZ' does not exist: /path/to/your/output/npz
2025-03-09 16:59:24,733 - INFO - Output directory 'NPY' is set to: /caefs/data/IllustrisTNG/300/ICS
2025-03-09 16:59:24,733 - WARNING - Output directory 'LOGS' does not exist: /path/to/your/logs
2025-03-09 16:59:24,743 - INFO - Using GPU device 1.
2025-03-09 16:59:24,744 - INFO - Output directory 'TNG300_ICS' is set to: /caefs/data/IllustrisTNG/300/ICS
2025-03-09 16:59:24,744 - INFO - Output directory 'TNG300_snapshot99' is set to: /caefs/data/IllustrisTNG/snapshot-99-dm-npy/cache
2025-03-09 16:59:24,744 - WARNING - Output directory 'NPZ' does not exist: /path/to/your/output/npz
2025-03-09 16:59:24,745 - INFO - Output directory 'NPY' is set to: /caefs/data/IllustrisTNG/300/ICS
2025-03-09 16:59:24,745 - WARNING - Output directory 'LOGS' does not exist: /path/to/your/logs
2025-03-09 16:59:24,836 - INFO - Using GPU device 1.
2025-03-09 16:59:24,836 - INFO - Output directory 'TNG300_ICS' is set to: /caefs/data/IllustrisTNG/300/ICS
2025-03-09 16:59:24,837 - INFO - Output directory 'TNG300_snapshot99' is set to: /caefs/data/IllustrisTNG/snapshot-99-dm-npy/cache
2025-03-09 16:59:24,837 - WARNING - Output directory 'NPZ' does not exist: /path/to/your/output/npz
2025-03-09 16:59:24,838 - INFO - Output directory 'NPY' is set to: /caefs/data/IllustrisTNG/300/ICS
2025-03-09 16:59:24,838 - WARNING - Output directory 'LOGS' does not exist: /path/to/your/logs
2025-03-09 16:59:24,898 - INFO - Using GPU device 1.
2025-03-09 16:59:24,898 - INFO - Output directory 'TNG300_ICS' is set to: /caefs/data/IllustrisTNG/300/ICS
2025-03-09 16:59:24,899 - INFO - Output directory 'TNG300_snapshot99' is set to: /caefs/data/IllustrisTNG/snapshot-99-dm-npy/cache
2025-03-09 16:59:24,899 - WARNING - Output directory 'NPZ' does not exist: /path/to/your/output/npz
2025-03-09 16:59:24,900 - INFO - Output directory 'NPY' is set to: /caefs/data/IllustrisTNG/300/ICS
2025-03-09 16:59:24,900 - WARNING - Output directory 'LOGS' does not exist: /path/to/your/logs
2025-03-09 16:59:24,922 - INFO - Using GPU device 1.
2025-03-09 16:59:24,923 - INFO - Output directory 'TNG300_ICS' is set to: /caefs/data/IllustrisTNG/300/ICS
2025-03-09 16:59:24,923 - INFO - Output directory 'TNG300_snapshot99' is set to: /caefs/data/IllustrisTNG/snapshot-99-dm-npy/cache
2025-03-09 16:59:24,923 - WARNING - Output directory 'NPZ' does not exist: /path/to/your/output/npz
2025-03-09 16:59:24,924 - INFO - Output directory 'NPY' is set to: /caefs/data/IllustrisTNG/300/ICS
2025-03-09 16:59:24,924 - WARNING - Output directory 'LOGS' does not exist: /path/to/your/logs
2025-03-09 16:59:25,044 - INFO - Using GPU device 1.
2025-03-09 16:59:25,045 - INFO - Output directory 'TNG300_ICS' is set to: /caefs/data/IllustrisTNG/300/ICS
2025-03-09 16:59:25,045 - INFO - Output directory 'TNG300_snapshot99' is set to: /caefs/data/IllustrisTNG/snapshot-99-dm-npy/cache
2025-03-09 16:59:25,045 - WARNING - Output directory 'NPZ' does not exist: /path/to/your/output/npz
2025-03-09 16:59:25,046 - INFO - Output directory 'NPY' is set to: /caefs/data/IllustrisTNG/300/ICS
2025-03-09 16:59:25,046 - WARNING - Output directory 'LOGS' does not exist: /path/to/your/logs
2025-03-09 16:59:25,050 - INFO - Using GPU device 1.
2025-03-09 16:59:25,051 - INFO - Output directory 'TNG300_ICS' is set to: /caefs/data/IllustrisTNG/300/ICS
2025-03-09 16:59:25,052 - INFO - Output directory 'TNG300_snapshot99' is set to: /caefs/data/IllustrisTNG/snapshot-99-dm-npy/cache
2025-03-09 16:59:25,052 - WARNING - Output directory 'NPZ' does not exist: /path/to/your/output/npz
2025-03-09 16:59:25,052 - INFO - Output directory 'NPY' is set to: /caefs/data/IllustrisTNG/300/ICS
2025-03-09 16:59:25,052 - WARNING - Output directory 'LOGS' does not exist: /path/to/your/logs
2025-03-09 16:59:25,142 - INFO - Using GPU device 1.
2025-03-09 16:59:25,142 - INFO - Output directory 'TNG300_ICS' is set to: /caefs/data/IllustrisTNG/300/ICS
2025-03-09 16:59:25,143 - INFO - Output directory 'TNG300_snapshot99' is set to: /caefs/data/IllustrisTNG/snapshot-99-dm-npy/cache
2025-03-09 16:59:25,143 - WARNING - Output directory 'NPZ' does not exist: /path/to/your/output/npz
2025-03-09 16:59:25,143 - INFO - Output directory 'NPY' is set to: /caefs/data/IllustrisTNG/300/ICS
2025-03-09 16:59:25,143 - WARNING - Output directory 'LOGS' does not exist: /path/to/your/logs
2025-03-09 16:59:25,234 - INFO - Using GPU device 1.
2025-03-09 16:59:25,235 - INFO - Output directory 'TNG300_ICS' is set to: /caefs/data/IllustrisTNG/300/ICS
2025-03-09 16:59:25,235 - INFO - Output directory 'TNG300_snapshot99' is set to: /caefs/data/IllustrisTNG/snapshot-99-dm-npy/cache
2025-03-09 16:59:25,235 - WARNING - Output directory 'NPZ' does not exist: /path/to/your/output/npz
2025-03-09 16:59:25,235 - INFO - Output directory 'NPY' is set to: /caefs/data/IllustrisTNG/300/ICS
2025-03-09 16:59:25,235 - WARNING - Output directory 'LOGS' does not exist: /path/to/your/logs
2025-03-09 16:59:25,304 - INFO - Using GPU device 1.
2025-03-09 16:59:25,304 - INFO - Output directory 'TNG300_ICS' is set to: /caefs/data/IllustrisTNG/300/ICS
2025-03-09 16:59:25,305 - INFO - Output directory 'TNG300_snapshot99' is set to: /caefs/data/IllustrisTNG/snapshot-99-dm-npy/cache
2025-03-09 16:59:25,305 - WARNING - Output directory 'NPZ' does not exist: /path/to/your/output/npz
2025-03-09 16:59:25,306 - INFO - Output directory 'NPY' is set to: /caefs/data/IllustrisTNG/300/ICS
2025-03-09 16:59:25,306 - WARNING - Output directory 'LOGS' does not exist: /path/to/your/logs
2025-03-09 16:59:25,325 - INFO - Using GPU device 1.
2025-03-09 16:59:25,326 - INFO - Output directory 'TNG300_ICS' is set to: /caefs/data/IllustrisTNG/300/ICS
2025-03-09 16:59:25,326 - INFO - Output directory 'TNG300_snapshot99' is set to: /caefs/data/IllustrisTNG/snapshot-99-dm-npy/cache
2025-03-09 16:59:25,326 - WARNING - Output directory 'NPZ' does not exist: /path/to/your/output/npz
2025-03-09 16:59:25,327 - INFO - Output directory 'NPY' is set to: /caefs/data/IllustrisTNG/300/ICS
2025-03-09 16:59:25,327 - WARNING - Output directory 'LOGS' does not exist: /path/to/your/logs
2025-03-09 16:59:25,420 - INFO - Using GPU device 1.
2025-03-09 16:59:25,421 - INFO - Output directory 'TNG300_ICS' is set to: /caefs/data/IllustrisTNG/300/ICS
2025-03-09 16:59:25,421 - INFO - Output directory 'TNG300_snapshot99' is set to: /caefs/data/IllustrisTNG/snapshot-99-dm-npy/cache
2025-03-09 16:59:25,421 - WARNING - Output directory 'NPZ' does not exist: /path/to/your/output/npz
2025-03-09 16:59:25,422 - INFO - Output directory 'NPY' is set to: /caefs/data/IllustrisTNG/300/ICS
2025-03-09 16:59:25,422 - WARNING - Output directory 'LOGS' does not exist: /path/to/your/logs
2025-03-09 16:59:25,528 - INFO - Using GPU device 1.
2025-03-09 16:59:25,528 - INFO - Output directory 'TNG300_ICS' is set to: /caefs/data/IllustrisTNG/300/ICS
2025-03-09 16:59:25,528 - INFO - Output directory 'TNG300_snapshot99' is set to: /caefs/data/IllustrisTNG/snapshot-99-dm-npy/cache
2025-03-09 16:59:25,529 - WARNING - Output directory 'NPZ' does not exist: /path/to/your/output/npz
2025-03-09 16:59:25,529 - INFO - Output directory 'NPY' is set to: /caefs/data/IllustrisTNG/300/ICS
2025-03-09 16:59:25,529 - WARNING - Output directory 'LOGS' does not exist: /path/to/your/logs
2025-03-09 16:59:25,557 - INFO - Using GPU device 1.
2025-03-09 16:59:25,557 - INFO - Output directory 'TNG300_ICS' is set to: /caefs/data/IllustrisTNG/300/ICS
2025-03-09 16:59:25,558 - INFO - Output directory 'TNG300_snapshot99' is set to: /caefs/data/IllustrisTNG/snapshot-99-dm-npy/cache
2025-03-09 16:59:25,558 - WARNING - Output directory 'NPZ' does not exist: /path/to/your/output/npz
2025-03-09 16:59:25,558 - INFO - Output directory 'NPY' is set to: /caefs/data/IllustrisTNG/300/ICS
2025-03-09 16:59:25,558 - WARNING - Output directory 'LOGS' does not exist: /path/to/your/logs
2025-03-09 16:59:25,587 - INFO - Using GPU device 1.
2025-03-09 16:59:25,587 - INFO - Output directory 'TNG300_ICS' is set to: /caefs/data/IllustrisTNG/300/ICS
2025-03-09 16:59:25,588 - INFO - Output directory 'TNG300_snapshot99' is set to: /caefs/data/IllustrisTNG/snapshot-99-dm-npy/cache
2025-03-09 16:59:25,588 - WARNING - Output directory 'NPZ' does not exist: /path/to/your/output/npz
2025-03-09 16:59:25,588 - INFO - Output directory 'NPY' is set to: /caefs/data/IllustrisTNG/300/ICS
2025-03-09 16:59:25,588 - WARNING - Output directory 'LOGS' does not exist: /path/to/your/logs
2025-03-09 16:59:25,620 - INFO - Using GPU device 1.
2025-03-09 16:59:25,621 - INFO - Output directory 'TNG300_ICS' is set to: /caefs/data/IllustrisTNG/300/ICS
2025-03-09 16:59:25,621 - INFO - Output directory 'TNG300_snapshot99' is set to: /caefs/data/IllustrisTNG/snapshot-99-dm-npy/cache
2025-03-09 16:59:25,621 - WARNING - Output directory 'NPZ' does not exist: /path/to/your/output/npz
2025-03-09 16:59:25,621 - INFO - Output directory 'NPY' is set to: /caefs/data/IllustrisTNG/300/ICS
2025-03-09 16:59:25,621 - WARNING - Output directory 'LOGS' does not exist: /path/to/your/logs
2025-03-09 16:59:25,639 - INFO - Using GPU device 1.
2025-03-09 16:59:25,640 - INFO - Output directory 'TNG300_ICS' is set to: /caefs/data/IllustrisTNG/300/ICS
2025-03-09 16:59:25,640 - INFO - Output directory 'TNG300_snapshot99' is set to: /caefs/data/IllustrisTNG/snapshot-99-dm-npy/cache
2025-03-09 16:59:25,640 - WARNING - Output directory 'NPZ' does not exist: /path/to/your/output/npz
2025-03-09 16:59:25,640 - INFO - Output directory 'NPY' is set to: /caefs/data/IllustrisTNG/300/ICS
2025-03-09 16:59:25,640 - WARNING - Output directory 'LOGS' does not exist: /path/to/your/logs
