2025-03-09 17:11:15,110 - INFO - Using GPU device 1.
2025-03-09 17:11:15,112 - INFO - Output directory 'TNG300_ICS' is set to: /caefs/data/IllustrisTNG/300/ICS
2025-03-09 17:11:15,113 - INFO - Output directory 'TNG300_snapshot99' is set to: /caefs/data/IllustrisTNG/snapshot-99-dm-npy/cache
2025-03-09 17:11:15,113 - WARNING - Output directory 'NPZ' does not exist: /path/to/your/output/npz
2025-03-09 17:11:15,114 - INFO - Output directory 'NPY' is set to: /caefs/data/IllustrisTNG/300/ICS
2025-03-09 17:11:15,114 - WARNING - Output directory 'LOGS' does not exist: /path/to/your/logs
2025-03-09 17:11:15,151 - INFO - Using GPU device 1.
2025-03-09 17:11:15,152 - INFO - Output directory 'TNG300_ICS' is set to: /caefs/data/IllustrisTNG/300/ICS
2025-03-09 17:11:15,153 - INFO - Output directory 'TNG300_snapshot99' is set to: /caefs/data/IllustrisTNG/snapshot-99-dm-npy/cache
2025-03-09 17:11:15,153 - WARNING - Output directory 'NPZ' does not exist: /path/to/your/output/npz
2025-03-09 17:11:15,154 - INFO - Output directory 'NPY' is set to: /caefs/data/IllustrisTNG/300/ICS
2025-03-09 17:11:15,154 - WARNING - Output directory 'LOGS' does not exist: /path/to/your/logs
2025-03-09 17:11:15,522 - INFO - Using GPU device 1.
2025-03-09 17:11:15,523 - INFO - Output directory 'TNG300_ICS' is set to: /caefs/data/IllustrisTNG/300/ICS
2025-03-09 17:11:15,524 - INFO - Output directory 'TNG300_snapshot99' is set to: /caefs/data/IllustrisTNG/snapshot-99-dm-npy/cache
2025-03-09 17:11:15,524 - WARNING - Output directory 'NPZ' does not exist: /path/to/your/output/npz
2025-03-09 17:11:15,525 - INFO - Output directory 'NPY' is set to: /caefs/data/IllustrisTNG/300/ICS
2025-03-09 17:11:15,525 - WARNING - Output directory 'LOGS' does not exist: /path/to/your/logs
2025-03-09 17:11:15,588 - INFO - Using GPU device 1.
2025-03-09 17:11:15,589 - INFO - Output directory 'TNG300_ICS' is set to: /caefs/data/IllustrisTNG/300/ICS
2025-03-09 17:11:15,590 - INFO - Output directory 'TNG300_snapshot99' is set to: /caefs/data/IllustrisTNG/snapshot-99-dm-npy/cache
2025-03-09 17:11:15,590 - WARNING - Output directory 'NPZ' does not exist: /path/to/your/output/npz
2025-03-09 17:11:15,591 - INFO - Output directory 'NPY' is set to: /caefs/data/IllustrisTNG/300/ICS
2025-03-09 17:11:15,591 - WARNING - Output directory 'LOGS' does not exist: /path/to/your/logs
2025-03-09 17:11:15,676 - INFO - Using GPU device 1.
2025-03-09 17:11:15,676 - INFO - Output directory 'TNG300_ICS' is set to: /caefs/data/IllustrisTNG/300/ICS
2025-03-09 17:11:15,677 - INFO - Output directory 'TNG300_snapshot99' is set to: /caefs/data/IllustrisTNG/snapshot-99-dm-npy/cache
2025-03-09 17:11:15,677 - WARNING - Output directory 'NPZ' does not exist: /path/to/your/output/npz
2025-03-09 17:11:15,678 - INFO - Output directory 'NPY' is set to: /caefs/data/IllustrisTNG/300/ICS
2025-03-09 17:11:15,678 - WARNING - Output directory 'LOGS' does not exist: /path/to/your/logs
2025-03-09 17:11:15,841 - INFO - Using GPU device 1.
2025-03-09 17:11:15,842 - INFO - Output directory 'TNG300_ICS' is set to: /caefs/data/IllustrisTNG/300/ICS
2025-03-09 17:11:15,843 - INFO - Output directory 'TNG300_snapshot99' is set to: /caefs/data/IllustrisTNG/snapshot-99-dm-npy/cache
2025-03-09 17:11:15,843 - WARNING - Output directory 'NPZ' does not exist: /path/to/your/output/npz
2025-03-09 17:11:15,843 - INFO - Output directory 'NPY' is set to: /caefs/data/IllustrisTNG/300/ICS
2025-03-09 17:11:15,843 - WARNING - Output directory 'LOGS' does not exist: /path/to/your/logs
2025-03-09 17:11:17,480 - INFO - Using GPU device 1.
2025-03-09 17:11:17,481 - INFO - Output directory 'TNG300_ICS' is set to: /caefs/data/IllustrisTNG/300/ICS
2025-03-09 17:11:17,481 - INFO - Output directory 'TNG300_snapshot99' is set to: /caefs/data/IllustrisTNG/snapshot-99-dm-npy/cache
2025-03-09 17:11:17,481 - WARNING - Output directory 'NPZ' does not exist: /path/to/your/output/npz
2025-03-09 17:11:17,482 - INFO - Output directory 'NPY' is set to: /caefs/data/IllustrisTNG/300/ICS
2025-03-09 17:11:17,482 - WARNING - Output directory 'LOGS' does not exist: /path/to/your/logs
2025-03-09 17:11:17,757 - INFO - Using GPU device 1.
2025-03-09 17:11:17,757 - INFO - Output directory 'TNG300_ICS' is set to: /caefs/data/IllustrisTNG/300/ICS
2025-03-09 17:11:17,758 - INFO - Output directory 'TNG300_snapshot99' is set to: /caefs/data/IllustrisTNG/snapshot-99-dm-npy/cache
2025-03-09 17:11:17,758 - WARNING - Output directory 'NPZ' does not exist: /path/to/your/output/npz
2025-03-09 17:11:17,758 - INFO - Output directory 'NPY' is set to: /caefs/data/IllustrisTNG/300/ICS
2025-03-09 17:11:17,758 - WARNING - Output directory 'LOGS' does not exist: /path/to/your/logs
2025-03-09 17:11:18,020 - INFO - Using GPU device 1.
2025-03-09 17:11:18,021 - INFO - Output directory 'TNG300_ICS' is set to: /caefs/data/IllustrisTNG/300/ICS
2025-03-09 17:11:18,021 - INFO - Output directory 'TNG300_snapshot99' is set to: /caefs/data/IllustrisTNG/snapshot-99-dm-npy/cache
2025-03-09 17:11:18,021 - WARNING - Output directory 'NPZ' does not exist: /path/to/your/output/npz
2025-03-09 17:11:18,021 - INFO - Output directory 'NPY' is set to: /caefs/data/IllustrisTNG/300/ICS
2025-03-09 17:11:18,021 - WARNING - Output directory 'LOGS' does not exist: /path/to/your/logs
2025-03-09 17:11:18,147 - INFO - Using GPU device 1.
2025-03-09 17:11:18,147 - INFO - Output directory 'TNG300_ICS' is set to: /caefs/data/IllustrisTNG/300/ICS
2025-03-09 17:11:18,147 - INFO - Output directory 'TNG300_snapshot99' is set to: /caefs/data/IllustrisTNG/snapshot-99-dm-npy/cache
2025-03-09 17:11:18,147 - WARNING - Output directory 'NPZ' does not exist: /path/to/your/output/npz
2025-03-09 17:11:18,148 - INFO - Output directory 'NPY' is set to: /caefs/data/IllustrisTNG/300/ICS
2025-03-09 17:11:18,148 - WARNING - Output directory 'LOGS' does not exist: /path/to/your/logs
2025-03-09 17:11:18,400 - INFO - Using GPU device 1.
2025-03-09 17:11:18,401 - INFO - Output directory 'TNG300_ICS' is set to: /caefs/data/IllustrisTNG/300/ICS
2025-03-09 17:11:18,401 - INFO - Output directory 'TNG300_snapshot99' is set to: /caefs/data/IllustrisTNG/snapshot-99-dm-npy/cache
2025-03-09 17:11:18,402 - WARNING - Output directory 'NPZ' does not exist: /path/to/your/output/npz
2025-03-09 17:11:18,402 - INFO - Output directory 'NPY' is set to: /caefs/data/IllustrisTNG/300/ICS
2025-03-09 17:11:18,402 - WARNING - Output directory 'LOGS' does not exist: /path/to/your/logs
2025-03-09 17:11:19,041 - INFO - Using GPU device 1.
2025-03-09 17:11:19,041 - INFO - Output directory 'TNG300_ICS' is set to: /caefs/data/IllustrisTNG/300/ICS
2025-03-09 17:11:19,041 - INFO - Output directory 'TNG300_snapshot99' is set to: /caefs/data/IllustrisTNG/snapshot-99-dm-npy/cache
2025-03-09 17:11:19,041 - WARNING - Output directory 'NPZ' does not exist: /path/to/your/output/npz
2025-03-09 17:11:19,041 - INFO - Output directory 'NPY' is set to: /caefs/data/IllustrisTNG/300/ICS
2025-03-09 17:11:19,041 - WARNING - Output directory 'LOGS' does not exist: /path/to/your/logs
2025-03-09 17:11:19,243 - INFO - Using GPU device 1.
2025-03-09 17:11:19,243 - INFO - Output directory 'TNG300_ICS' is set to: /caefs/data/IllustrisTNG/300/ICS
2025-03-09 17:11:19,243 - INFO - Output directory 'TNG300_snapshot99' is set to: /caefs/data/IllustrisTNG/snapshot-99-dm-npy/cache
2025-03-09 17:11:19,244 - WARNING - Output directory 'NPZ' does not exist: /path/to/your/output/npz
2025-03-09 17:11:19,244 - INFO - Output directory 'NPY' is set to: /caefs/data/IllustrisTNG/300/ICS
2025-03-09 17:11:19,244 - WARNING - Output directory 'LOGS' does not exist: /path/to/your/logs
2025-03-09 17:11:19,718 - INFO - Using GPU device 1.
2025-03-09 17:11:19,718 - INFO - Output directory 'TNG300_ICS' is set to: /caefs/data/IllustrisTNG/300/ICS
2025-03-09 17:11:19,719 - INFO - Output directory 'TNG300_snapshot99' is set to: /caefs/data/IllustrisTNG/snapshot-99-dm-npy/cache
2025-03-09 17:11:19,719 - WARNING - Output directory 'NPZ' does not exist: /path/to/your/output/npz
2025-03-09 17:11:19,719 - INFO - Output directory 'NPY' is set to: /caefs/data/IllustrisTNG/300/ICS
2025-03-09 17:11:19,719 - WARNING - Output directory 'LOGS' does not exist: /path/to/your/logs
2025-03-09 17:11:19,775 - INFO - Using GPU device 1.
2025-03-09 17:11:19,775 - INFO - Output directory 'TNG300_ICS' is set to: /caefs/data/IllustrisTNG/300/ICS
2025-03-09 17:11:19,775 - INFO - Output directory 'TNG300_snapshot99' is set to: /caefs/data/IllustrisTNG/snapshot-99-dm-npy/cache
2025-03-09 17:11:19,775 - WARNING - Output directory 'NPZ' does not exist: /path/to/your/output/npz
2025-03-09 17:11:19,775 - INFO - Output directory 'NPY' is set to: /caefs/data/IllustrisTNG/300/ICS
2025-03-09 17:11:19,775 - WARNING - Output directory 'LOGS' does not exist: /path/to/your/logs
2025-03-09 17:11:19,844 - INFO - Using GPU device 1.
2025-03-09 17:11:19,844 - INFO - Output directory 'TNG300_ICS' is set to: /caefs/data/IllustrisTNG/300/ICS
2025-03-09 17:11:19,845 - INFO - Output directory 'TNG300_snapshot99' is set to: /caefs/data/IllustrisTNG/snapshot-99-dm-npy/cache
2025-03-09 17:11:19,845 - WARNING - Output directory 'NPZ' does not exist: /path/to/your/output/npz
2025-03-09 17:11:19,845 - INFO - Output directory 'NPY' is set to: /caefs/data/IllustrisTNG/300/ICS
2025-03-09 17:11:19,845 - WARNING - Output directory 'LOGS' does not exist: /path/to/your/logs
2025-03-09 17:11:19,917 - INFO - Using GPU device 1.
2025-03-09 17:11:19,917 - INFO - Output directory 'TNG300_ICS' is set to: /caefs/data/IllustrisTNG/300/ICS
2025-03-09 17:11:19,917 - INFO - Output directory 'TNG300_snapshot99' is set to: /caefs/data/IllustrisTNG/snapshot-99-dm-npy/cache
2025-03-09 17:11:19,917 - WARNING - Output directory 'NPZ' does not exist: /path/to/your/output/npz
2025-03-09 17:11:19,917 - INFO - Output directory 'NPY' is set to: /caefs/data/IllustrisTNG/300/ICS
2025-03-09 17:11:19,917 - WARNING - Output directory 'LOGS' does not exist: /path/to/your/logs
2025-03-09 17:11:19,979 - INFO - Using GPU device 1.
2025-03-09 17:11:19,979 - INFO - Output directory 'TNG300_ICS' is set to: /caefs/data/IllustrisTNG/300/ICS
2025-03-09 17:11:19,980 - INFO - Output directory 'TNG300_snapshot99' is set to: /caefs/data/IllustrisTNG/snapshot-99-dm-npy/cache
2025-03-09 17:11:19,980 - WARNING - Output directory 'NPZ' does not exist: /path/to/your/output/npz
2025-03-09 17:11:19,980 - INFO - Output directory 'NPY' is set to: /caefs/data/IllustrisTNG/300/ICS
2025-03-09 17:11:19,980 - WARNING - Output directory 'LOGS' does not exist: /path/to/your/logs
2025-03-09 17:11:20,020 - INFO - Using GPU device 1.
2025-03-09 17:11:20,021 - INFO - Output directory 'TNG300_ICS' is set to: /caefs/data/IllustrisTNG/300/ICS
2025-03-09 17:11:20,021 - INFO - Output directory 'TNG300_snapshot99' is set to: /caefs/data/IllustrisTNG/snapshot-99-dm-npy/cache
2025-03-09 17:11:20,021 - WARNING - Output directory 'NPZ' does not exist: /path/to/your/output/npz
2025-03-09 17:11:20,021 - INFO - Output directory 'NPY' is set to: /caefs/data/IllustrisTNG/300/ICS
2025-03-09 17:11:20,021 - WARNING - Output directory 'LOGS' does not exist: /path/to/your/logs
2025-03-09 17:11:20,070 - INFO - Using GPU device 1.
2025-03-09 17:11:20,071 - INFO - Output directory 'TNG300_ICS' is set to: /caefs/data/IllustrisTNG/300/ICS
2025-03-09 17:11:20,071 - INFO - Output directory 'TNG300_snapshot99' is set to: /caefs/data/IllustrisTNG/snapshot-99-dm-npy/cache
2025-03-09 17:11:20,071 - WARNING - Output directory 'NPZ' does not exist: /path/to/your/output/npz
2025-03-09 17:11:20,072 - INFO - Output directory 'NPY' is set to: /caefs/data/IllustrisTNG/300/ICS
2025-03-09 17:11:20,072 - WARNING - Output directory 'LOGS' does not exist: /path/to/your/logs
2025-03-09 17:11:20,151 - INFO - Using GPU device 1.
2025-03-09 17:11:20,151 - INFO - Output directory 'TNG300_ICS' is set to: /caefs/data/IllustrisTNG/300/ICS
2025-03-09 17:11:20,152 - INFO - Output directory 'TNG300_snapshot99' is set to: /caefs/data/IllustrisTNG/snapshot-99-dm-npy/cache
2025-03-09 17:11:20,152 - WARNING - Output directory 'NPZ' does not exist: /path/to/your/output/npz
2025-03-09 17:11:20,152 - INFO - Output directory 'NPY' is set to: /caefs/data/IllustrisTNG/300/ICS
2025-03-09 17:11:20,152 - WARNING - Output directory 'LOGS' does not exist: /path/to/your/logs
2025-03-09 17:11:20,229 - INFO - Using GPU device 1.
2025-03-09 17:11:20,230 - INFO - Output directory 'TNG300_ICS' is set to: /caefs/data/IllustrisTNG/300/ICS
2025-03-09 17:11:20,230 - INFO - Output directory 'TNG300_snapshot99' is set to: /caefs/data/IllustrisTNG/snapshot-99-dm-npy/cache
2025-03-09 17:11:20,230 - WARNING - Output directory 'NPZ' does not exist: /path/to/your/output/npz
2025-03-09 17:11:20,230 - INFO - Output directory 'NPY' is set to: /caefs/data/IllustrisTNG/300/ICS
2025-03-09 17:11:20,230 - WARNING - Output directory 'LOGS' does not exist: /path/to/your/logs
2025-03-09 17:11:20,241 - INFO - Using GPU device 1.
2025-03-09 17:11:20,242 - INFO - Output directory 'TNG300_ICS' is set to: /caefs/data/IllustrisTNG/300/ICS
2025-03-09 17:11:20,242 - INFO - Output directory 'TNG300_snapshot99' is set to: /caefs/data/IllustrisTNG/snapshot-99-dm-npy/cache
2025-03-09 17:11:20,242 - WARNING - Output directory 'NPZ' does not exist: /path/to/your/output/npz
2025-03-09 17:11:20,242 - INFO - Output directory 'NPY' is set to: /caefs/data/IllustrisTNG/300/ICS
2025-03-09 17:11:20,242 - WARNING - Output directory 'LOGS' does not exist: /path/to/your/logs
2025-03-09 17:11:20,309 - INFO - Using GPU device 1.
2025-03-09 17:11:20,310 - INFO - Output directory 'TNG300_ICS' is set to: /caefs/data/IllustrisTNG/300/ICS
2025-03-09 17:11:20,310 - INFO - Output directory 'TNG300_snapshot99' is set to: /caefs/data/IllustrisTNG/snapshot-99-dm-npy/cache
2025-03-09 17:11:20,310 - WARNING - Output directory 'NPZ' does not exist: /path/to/your/output/npz
2025-03-09 17:11:20,310 - INFO - Output directory 'NPY' is set to: /caefs/data/IllustrisTNG/300/ICS
2025-03-09 17:11:20,310 - WARNING - Output directory 'LOGS' does not exist: /path/to/your/logs
2025-03-09 17:11:20,326 - INFO - Using GPU device 1.
2025-03-09 17:11:20,327 - INFO - Output directory 'TNG300_ICS' is set to: /caefs/data/IllustrisTNG/300/ICS
2025-03-09 17:11:20,327 - INFO - Output directory 'TNG300_snapshot99' is set to: /caefs/data/IllustrisTNG/snapshot-99-dm-npy/cache
2025-03-09 17:11:20,327 - WARNING - Output directory 'NPZ' does not exist: /path/to/your/output/npz
2025-03-09 17:11:20,327 - INFO - Output directory 'NPY' is set to: /caefs/data/IllustrisTNG/300/ICS
2025-03-09 17:11:20,327 - WARNING - Output directory 'LOGS' does not exist: /path/to/your/logs
2025-03-09 17:11:20,389 - INFO - Using GPU device 1.
2025-03-09 17:11:20,389 - INFO - Output directory 'TNG300_ICS' is set to: /caefs/data/IllustrisTNG/300/ICS
2025-03-09 17:11:20,389 - INFO - Output directory 'TNG300_snapshot99' is set to: /caefs/data/IllustrisTNG/snapshot-99-dm-npy/cache
2025-03-09 17:11:20,390 - WARNING - Output directory 'NPZ' does not exist: /path/to/your/output/npz
2025-03-09 17:11:20,390 - INFO - Output directory 'NPY' is set to: /caefs/data/IllustrisTNG/300/ICS
2025-03-09 17:11:20,390 - WARNING - Output directory 'LOGS' does not exist: /path/to/your/logs
2025-03-09 17:11:20,460 - INFO - Using GPU device 1.
2025-03-09 17:11:20,461 - INFO - Output directory 'TNG300_ICS' is set to: /caefs/data/IllustrisTNG/300/ICS
2025-03-09 17:11:20,461 - INFO - Output directory 'TNG300_snapshot99' is set to: /caefs/data/IllustrisTNG/snapshot-99-dm-npy/cache
2025-03-09 17:11:20,461 - WARNING - Output directory 'NPZ' does not exist: /path/to/your/output/npz
2025-03-09 17:11:20,461 - INFO - Output directory 'NPY' is set to: /caefs/data/IllustrisTNG/300/ICS
2025-03-09 17:11:20,461 - WARNING - Output directory 'LOGS' does not exist: /path/to/your/logs
2025-03-09 17:11:20,524 - INFO - Using GPU device 1.
2025-03-09 17:11:20,524 - INFO - Output directory 'TNG300_ICS' is set to: /caefs/data/IllustrisTNG/300/ICS
2025-03-09 17:11:20,524 - INFO - Output directory 'TNG300_snapshot99' is set to: /caefs/data/IllustrisTNG/snapshot-99-dm-npy/cache
2025-03-09 17:11:20,525 - WARNING - Output directory 'NPZ' does not exist: /path/to/your/output/npz
2025-03-09 17:11:20,525 - INFO - Output directory 'NPY' is set to: /caefs/data/IllustrisTNG/300/ICS
2025-03-09 17:11:20,525 - WARNING - Output directory 'LOGS' does not exist: /path/to/your/logs
2025-03-09 17:11:20,562 - INFO - Using GPU device 1.
2025-03-09 17:11:20,562 - INFO - Output directory 'TNG300_ICS' is set to: /caefs/data/IllustrisTNG/300/ICS
2025-03-09 17:11:20,562 - INFO - Output directory 'TNG300_snapshot99' is set to: /caefs/data/IllustrisTNG/snapshot-99-dm-npy/cache
2025-03-09 17:11:20,563 - WARNING - Output directory 'NPZ' does not exist: /path/to/your/output/npz
2025-03-09 17:11:20,563 - INFO - Output directory 'NPY' is set to: /caefs/data/IllustrisTNG/300/ICS
2025-03-09 17:11:20,563 - WARNING - Output directory 'LOGS' does not exist: /path/to/your/logs
2025-03-09 17:11:20,653 - INFO - Using GPU device 1.
2025-03-09 17:11:20,654 - INFO - Output directory 'TNG300_ICS' is set to: /caefs/data/IllustrisTNG/300/ICS
2025-03-09 17:11:20,654 - INFO - Output directory 'TNG300_snapshot99' is set to: /caefs/data/IllustrisTNG/snapshot-99-dm-npy/cache
2025-03-09 17:11:20,654 - WARNING - Output directory 'NPZ' does not exist: /path/to/your/output/npz
2025-03-09 17:11:20,654 - INFO - Output directory 'NPY' is set to: /caefs/data/IllustrisTNG/300/ICS
2025-03-09 17:11:20,654 - WARNING - Output directory 'LOGS' does not exist: /path/to/your/logs
2025-03-09 17:11:20,711 - INFO - Using GPU device 1.
2025-03-09 17:11:20,711 - INFO - Output directory 'TNG300_ICS' is set to: /caefs/data/IllustrisTNG/300/ICS
2025-03-09 17:11:20,711 - INFO - Output directory 'TNG300_snapshot99' is set to: /caefs/data/IllustrisTNG/snapshot-99-dm-npy/cache
2025-03-09 17:11:20,711 - WARNING - Output directory 'NPZ' does not exist: /path/to/your/output/npz
2025-03-09 17:11:20,712 - INFO - Output directory 'NPY' is set to: /caefs/data/IllustrisTNG/300/ICS
2025-03-09 17:11:20,712 - WARNING - Output directory 'LOGS' does not exist: /path/to/your/logs
2025-03-09 17:11:20,743 - INFO - Using GPU device 1.
2025-03-09 17:11:20,743 - INFO - Output directory 'TNG300_ICS' is set to: /caefs/data/IllustrisTNG/300/ICS
2025-03-09 17:11:20,743 - INFO - Output directory 'TNG300_snapshot99' is set to: /caefs/data/IllustrisTNG/snapshot-99-dm-npy/cache
2025-03-09 17:11:20,743 - WARNING - Output directory 'NPZ' does not exist: /path/to/your/output/npz
2025-03-09 17:11:20,743 - INFO - Output directory 'NPY' is set to: /caefs/data/IllustrisTNG/300/ICS
2025-03-09 17:11:20,744 - WARNING - Output directory 'LOGS' does not exist: /path/to/your/logs
2025-03-09 17:11:20,789 - INFO - Using GPU device 1.
2025-03-09 17:11:20,790 - INFO - Output directory 'TNG300_ICS' is set to: /caefs/data/IllustrisTNG/300/ICS
2025-03-09 17:11:20,790 - INFO - Output directory 'TNG300_snapshot99' is set to: /caefs/data/IllustrisTNG/snapshot-99-dm-npy/cache
2025-03-09 17:11:20,790 - WARNING - Output directory 'NPZ' does not exist: /path/to/your/output/npz
2025-03-09 17:11:20,790 - INFO - Output directory 'NPY' is set to: /caefs/data/IllustrisTNG/300/ICS
2025-03-09 17:11:20,790 - WARNING - Output directory 'LOGS' does not exist: /path/to/your/logs
2025-03-09 17:11:20,806 - INFO - Using GPU device 1.
2025-03-09 17:11:20,806 - INFO - Output directory 'TNG300_ICS' is set to: /caefs/data/IllustrisTNG/300/ICS
2025-03-09 17:11:20,806 - INFO - Output directory 'TNG300_snapshot99' is set to: /caefs/data/IllustrisTNG/snapshot-99-dm-npy/cache
2025-03-09 17:11:20,807 - WARNING - Output directory 'NPZ' does not exist: /path/to/your/output/npz
2025-03-09 17:11:20,807 - INFO - Output directory 'NPY' is set to: /caefs/data/IllustrisTNG/300/ICS
2025-03-09 17:11:20,807 - WARNING - Output directory 'LOGS' does not exist: /path/to/your/logs
2025-03-09 17:11:20,871 - INFO - Using GPU device 1.
2025-03-09 17:11:20,872 - INFO - Output directory 'TNG300_ICS' is set to: /caefs/data/IllustrisTNG/300/ICS
2025-03-09 17:11:20,872 - INFO - Output directory 'TNG300_snapshot99' is set to: /caefs/data/IllustrisTNG/snapshot-99-dm-npy/cache
2025-03-09 17:11:20,872 - WARNING - Output directory 'NPZ' does not exist: /path/to/your/output/npz
2025-03-09 17:11:20,872 - INFO - Output directory 'NPY' is set to: /caefs/data/IllustrisTNG/300/ICS
2025-03-09 17:11:20,872 - WARNING - Output directory 'LOGS' does not exist: /path/to/your/logs
2025-03-09 17:11:20,902 - INFO - Using GPU device 1.
2025-03-09 17:11:20,903 - INFO - Output directory 'TNG300_ICS' is set to: /caefs/data/IllustrisTNG/300/ICS
2025-03-09 17:11:20,903 - INFO - Output directory 'TNG300_snapshot99' is set to: /caefs/data/IllustrisTNG/snapshot-99-dm-npy/cache
2025-03-09 17:11:20,903 - WARNING - Output directory 'NPZ' does not exist: /path/to/your/output/npz
2025-03-09 17:11:20,903 - INFO - Output directory 'NPY' is set to: /caefs/data/IllustrisTNG/300/ICS
2025-03-09 17:11:20,903 - WARNING - Output directory 'LOGS' does not exist: /path/to/your/logs
2025-03-09 17:11:20,951 - INFO - Using GPU device 1.
2025-03-09 17:11:20,951 - INFO - Output directory 'TNG300_ICS' is set to: /caefs/data/IllustrisTNG/300/ICS
2025-03-09 17:11:20,952 - INFO - Output directory 'TNG300_snapshot99' is set to: /caefs/data/IllustrisTNG/snapshot-99-dm-npy/cache
2025-03-09 17:11:20,952 - WARNING - Output directory 'NPZ' does not exist: /path/to/your/output/npz
2025-03-09 17:11:20,952 - INFO - Output directory 'NPY' is set to: /caefs/data/IllustrisTNG/300/ICS
2025-03-09 17:11:20,952 - WARNING - Output directory 'LOGS' does not exist: /path/to/your/logs
2025-03-09 17:11:20,959 - INFO - Using GPU device 1.
2025-03-09 17:11:20,959 - INFO - Output directory 'TNG300_ICS' is set to: /caefs/data/IllustrisTNG/300/ICS
2025-03-09 17:11:20,959 - INFO - Output directory 'TNG300_snapshot99' is set to: /caefs/data/IllustrisTNG/snapshot-99-dm-npy/cache
2025-03-09 17:11:20,959 - WARNING - Output directory 'NPZ' does not exist: /path/to/your/output/npz
2025-03-09 17:11:20,960 - INFO - Output directory 'NPY' is set to: /caefs/data/IllustrisTNG/300/ICS
2025-03-09 17:11:20,960 - WARNING - Output directory 'LOGS' does not exist: /path/to/your/logs
2025-03-09 17:11:20,963 - INFO - Using GPU device 1.
2025-03-09 17:11:20,963 - INFO - Output directory 'TNG300_ICS' is set to: /caefs/data/IllustrisTNG/300/ICS
2025-03-09 17:11:20,963 - INFO - Output directory 'TNG300_snapshot99' is set to: /caefs/data/IllustrisTNG/snapshot-99-dm-npy/cache
2025-03-09 17:11:20,963 - WARNING - Output directory 'NPZ' does not exist: /path/to/your/output/npz
2025-03-09 17:11:20,964 - INFO - Output directory 'NPY' is set to: /caefs/data/IllustrisTNG/300/ICS
2025-03-09 17:11:20,964 - WARNING - Output directory 'LOGS' does not exist: /path/to/your/logs
