2025-03-09 17:28:08,736 - INFO - Using GPU device 1.
2025-03-09 17:28:08,738 - INFO - Output directory 'TNG300_ICS' is set to: /caefs/data/IllustrisTNG/300/ICS
2025-03-09 17:28:08,739 - INFO - Output directory 'TNG300_snapshot99' is set to: /caefs/data/IllustrisTNG/snapshot-99-dm-npy/cache
2025-03-09 17:28:08,740 - WARNING - Output directory 'NPZ' does not exist: /path/to/your/output/npz
2025-03-09 17:28:08,740 - INFO - Output directory 'NPY' is set to: /caefs/data/IllustrisTNG/300/ICS
2025-03-09 17:28:08,741 - WARNING - Output directory 'LOGS' does not exist: /path/to/your/logs
2025-03-09 17:28:09,243 - INFO - Using GPU device 1.
2025-03-09 17:28:09,244 - INFO - Output directory 'TNG300_ICS' is set to: /caefs/data/IllustrisTNG/300/ICS
2025-03-09 17:28:09,245 - INFO - Output directory 'TNG300_snapshot99' is set to: /caefs/data/IllustrisTNG/snapshot-99-dm-npy/cache
2025-03-09 17:28:09,245 - WARNING - Output directory 'NPZ' does not exist: /path/to/your/output/npz
2025-03-09 17:28:09,246 - INFO - Output directory 'NPY' is set to: /caefs/data/IllustrisTNG/300/ICS
2025-03-09 17:28:09,246 - WARNING - Output directory 'LOGS' does not exist: /path/to/your/logs
2025-03-09 17:28:09,289 - INFO - Using GPU device 1.
2025-03-09 17:28:09,290 - INFO - Output directory 'TNG300_ICS' is set to: /caefs/data/IllustrisTNG/300/ICS
2025-03-09 17:28:09,291 - INFO - Output directory 'TNG300_snapshot99' is set to: /caefs/data/IllustrisTNG/snapshot-99-dm-npy/cache
2025-03-09 17:28:09,291 - WARNING - Output directory 'NPZ' does not exist: /path/to/your/output/npz
2025-03-09 17:28:09,292 - INFO - Output directory 'NPY' is set to: /caefs/data/IllustrisTNG/300/ICS
2025-03-09 17:28:09,292 - WARNING - Output directory 'LOGS' does not exist: /path/to/your/logs
2025-03-09 17:28:09,397 - INFO - Using GPU device 1.
2025-03-09 17:28:09,398 - INFO - Output directory 'TNG300_ICS' is set to: /caefs/data/IllustrisTNG/300/ICS
2025-03-09 17:28:09,399 - INFO - Output directory 'TNG300_snapshot99' is set to: /caefs/data/IllustrisTNG/snapshot-99-dm-npy/cache
2025-03-09 17:28:09,399 - WARNING - Output directory 'NPZ' does not exist: /path/to/your/output/npz
2025-03-09 17:28:09,400 - INFO - Output directory 'NPY' is set to: /caefs/data/IllustrisTNG/300/ICS
2025-03-09 17:28:09,400 - WARNING - Output directory 'LOGS' does not exist: /path/to/your/logs
2025-03-09 17:28:09,442 - INFO - Using GPU device 1.
2025-03-09 17:28:09,443 - INFO - Output directory 'TNG300_ICS' is set to: /caefs/data/IllustrisTNG/300/ICS
2025-03-09 17:28:09,444 - INFO - Output directory 'TNG300_snapshot99' is set to: /caefs/data/IllustrisTNG/snapshot-99-dm-npy/cache
2025-03-09 17:28:09,444 - WARNING - Output directory 'NPZ' does not exist: /path/to/your/output/npz
2025-03-09 17:28:09,445 - INFO - Output directory 'NPY' is set to: /caefs/data/IllustrisTNG/300/ICS
2025-03-09 17:28:09,445 - WARNING - Output directory 'LOGS' does not exist: /path/to/your/logs
2025-03-09 17:28:09,575 - INFO - Using GPU device 1.
2025-03-09 17:28:09,575 - INFO - Output directory 'TNG300_ICS' is set to: /caefs/data/IllustrisTNG/300/ICS
2025-03-09 17:28:09,576 - INFO - Output directory 'TNG300_snapshot99' is set to: /caefs/data/IllustrisTNG/snapshot-99-dm-npy/cache
2025-03-09 17:28:09,576 - WARNING - Output directory 'NPZ' does not exist: /path/to/your/output/npz
2025-03-09 17:28:09,577 - INFO - Output directory 'NPY' is set to: /caefs/data/IllustrisTNG/300/ICS
2025-03-09 17:28:09,577 - WARNING - Output directory 'LOGS' does not exist: /path/to/your/logs
2025-03-09 17:28:09,722 - INFO - Using GPU device 1.
2025-03-09 17:28:09,723 - INFO - Output directory 'TNG300_ICS' is set to: /caefs/data/IllustrisTNG/300/ICS
2025-03-09 17:28:09,723 - INFO - Output directory 'TNG300_snapshot99' is set to: /caefs/data/IllustrisTNG/snapshot-99-dm-npy/cache
2025-03-09 17:28:09,724 - WARNING - Output directory 'NPZ' does not exist: /path/to/your/output/npz
2025-03-09 17:28:09,724 - INFO - Output directory 'NPY' is set to: /caefs/data/IllustrisTNG/300/ICS
2025-03-09 17:28:09,724 - WARNING - Output directory 'LOGS' does not exist: /path/to/your/logs
2025-03-09 17:28:09,805 - INFO - Using GPU device 1.
2025-03-09 17:28:09,806 - INFO - Output directory 'TNG300_ICS' is set to: /caefs/data/IllustrisTNG/300/ICS
2025-03-09 17:28:09,807 - INFO - Output directory 'TNG300_snapshot99' is set to: /caefs/data/IllustrisTNG/snapshot-99-dm-npy/cache
2025-03-09 17:28:09,807 - WARNING - Output directory 'NPZ' does not exist: /path/to/your/output/npz
2025-03-09 17:28:09,807 - INFO - Output directory 'NPY' is set to: /caefs/data/IllustrisTNG/300/ICS
2025-03-09 17:28:09,807 - WARNING - Output directory 'LOGS' does not exist: /path/to/your/logs
2025-03-09 17:28:10,034 - INFO - Using GPU device 1.
2025-03-09 17:28:10,035 - INFO - Output directory 'TNG300_ICS' is set to: /caefs/data/IllustrisTNG/300/ICS
2025-03-09 17:28:10,035 - INFO - Output directory 'TNG300_snapshot99' is set to: /caefs/data/IllustrisTNG/snapshot-99-dm-npy/cache
2025-03-09 17:28:10,035 - WARNING - Output directory 'NPZ' does not exist: /path/to/your/output/npz
2025-03-09 17:28:10,035 - INFO - Output directory 'NPY' is set to: /caefs/data/IllustrisTNG/300/ICS
2025-03-09 17:28:10,035 - WARNING - Output directory 'LOGS' does not exist: /path/to/your/logs
2025-03-09 17:28:10,934 - INFO - Using GPU device 1.
2025-03-09 17:28:10,935 - INFO - Output directory 'TNG300_ICS' is set to: /caefs/data/IllustrisTNG/300/ICS
2025-03-09 17:28:10,935 - INFO - Output directory 'TNG300_snapshot99' is set to: /caefs/data/IllustrisTNG/snapshot-99-dm-npy/cache
2025-03-09 17:28:10,935 - WARNING - Output directory 'NPZ' does not exist: /path/to/your/output/npz
2025-03-09 17:28:10,935 - INFO - Output directory 'NPY' is set to: /caefs/data/IllustrisTNG/300/ICS
2025-03-09 17:28:10,935 - WARNING - Output directory 'LOGS' does not exist: /path/to/your/logs
2025-03-09 17:28:11,466 - INFO - Using GPU device 1.
2025-03-09 17:28:11,466 - INFO - Output directory 'TNG300_ICS' is set to: /caefs/data/IllustrisTNG/300/ICS
2025-03-09 17:28:11,467 - INFO - Output directory 'TNG300_snapshot99' is set to: /caefs/data/IllustrisTNG/snapshot-99-dm-npy/cache
2025-03-09 17:28:11,467 - WARNING - Output directory 'NPZ' does not exist: /path/to/your/output/npz
2025-03-09 17:28:11,467 - INFO - Output directory 'NPY' is set to: /caefs/data/IllustrisTNG/300/ICS
2025-03-09 17:28:11,467 - WARNING - Output directory 'LOGS' does not exist: /path/to/your/logs
2025-03-09 17:28:11,527 - INFO - Using GPU device 1.
2025-03-09 17:28:11,528 - INFO - Output directory 'TNG300_ICS' is set to: /caefs/data/IllustrisTNG/300/ICS
2025-03-09 17:28:11,528 - INFO - Output directory 'TNG300_snapshot99' is set to: /caefs/data/IllustrisTNG/snapshot-99-dm-npy/cache
2025-03-09 17:28:11,528 - WARNING - Output directory 'NPZ' does not exist: /path/to/your/output/npz
2025-03-09 17:28:11,528 - INFO - Output directory 'NPY' is set to: /caefs/data/IllustrisTNG/300/ICS
2025-03-09 17:28:11,528 - WARNING - Output directory 'LOGS' does not exist: /path/to/your/logs
2025-03-09 17:28:12,271 - INFO - Using GPU device 1.
2025-03-09 17:28:12,271 - INFO - Output directory 'TNG300_ICS' is set to: /caefs/data/IllustrisTNG/300/ICS
2025-03-09 17:28:12,271 - INFO - Output directory 'TNG300_snapshot99' is set to: /caefs/data/IllustrisTNG/snapshot-99-dm-npy/cache
2025-03-09 17:28:12,271 - WARNING - Output directory 'NPZ' does not exist: /path/to/your/output/npz
2025-03-09 17:28:12,272 - INFO - Output directory 'NPY' is set to: /caefs/data/IllustrisTNG/300/ICS
2025-03-09 17:28:12,272 - WARNING - Output directory 'LOGS' does not exist: /path/to/your/logs
2025-03-09 17:28:12,459 - INFO - Using GPU device 1.
2025-03-09 17:28:12,460 - INFO - Output directory 'TNG300_ICS' is set to: /caefs/data/IllustrisTNG/300/ICS
2025-03-09 17:28:12,460 - INFO - Output directory 'TNG300_snapshot99' is set to: /caefs/data/IllustrisTNG/snapshot-99-dm-npy/cache
2025-03-09 17:28:12,460 - WARNING - Output directory 'NPZ' does not exist: /path/to/your/output/npz
2025-03-09 17:28:12,461 - INFO - Output directory 'NPY' is set to: /caefs/data/IllustrisTNG/300/ICS
2025-03-09 17:28:12,461 - WARNING - Output directory 'LOGS' does not exist: /path/to/your/logs
2025-03-09 17:28:12,561 - INFO - Using GPU device 1.
2025-03-09 17:28:12,561 - INFO - Output directory 'TNG300_ICS' is set to: /caefs/data/IllustrisTNG/300/ICS
2025-03-09 17:28:12,561 - INFO - Output directory 'TNG300_snapshot99' is set to: /caefs/data/IllustrisTNG/snapshot-99-dm-npy/cache
2025-03-09 17:28:12,561 - WARNING - Output directory 'NPZ' does not exist: /path/to/your/output/npz
2025-03-09 17:28:12,561 - INFO - Output directory 'NPY' is set to: /caefs/data/IllustrisTNG/300/ICS
2025-03-09 17:28:12,561 - WARNING - Output directory 'LOGS' does not exist: /path/to/your/logs
2025-03-09 17:28:12,576 - INFO - Using GPU device 1.
2025-03-09 17:28:12,576 - INFO - Output directory 'TNG300_ICS' is set to: /caefs/data/IllustrisTNG/300/ICS
2025-03-09 17:28:12,576 - INFO - Output directory 'TNG300_snapshot99' is set to: /caefs/data/IllustrisTNG/snapshot-99-dm-npy/cache
2025-03-09 17:28:12,576 - WARNING - Output directory 'NPZ' does not exist: /path/to/your/output/npz
2025-03-09 17:28:12,577 - INFO - Output directory 'NPY' is set to: /caefs/data/IllustrisTNG/300/ICS
2025-03-09 17:28:12,577 - WARNING - Output directory 'LOGS' does not exist: /path/to/your/logs
2025-03-09 17:28:12,627 - INFO - Using GPU device 1.
2025-03-09 17:28:12,628 - INFO - Output directory 'TNG300_ICS' is set to: /caefs/data/IllustrisTNG/300/ICS
2025-03-09 17:28:12,628 - INFO - Output directory 'TNG300_snapshot99' is set to: /caefs/data/IllustrisTNG/snapshot-99-dm-npy/cache
2025-03-09 17:28:12,628 - WARNING - Output directory 'NPZ' does not exist: /path/to/your/output/npz
2025-03-09 17:28:12,628 - INFO - Output directory 'NPY' is set to: /caefs/data/IllustrisTNG/300/ICS
2025-03-09 17:28:12,628 - WARNING - Output directory 'LOGS' does not exist: /path/to/your/logs
2025-03-09 17:28:12,682 - INFO - Using GPU device 1.
2025-03-09 17:28:12,682 - INFO - Output directory 'TNG300_ICS' is set to: /caefs/data/IllustrisTNG/300/ICS
2025-03-09 17:28:12,682 - INFO - Output directory 'TNG300_snapshot99' is set to: /caefs/data/IllustrisTNG/snapshot-99-dm-npy/cache
2025-03-09 17:28:12,683 - WARNING - Output directory 'NPZ' does not exist: /path/to/your/output/npz
2025-03-09 17:28:12,683 - INFO - Output directory 'NPY' is set to: /caefs/data/IllustrisTNG/300/ICS
2025-03-09 17:28:12,683 - WARNING - Output directory 'LOGS' does not exist: /path/to/your/logs
2025-03-09 17:28:12,766 - INFO - Using GPU device 1.
2025-03-09 17:28:12,767 - INFO - Output directory 'TNG300_ICS' is set to: /caefs/data/IllustrisTNG/300/ICS
2025-03-09 17:28:12,767 - INFO - Output directory 'TNG300_snapshot99' is set to: /caefs/data/IllustrisTNG/snapshot-99-dm-npy/cache
2025-03-09 17:28:12,767 - WARNING - Output directory 'NPZ' does not exist: /path/to/your/output/npz
2025-03-09 17:28:12,767 - INFO - Output directory 'NPY' is set to: /caefs/data/IllustrisTNG/300/ICS
2025-03-09 17:28:12,767 - WARNING - Output directory 'LOGS' does not exist: /path/to/your/logs
2025-03-09 17:28:12,781 - INFO - Using GPU device 1.
2025-03-09 17:28:12,782 - INFO - Output directory 'TNG300_ICS' is set to: /caefs/data/IllustrisTNG/300/ICS
2025-03-09 17:28:12,782 - INFO - Output directory 'TNG300_snapshot99' is set to: /caefs/data/IllustrisTNG/snapshot-99-dm-npy/cache
2025-03-09 17:28:12,782 - WARNING - Output directory 'NPZ' does not exist: /path/to/your/output/npz
2025-03-09 17:28:12,782 - INFO - Output directory 'NPY' is set to: /caefs/data/IllustrisTNG/300/ICS
2025-03-09 17:28:12,782 - WARNING - Output directory 'LOGS' does not exist: /path/to/your/logs
2025-03-09 17:28:12,847 - INFO - Using GPU device 1.
2025-03-09 17:28:12,847 - INFO - Output directory 'TNG300_ICS' is set to: /caefs/data/IllustrisTNG/300/ICS
2025-03-09 17:28:12,847 - INFO - Output directory 'TNG300_snapshot99' is set to: /caefs/data/IllustrisTNG/snapshot-99-dm-npy/cache
2025-03-09 17:28:12,847 - WARNING - Output directory 'NPZ' does not exist: /path/to/your/output/npz
2025-03-09 17:28:12,848 - INFO - Output directory 'NPY' is set to: /caefs/data/IllustrisTNG/300/ICS
2025-03-09 17:28:12,848 - WARNING - Output directory 'LOGS' does not exist: /path/to/your/logs
2025-03-09 17:28:12,963 - INFO - Using GPU device 1.
2025-03-09 17:28:12,963 - INFO - Output directory 'TNG300_ICS' is set to: /caefs/data/IllustrisTNG/300/ICS
2025-03-09 17:28:12,964 - INFO - Output directory 'TNG300_snapshot99' is set to: /caefs/data/IllustrisTNG/snapshot-99-dm-npy/cache
2025-03-09 17:28:12,964 - WARNING - Output directory 'NPZ' does not exist: /path/to/your/output/npz
2025-03-09 17:28:12,964 - INFO - Output directory 'NPY' is set to: /caefs/data/IllustrisTNG/300/ICS
2025-03-09 17:28:12,964 - WARNING - Output directory 'LOGS' does not exist: /path/to/your/logs
2025-03-09 17:28:13,026 - INFO - Using GPU device 1.
2025-03-09 17:28:13,027 - INFO - Output directory 'TNG300_ICS' is set to: /caefs/data/IllustrisTNG/300/ICS
2025-03-09 17:28:13,027 - INFO - Output directory 'TNG300_snapshot99' is set to: /caefs/data/IllustrisTNG/snapshot-99-dm-npy/cache
2025-03-09 17:28:13,027 - WARNING - Output directory 'NPZ' does not exist: /path/to/your/output/npz
2025-03-09 17:28:13,027 - INFO - Output directory 'NPY' is set to: /caefs/data/IllustrisTNG/300/ICS
2025-03-09 17:28:13,027 - WARNING - Output directory 'LOGS' does not exist: /path/to/your/logs
2025-03-09 17:28:13,120 - INFO - Using GPU device 1.
2025-03-09 17:28:13,120 - INFO - Output directory 'TNG300_ICS' is set to: /caefs/data/IllustrisTNG/300/ICS
2025-03-09 17:28:13,120 - INFO - Output directory 'TNG300_snapshot99' is set to: /caefs/data/IllustrisTNG/snapshot-99-dm-npy/cache
2025-03-09 17:28:13,120 - WARNING - Output directory 'NPZ' does not exist: /path/to/your/output/npz
2025-03-09 17:28:13,121 - INFO - Output directory 'NPY' is set to: /caefs/data/IllustrisTNG/300/ICS
2025-03-09 17:28:13,121 - WARNING - Output directory 'LOGS' does not exist: /path/to/your/logs
2025-03-09 17:28:13,128 - INFO - Using GPU device 1.
2025-03-09 17:28:13,128 - INFO - Output directory 'TNG300_ICS' is set to: /caefs/data/IllustrisTNG/300/ICS
2025-03-09 17:28:13,128 - INFO - Output directory 'TNG300_snapshot99' is set to: /caefs/data/IllustrisTNG/snapshot-99-dm-npy/cache
2025-03-09 17:28:13,129 - WARNING - Output directory 'NPZ' does not exist: /path/to/your/output/npz
2025-03-09 17:28:13,129 - INFO - Output directory 'NPY' is set to: /caefs/data/IllustrisTNG/300/ICS
2025-03-09 17:28:13,129 - WARNING - Output directory 'LOGS' does not exist: /path/to/your/logs
2025-03-09 17:28:13,275 - INFO - Using GPU device 1.
2025-03-09 17:28:13,275 - INFO - Output directory 'TNG300_ICS' is set to: /caefs/data/IllustrisTNG/300/ICS
2025-03-09 17:28:13,276 - INFO - Output directory 'TNG300_snapshot99' is set to: /caefs/data/IllustrisTNG/snapshot-99-dm-npy/cache
2025-03-09 17:28:13,276 - WARNING - Output directory 'NPZ' does not exist: /path/to/your/output/npz
2025-03-09 17:28:13,276 - INFO - Output directory 'NPY' is set to: /caefs/data/IllustrisTNG/300/ICS
2025-03-09 17:28:13,276 - WARNING - Output directory 'LOGS' does not exist: /path/to/your/logs
2025-03-09 17:28:13,284 - INFO - Using GPU device 1.
2025-03-09 17:28:13,284 - INFO - Output directory 'TNG300_ICS' is set to: /caefs/data/IllustrisTNG/300/ICS
2025-03-09 17:28:13,285 - INFO - Output directory 'TNG300_snapshot99' is set to: /caefs/data/IllustrisTNG/snapshot-99-dm-npy/cache
2025-03-09 17:28:13,285 - WARNING - Output directory 'NPZ' does not exist: /path/to/your/output/npz
2025-03-09 17:28:13,285 - INFO - Output directory 'NPY' is set to: /caefs/data/IllustrisTNG/300/ICS
2025-03-09 17:28:13,285 - WARNING - Output directory 'LOGS' does not exist: /path/to/your/logs
2025-03-09 17:28:13,296 - INFO - Using GPU device 1.
2025-03-09 17:28:13,296 - INFO - Output directory 'TNG300_ICS' is set to: /caefs/data/IllustrisTNG/300/ICS
2025-03-09 17:28:13,296 - INFO - Output directory 'TNG300_snapshot99' is set to: /caefs/data/IllustrisTNG/snapshot-99-dm-npy/cache
2025-03-09 17:28:13,296 - WARNING - Output directory 'NPZ' does not exist: /path/to/your/output/npz
2025-03-09 17:28:13,297 - INFO - Output directory 'NPY' is set to: /caefs/data/IllustrisTNG/300/ICS
2025-03-09 17:28:13,297 - WARNING - Output directory 'LOGS' does not exist: /path/to/your/logs
2025-03-09 17:28:13,331 - INFO - Using GPU device 1.
2025-03-09 17:28:13,332 - INFO - Output directory 'TNG300_ICS' is set to: /caefs/data/IllustrisTNG/300/ICS
2025-03-09 17:28:13,332 - INFO - Output directory 'TNG300_snapshot99' is set to: /caefs/data/IllustrisTNG/snapshot-99-dm-npy/cache
2025-03-09 17:28:13,332 - WARNING - Output directory 'NPZ' does not exist: /path/to/your/output/npz
2025-03-09 17:28:13,332 - INFO - Output directory 'NPY' is set to: /caefs/data/IllustrisTNG/300/ICS
2025-03-09 17:28:13,332 - WARNING - Output directory 'LOGS' does not exist: /path/to/your/logs
2025-03-09 17:28:13,523 - INFO - Using GPU device 1.
2025-03-09 17:28:13,524 - INFO - Output directory 'TNG300_ICS' is set to: /caefs/data/IllustrisTNG/300/ICS
2025-03-09 17:28:13,524 - INFO - Output directory 'TNG300_snapshot99' is set to: /caefs/data/IllustrisTNG/snapshot-99-dm-npy/cache
2025-03-09 17:28:13,524 - WARNING - Output directory 'NPZ' does not exist: /path/to/your/output/npz
2025-03-09 17:28:13,524 - INFO - Output directory 'NPY' is set to: /caefs/data/IllustrisTNG/300/ICS
2025-03-09 17:28:13,524 - WARNING - Output directory 'LOGS' does not exist: /path/to/your/logs
2025-03-09 17:28:13,558 - INFO - Using GPU device 1.
2025-03-09 17:28:13,558 - INFO - Output directory 'TNG300_ICS' is set to: /caefs/data/IllustrisTNG/300/ICS
2025-03-09 17:28:13,558 - INFO - Output directory 'TNG300_snapshot99' is set to: /caefs/data/IllustrisTNG/snapshot-99-dm-npy/cache
2025-03-09 17:28:13,558 - WARNING - Output directory 'NPZ' does not exist: /path/to/your/output/npz
2025-03-09 17:28:13,559 - INFO - Output directory 'NPY' is set to: /caefs/data/IllustrisTNG/300/ICS
2025-03-09 17:28:13,559 - WARNING - Output directory 'LOGS' does not exist: /path/to/your/logs
2025-03-09 17:28:13,752 - INFO - Using GPU device 1.
2025-03-09 17:28:13,753 - INFO - Output directory 'TNG300_ICS' is set to: /caefs/data/IllustrisTNG/300/ICS
2025-03-09 17:28:13,753 - INFO - Output directory 'TNG300_snapshot99' is set to: /caefs/data/IllustrisTNG/snapshot-99-dm-npy/cache
2025-03-09 17:28:13,753 - WARNING - Output directory 'NPZ' does not exist: /path/to/your/output/npz
2025-03-09 17:28:13,754 - INFO - Output directory 'NPY' is set to: /caefs/data/IllustrisTNG/300/ICS
2025-03-09 17:28:13,754 - WARNING - Output directory 'LOGS' does not exist: /path/to/your/logs
2025-03-09 17:28:13,800 - INFO - Using GPU device 1.
2025-03-09 17:28:13,801 - INFO - Output directory 'TNG300_ICS' is set to: /caefs/data/IllustrisTNG/300/ICS
2025-03-09 17:28:13,801 - INFO - Output directory 'TNG300_snapshot99' is set to: /caefs/data/IllustrisTNG/snapshot-99-dm-npy/cache
2025-03-09 17:28:13,801 - WARNING - Output directory 'NPZ' does not exist: /path/to/your/output/npz
2025-03-09 17:28:13,801 - INFO - Output directory 'NPY' is set to: /caefs/data/IllustrisTNG/300/ICS
2025-03-09 17:28:13,801 - WARNING - Output directory 'LOGS' does not exist: /path/to/your/logs
2025-03-09 17:28:13,970 - INFO - Using GPU device 1.
2025-03-09 17:28:13,971 - INFO - Output directory 'TNG300_ICS' is set to: /caefs/data/IllustrisTNG/300/ICS
2025-03-09 17:28:13,971 - INFO - Output directory 'TNG300_snapshot99' is set to: /caefs/data/IllustrisTNG/snapshot-99-dm-npy/cache
2025-03-09 17:28:13,971 - WARNING - Output directory 'NPZ' does not exist: /path/to/your/output/npz
2025-03-09 17:28:13,971 - INFO - Output directory 'NPY' is set to: /caefs/data/IllustrisTNG/300/ICS
2025-03-09 17:28:13,971 - WARNING - Output directory 'LOGS' does not exist: /path/to/your/logs
2025-03-09 17:28:14,047 - INFO - Using GPU device 1.
2025-03-09 17:28:14,048 - INFO - Output directory 'TNG300_ICS' is set to: /caefs/data/IllustrisTNG/300/ICS
2025-03-09 17:28:14,048 - INFO - Output directory 'TNG300_snapshot99' is set to: /caefs/data/IllustrisTNG/snapshot-99-dm-npy/cache
2025-03-09 17:28:14,048 - WARNING - Output directory 'NPZ' does not exist: /path/to/your/output/npz
2025-03-09 17:28:14,048 - INFO - Output directory 'NPY' is set to: /caefs/data/IllustrisTNG/300/ICS
2025-03-09 17:28:14,048 - WARNING - Output directory 'LOGS' does not exist: /path/to/your/logs
2025-03-09 17:28:14,068 - INFO - Using GPU device 1.
2025-03-09 17:28:14,068 - INFO - Output directory 'TNG300_ICS' is set to: /caefs/data/IllustrisTNG/300/ICS
2025-03-09 17:28:14,069 - INFO - Output directory 'TNG300_snapshot99' is set to: /caefs/data/IllustrisTNG/snapshot-99-dm-npy/cache
2025-03-09 17:28:14,069 - WARNING - Output directory 'NPZ' does not exist: /path/to/your/output/npz
2025-03-09 17:28:14,069 - INFO - Output directory 'NPY' is set to: /caefs/data/IllustrisTNG/300/ICS
2025-03-09 17:28:14,069 - WARNING - Output directory 'LOGS' does not exist: /path/to/your/logs
2025-03-09 17:28:14,089 - INFO - Using GPU device 1.
2025-03-09 17:28:14,089 - INFO - Output directory 'TNG300_ICS' is set to: /caefs/data/IllustrisTNG/300/ICS
2025-03-09 17:28:14,090 - INFO - Output directory 'TNG300_snapshot99' is set to: /caefs/data/IllustrisTNG/snapshot-99-dm-npy/cache
2025-03-09 17:28:14,090 - WARNING - Output directory 'NPZ' does not exist: /path/to/your/output/npz
2025-03-09 17:28:14,090 - INFO - Output directory 'NPY' is set to: /caefs/data/IllustrisTNG/300/ICS
2025-03-09 17:28:14,090 - WARNING - Output directory 'LOGS' does not exist: /path/to/your/logs
2025-03-09 17:28:14,227 - INFO - Using GPU device 1.
2025-03-09 17:28:14,227 - INFO - Output directory 'TNG300_ICS' is set to: /caefs/data/IllustrisTNG/300/ICS
2025-03-09 17:28:14,227 - INFO - Output directory 'TNG300_snapshot99' is set to: /caefs/data/IllustrisTNG/snapshot-99-dm-npy/cache
2025-03-09 17:28:14,228 - WARNING - Output directory 'NPZ' does not exist: /path/to/your/output/npz
2025-03-09 17:28:14,228 - INFO - Output directory 'NPY' is set to: /caefs/data/IllustrisTNG/300/ICS
2025-03-09 17:28:14,228 - WARNING - Output directory 'LOGS' does not exist: /path/to/your/logs
2025-03-09 17:28:14,478 - INFO - Using GPU device 1.
2025-03-09 17:28:14,479 - INFO - Output directory 'TNG300_ICS' is set to: /caefs/data/IllustrisTNG/300/ICS
2025-03-09 17:28:14,479 - INFO - Output directory 'TNG300_snapshot99' is set to: /caefs/data/IllustrisTNG/snapshot-99-dm-npy/cache
2025-03-09 17:28:14,479 - WARNING - Output directory 'NPZ' does not exist: /path/to/your/output/npz
2025-03-09 17:28:14,479 - INFO - Output directory 'NPY' is set to: /caefs/data/IllustrisTNG/300/ICS
2025-03-09 17:28:14,479 - WARNING - Output directory 'LOGS' does not exist: /path/to/your/logs
2025-03-09 17:28:14,493 - INFO - Using GPU device 1.
2025-03-09 17:28:14,493 - INFO - Output directory 'TNG300_ICS' is set to: /caefs/data/IllustrisTNG/300/ICS
2025-03-09 17:28:14,493 - INFO - Output directory 'TNG300_snapshot99' is set to: /caefs/data/IllustrisTNG/snapshot-99-dm-npy/cache
2025-03-09 17:28:14,493 - WARNING - Output directory 'NPZ' does not exist: /path/to/your/output/npz
2025-03-09 17:28:14,494 - INFO - Output directory 'NPY' is set to: /caefs/data/IllustrisTNG/300/ICS
2025-03-09 17:28:14,494 - WARNING - Output directory 'LOGS' does not exist: /path/to/your/logs
2025-03-09 17:40:06,171 - ERROR - Unexpected error while loading /caefs/data/IllustrisTNG/snapshot-99-dm-npy/cache/snapshot-99.467.npy: Unable to allocate 437. MiB for an array with shape (19081153, 3) and data type float64
