2025-03-10 14:56:21,451 - DEBUG - Using GPU device 1.
2025-03-10 14:56:21,453 - DEBUG - Output directory 'TNG300_ICS' is set to: /caefs/data/IllustrisTNG/300/ICS
2025-03-10 14:56:21,454 - DEBUG - Output directory 'TNG300_snapshot99' is set to: /caefs/data/IllustrisTNG/snapshot-99-dm-npy/cache
2025-03-10 14:56:21,454 - WARNING - Output directory 'NPZ' does not exist: /path/to/your/output/npz
2025-03-10 14:56:21,454 - DEBUG - Output directory 'NPY' is set to: /caefs/data/IllustrisTNG/300/ICS
2025-03-10 14:56:21,454 - WARNING - Output directory 'LOGS' does not exist: /path/to/your/logs
2025-03-10 14:56:21,483 - DEBUG - Using GPU device 1.
2025-03-10 14:56:21,484 - DEBUG - Output directory 'TNG300_ICS' is set to: /caefs/data/IllustrisTNG/300/ICS
2025-03-10 14:56:21,485 - DEBUG - Output directory 'TNG300_snapshot99' is set to: /caefs/data/IllustrisTNG/snapshot-99-dm-npy/cache
2025-03-10 14:56:21,485 - WARNING - Output directory 'NPZ' does not exist: /path/to/your/output/npz
2025-03-10 14:56:21,485 - DEBUG - Output directory 'NPY' is set to: /caefs/data/IllustrisTNG/300/ICS
2025-03-10 14:56:21,486 - WARNING - Output directory 'LOGS' does not exist: /path/to/your/logs
2025-03-10 14:56:21,655 - DEBUG - Using GPU device 1.
2025-03-10 14:56:21,656 - DEBUG - Output directory 'TNG300_ICS' is set to: /caefs/data/IllustrisTNG/300/ICS
2025-03-10 14:56:21,657 - DEBUG - Output directory 'TNG300_snapshot99' is set to: /caefs/data/IllustrisTNG/snapshot-99-dm-npy/cache
2025-03-10 14:56:21,657 - WARNING - Output directory 'NPZ' does not exist: /path/to/your/output/npz
2025-03-10 14:56:21,658 - DEBUG - Output directory 'NPY' is set to: /caefs/data/IllustrisTNG/300/ICS
2025-03-10 14:56:21,658 - WARNING - Output directory 'LOGS' does not exist: /path/to/your/logs
2025-03-10 14:56:21,703 - DEBUG - Using GPU device 1.
2025-03-10 14:56:21,704 - DEBUG - Output directory 'TNG300_ICS' is set to: /caefs/data/IllustrisTNG/300/ICS
2025-03-10 14:56:21,705 - DEBUG - Output directory 'TNG300_snapshot99' is set to: /caefs/data/IllustrisTNG/snapshot-99-dm-npy/cache
2025-03-10 14:56:21,705 - WARNING - Output directory 'NPZ' does not exist: /path/to/your/output/npz
2025-03-10 14:56:21,706 - DEBUG - Output directory 'NPY' is set to: /caefs/data/IllustrisTNG/300/ICS
2025-03-10 14:56:21,706 - WARNING - Output directory 'LOGS' does not exist: /path/to/your/logs
2025-03-10 14:56:21,718 - DEBUG - Using GPU device 1.
2025-03-10 14:56:21,719 - DEBUG - Output directory 'TNG300_ICS' is set to: /caefs/data/IllustrisTNG/300/ICS
2025-03-10 14:56:21,719 - DEBUG - Output directory 'TNG300_snapshot99' is set to: /caefs/data/IllustrisTNG/snapshot-99-dm-npy/cache
2025-03-10 14:56:21,719 - WARNING - Output directory 'NPZ' does not exist: /path/to/your/output/npz
2025-03-10 14:56:21,720 - DEBUG - Output directory 'NPY' is set to: /caefs/data/IllustrisTNG/300/ICS
2025-03-10 14:56:21,720 - WARNING - Output directory 'LOGS' does not exist: /path/to/your/logs
2025-03-10 14:56:21,726 - DEBUG - Using GPU device 1.
2025-03-10 14:56:21,727 - DEBUG - Output directory 'TNG300_ICS' is set to: /caefs/data/IllustrisTNG/300/ICS
2025-03-10 14:56:21,728 - DEBUG - Output directory 'TNG300_snapshot99' is set to: /caefs/data/IllustrisTNG/snapshot-99-dm-npy/cache
2025-03-10 14:56:21,728 - WARNING - Output directory 'NPZ' does not exist: /path/to/your/output/npz
2025-03-10 14:56:21,729 - DEBUG - Output directory 'NPY' is set to: /caefs/data/IllustrisTNG/300/ICS
2025-03-10 14:56:21,729 - WARNING - Output directory 'LOGS' does not exist: /path/to/your/logs
