2025-03-09 17:45:17,126 - INFO - Using GPU device 1.
2025-03-09 17:45:17,128 - INFO - Output directory 'TNG300_ICS' is set to: /caefs/data/IllustrisTNG/300/ICS
2025-03-09 17:45:17,128 - INFO - Output directory 'TNG300_snapshot99' is set to: /caefs/data/IllustrisTNG/snapshot-99-dm-npy/cache
2025-03-09 17:45:17,128 - WARNING - Output directory 'NPZ' does not exist: /path/to/your/output/npz
2025-03-09 17:45:17,128 - INFO - Output directory 'NPY' is set to: /caefs/data/IllustrisTNG/300/ICS
2025-03-09 17:45:17,128 - WARNING - Output directory 'LOGS' does not exist: /path/to/your/logs
2025-03-09 17:45:18,221 - INFO - Input directory (npy): /caefs/data/IllustrisTNG/snapshot-99-dm-npy/cache
2025-03-09 17:45:18,221 - INFO - Output directory: /caefs/user/mmingyeong/structura/Structura/src/results
2025-03-09 17:45:18,224 - DEBUG - Detected 598 .npy file(s) in the input directory.
2025-03-09 17:45:18,224 - DEBUG - Example file: snapshot-99.370.npy
2025-03-09 17:45:18,224 - DEBUG - Filtering range set to: 100.00 - 110.00 cMpc/h (Center: 105.00 cMpc/h, Thickness: 10.00 cMpc/h)
2025-03-09 17:45:18,224 - INFO - Loading data...
2025-03-09 17:45:32,866 - INFO - Using Dask distributed client with 60 workers.
2025-03-09 18:03:55,902 - ERROR - Error in a Dask task: Unable to allocate 437. MiB for an array with shape (457947672,) and data type uint8
2025-03-09 18:03:57,776 - INFO - Time elapsed for loading all data chunks: 1119.55 seconds
2025-03-09 18:04:38,929 - INFO - Combined data shape: (678030414, 3)
2025-03-09 18:04:40,433 - INFO - Selected GPU 4 with free memory 84732674048 bytes.
2025-03-09 18:04:45,179 - DEBUG - Loaded data shape: (678030414, 3)
2025-03-09 18:04:45,181 - INFO - Data loaded successfully.
2025-03-09 18:04:45,181 - INFO - Total execution time: 00:19:26 (1166.96 seconds)
2025-03-09 18:04:45,184 - INFO - Plot generated successfully.
