2025-03-09 16:10:05,621 - INFO - Using GPU device 1.
2025-03-09 16:10:05,623 - INFO - Output directory 'TNG300_ICS' is set to: /caefs/data/IllustrisTNG/300/ICS
2025-03-09 16:10:05,624 - INFO - Output directory 'TNG300_snapshot99' is set to: /caefs/data/IllustrisTNG/snapshot-99-dm-npy/cache
2025-03-09 16:10:05,624 - WARNING - Output directory 'NPZ' does not exist: /path/to/your/output/npz
2025-03-09 16:10:05,625 - INFO - Output directory 'NPY' is set to: /caefs/data/IllustrisTNG/300/ICS
2025-03-09 16:10:05,625 - WARNING - Output directory 'LOGS' does not exist: /path/to/your/logs
2025-03-09 16:10:05,799 - INFO - Using GPU device 1.
2025-03-09 16:10:05,800 - INFO - Output directory 'TNG300_ICS' is set to: /caefs/data/IllustrisTNG/300/ICS
2025-03-09 16:10:05,801 - INFO - Output directory 'TNG300_snapshot99' is set to: /caefs/data/IllustrisTNG/snapshot-99-dm-npy/cache
2025-03-09 16:10:05,801 - WARNING - Output directory 'NPZ' does not exist: /path/to/your/output/npz
2025-03-09 16:10:05,802 - INFO - Output directory 'NPY' is set to: /caefs/data/IllustrisTNG/300/ICS
2025-03-09 16:10:05,802 - WARNING - Output directory 'LOGS' does not exist: /path/to/your/logs
2025-03-09 16:10:06,286 - INFO - Using GPU device 1.
2025-03-09 16:10:06,287 - INFO - Output directory 'TNG300_ICS' is set to: /caefs/data/IllustrisTNG/300/ICS
2025-03-09 16:10:06,287 - INFO - Output directory 'TNG300_snapshot99' is set to: /caefs/data/IllustrisTNG/snapshot-99-dm-npy/cache
2025-03-09 16:10:06,287 - WARNING - Output directory 'NPZ' does not exist: /path/to/your/output/npz
2025-03-09 16:10:06,288 - INFO - Output directory 'NPY' is set to: /caefs/data/IllustrisTNG/300/ICS
2025-03-09 16:10:06,288 - WARNING - Output directory 'LOGS' does not exist: /path/to/your/logs
2025-03-09 16:10:06,322 - INFO - Using GPU device 1.
2025-03-09 16:10:06,323 - INFO - Output directory 'TNG300_ICS' is set to: /caefs/data/IllustrisTNG/300/ICS
2025-03-09 16:10:06,324 - INFO - Output directory 'TNG300_snapshot99' is set to: /caefs/data/IllustrisTNG/snapshot-99-dm-npy/cache
2025-03-09 16:10:06,324 - WARNING - Output directory 'NPZ' does not exist: /path/to/your/output/npz
2025-03-09 16:10:06,325 - INFO - Output directory 'NPY' is set to: /caefs/data/IllustrisTNG/300/ICS
2025-03-09 16:10:06,325 - WARNING - Output directory 'LOGS' does not exist: /path/to/your/logs
2025-03-09 16:10:07,083 - INFO - Using GPU device 1.
2025-03-09 16:10:07,084 - INFO - Output directory 'TNG300_ICS' is set to: /caefs/data/IllustrisTNG/300/ICS
2025-03-09 16:10:07,084 - INFO - Output directory 'TNG300_snapshot99' is set to: /caefs/data/IllustrisTNG/snapshot-99-dm-npy/cache
2025-03-09 16:10:07,084 - WARNING - Output directory 'NPZ' does not exist: /path/to/your/output/npz
2025-03-09 16:10:07,085 - INFO - Output directory 'NPY' is set to: /caefs/data/IllustrisTNG/300/ICS
2025-03-09 16:10:07,085 - WARNING - Output directory 'LOGS' does not exist: /path/to/your/logs
2025-03-09 16:10:07,475 - INFO - Using GPU device 1.
2025-03-09 16:10:07,475 - INFO - Output directory 'TNG300_ICS' is set to: /caefs/data/IllustrisTNG/300/ICS
2025-03-09 16:10:07,475 - INFO - Output directory 'TNG300_snapshot99' is set to: /caefs/data/IllustrisTNG/snapshot-99-dm-npy/cache
2025-03-09 16:10:07,476 - WARNING - Output directory 'NPZ' does not exist: /path/to/your/output/npz
2025-03-09 16:10:07,476 - INFO - Output directory 'NPY' is set to: /caefs/data/IllustrisTNG/300/ICS
2025-03-09 16:10:07,476 - WARNING - Output directory 'LOGS' does not exist: /path/to/your/logs
2025-03-09 16:10:07,910 - INFO - Using GPU device 1.
2025-03-09 16:10:07,910 - INFO - Output directory 'TNG300_ICS' is set to: /caefs/data/IllustrisTNG/300/ICS
2025-03-09 16:10:07,910 - INFO - Output directory 'TNG300_snapshot99' is set to: /caefs/data/IllustrisTNG/snapshot-99-dm-npy/cache
2025-03-09 16:10:07,910 - WARNING - Output directory 'NPZ' does not exist: /path/to/your/output/npz
2025-03-09 16:10:07,910 - INFO - Output directory 'NPY' is set to: /caefs/data/IllustrisTNG/300/ICS
2025-03-09 16:10:07,910 - WARNING - Output directory 'LOGS' does not exist: /path/to/your/logs
2025-03-09 16:10:08,049 - INFO - Using GPU device 1.
2025-03-09 16:10:08,049 - INFO - Output directory 'TNG300_ICS' is set to: /caefs/data/IllustrisTNG/300/ICS
2025-03-09 16:10:08,049 - INFO - Output directory 'TNG300_snapshot99' is set to: /caefs/data/IllustrisTNG/snapshot-99-dm-npy/cache
2025-03-09 16:10:08,050 - WARNING - Output directory 'NPZ' does not exist: /path/to/your/output/npz
2025-03-09 16:10:08,050 - INFO - Output directory 'NPY' is set to: /caefs/data/IllustrisTNG/300/ICS
2025-03-09 16:10:08,050 - WARNING - Output directory 'LOGS' does not exist: /path/to/your/logs
2025-03-09 16:10:08,504 - INFO - Using GPU device 1.
2025-03-09 16:10:08,504 - INFO - Output directory 'TNG300_ICS' is set to: /caefs/data/IllustrisTNG/300/ICS
2025-03-09 16:10:08,505 - INFO - Output directory 'TNG300_snapshot99' is set to: /caefs/data/IllustrisTNG/snapshot-99-dm-npy/cache
2025-03-09 16:10:08,505 - WARNING - Output directory 'NPZ' does not exist: /path/to/your/output/npz
2025-03-09 16:10:08,505 - INFO - Output directory 'NPY' is set to: /caefs/data/IllustrisTNG/300/ICS
2025-03-09 16:10:08,505 - WARNING - Output directory 'LOGS' does not exist: /path/to/your/logs
2025-03-09 16:10:08,779 - INFO - Using GPU device 1.
2025-03-09 16:10:08,779 - INFO - Output directory 'TNG300_ICS' is set to: /caefs/data/IllustrisTNG/300/ICS
2025-03-09 16:10:08,779 - INFO - Output directory 'TNG300_snapshot99' is set to: /caefs/data/IllustrisTNG/snapshot-99-dm-npy/cache
2025-03-09 16:10:08,780 - WARNING - Output directory 'NPZ' does not exist: /path/to/your/output/npz
2025-03-09 16:10:08,780 - INFO - Output directory 'NPY' is set to: /caefs/data/IllustrisTNG/300/ICS
2025-03-09 16:10:08,780 - WARNING - Output directory 'LOGS' does not exist: /path/to/your/logs
2025-03-09 16:10:09,411 - INFO - Using GPU device 1.
2025-03-09 16:10:09,411 - INFO - Output directory 'TNG300_ICS' is set to: /caefs/data/IllustrisTNG/300/ICS
2025-03-09 16:10:09,412 - INFO - Output directory 'TNG300_snapshot99' is set to: /caefs/data/IllustrisTNG/snapshot-99-dm-npy/cache
2025-03-09 16:10:09,412 - WARNING - Output directory 'NPZ' does not exist: /path/to/your/output/npz
2025-03-09 16:10:09,412 - INFO - Output directory 'NPY' is set to: /caefs/data/IllustrisTNG/300/ICS
2025-03-09 16:10:09,412 - WARNING - Output directory 'LOGS' does not exist: /path/to/your/logs
2025-03-09 16:10:09,470 - INFO - Using GPU device 1.
2025-03-09 16:10:09,470 - INFO - Output directory 'TNG300_ICS' is set to: /caefs/data/IllustrisTNG/300/ICS
2025-03-09 16:10:09,471 - INFO - Output directory 'TNG300_snapshot99' is set to: /caefs/data/IllustrisTNG/snapshot-99-dm-npy/cache
2025-03-09 16:10:09,471 - WARNING - Output directory 'NPZ' does not exist: /path/to/your/output/npz
2025-03-09 16:10:09,471 - INFO - Output directory 'NPY' is set to: /caefs/data/IllustrisTNG/300/ICS
2025-03-09 16:10:09,471 - WARNING - Output directory 'LOGS' does not exist: /path/to/your/logs
2025-03-09 16:10:09,530 - INFO - Using GPU device 1.
2025-03-09 16:10:09,531 - INFO - Output directory 'TNG300_ICS' is set to: /caefs/data/IllustrisTNG/300/ICS
2025-03-09 16:10:09,531 - INFO - Output directory 'TNG300_snapshot99' is set to: /caefs/data/IllustrisTNG/snapshot-99-dm-npy/cache
2025-03-09 16:10:09,531 - WARNING - Output directory 'NPZ' does not exist: /path/to/your/output/npz
2025-03-09 16:10:09,531 - INFO - Output directory 'NPY' is set to: /caefs/data/IllustrisTNG/300/ICS
2025-03-09 16:10:09,531 - WARNING - Output directory 'LOGS' does not exist: /path/to/your/logs
2025-03-09 16:10:09,596 - INFO - Using GPU device 1.
2025-03-09 16:10:09,597 - INFO - Output directory 'TNG300_ICS' is set to: /caefs/data/IllustrisTNG/300/ICS
2025-03-09 16:10:09,597 - INFO - Output directory 'TNG300_snapshot99' is set to: /caefs/data/IllustrisTNG/snapshot-99-dm-npy/cache
2025-03-09 16:10:09,597 - WARNING - Output directory 'NPZ' does not exist: /path/to/your/output/npz
2025-03-09 16:10:09,597 - INFO - Output directory 'NPY' is set to: /caefs/data/IllustrisTNG/300/ICS
2025-03-09 16:10:09,597 - WARNING - Output directory 'LOGS' does not exist: /path/to/your/logs
2025-03-09 16:10:09,682 - INFO - Using GPU device 1.
2025-03-09 16:10:09,682 - INFO - Output directory 'TNG300_ICS' is set to: /caefs/data/IllustrisTNG/300/ICS
2025-03-09 16:10:09,682 - INFO - Output directory 'TNG300_snapshot99' is set to: /caefs/data/IllustrisTNG/snapshot-99-dm-npy/cache
2025-03-09 16:10:09,683 - WARNING - Output directory 'NPZ' does not exist: /path/to/your/output/npz
2025-03-09 16:10:09,683 - INFO - Output directory 'NPY' is set to: /caefs/data/IllustrisTNG/300/ICS
2025-03-09 16:10:09,683 - WARNING - Output directory 'LOGS' does not exist: /path/to/your/logs
2025-03-09 16:10:09,758 - INFO - Using GPU device 1.
2025-03-09 16:10:09,758 - INFO - Output directory 'TNG300_ICS' is set to: /caefs/data/IllustrisTNG/300/ICS
2025-03-09 16:10:09,758 - INFO - Output directory 'TNG300_snapshot99' is set to: /caefs/data/IllustrisTNG/snapshot-99-dm-npy/cache
2025-03-09 16:10:09,759 - WARNING - Output directory 'NPZ' does not exist: /path/to/your/output/npz
2025-03-09 16:10:09,759 - INFO - Output directory 'NPY' is set to: /caefs/data/IllustrisTNG/300/ICS
2025-03-09 16:10:09,759 - WARNING - Output directory 'LOGS' does not exist: /path/to/your/logs
2025-03-09 16:10:09,800 - INFO - Using GPU device 1.
2025-03-09 16:10:09,801 - INFO - Output directory 'TNG300_ICS' is set to: /caefs/data/IllustrisTNG/300/ICS
2025-03-09 16:10:09,801 - INFO - Output directory 'TNG300_snapshot99' is set to: /caefs/data/IllustrisTNG/snapshot-99-dm-npy/cache
2025-03-09 16:10:09,801 - WARNING - Output directory 'NPZ' does not exist: /path/to/your/output/npz
2025-03-09 16:10:09,801 - INFO - Output directory 'NPY' is set to: /caefs/data/IllustrisTNG/300/ICS
2025-03-09 16:10:09,801 - WARNING - Output directory 'LOGS' does not exist: /path/to/your/logs
2025-03-09 16:10:09,934 - INFO - Using GPU device 1.
2025-03-09 16:10:09,934 - INFO - Output directory 'TNG300_ICS' is set to: /caefs/data/IllustrisTNG/300/ICS
2025-03-09 16:10:09,935 - INFO - Output directory 'TNG300_snapshot99' is set to: /caefs/data/IllustrisTNG/snapshot-99-dm-npy/cache
2025-03-09 16:10:09,935 - WARNING - Output directory 'NPZ' does not exist: /path/to/your/output/npz
2025-03-09 16:10:09,935 - INFO - Output directory 'NPY' is set to: /caefs/data/IllustrisTNG/300/ICS
2025-03-09 16:10:09,935 - WARNING - Output directory 'LOGS' does not exist: /path/to/your/logs
2025-03-09 16:10:09,943 - INFO - Using GPU device 1.
2025-03-09 16:10:09,943 - INFO - Output directory 'TNG300_ICS' is set to: /caefs/data/IllustrisTNG/300/ICS
2025-03-09 16:10:09,943 - INFO - Output directory 'TNG300_snapshot99' is set to: /caefs/data/IllustrisTNG/snapshot-99-dm-npy/cache
2025-03-09 16:10:09,943 - WARNING - Output directory 'NPZ' does not exist: /path/to/your/output/npz
2025-03-09 16:10:09,944 - INFO - Output directory 'NPY' is set to: /caefs/data/IllustrisTNG/300/ICS
2025-03-09 16:10:09,944 - WARNING - Output directory 'LOGS' does not exist: /path/to/your/logs
2025-03-09 16:10:09,958 - INFO - Using GPU device 1.
2025-03-09 16:10:09,958 - INFO - Output directory 'TNG300_ICS' is set to: /caefs/data/IllustrisTNG/300/ICS
2025-03-09 16:10:09,958 - INFO - Output directory 'TNG300_snapshot99' is set to: /caefs/data/IllustrisTNG/snapshot-99-dm-npy/cache
2025-03-09 16:10:09,959 - WARNING - Output directory 'NPZ' does not exist: /path/to/your/output/npz
2025-03-09 16:10:09,959 - INFO - Output directory 'NPY' is set to: /caefs/data/IllustrisTNG/300/ICS
2025-03-09 16:10:09,959 - WARNING - Output directory 'LOGS' does not exist: /path/to/your/logs
2025-03-09 16:10:10,033 - INFO - Using GPU device 1.
2025-03-09 16:10:10,034 - INFO - Output directory 'TNG300_ICS' is set to: /caefs/data/IllustrisTNG/300/ICS
2025-03-09 16:10:10,034 - INFO - Output directory 'TNG300_snapshot99' is set to: /caefs/data/IllustrisTNG/snapshot-99-dm-npy/cache
2025-03-09 16:10:10,034 - WARNING - Output directory 'NPZ' does not exist: /path/to/your/output/npz
2025-03-09 16:10:10,034 - INFO - Output directory 'NPY' is set to: /caefs/data/IllustrisTNG/300/ICS
2025-03-09 16:10:10,034 - WARNING - Output directory 'LOGS' does not exist: /path/to/your/logs
2025-03-09 16:10:10,079 - INFO - Using GPU device 1.
2025-03-09 16:10:10,079 - INFO - Output directory 'TNG300_ICS' is set to: /caefs/data/IllustrisTNG/300/ICS
2025-03-09 16:10:10,080 - INFO - Output directory 'TNG300_snapshot99' is set to: /caefs/data/IllustrisTNG/snapshot-99-dm-npy/cache
2025-03-09 16:10:10,080 - WARNING - Output directory 'NPZ' does not exist: /path/to/your/output/npz
2025-03-09 16:10:10,080 - INFO - Output directory 'NPY' is set to: /caefs/data/IllustrisTNG/300/ICS
2025-03-09 16:10:10,080 - WARNING - Output directory 'LOGS' does not exist: /path/to/your/logs
2025-03-09 16:10:10,184 - INFO - Using GPU device 1.
2025-03-09 16:10:10,184 - INFO - Output directory 'TNG300_ICS' is set to: /caefs/data/IllustrisTNG/300/ICS
2025-03-09 16:10:10,185 - INFO - Output directory 'TNG300_snapshot99' is set to: /caefs/data/IllustrisTNG/snapshot-99-dm-npy/cache
2025-03-09 16:10:10,185 - WARNING - Output directory 'NPZ' does not exist: /path/to/your/output/npz
2025-03-09 16:10:10,185 - INFO - Output directory 'NPY' is set to: /caefs/data/IllustrisTNG/300/ICS
2025-03-09 16:10:10,185 - WARNING - Output directory 'LOGS' does not exist: /path/to/your/logs
2025-03-09 16:10:10,208 - INFO - Using GPU device 1.
2025-03-09 16:10:10,208 - INFO - Output directory 'TNG300_ICS' is set to: /caefs/data/IllustrisTNG/300/ICS
2025-03-09 16:10:10,208 - INFO - Output directory 'TNG300_snapshot99' is set to: /caefs/data/IllustrisTNG/snapshot-99-dm-npy/cache
2025-03-09 16:10:10,209 - WARNING - Output directory 'NPZ' does not exist: /path/to/your/output/npz
2025-03-09 16:10:10,209 - INFO - Output directory 'NPY' is set to: /caefs/data/IllustrisTNG/300/ICS
2025-03-09 16:10:10,209 - WARNING - Output directory 'LOGS' does not exist: /path/to/your/logs
2025-03-09 16:10:10,260 - INFO - Using GPU device 1.
2025-03-09 16:10:10,260 - INFO - Output directory 'TNG300_ICS' is set to: /caefs/data/IllustrisTNG/300/ICS
2025-03-09 16:10:10,261 - INFO - Output directory 'TNG300_snapshot99' is set to: /caefs/data/IllustrisTNG/snapshot-99-dm-npy/cache
2025-03-09 16:10:10,261 - WARNING - Output directory 'NPZ' does not exist: /path/to/your/output/npz
2025-03-09 16:10:10,261 - INFO - Output directory 'NPY' is set to: /caefs/data/IllustrisTNG/300/ICS
2025-03-09 16:10:10,261 - WARNING - Output directory 'LOGS' does not exist: /path/to/your/logs
2025-03-09 16:10:10,390 - INFO - Using GPU device 1.
2025-03-09 16:10:10,390 - INFO - Output directory 'TNG300_ICS' is set to: /caefs/data/IllustrisTNG/300/ICS
2025-03-09 16:10:10,391 - INFO - Output directory 'TNG300_snapshot99' is set to: /caefs/data/IllustrisTNG/snapshot-99-dm-npy/cache
2025-03-09 16:10:10,391 - WARNING - Output directory 'NPZ' does not exist: /path/to/your/output/npz
2025-03-09 16:10:10,391 - INFO - Output directory 'NPY' is set to: /caefs/data/IllustrisTNG/300/ICS
2025-03-09 16:10:10,391 - WARNING - Output directory 'LOGS' does not exist: /path/to/your/logs
2025-03-09 16:10:10,420 - INFO - Using GPU device 1.
2025-03-09 16:10:10,421 - INFO - Output directory 'TNG300_ICS' is set to: /caefs/data/IllustrisTNG/300/ICS
2025-03-09 16:10:10,421 - INFO - Output directory 'TNG300_snapshot99' is set to: /caefs/data/IllustrisTNG/snapshot-99-dm-npy/cache
2025-03-09 16:10:10,421 - WARNING - Output directory 'NPZ' does not exist: /path/to/your/output/npz
2025-03-09 16:10:10,421 - INFO - Output directory 'NPY' is set to: /caefs/data/IllustrisTNG/300/ICS
2025-03-09 16:10:10,421 - WARNING - Output directory 'LOGS' does not exist: /path/to/your/logs
2025-03-09 16:10:10,461 - INFO - Using GPU device 1.
2025-03-09 16:10:10,462 - INFO - Output directory 'TNG300_ICS' is set to: /caefs/data/IllustrisTNG/300/ICS
2025-03-09 16:10:10,462 - INFO - Output directory 'TNG300_snapshot99' is set to: /caefs/data/IllustrisTNG/snapshot-99-dm-npy/cache
2025-03-09 16:10:10,462 - WARNING - Output directory 'NPZ' does not exist: /path/to/your/output/npz
2025-03-09 16:10:10,462 - INFO - Output directory 'NPY' is set to: /caefs/data/IllustrisTNG/300/ICS
2025-03-09 16:10:10,462 - WARNING - Output directory 'LOGS' does not exist: /path/to/your/logs
2025-03-09 16:10:10,477 - INFO - Using GPU device 1.
2025-03-09 16:10:10,478 - INFO - Output directory 'TNG300_ICS' is set to: /caefs/data/IllustrisTNG/300/ICS
2025-03-09 16:10:10,478 - INFO - Output directory 'TNG300_snapshot99' is set to: /caefs/data/IllustrisTNG/snapshot-99-dm-npy/cache
2025-03-09 16:10:10,478 - WARNING - Output directory 'NPZ' does not exist: /path/to/your/output/npz
2025-03-09 16:10:10,478 - INFO - Output directory 'NPY' is set to: /caefs/data/IllustrisTNG/300/ICS
2025-03-09 16:10:10,478 - WARNING - Output directory 'LOGS' does not exist: /path/to/your/logs
2025-03-09 16:10:10,486 - INFO - Using GPU device 1.
2025-03-09 16:10:10,486 - INFO - Output directory 'TNG300_ICS' is set to: /caefs/data/IllustrisTNG/300/ICS
2025-03-09 16:10:10,486 - INFO - Output directory 'TNG300_snapshot99' is set to: /caefs/data/IllustrisTNG/snapshot-99-dm-npy/cache
2025-03-09 16:10:10,486 - WARNING - Output directory 'NPZ' does not exist: /path/to/your/output/npz
2025-03-09 16:10:10,486 - INFO - Output directory 'NPY' is set to: /caefs/data/IllustrisTNG/300/ICS
2025-03-09 16:10:10,486 - WARNING - Output directory 'LOGS' does not exist: /path/to/your/logs
2025-03-09 16:10:10,494 - INFO - Using GPU device 1.
2025-03-09 16:10:10,494 - INFO - Output directory 'TNG300_ICS' is set to: /caefs/data/IllustrisTNG/300/ICS
2025-03-09 16:10:10,494 - INFO - Output directory 'TNG300_snapshot99' is set to: /caefs/data/IllustrisTNG/snapshot-99-dm-npy/cache
2025-03-09 16:10:10,495 - WARNING - Output directory 'NPZ' does not exist: /path/to/your/output/npz
2025-03-09 16:10:10,495 - INFO - Output directory 'NPY' is set to: /caefs/data/IllustrisTNG/300/ICS
2025-03-09 16:10:10,495 - WARNING - Output directory 'LOGS' does not exist: /path/to/your/logs
2025-03-09 16:10:10,498 - INFO - Using GPU device 1.
2025-03-09 16:10:10,498 - INFO - Output directory 'TNG300_ICS' is set to: /caefs/data/IllustrisTNG/300/ICS
2025-03-09 16:10:10,498 - INFO - Output directory 'TNG300_snapshot99' is set to: /caefs/data/IllustrisTNG/snapshot-99-dm-npy/cache
2025-03-09 16:10:10,499 - WARNING - Output directory 'NPZ' does not exist: /path/to/your/output/npz
2025-03-09 16:10:10,499 - INFO - Output directory 'NPY' is set to: /caefs/data/IllustrisTNG/300/ICS
2025-03-09 16:10:10,499 - WARNING - Output directory 'LOGS' does not exist: /path/to/your/logs
