2025-03-09 15:38:33,003 - INFO - Using GPU device 1.
2025-03-09 15:38:33,005 - INFO - Output directory 'TNG300_ICS' is set to: /caefs/data/IllustrisTNG/300/ICS
2025-03-09 15:38:33,005 - INFO - Output directory 'TNG300_snapshot99' is set to: /caefs/data/IllustrisTNG/snapshot-99-dm-npy/cache
2025-03-09 15:38:33,005 - WARNING - Output directory 'NPZ' does not exist: /path/to/your/output/npz
2025-03-09 15:38:33,006 - INFO - Output directory 'NPY' is set to: /caefs/data/IllustrisTNG/300/ICS
2025-03-09 15:38:33,006 - WARNING - Output directory 'LOGS' does not exist: /path/to/your/logs
2025-03-09 15:38:33,103 - INFO - Using GPU device 1.
2025-03-09 15:38:33,104 - INFO - Output directory 'TNG300_ICS' is set to: /caefs/data/IllustrisTNG/300/ICS
2025-03-09 15:38:33,104 - INFO - Output directory 'TNG300_snapshot99' is set to: /caefs/data/IllustrisTNG/snapshot-99-dm-npy/cache
2025-03-09 15:38:33,104 - WARNING - Output directory 'NPZ' does not exist: /path/to/your/output/npz
2025-03-09 15:38:33,105 - INFO - Output directory 'NPY' is set to: /caefs/data/IllustrisTNG/300/ICS
2025-03-09 15:38:33,105 - WARNING - Output directory 'LOGS' does not exist: /path/to/your/logs
2025-03-09 15:38:33,145 - INFO - Using GPU device 1.
2025-03-09 15:38:33,145 - INFO - Output directory 'TNG300_ICS' is set to: /caefs/data/IllustrisTNG/300/ICS
2025-03-09 15:38:33,146 - INFO - Output directory 'TNG300_snapshot99' is set to: /caefs/data/IllustrisTNG/snapshot-99-dm-npy/cache
2025-03-09 15:38:33,146 - WARNING - Output directory 'NPZ' does not exist: /path/to/your/output/npz
2025-03-09 15:38:33,146 - INFO - Output directory 'NPY' is set to: /caefs/data/IllustrisTNG/300/ICS
2025-03-09 15:38:33,146 - WARNING - Output directory 'LOGS' does not exist: /path/to/your/logs
2025-03-09 15:38:33,728 - INFO - Input directory (npy): /caefs/data/IllustrisTNG/snapshot-99-dm-npy/cache
2025-03-09 15:38:33,728 - INFO - Output directory: /caefs/user/mmingyeong/structura/Structura/src/results
2025-03-09 15:38:33,729 - DEBUG - Detected 598 .npy file(s) in the input directory.
2025-03-09 15:38:33,729 - DEBUG - Example file: snapshot-99.370.npy
2025-03-09 15:38:33,829 - INFO - Input directory (npy): /caefs/data/IllustrisTNG/snapshot-99-dm-npy/cache
2025-03-09 15:38:33,829 - INFO - Output directory: /caefs/user/mmingyeong/structura/Structura/src/results
2025-03-09 15:38:33,830 - DEBUG - Detected 598 .npy file(s) in the input directory.
2025-03-09 15:38:33,830 - DEBUG - Example file: snapshot-99.370.npy
2025-03-09 15:38:33,862 - INFO - Input directory (npy): /caefs/data/IllustrisTNG/snapshot-99-dm-npy/cache
2025-03-09 15:38:33,863 - INFO - Output directory: /caefs/user/mmingyeong/structura/Structura/src/results
2025-03-09 15:38:33,864 - DEBUG - Detected 598 .npy file(s) in the input directory.
2025-03-09 15:38:33,864 - DEBUG - Example file: snapshot-99.370.npy
2025-03-09 15:38:33,892 - INFO - Using GPU device 1.
2025-03-09 15:38:33,893 - INFO - Output directory 'TNG300_ICS' is set to: /caefs/data/IllustrisTNG/300/ICS
2025-03-09 15:38:33,893 - INFO - Output directory 'TNG300_snapshot99' is set to: /caefs/data/IllustrisTNG/snapshot-99-dm-npy/cache
2025-03-09 15:38:33,893 - WARNING - Output directory 'NPZ' does not exist: /path/to/your/output/npz
2025-03-09 15:38:33,894 - INFO - Output directory 'NPY' is set to: /caefs/data/IllustrisTNG/300/ICS
2025-03-09 15:38:33,894 - WARNING - Output directory 'LOGS' does not exist: /path/to/your/logs
2025-03-09 15:38:34,292 - INFO - Using GPU device 1.
2025-03-09 15:38:34,292 - INFO - Output directory 'TNG300_ICS' is set to: /caefs/data/IllustrisTNG/300/ICS
2025-03-09 15:38:34,293 - INFO - Output directory 'TNG300_snapshot99' is set to: /caefs/data/IllustrisTNG/snapshot-99-dm-npy/cache
2025-03-09 15:38:34,293 - WARNING - Output directory 'NPZ' does not exist: /path/to/your/output/npz
2025-03-09 15:38:34,293 - INFO - Output directory 'NPY' is set to: /caefs/data/IllustrisTNG/300/ICS
2025-03-09 15:38:34,293 - WARNING - Output directory 'LOGS' does not exist: /path/to/your/logs
2025-03-09 15:38:34,516 - INFO - Input directory (npy): /caefs/data/IllustrisTNG/snapshot-99-dm-npy/cache
2025-03-09 15:38:34,516 - INFO - Output directory: /caefs/user/mmingyeong/structura/Structura/src/results
2025-03-09 15:38:34,517 - DEBUG - Detected 598 .npy file(s) in the input directory.
2025-03-09 15:38:34,517 - DEBUG - Example file: snapshot-99.370.npy
2025-03-09 15:38:34,853 - INFO - Input directory (npy): /caefs/data/IllustrisTNG/snapshot-99-dm-npy/cache
2025-03-09 15:38:34,853 - INFO - Output directory: /caefs/user/mmingyeong/structura/Structura/src/results
2025-03-09 15:38:34,854 - DEBUG - Detected 598 .npy file(s) in the input directory.
2025-03-09 15:38:34,854 - DEBUG - Example file: snapshot-99.370.npy
2025-03-09 15:38:34,886 - INFO - Using GPU device 1.
2025-03-09 15:38:34,887 - INFO - Output directory 'TNG300_ICS' is set to: /caefs/data/IllustrisTNG/300/ICS
2025-03-09 15:38:34,887 - INFO - Output directory 'TNG300_snapshot99' is set to: /caefs/data/IllustrisTNG/snapshot-99-dm-npy/cache
2025-03-09 15:38:34,887 - WARNING - Output directory 'NPZ' does not exist: /path/to/your/output/npz
2025-03-09 15:38:34,887 - INFO - Output directory 'NPY' is set to: /caefs/data/IllustrisTNG/300/ICS
2025-03-09 15:38:34,887 - WARNING - Output directory 'LOGS' does not exist: /path/to/your/logs
2025-03-09 15:38:34,933 - INFO - Using GPU device 1.
2025-03-09 15:38:34,933 - INFO - Output directory 'TNG300_ICS' is set to: /caefs/data/IllustrisTNG/300/ICS
2025-03-09 15:38:34,934 - INFO - Output directory 'TNG300_snapshot99' is set to: /caefs/data/IllustrisTNG/snapshot-99-dm-npy/cache
2025-03-09 15:38:34,934 - WARNING - Output directory 'NPZ' does not exist: /path/to/your/output/npz
2025-03-09 15:38:34,934 - INFO - Output directory 'NPY' is set to: /caefs/data/IllustrisTNG/300/ICS
2025-03-09 15:38:34,934 - WARNING - Output directory 'LOGS' does not exist: /path/to/your/logs
2025-03-09 15:38:35,052 - INFO - Using GPU device 1.
2025-03-09 15:38:35,052 - INFO - Output directory 'TNG300_ICS' is set to: /caefs/data/IllustrisTNG/300/ICS
2025-03-09 15:38:35,052 - INFO - Output directory 'TNG300_snapshot99' is set to: /caefs/data/IllustrisTNG/snapshot-99-dm-npy/cache
2025-03-09 15:38:35,052 - WARNING - Output directory 'NPZ' does not exist: /path/to/your/output/npz
2025-03-09 15:38:35,052 - INFO - Output directory 'NPY' is set to: /caefs/data/IllustrisTNG/300/ICS
2025-03-09 15:38:35,052 - WARNING - Output directory 'LOGS' does not exist: /path/to/your/logs
2025-03-09 15:38:35,307 - INFO - Input directory (npy): /caefs/data/IllustrisTNG/snapshot-99-dm-npy/cache
2025-03-09 15:38:35,307 - INFO - Output directory: /caefs/user/mmingyeong/structura/Structura/src/results
2025-03-09 15:38:35,307 - DEBUG - Detected 598 .npy file(s) in the input directory.
2025-03-09 15:38:35,307 - DEBUG - Example file: snapshot-99.370.npy
2025-03-09 15:38:35,319 - INFO - Input directory (npy): /caefs/data/IllustrisTNG/snapshot-99-dm-npy/cache
2025-03-09 15:38:35,320 - INFO - Output directory: /caefs/user/mmingyeong/structura/Structura/src/results
2025-03-09 15:38:35,320 - DEBUG - Detected 598 .npy file(s) in the input directory.
2025-03-09 15:38:35,320 - DEBUG - Example file: snapshot-99.370.npy
2025-03-09 15:38:35,450 - INFO - Input directory (npy): /caefs/data/IllustrisTNG/snapshot-99-dm-npy/cache
2025-03-09 15:38:35,450 - INFO - Output directory: /caefs/user/mmingyeong/structura/Structura/src/results
2025-03-09 15:38:35,451 - DEBUG - Detected 598 .npy file(s) in the input directory.
2025-03-09 15:38:35,451 - DEBUG - Example file: snapshot-99.370.npy
2025-03-09 15:38:35,746 - INFO - Using GPU device 1.
2025-03-09 15:38:35,746 - INFO - Output directory 'TNG300_ICS' is set to: /caefs/data/IllustrisTNG/300/ICS
2025-03-09 15:38:35,747 - INFO - Output directory 'TNG300_snapshot99' is set to: /caefs/data/IllustrisTNG/snapshot-99-dm-npy/cache
2025-03-09 15:38:35,747 - WARNING - Output directory 'NPZ' does not exist: /path/to/your/output/npz
2025-03-09 15:38:35,747 - INFO - Output directory 'NPY' is set to: /caefs/data/IllustrisTNG/300/ICS
2025-03-09 15:38:35,747 - WARNING - Output directory 'LOGS' does not exist: /path/to/your/logs
2025-03-09 15:38:36,157 - INFO - Using GPU device 1.
2025-03-09 15:38:36,158 - INFO - Output directory 'TNG300_ICS' is set to: /caefs/data/IllustrisTNG/300/ICS
2025-03-09 15:38:36,158 - INFO - Output directory 'TNG300_snapshot99' is set to: /caefs/data/IllustrisTNG/snapshot-99-dm-npy/cache
2025-03-09 15:38:36,158 - WARNING - Output directory 'NPZ' does not exist: /path/to/your/output/npz
2025-03-09 15:38:36,158 - INFO - Output directory 'NPY' is set to: /caefs/data/IllustrisTNG/300/ICS
2025-03-09 15:38:36,158 - WARNING - Output directory 'LOGS' does not exist: /path/to/your/logs
2025-03-09 15:38:36,170 - INFO - Input directory (npy): /caefs/data/IllustrisTNG/snapshot-99-dm-npy/cache
2025-03-09 15:38:36,170 - INFO - Output directory: /caefs/user/mmingyeong/structura/Structura/src/results
2025-03-09 15:38:36,171 - DEBUG - Detected 598 .npy file(s) in the input directory.
2025-03-09 15:38:36,171 - DEBUG - Example file: snapshot-99.370.npy
2025-03-09 15:38:36,191 - INFO - Using GPU device 1.
2025-03-09 15:38:36,191 - INFO - Output directory 'TNG300_ICS' is set to: /caefs/data/IllustrisTNG/300/ICS
2025-03-09 15:38:36,191 - INFO - Output directory 'TNG300_snapshot99' is set to: /caefs/data/IllustrisTNG/snapshot-99-dm-npy/cache
2025-03-09 15:38:36,191 - WARNING - Output directory 'NPZ' does not exist: /path/to/your/output/npz
2025-03-09 15:38:36,191 - INFO - Output directory 'NPY' is set to: /caefs/data/IllustrisTNG/300/ICS
2025-03-09 15:38:36,191 - WARNING - Output directory 'LOGS' does not exist: /path/to/your/logs
2025-03-09 15:38:36,202 - INFO - Using GPU device 1.
2025-03-09 15:38:36,203 - INFO - Output directory 'TNG300_ICS' is set to: /caefs/data/IllustrisTNG/300/ICS
2025-03-09 15:38:36,203 - INFO - Output directory 'TNG300_snapshot99' is set to: /caefs/data/IllustrisTNG/snapshot-99-dm-npy/cache
2025-03-09 15:38:36,203 - WARNING - Output directory 'NPZ' does not exist: /path/to/your/output/npz
2025-03-09 15:38:36,203 - INFO - Output directory 'NPY' is set to: /caefs/data/IllustrisTNG/300/ICS
2025-03-09 15:38:36,203 - WARNING - Output directory 'LOGS' does not exist: /path/to/your/logs
2025-03-09 15:38:36,284 - INFO - Using GPU device 1.
2025-03-09 15:38:36,284 - INFO - Output directory 'TNG300_ICS' is set to: /caefs/data/IllustrisTNG/300/ICS
2025-03-09 15:38:36,284 - INFO - Output directory 'TNG300_snapshot99' is set to: /caefs/data/IllustrisTNG/snapshot-99-dm-npy/cache
2025-03-09 15:38:36,284 - WARNING - Output directory 'NPZ' does not exist: /path/to/your/output/npz
2025-03-09 15:38:36,284 - INFO - Output directory 'NPY' is set to: /caefs/data/IllustrisTNG/300/ICS
2025-03-09 15:38:36,284 - WARNING - Output directory 'LOGS' does not exist: /path/to/your/logs
2025-03-09 15:38:36,296 - INFO - Using GPU device 1.
2025-03-09 15:38:36,296 - INFO - Output directory 'TNG300_ICS' is set to: /caefs/data/IllustrisTNG/300/ICS
2025-03-09 15:38:36,297 - INFO - Output directory 'TNG300_snapshot99' is set to: /caefs/data/IllustrisTNG/snapshot-99-dm-npy/cache
2025-03-09 15:38:36,297 - WARNING - Output directory 'NPZ' does not exist: /path/to/your/output/npz
2025-03-09 15:38:36,297 - INFO - Output directory 'NPY' is set to: /caefs/data/IllustrisTNG/300/ICS
2025-03-09 15:38:36,297 - WARNING - Output directory 'LOGS' does not exist: /path/to/your/logs
2025-03-09 15:38:36,346 - INFO - Using GPU device 1.
2025-03-09 15:38:36,346 - INFO - Output directory 'TNG300_ICS' is set to: /caefs/data/IllustrisTNG/300/ICS
2025-03-09 15:38:36,347 - INFO - Output directory 'TNG300_snapshot99' is set to: /caefs/data/IllustrisTNG/snapshot-99-dm-npy/cache
2025-03-09 15:38:36,347 - WARNING - Output directory 'NPZ' does not exist: /path/to/your/output/npz
2025-03-09 15:38:36,347 - INFO - Output directory 'NPY' is set to: /caefs/data/IllustrisTNG/300/ICS
2025-03-09 15:38:36,347 - WARNING - Output directory 'LOGS' does not exist: /path/to/your/logs
2025-03-09 15:38:36,394 - INFO - Using GPU device 1.
2025-03-09 15:38:36,394 - INFO - Output directory 'TNG300_ICS' is set to: /caefs/data/IllustrisTNG/300/ICS
2025-03-09 15:38:36,394 - INFO - Output directory 'TNG300_snapshot99' is set to: /caefs/data/IllustrisTNG/snapshot-99-dm-npy/cache
2025-03-09 15:38:36,394 - WARNING - Output directory 'NPZ' does not exist: /path/to/your/output/npz
2025-03-09 15:38:36,394 - INFO - Output directory 'NPY' is set to: /caefs/data/IllustrisTNG/300/ICS
2025-03-09 15:38:36,395 - WARNING - Output directory 'LOGS' does not exist: /path/to/your/logs
2025-03-09 15:38:36,483 - INFO - Using GPU device 1.
2025-03-09 15:38:36,483 - INFO - Output directory 'TNG300_ICS' is set to: /caefs/data/IllustrisTNG/300/ICS
2025-03-09 15:38:36,483 - INFO - Output directory 'TNG300_snapshot99' is set to: /caefs/data/IllustrisTNG/snapshot-99-dm-npy/cache
2025-03-09 15:38:36,484 - WARNING - Output directory 'NPZ' does not exist: /path/to/your/output/npz
2025-03-09 15:38:36,484 - INFO - Output directory 'NPY' is set to: /caefs/data/IllustrisTNG/300/ICS
2025-03-09 15:38:36,484 - WARNING - Output directory 'LOGS' does not exist: /path/to/your/logs
2025-03-09 15:38:36,492 - INFO - Using GPU device 1.
2025-03-09 15:38:36,493 - INFO - Output directory 'TNG300_ICS' is set to: /caefs/data/IllustrisTNG/300/ICS
2025-03-09 15:38:36,493 - INFO - Output directory 'TNG300_snapshot99' is set to: /caefs/data/IllustrisTNG/snapshot-99-dm-npy/cache
2025-03-09 15:38:36,493 - WARNING - Output directory 'NPZ' does not exist: /path/to/your/output/npz
2025-03-09 15:38:36,494 - INFO - Output directory 'NPY' is set to: /caefs/data/IllustrisTNG/300/ICS
2025-03-09 15:38:36,494 - WARNING - Output directory 'LOGS' does not exist: /path/to/your/logs
2025-03-09 15:38:36,505 - INFO - Input directory (npy): /caefs/data/IllustrisTNG/snapshot-99-dm-npy/cache
2025-03-09 15:38:36,505 - INFO - Output directory: /caefs/user/mmingyeong/structura/Structura/src/results
2025-03-09 15:38:36,505 - DEBUG - Detected 598 .npy file(s) in the input directory.
2025-03-09 15:38:36,506 - DEBUG - Example file: snapshot-99.370.npy
2025-03-09 15:38:36,562 - INFO - Input directory (npy): /caefs/data/IllustrisTNG/snapshot-99-dm-npy/cache
2025-03-09 15:38:36,562 - INFO - Output directory: /caefs/user/mmingyeong/structura/Structura/src/results
2025-03-09 15:38:36,563 - DEBUG - Detected 598 .npy file(s) in the input directory.
2025-03-09 15:38:36,563 - INFO - Input directory (npy): /caefs/data/IllustrisTNG/snapshot-99-dm-npy/cache
2025-03-09 15:38:36,563 - DEBUG - Example file: snapshot-99.370.npy
2025-03-09 15:38:36,563 - INFO - Output directory: /caefs/user/mmingyeong/structura/Structura/src/results
2025-03-09 15:38:36,563 - DEBUG - Detected 598 .npy file(s) in the input directory.
2025-03-09 15:38:36,564 - DEBUG - Example file: snapshot-99.370.npy
2025-03-09 15:38:36,592 - INFO - Using GPU device 1.
2025-03-09 15:38:36,592 - INFO - Output directory 'TNG300_ICS' is set to: /caefs/data/IllustrisTNG/300/ICS
2025-03-09 15:38:36,592 - INFO - Output directory 'TNG300_snapshot99' is set to: /caefs/data/IllustrisTNG/snapshot-99-dm-npy/cache
2025-03-09 15:38:36,593 - WARNING - Output directory 'NPZ' does not exist: /path/to/your/output/npz
2025-03-09 15:38:36,593 - INFO - Output directory 'NPY' is set to: /caefs/data/IllustrisTNG/300/ICS
2025-03-09 15:38:36,593 - WARNING - Output directory 'LOGS' does not exist: /path/to/your/logs
2025-03-09 15:38:36,602 - INFO - Using GPU device 1.
2025-03-09 15:38:36,602 - INFO - Output directory 'TNG300_ICS' is set to: /caefs/data/IllustrisTNG/300/ICS
2025-03-09 15:38:36,603 - INFO - Output directory 'TNG300_snapshot99' is set to: /caefs/data/IllustrisTNG/snapshot-99-dm-npy/cache
2025-03-09 15:38:36,603 - WARNING - Output directory 'NPZ' does not exist: /path/to/your/output/npz
2025-03-09 15:38:36,603 - INFO - Output directory 'NPY' is set to: /caefs/data/IllustrisTNG/300/ICS
2025-03-09 15:38:36,603 - WARNING - Output directory 'LOGS' does not exist: /path/to/your/logs
2025-03-09 15:38:36,636 - INFO - Using GPU device 1.
2025-03-09 15:38:36,637 - INFO - Output directory 'TNG300_ICS' is set to: /caefs/data/IllustrisTNG/300/ICS
2025-03-09 15:38:36,637 - INFO - Output directory 'TNG300_snapshot99' is set to: /caefs/data/IllustrisTNG/snapshot-99-dm-npy/cache
2025-03-09 15:38:36,637 - WARNING - Output directory 'NPZ' does not exist: /path/to/your/output/npz
2025-03-09 15:38:36,637 - INFO - Output directory 'NPY' is set to: /caefs/data/IllustrisTNG/300/ICS
2025-03-09 15:38:36,637 - WARNING - Output directory 'LOGS' does not exist: /path/to/your/logs
2025-03-09 15:38:36,678 - INFO - Input directory (npy): /caefs/data/IllustrisTNG/snapshot-99-dm-npy/cache
2025-03-09 15:38:36,678 - INFO - Output directory: /caefs/user/mmingyeong/structura/Structura/src/results
2025-03-09 15:38:36,679 - DEBUG - Detected 598 .npy file(s) in the input directory.
2025-03-09 15:38:36,679 - DEBUG - Example file: snapshot-99.370.npy
2025-03-09 15:38:36,692 - INFO - Using GPU device 1.
2025-03-09 15:38:36,693 - INFO - Output directory 'TNG300_ICS' is set to: /caefs/data/IllustrisTNG/300/ICS
2025-03-09 15:38:36,693 - INFO - Output directory 'TNG300_snapshot99' is set to: /caefs/data/IllustrisTNG/snapshot-99-dm-npy/cache
2025-03-09 15:38:36,693 - WARNING - Output directory 'NPZ' does not exist: /path/to/your/output/npz
2025-03-09 15:38:36,693 - INFO - Output directory 'NPY' is set to: /caefs/data/IllustrisTNG/300/ICS
2025-03-09 15:38:36,693 - WARNING - Output directory 'LOGS' does not exist: /path/to/your/logs
2025-03-09 15:38:36,709 - INFO - Input directory (npy): /caefs/data/IllustrisTNG/snapshot-99-dm-npy/cache
2025-03-09 15:38:36,709 - INFO - Output directory: /caefs/user/mmingyeong/structura/Structura/src/results
2025-03-09 15:38:36,710 - DEBUG - Detected 598 .npy file(s) in the input directory.
2025-03-09 15:38:36,710 - DEBUG - Example file: snapshot-99.370.npy
2025-03-09 15:38:36,723 - INFO - Using GPU device 1.
2025-03-09 15:38:36,723 - INFO - Output directory 'TNG300_ICS' is set to: /caefs/data/IllustrisTNG/300/ICS
2025-03-09 15:38:36,724 - INFO - Output directory 'TNG300_snapshot99' is set to: /caefs/data/IllustrisTNG/snapshot-99-dm-npy/cache
2025-03-09 15:38:36,724 - WARNING - Output directory 'NPZ' does not exist: /path/to/your/output/npz
2025-03-09 15:38:36,724 - INFO - Output directory 'NPY' is set to: /caefs/data/IllustrisTNG/300/ICS
2025-03-09 15:38:36,724 - WARNING - Output directory 'LOGS' does not exist: /path/to/your/logs
2025-03-09 15:38:36,749 - INFO - Input directory (npy): /caefs/data/IllustrisTNG/snapshot-99-dm-npy/cache
2025-03-09 15:38:36,749 - INFO - Output directory: /caefs/user/mmingyeong/structura/Structura/src/results
2025-03-09 15:38:36,750 - DEBUG - Detected 598 .npy file(s) in the input directory.
2025-03-09 15:38:36,750 - DEBUG - Example file: snapshot-99.370.npy
2025-03-09 15:38:36,832 - INFO - Input directory (npy): /caefs/data/IllustrisTNG/snapshot-99-dm-npy/cache
2025-03-09 15:38:36,832 - INFO - Output directory: /caefs/user/mmingyeong/structura/Structura/src/results
2025-03-09 15:38:36,833 - DEBUG - Detected 598 .npy file(s) in the input directory.
2025-03-09 15:38:36,833 - DEBUG - Example file: snapshot-99.370.npy
2025-03-09 15:38:36,857 - INFO - Using GPU device 1.
2025-03-09 15:38:36,857 - INFO - Output directory 'TNG300_ICS' is set to: /caefs/data/IllustrisTNG/300/ICS
2025-03-09 15:38:36,857 - INFO - Output directory 'TNG300_snapshot99' is set to: /caefs/data/IllustrisTNG/snapshot-99-dm-npy/cache
2025-03-09 15:38:36,858 - WARNING - Output directory 'NPZ' does not exist: /path/to/your/output/npz
2025-03-09 15:38:36,858 - INFO - Output directory 'NPY' is set to: /caefs/data/IllustrisTNG/300/ICS
2025-03-09 15:38:36,858 - WARNING - Output directory 'LOGS' does not exist: /path/to/your/logs
2025-03-09 15:38:36,873 - INFO - Using GPU device 1.
2025-03-09 15:38:36,873 - INFO - Output directory 'TNG300_ICS' is set to: /caefs/data/IllustrisTNG/300/ICS
2025-03-09 15:38:36,873 - INFO - Output directory 'TNG300_snapshot99' is set to: /caefs/data/IllustrisTNG/snapshot-99-dm-npy/cache
2025-03-09 15:38:36,874 - WARNING - Output directory 'NPZ' does not exist: /path/to/your/output/npz
2025-03-09 15:38:36,874 - INFO - Output directory 'NPY' is set to: /caefs/data/IllustrisTNG/300/ICS
2025-03-09 15:38:36,874 - WARNING - Output directory 'LOGS' does not exist: /path/to/your/logs
2025-03-09 15:38:36,889 - INFO - Using GPU device 1.
2025-03-09 15:38:36,890 - INFO - Output directory 'TNG300_ICS' is set to: /caefs/data/IllustrisTNG/300/ICS
2025-03-09 15:38:36,890 - INFO - Output directory 'TNG300_snapshot99' is set to: /caefs/data/IllustrisTNG/snapshot-99-dm-npy/cache
2025-03-09 15:38:36,890 - WARNING - Output directory 'NPZ' does not exist: /path/to/your/output/npz
2025-03-09 15:38:36,890 - INFO - Output directory 'NPY' is set to: /caefs/data/IllustrisTNG/300/ICS
2025-03-09 15:38:36,891 - WARNING - Output directory 'LOGS' does not exist: /path/to/your/logs
2025-03-09 15:38:36,891 - INFO - Using GPU device 1.
2025-03-09 15:38:36,891 - INFO - Output directory 'TNG300_ICS' is set to: /caefs/data/IllustrisTNG/300/ICS
2025-03-09 15:38:36,891 - INFO - Output directory 'TNG300_snapshot99' is set to: /caefs/data/IllustrisTNG/snapshot-99-dm-npy/cache
2025-03-09 15:38:36,891 - WARNING - Output directory 'NPZ' does not exist: /path/to/your/output/npz
2025-03-09 15:38:36,891 - INFO - Output directory 'NPY' is set to: /caefs/data/IllustrisTNG/300/ICS
2025-03-09 15:38:36,891 - WARNING - Output directory 'LOGS' does not exist: /path/to/your/logs
2025-03-09 15:38:36,895 - INFO - Using GPU device 1.
2025-03-09 15:38:36,895 - INFO - Output directory 'TNG300_ICS' is set to: /caefs/data/IllustrisTNG/300/ICS
2025-03-09 15:38:36,895 - INFO - Output directory 'TNG300_snapshot99' is set to: /caefs/data/IllustrisTNG/snapshot-99-dm-npy/cache
2025-03-09 15:38:36,896 - WARNING - Output directory 'NPZ' does not exist: /path/to/your/output/npz
2025-03-09 15:38:36,896 - INFO - Output directory 'NPY' is set to: /caefs/data/IllustrisTNG/300/ICS
2025-03-09 15:38:36,896 - WARNING - Output directory 'LOGS' does not exist: /path/to/your/logs
2025-03-09 15:38:36,922 - INFO - Input directory (npy): /caefs/data/IllustrisTNG/snapshot-99-dm-npy/cache
2025-03-09 15:38:36,923 - INFO - Output directory: /caefs/user/mmingyeong/structura/Structura/src/results
2025-03-09 15:38:36,923 - INFO - Input directory (npy): /caefs/data/IllustrisTNG/snapshot-99-dm-npy/cache
2025-03-09 15:38:36,923 - INFO - Output directory: /caefs/user/mmingyeong/structura/Structura/src/results
2025-03-09 15:38:36,923 - DEBUG - Detected 598 .npy file(s) in the input directory.
2025-03-09 15:38:36,924 - DEBUG - Example file: snapshot-99.370.npy
2025-03-09 15:38:36,924 - DEBUG - Detected 598 .npy file(s) in the input directory.
2025-03-09 15:38:36,924 - DEBUG - Example file: snapshot-99.370.npy
2025-03-09 15:38:36,977 - INFO - Input directory (npy): /caefs/data/IllustrisTNG/snapshot-99-dm-npy/cache
2025-03-09 15:38:36,977 - INFO - Output directory: /caefs/user/mmingyeong/structura/Structura/src/results
2025-03-09 15:38:36,978 - DEBUG - Detected 598 .npy file(s) in the input directory.
2025-03-09 15:38:36,978 - DEBUG - Example file: snapshot-99.370.npy
2025-03-09 15:38:37,073 - INFO - Input directory (npy): /caefs/data/IllustrisTNG/snapshot-99-dm-npy/cache
2025-03-09 15:38:37,074 - INFO - Output directory: /caefs/user/mmingyeong/structura/Structura/src/results
2025-03-09 15:38:37,074 - DEBUG - Detected 598 .npy file(s) in the input directory.
2025-03-09 15:38:37,074 - DEBUG - Example file: snapshot-99.370.npy
2025-03-09 15:38:37,083 - INFO - Input directory (npy): /caefs/data/IllustrisTNG/snapshot-99-dm-npy/cache
2025-03-09 15:38:37,083 - INFO - Output directory: /caefs/user/mmingyeong/structura/Structura/src/results
2025-03-09 15:38:37,084 - DEBUG - Detected 598 .npy file(s) in the input directory.
2025-03-09 15:38:37,084 - DEBUG - Example file: snapshot-99.370.npy
2025-03-09 15:38:37,132 - INFO - Input directory (npy): /caefs/data/IllustrisTNG/snapshot-99-dm-npy/cache
2025-03-09 15:38:37,132 - INFO - Output directory: /caefs/user/mmingyeong/structura/Structura/src/results
2025-03-09 15:38:37,133 - DEBUG - Detected 598 .npy file(s) in the input directory.
2025-03-09 15:38:37,133 - DEBUG - Example file: snapshot-99.370.npy
2025-03-09 15:38:37,135 - INFO - Input directory (npy): /caefs/data/IllustrisTNG/snapshot-99-dm-npy/cache
2025-03-09 15:38:37,135 - INFO - Output directory: /caefs/user/mmingyeong/structura/Structura/src/results
2025-03-09 15:38:37,136 - DEBUG - Detected 598 .npy file(s) in the input directory.
2025-03-09 15:38:37,136 - DEBUG - Example file: snapshot-99.370.npy
2025-03-09 15:38:37,270 - INFO - Input directory (npy): /caefs/data/IllustrisTNG/snapshot-99-dm-npy/cache
2025-03-09 15:38:37,271 - INFO - Output directory: /caefs/user/mmingyeong/structura/Structura/src/results
2025-03-09 15:38:37,271 - DEBUG - Detected 598 .npy file(s) in the input directory.
2025-03-09 15:38:37,271 - DEBUG - Example file: snapshot-99.370.npy
2025-03-09 15:38:37,292 - INFO - Input directory (npy): /caefs/data/IllustrisTNG/snapshot-99-dm-npy/cache
2025-03-09 15:38:37,292 - INFO - Output directory: /caefs/user/mmingyeong/structura/Structura/src/results
2025-03-09 15:38:37,293 - DEBUG - Detected 598 .npy file(s) in the input directory.
2025-03-09 15:38:37,293 - DEBUG - Example file: snapshot-99.370.npy
2025-03-09 15:38:37,294 - INFO - Input directory (npy): /caefs/data/IllustrisTNG/snapshot-99-dm-npy/cache
2025-03-09 15:38:37,294 - INFO - Output directory: /caefs/user/mmingyeong/structura/Structura/src/results
2025-03-09 15:38:37,295 - DEBUG - Detected 598 .npy file(s) in the input directory.
2025-03-09 15:38:37,295 - DEBUG - Example file: snapshot-99.370.npy
2025-03-09 15:38:37,299 - INFO - Input directory (npy): /caefs/data/IllustrisTNG/snapshot-99-dm-npy/cache
2025-03-09 15:38:37,299 - INFO - Output directory: /caefs/user/mmingyeong/structura/Structura/src/results
2025-03-09 15:38:37,299 - DEBUG - Detected 598 .npy file(s) in the input directory.
2025-03-09 15:38:37,300 - DEBUG - Example file: snapshot-99.370.npy
2025-03-09 15:38:37,369 - INFO - Input directory (npy): /caefs/data/IllustrisTNG/snapshot-99-dm-npy/cache
2025-03-09 15:38:37,369 - INFO - Output directory: /caefs/user/mmingyeong/structura/Structura/src/results
2025-03-09 15:38:37,370 - DEBUG - Detected 598 .npy file(s) in the input directory.
2025-03-09 15:38:37,370 - DEBUG - Example file: snapshot-99.370.npy
