2025-03-09 17:45:26,013 - INFO - Using GPU device 1.
2025-03-09 17:45:26,014 - INFO - Output directory 'TNG300_ICS' is set to: /caefs/data/IllustrisTNG/300/ICS
2025-03-09 17:45:26,015 - INFO - Output directory 'TNG300_snapshot99' is set to: /caefs/data/IllustrisTNG/snapshot-99-dm-npy/cache
2025-03-09 17:45:26,015 - WARNING - Output directory 'NPZ' does not exist: /path/to/your/output/npz
2025-03-09 17:45:26,016 - INFO - Output directory 'NPY' is set to: /caefs/data/IllustrisTNG/300/ICS
2025-03-09 17:45:26,016 - WARNING - Output directory 'LOGS' does not exist: /path/to/your/logs
2025-03-09 17:45:26,239 - INFO - Using GPU device 1.
2025-03-09 17:45:26,240 - INFO - Output directory 'TNG300_ICS' is set to: /caefs/data/IllustrisTNG/300/ICS
2025-03-09 17:45:26,240 - INFO - Output directory 'TNG300_snapshot99' is set to: /caefs/data/IllustrisTNG/snapshot-99-dm-npy/cache
2025-03-09 17:45:26,241 - WARNING - Output directory 'NPZ' does not exist: /path/to/your/output/npz
2025-03-09 17:45:26,241 - INFO - Output directory 'NPY' is set to: /caefs/data/IllustrisTNG/300/ICS
2025-03-09 17:45:26,241 - WARNING - Output directory 'LOGS' does not exist: /path/to/your/logs
2025-03-09 17:45:26,561 - INFO - Using GPU device 1.
2025-03-09 17:45:26,562 - INFO - Output directory 'TNG300_ICS' is set to: /caefs/data/IllustrisTNG/300/ICS
2025-03-09 17:45:26,563 - INFO - Output directory 'TNG300_snapshot99' is set to: /caefs/data/IllustrisTNG/snapshot-99-dm-npy/cache
2025-03-09 17:45:26,563 - WARNING - Output directory 'NPZ' does not exist: /path/to/your/output/npz
2025-03-09 17:45:26,564 - INFO - Output directory 'NPY' is set to: /caefs/data/IllustrisTNG/300/ICS
2025-03-09 17:45:26,564 - WARNING - Output directory 'LOGS' does not exist: /path/to/your/logs
2025-03-09 17:45:28,358 - INFO - Using GPU device 1.
2025-03-09 17:45:28,359 - INFO - Output directory 'TNG300_ICS' is set to: /caefs/data/IllustrisTNG/300/ICS
2025-03-09 17:45:28,360 - INFO - Output directory 'TNG300_snapshot99' is set to: /caefs/data/IllustrisTNG/snapshot-99-dm-npy/cache
2025-03-09 17:45:28,360 - WARNING - Output directory 'NPZ' does not exist: /path/to/your/output/npz
2025-03-09 17:45:28,360 - INFO - Output directory 'NPY' is set to: /caefs/data/IllustrisTNG/300/ICS
2025-03-09 17:45:28,360 - WARNING - Output directory 'LOGS' does not exist: /path/to/your/logs
2025-03-09 17:45:28,676 - INFO - Using GPU device 1.
2025-03-09 17:45:28,677 - INFO - Output directory 'TNG300_ICS' is set to: /caefs/data/IllustrisTNG/300/ICS
2025-03-09 17:45:28,677 - INFO - Output directory 'TNG300_snapshot99' is set to: /caefs/data/IllustrisTNG/snapshot-99-dm-npy/cache
2025-03-09 17:45:28,677 - WARNING - Output directory 'NPZ' does not exist: /path/to/your/output/npz
2025-03-09 17:45:28,678 - INFO - Output directory 'NPY' is set to: /caefs/data/IllustrisTNG/300/ICS
2025-03-09 17:45:28,678 - WARNING - Output directory 'LOGS' does not exist: /path/to/your/logs
2025-03-09 17:45:29,113 - INFO - Using GPU device 1.
2025-03-09 17:45:29,113 - INFO - Output directory 'TNG300_ICS' is set to: /caefs/data/IllustrisTNG/300/ICS
2025-03-09 17:45:29,113 - INFO - Output directory 'TNG300_snapshot99' is set to: /caefs/data/IllustrisTNG/snapshot-99-dm-npy/cache
2025-03-09 17:45:29,113 - WARNING - Output directory 'NPZ' does not exist: /path/to/your/output/npz
2025-03-09 17:45:29,113 - INFO - Output directory 'NPY' is set to: /caefs/data/IllustrisTNG/300/ICS
2025-03-09 17:45:29,113 - WARNING - Output directory 'LOGS' does not exist: /path/to/your/logs
2025-03-09 17:45:29,415 - INFO - Using GPU device 1.
2025-03-09 17:45:29,415 - INFO - Output directory 'TNG300_ICS' is set to: /caefs/data/IllustrisTNG/300/ICS
2025-03-09 17:45:29,415 - INFO - Output directory 'TNG300_snapshot99' is set to: /caefs/data/IllustrisTNG/snapshot-99-dm-npy/cache
2025-03-09 17:45:29,415 - WARNING - Output directory 'NPZ' does not exist: /path/to/your/output/npz
2025-03-09 17:45:29,415 - INFO - Output directory 'NPY' is set to: /caefs/data/IllustrisTNG/300/ICS
2025-03-09 17:45:29,416 - WARNING - Output directory 'LOGS' does not exist: /path/to/your/logs
2025-03-09 17:45:30,038 - INFO - Using GPU device 1.
2025-03-09 17:45:30,038 - INFO - Output directory 'TNG300_ICS' is set to: /caefs/data/IllustrisTNG/300/ICS
2025-03-09 17:45:30,038 - INFO - Output directory 'TNG300_snapshot99' is set to: /caefs/data/IllustrisTNG/snapshot-99-dm-npy/cache
2025-03-09 17:45:30,038 - WARNING - Output directory 'NPZ' does not exist: /path/to/your/output/npz
2025-03-09 17:45:30,038 - INFO - Output directory 'NPY' is set to: /caefs/data/IllustrisTNG/300/ICS
2025-03-09 17:45:30,039 - WARNING - Output directory 'LOGS' does not exist: /path/to/your/logs
2025-03-09 17:45:30,400 - INFO - Using GPU device 1.
2025-03-09 17:45:30,400 - INFO - Output directory 'TNG300_ICS' is set to: /caefs/data/IllustrisTNG/300/ICS
2025-03-09 17:45:30,401 - INFO - Output directory 'TNG300_snapshot99' is set to: /caefs/data/IllustrisTNG/snapshot-99-dm-npy/cache
2025-03-09 17:45:30,401 - WARNING - Output directory 'NPZ' does not exist: /path/to/your/output/npz
2025-03-09 17:45:30,401 - INFO - Output directory 'NPY' is set to: /caefs/data/IllustrisTNG/300/ICS
2025-03-09 17:45:30,401 - WARNING - Output directory 'LOGS' does not exist: /path/to/your/logs
2025-03-09 17:45:30,825 - INFO - Using GPU device 1.
2025-03-09 17:45:30,825 - INFO - Output directory 'TNG300_ICS' is set to: /caefs/data/IllustrisTNG/300/ICS
2025-03-09 17:45:30,825 - INFO - Output directory 'TNG300_snapshot99' is set to: /caefs/data/IllustrisTNG/snapshot-99-dm-npy/cache
2025-03-09 17:45:30,825 - WARNING - Output directory 'NPZ' does not exist: /path/to/your/output/npz
2025-03-09 17:45:30,825 - INFO - Output directory 'NPY' is set to: /caefs/data/IllustrisTNG/300/ICS
2025-03-09 17:45:30,825 - WARNING - Output directory 'LOGS' does not exist: /path/to/your/logs
2025-03-09 17:45:30,890 - INFO - Using GPU device 1.
2025-03-09 17:45:30,890 - INFO - Output directory 'TNG300_ICS' is set to: /caefs/data/IllustrisTNG/300/ICS
2025-03-09 17:45:30,891 - INFO - Output directory 'TNG300_snapshot99' is set to: /caefs/data/IllustrisTNG/snapshot-99-dm-npy/cache
2025-03-09 17:45:30,891 - WARNING - Output directory 'NPZ' does not exist: /path/to/your/output/npz
2025-03-09 17:45:30,891 - INFO - Output directory 'NPY' is set to: /caefs/data/IllustrisTNG/300/ICS
2025-03-09 17:45:30,891 - WARNING - Output directory 'LOGS' does not exist: /path/to/your/logs
2025-03-09 17:45:30,931 - INFO - Using GPU device 1.
2025-03-09 17:45:30,931 - INFO - Output directory 'TNG300_ICS' is set to: /caefs/data/IllustrisTNG/300/ICS
2025-03-09 17:45:30,931 - INFO - Output directory 'TNG300_snapshot99' is set to: /caefs/data/IllustrisTNG/snapshot-99-dm-npy/cache
2025-03-09 17:45:30,932 - WARNING - Output directory 'NPZ' does not exist: /path/to/your/output/npz
2025-03-09 17:45:30,932 - INFO - Output directory 'NPY' is set to: /caefs/data/IllustrisTNG/300/ICS
2025-03-09 17:45:30,932 - WARNING - Output directory 'LOGS' does not exist: /path/to/your/logs
2025-03-09 17:45:30,973 - INFO - Using GPU device 1.
2025-03-09 17:45:30,973 - INFO - Output directory 'TNG300_ICS' is set to: /caefs/data/IllustrisTNG/300/ICS
2025-03-09 17:45:30,973 - INFO - Output directory 'TNG300_snapshot99' is set to: /caefs/data/IllustrisTNG/snapshot-99-dm-npy/cache
2025-03-09 17:45:30,973 - WARNING - Output directory 'NPZ' does not exist: /path/to/your/output/npz
2025-03-09 17:45:30,974 - INFO - Output directory 'NPY' is set to: /caefs/data/IllustrisTNG/300/ICS
2025-03-09 17:45:30,974 - WARNING - Output directory 'LOGS' does not exist: /path/to/your/logs
2025-03-09 17:45:31,038 - INFO - Using GPU device 1.
2025-03-09 17:45:31,038 - INFO - Output directory 'TNG300_ICS' is set to: /caefs/data/IllustrisTNG/300/ICS
2025-03-09 17:45:31,039 - INFO - Output directory 'TNG300_snapshot99' is set to: /caefs/data/IllustrisTNG/snapshot-99-dm-npy/cache
2025-03-09 17:45:31,039 - WARNING - Output directory 'NPZ' does not exist: /path/to/your/output/npz
2025-03-09 17:45:31,039 - INFO - Output directory 'NPY' is set to: /caefs/data/IllustrisTNG/300/ICS
2025-03-09 17:45:31,039 - WARNING - Output directory 'LOGS' does not exist: /path/to/your/logs
2025-03-09 17:45:31,099 - INFO - Using GPU device 1.
2025-03-09 17:45:31,100 - INFO - Output directory 'TNG300_ICS' is set to: /caefs/data/IllustrisTNG/300/ICS
2025-03-09 17:45:31,100 - INFO - Output directory 'TNG300_snapshot99' is set to: /caefs/data/IllustrisTNG/snapshot-99-dm-npy/cache
2025-03-09 17:45:31,100 - WARNING - Output directory 'NPZ' does not exist: /path/to/your/output/npz
2025-03-09 17:45:31,100 - INFO - Output directory 'NPY' is set to: /caefs/data/IllustrisTNG/300/ICS
2025-03-09 17:45:31,100 - WARNING - Output directory 'LOGS' does not exist: /path/to/your/logs
2025-03-09 17:45:31,202 - INFO - Using GPU device 1.
2025-03-09 17:45:31,203 - INFO - Output directory 'TNG300_ICS' is set to: /caefs/data/IllustrisTNG/300/ICS
2025-03-09 17:45:31,203 - INFO - Output directory 'TNG300_snapshot99' is set to: /caefs/data/IllustrisTNG/snapshot-99-dm-npy/cache
2025-03-09 17:45:31,203 - WARNING - Output directory 'NPZ' does not exist: /path/to/your/output/npz
2025-03-09 17:45:31,203 - INFO - Output directory 'NPY' is set to: /caefs/data/IllustrisTNG/300/ICS
2025-03-09 17:45:31,203 - WARNING - Output directory 'LOGS' does not exist: /path/to/your/logs
2025-03-09 17:45:31,206 - INFO - Using GPU device 1.
2025-03-09 17:45:31,206 - INFO - Output directory 'TNG300_ICS' is set to: /caefs/data/IllustrisTNG/300/ICS
2025-03-09 17:45:31,207 - INFO - Output directory 'TNG300_snapshot99' is set to: /caefs/data/IllustrisTNG/snapshot-99-dm-npy/cache
2025-03-09 17:45:31,207 - WARNING - Output directory 'NPZ' does not exist: /path/to/your/output/npz
2025-03-09 17:45:31,207 - INFO - Output directory 'NPY' is set to: /caefs/data/IllustrisTNG/300/ICS
2025-03-09 17:45:31,207 - WARNING - Output directory 'LOGS' does not exist: /path/to/your/logs
2025-03-09 17:45:31,264 - INFO - Using GPU device 1.
2025-03-09 17:45:31,265 - INFO - Output directory 'TNG300_ICS' is set to: /caefs/data/IllustrisTNG/300/ICS
2025-03-09 17:45:31,265 - INFO - Output directory 'TNG300_snapshot99' is set to: /caefs/data/IllustrisTNG/snapshot-99-dm-npy/cache
2025-03-09 17:45:31,265 - WARNING - Output directory 'NPZ' does not exist: /path/to/your/output/npz
2025-03-09 17:45:31,265 - INFO - Output directory 'NPY' is set to: /caefs/data/IllustrisTNG/300/ICS
2025-03-09 17:45:31,265 - WARNING - Output directory 'LOGS' does not exist: /path/to/your/logs
2025-03-09 17:45:31,335 - INFO - Using GPU device 1.
2025-03-09 17:45:31,335 - INFO - Output directory 'TNG300_ICS' is set to: /caefs/data/IllustrisTNG/300/ICS
2025-03-09 17:45:31,335 - INFO - Output directory 'TNG300_snapshot99' is set to: /caefs/data/IllustrisTNG/snapshot-99-dm-npy/cache
2025-03-09 17:45:31,336 - WARNING - Output directory 'NPZ' does not exist: /path/to/your/output/npz
2025-03-09 17:45:31,336 - INFO - Output directory 'NPY' is set to: /caefs/data/IllustrisTNG/300/ICS
2025-03-09 17:45:31,336 - WARNING - Output directory 'LOGS' does not exist: /path/to/your/logs
2025-03-09 17:45:31,400 - INFO - Using GPU device 1.
2025-03-09 17:45:31,400 - INFO - Output directory 'TNG300_ICS' is set to: /caefs/data/IllustrisTNG/300/ICS
2025-03-09 17:45:31,400 - INFO - Output directory 'TNG300_snapshot99' is set to: /caefs/data/IllustrisTNG/snapshot-99-dm-npy/cache
2025-03-09 17:45:31,400 - WARNING - Output directory 'NPZ' does not exist: /path/to/your/output/npz
2025-03-09 17:45:31,400 - INFO - Output directory 'NPY' is set to: /caefs/data/IllustrisTNG/300/ICS
2025-03-09 17:45:31,401 - WARNING - Output directory 'LOGS' does not exist: /path/to/your/logs
2025-03-09 17:45:31,443 - INFO - Using GPU device 1.
2025-03-09 17:45:31,443 - INFO - Output directory 'TNG300_ICS' is set to: /caefs/data/IllustrisTNG/300/ICS
2025-03-09 17:45:31,443 - INFO - Output directory 'TNG300_snapshot99' is set to: /caefs/data/IllustrisTNG/snapshot-99-dm-npy/cache
2025-03-09 17:45:31,444 - WARNING - Output directory 'NPZ' does not exist: /path/to/your/output/npz
2025-03-09 17:45:31,444 - INFO - Output directory 'NPY' is set to: /caefs/data/IllustrisTNG/300/ICS
2025-03-09 17:45:31,444 - WARNING - Output directory 'LOGS' does not exist: /path/to/your/logs
2025-03-09 17:45:31,486 - INFO - Using GPU device 1.
2025-03-09 17:45:31,486 - INFO - Output directory 'TNG300_ICS' is set to: /caefs/data/IllustrisTNG/300/ICS
2025-03-09 17:45:31,487 - INFO - Output directory 'TNG300_snapshot99' is set to: /caefs/data/IllustrisTNG/snapshot-99-dm-npy/cache
2025-03-09 17:45:31,487 - WARNING - Output directory 'NPZ' does not exist: /path/to/your/output/npz
2025-03-09 17:45:31,487 - INFO - Output directory 'NPY' is set to: /caefs/data/IllustrisTNG/300/ICS
2025-03-09 17:45:31,487 - WARNING - Output directory 'LOGS' does not exist: /path/to/your/logs
2025-03-09 17:45:31,530 - INFO - Using GPU device 1.
2025-03-09 17:45:31,531 - INFO - Output directory 'TNG300_ICS' is set to: /caefs/data/IllustrisTNG/300/ICS
2025-03-09 17:45:31,531 - INFO - Output directory 'TNG300_snapshot99' is set to: /caefs/data/IllustrisTNG/snapshot-99-dm-npy/cache
2025-03-09 17:45:31,531 - WARNING - Output directory 'NPZ' does not exist: /path/to/your/output/npz
2025-03-09 17:45:31,531 - INFO - Output directory 'NPY' is set to: /caefs/data/IllustrisTNG/300/ICS
2025-03-09 17:45:31,531 - WARNING - Output directory 'LOGS' does not exist: /path/to/your/logs
2025-03-09 17:45:31,598 - INFO - Using GPU device 1.
2025-03-09 17:45:31,599 - INFO - Output directory 'TNG300_ICS' is set to: /caefs/data/IllustrisTNG/300/ICS
2025-03-09 17:45:31,599 - INFO - Output directory 'TNG300_snapshot99' is set to: /caefs/data/IllustrisTNG/snapshot-99-dm-npy/cache
2025-03-09 17:45:31,599 - WARNING - Output directory 'NPZ' does not exist: /path/to/your/output/npz
2025-03-09 17:45:31,599 - INFO - Output directory 'NPY' is set to: /caefs/data/IllustrisTNG/300/ICS
2025-03-09 17:45:31,599 - WARNING - Output directory 'LOGS' does not exist: /path/to/your/logs
2025-03-09 17:45:31,630 - INFO - Using GPU device 1.
2025-03-09 17:45:31,630 - INFO - Output directory 'TNG300_ICS' is set to: /caefs/data/IllustrisTNG/300/ICS
2025-03-09 17:45:31,630 - INFO - Output directory 'TNG300_snapshot99' is set to: /caefs/data/IllustrisTNG/snapshot-99-dm-npy/cache
2025-03-09 17:45:31,630 - WARNING - Output directory 'NPZ' does not exist: /path/to/your/output/npz
2025-03-09 17:45:31,630 - INFO - Output directory 'NPY' is set to: /caefs/data/IllustrisTNG/300/ICS
2025-03-09 17:45:31,631 - WARNING - Output directory 'LOGS' does not exist: /path/to/your/logs
2025-03-09 17:45:31,703 - INFO - Using GPU device 1.
2025-03-09 17:45:31,704 - INFO - Output directory 'TNG300_ICS' is set to: /caefs/data/IllustrisTNG/300/ICS
2025-03-09 17:45:31,704 - INFO - Output directory 'TNG300_snapshot99' is set to: /caefs/data/IllustrisTNG/snapshot-99-dm-npy/cache
2025-03-09 17:45:31,704 - WARNING - Output directory 'NPZ' does not exist: /path/to/your/output/npz
2025-03-09 17:45:31,704 - INFO - Output directory 'NPY' is set to: /caefs/data/IllustrisTNG/300/ICS
2025-03-09 17:45:31,704 - WARNING - Output directory 'LOGS' does not exist: /path/to/your/logs
2025-03-09 17:45:31,723 - INFO - Using GPU device 1.
2025-03-09 17:45:31,723 - INFO - Output directory 'TNG300_ICS' is set to: /caefs/data/IllustrisTNG/300/ICS
2025-03-09 17:45:31,723 - INFO - Output directory 'TNG300_snapshot99' is set to: /caefs/data/IllustrisTNG/snapshot-99-dm-npy/cache
2025-03-09 17:45:31,723 - WARNING - Output directory 'NPZ' does not exist: /path/to/your/output/npz
2025-03-09 17:45:31,723 - INFO - Output directory 'NPY' is set to: /caefs/data/IllustrisTNG/300/ICS
2025-03-09 17:45:31,723 - WARNING - Output directory 'LOGS' does not exist: /path/to/your/logs
2025-03-09 17:45:31,863 - INFO - Using GPU device 1.
2025-03-09 17:45:31,863 - INFO - Output directory 'TNG300_ICS' is set to: /caefs/data/IllustrisTNG/300/ICS
2025-03-09 17:45:31,864 - INFO - Output directory 'TNG300_snapshot99' is set to: /caefs/data/IllustrisTNG/snapshot-99-dm-npy/cache
2025-03-09 17:45:31,864 - WARNING - Output directory 'NPZ' does not exist: /path/to/your/output/npz
2025-03-09 17:45:31,864 - INFO - Output directory 'NPY' is set to: /caefs/data/IllustrisTNG/300/ICS
2025-03-09 17:45:31,864 - WARNING - Output directory 'LOGS' does not exist: /path/to/your/logs
2025-03-09 17:45:31,911 - INFO - Using GPU device 1.
2025-03-09 17:45:31,912 - INFO - Output directory 'TNG300_ICS' is set to: /caefs/data/IllustrisTNG/300/ICS
2025-03-09 17:45:31,912 - INFO - Output directory 'TNG300_snapshot99' is set to: /caefs/data/IllustrisTNG/snapshot-99-dm-npy/cache
2025-03-09 17:45:31,912 - WARNING - Output directory 'NPZ' does not exist: /path/to/your/output/npz
2025-03-09 17:45:31,912 - INFO - Output directory 'NPY' is set to: /caefs/data/IllustrisTNG/300/ICS
2025-03-09 17:45:31,912 - WARNING - Output directory 'LOGS' does not exist: /path/to/your/logs
2025-03-09 17:45:31,922 - INFO - Using GPU device 1.
2025-03-09 17:45:31,922 - INFO - Output directory 'TNG300_ICS' is set to: /caefs/data/IllustrisTNG/300/ICS
2025-03-09 17:45:31,922 - INFO - Output directory 'TNG300_snapshot99' is set to: /caefs/data/IllustrisTNG/snapshot-99-dm-npy/cache
2025-03-09 17:45:31,922 - WARNING - Output directory 'NPZ' does not exist: /path/to/your/output/npz
2025-03-09 17:45:31,923 - INFO - Output directory 'NPY' is set to: /caefs/data/IllustrisTNG/300/ICS
2025-03-09 17:45:31,923 - WARNING - Output directory 'LOGS' does not exist: /path/to/your/logs
2025-03-09 17:45:31,942 - INFO - Using GPU device 1.
2025-03-09 17:45:31,942 - INFO - Output directory 'TNG300_ICS' is set to: /caefs/data/IllustrisTNG/300/ICS
2025-03-09 17:45:31,943 - INFO - Output directory 'TNG300_snapshot99' is set to: /caefs/data/IllustrisTNG/snapshot-99-dm-npy/cache
2025-03-09 17:45:31,943 - WARNING - Output directory 'NPZ' does not exist: /path/to/your/output/npz
2025-03-09 17:45:31,943 - INFO - Output directory 'NPY' is set to: /caefs/data/IllustrisTNG/300/ICS
2025-03-09 17:45:31,943 - WARNING - Output directory 'LOGS' does not exist: /path/to/your/logs
2025-03-09 17:45:31,976 - INFO - Using GPU device 1.
2025-03-09 17:45:31,976 - INFO - Output directory 'TNG300_ICS' is set to: /caefs/data/IllustrisTNG/300/ICS
2025-03-09 17:45:31,977 - INFO - Output directory 'TNG300_snapshot99' is set to: /caefs/data/IllustrisTNG/snapshot-99-dm-npy/cache
2025-03-09 17:45:31,977 - WARNING - Output directory 'NPZ' does not exist: /path/to/your/output/npz
2025-03-09 17:45:31,977 - INFO - Output directory 'NPY' is set to: /caefs/data/IllustrisTNG/300/ICS
2025-03-09 17:45:31,977 - WARNING - Output directory 'LOGS' does not exist: /path/to/your/logs
2025-03-09 17:45:32,004 - INFO - Using GPU device 1.
2025-03-09 17:45:32,005 - INFO - Output directory 'TNG300_ICS' is set to: /caefs/data/IllustrisTNG/300/ICS
2025-03-09 17:45:32,005 - INFO - Output directory 'TNG300_snapshot99' is set to: /caefs/data/IllustrisTNG/snapshot-99-dm-npy/cache
2025-03-09 17:45:32,006 - WARNING - Output directory 'NPZ' does not exist: /path/to/your/output/npz
2025-03-09 17:45:32,006 - INFO - Output directory 'NPY' is set to: /caefs/data/IllustrisTNG/300/ICS
2025-03-09 17:45:32,006 - WARNING - Output directory 'LOGS' does not exist: /path/to/your/logs
2025-03-09 17:45:32,065 - INFO - Using GPU device 1.
2025-03-09 17:45:32,066 - INFO - Output directory 'TNG300_ICS' is set to: /caefs/data/IllustrisTNG/300/ICS
2025-03-09 17:45:32,066 - INFO - Output directory 'TNG300_snapshot99' is set to: /caefs/data/IllustrisTNG/snapshot-99-dm-npy/cache
2025-03-09 17:45:32,066 - WARNING - Output directory 'NPZ' does not exist: /path/to/your/output/npz
2025-03-09 17:45:32,066 - INFO - Output directory 'NPY' is set to: /caefs/data/IllustrisTNG/300/ICS
2025-03-09 17:45:32,066 - WARNING - Output directory 'LOGS' does not exist: /path/to/your/logs
2025-03-09 17:45:32,074 - INFO - Using GPU device 1.
2025-03-09 17:45:32,074 - INFO - Output directory 'TNG300_ICS' is set to: /caefs/data/IllustrisTNG/300/ICS
2025-03-09 17:45:32,074 - INFO - Output directory 'TNG300_snapshot99' is set to: /caefs/data/IllustrisTNG/snapshot-99-dm-npy/cache
2025-03-09 17:45:32,074 - WARNING - Output directory 'NPZ' does not exist: /path/to/your/output/npz
2025-03-09 17:45:32,074 - INFO - Output directory 'NPY' is set to: /caefs/data/IllustrisTNG/300/ICS
2025-03-09 17:45:32,074 - WARNING - Output directory 'LOGS' does not exist: /path/to/your/logs
2025-03-09 17:45:32,077 - INFO - Using GPU device 1.
2025-03-09 17:45:32,077 - INFO - Output directory 'TNG300_ICS' is set to: /caefs/data/IllustrisTNG/300/ICS
2025-03-09 17:45:32,078 - INFO - Output directory 'TNG300_snapshot99' is set to: /caefs/data/IllustrisTNG/snapshot-99-dm-npy/cache
2025-03-09 17:45:32,078 - WARNING - Output directory 'NPZ' does not exist: /path/to/your/output/npz
2025-03-09 17:45:32,078 - INFO - Output directory 'NPY' is set to: /caefs/data/IllustrisTNG/300/ICS
2025-03-09 17:45:32,078 - WARNING - Output directory 'LOGS' does not exist: /path/to/your/logs
