2025-03-09 16:06:29,739 - INFO - Using GPU device 1.
2025-03-09 16:06:29,741 - INFO - Output directory 'TNG300_ICS' is set to: /caefs/data/IllustrisTNG/300/ICS
2025-03-09 16:06:29,741 - INFO - Output directory 'TNG300_snapshot99' is set to: /caefs/data/IllustrisTNG/snapshot-99-dm-npy/cache
2025-03-09 16:06:29,741 - WARNING - Output directory 'NPZ' does not exist: /path/to/your/output/npz
2025-03-09 16:06:29,742 - INFO - Output directory 'NPY' is set to: /caefs/data/IllustrisTNG/300/ICS
2025-03-09 16:06:29,742 - WARNING - Output directory 'LOGS' does not exist: /path/to/your/logs
2025-03-09 16:06:32,974 - INFO - Using GPU device 1.
2025-03-09 16:06:32,975 - INFO - Output directory 'TNG300_ICS' is set to: /caefs/data/IllustrisTNG/300/ICS
2025-03-09 16:06:32,976 - INFO - Output directory 'TNG300_snapshot99' is set to: /caefs/data/IllustrisTNG/snapshot-99-dm-npy/cache
2025-03-09 16:06:32,976 - WARNING - Output directory 'NPZ' does not exist: /path/to/your/output/npz
2025-03-09 16:06:32,977 - INFO - Output directory 'NPY' is set to: /caefs/data/IllustrisTNG/300/ICS
2025-03-09 16:06:32,977 - WARNING - Output directory 'LOGS' does not exist: /path/to/your/logs
2025-03-09 16:06:33,062 - INFO - Using GPU device 1.
2025-03-09 16:06:33,063 - INFO - Output directory 'TNG300_ICS' is set to: /caefs/data/IllustrisTNG/300/ICS
2025-03-09 16:06:33,064 - INFO - Output directory 'TNG300_snapshot99' is set to: /caefs/data/IllustrisTNG/snapshot-99-dm-npy/cache
2025-03-09 16:06:33,064 - WARNING - Output directory 'NPZ' does not exist: /path/to/your/output/npz
2025-03-09 16:06:33,065 - INFO - Output directory 'NPY' is set to: /caefs/data/IllustrisTNG/300/ICS
2025-03-09 16:06:33,065 - WARNING - Output directory 'LOGS' does not exist: /path/to/your/logs
2025-03-09 16:06:33,131 - INFO - Using GPU device 1.
2025-03-09 16:06:33,132 - INFO - Output directory 'TNG300_ICS' is set to: /caefs/data/IllustrisTNG/300/ICS
2025-03-09 16:06:33,133 - INFO - Output directory 'TNG300_snapshot99' is set to: /caefs/data/IllustrisTNG/snapshot-99-dm-npy/cache
2025-03-09 16:06:33,133 - WARNING - Output directory 'NPZ' does not exist: /path/to/your/output/npz
2025-03-09 16:06:33,134 - INFO - Output directory 'NPY' is set to: /caefs/data/IllustrisTNG/300/ICS
2025-03-09 16:06:33,134 - WARNING - Output directory 'LOGS' does not exist: /path/to/your/logs
2025-03-09 16:06:33,497 - INFO - Using GPU device 1.
2025-03-09 16:06:33,498 - INFO - Output directory 'TNG300_ICS' is set to: /caefs/data/IllustrisTNG/300/ICS
2025-03-09 16:06:33,499 - INFO - Output directory 'TNG300_snapshot99' is set to: /caefs/data/IllustrisTNG/snapshot-99-dm-npy/cache
2025-03-09 16:06:33,499 - WARNING - Output directory 'NPZ' does not exist: /path/to/your/output/npz
2025-03-09 16:06:33,500 - INFO - Output directory 'NPY' is set to: /caefs/data/IllustrisTNG/300/ICS
2025-03-09 16:06:33,500 - WARNING - Output directory 'LOGS' does not exist: /path/to/your/logs
2025-03-09 16:06:33,785 - INFO - Using GPU device 1.
2025-03-09 16:06:33,785 - INFO - Output directory 'TNG300_ICS' is set to: /caefs/data/IllustrisTNG/300/ICS
2025-03-09 16:06:33,786 - INFO - Output directory 'TNG300_snapshot99' is set to: /caefs/data/IllustrisTNG/snapshot-99-dm-npy/cache
2025-03-09 16:06:33,786 - WARNING - Output directory 'NPZ' does not exist: /path/to/your/output/npz
2025-03-09 16:06:33,787 - INFO - Output directory 'NPY' is set to: /caefs/data/IllustrisTNG/300/ICS
2025-03-09 16:06:33,787 - WARNING - Output directory 'LOGS' does not exist: /path/to/your/logs
2025-03-09 16:06:33,846 - INFO - Using GPU device 1.
2025-03-09 16:06:33,847 - INFO - Output directory 'TNG300_ICS' is set to: /caefs/data/IllustrisTNG/300/ICS
2025-03-09 16:06:33,847 - INFO - Output directory 'TNG300_snapshot99' is set to: /caefs/data/IllustrisTNG/snapshot-99-dm-npy/cache
2025-03-09 16:06:33,847 - WARNING - Output directory 'NPZ' does not exist: /path/to/your/output/npz
2025-03-09 16:06:33,848 - INFO - Output directory 'NPY' is set to: /caefs/data/IllustrisTNG/300/ICS
2025-03-09 16:06:33,848 - WARNING - Output directory 'LOGS' does not exist: /path/to/your/logs
2025-03-09 16:06:34,068 - INFO - Using GPU device 1.
2025-03-09 16:06:34,069 - INFO - Output directory 'TNG300_ICS' is set to: /caefs/data/IllustrisTNG/300/ICS
2025-03-09 16:06:34,069 - INFO - Output directory 'TNG300_snapshot99' is set to: /caefs/data/IllustrisTNG/snapshot-99-dm-npy/cache
2025-03-09 16:06:34,069 - WARNING - Output directory 'NPZ' does not exist: /path/to/your/output/npz
2025-03-09 16:06:34,070 - INFO - Output directory 'NPY' is set to: /caefs/data/IllustrisTNG/300/ICS
2025-03-09 16:06:34,070 - WARNING - Output directory 'LOGS' does not exist: /path/to/your/logs
2025-03-09 16:06:34,090 - INFO - Using GPU device 1.
2025-03-09 16:06:34,091 - INFO - Output directory 'TNG300_ICS' is set to: /caefs/data/IllustrisTNG/300/ICS
2025-03-09 16:06:34,092 - INFO - Output directory 'TNG300_snapshot99' is set to: /caefs/data/IllustrisTNG/snapshot-99-dm-npy/cache
2025-03-09 16:06:34,092 - WARNING - Output directory 'NPZ' does not exist: /path/to/your/output/npz
2025-03-09 16:06:34,092 - INFO - Output directory 'NPY' is set to: /caefs/data/IllustrisTNG/300/ICS
2025-03-09 16:06:34,093 - WARNING - Output directory 'LOGS' does not exist: /path/to/your/logs
2025-03-09 16:06:34,345 - INFO - Using GPU device 1.
2025-03-09 16:06:34,346 - INFO - Output directory 'TNG300_ICS' is set to: /caefs/data/IllustrisTNG/300/ICS
2025-03-09 16:06:34,346 - INFO - Output directory 'TNG300_snapshot99' is set to: /caefs/data/IllustrisTNG/snapshot-99-dm-npy/cache
2025-03-09 16:06:34,346 - WARNING - Output directory 'NPZ' does not exist: /path/to/your/output/npz
2025-03-09 16:06:34,347 - INFO - Output directory 'NPY' is set to: /caefs/data/IllustrisTNG/300/ICS
2025-03-09 16:06:34,347 - WARNING - Output directory 'LOGS' does not exist: /path/to/your/logs
2025-03-09 16:06:34,742 - INFO - Using GPU device 1.
2025-03-09 16:06:34,743 - INFO - Output directory 'TNG300_ICS' is set to: /caefs/data/IllustrisTNG/300/ICS
2025-03-09 16:06:34,743 - INFO - Output directory 'TNG300_snapshot99' is set to: /caefs/data/IllustrisTNG/snapshot-99-dm-npy/cache
2025-03-09 16:06:34,743 - WARNING - Output directory 'NPZ' does not exist: /path/to/your/output/npz
2025-03-09 16:06:34,743 - INFO - Output directory 'NPY' is set to: /caefs/data/IllustrisTNG/300/ICS
2025-03-09 16:06:34,743 - WARNING - Output directory 'LOGS' does not exist: /path/to/your/logs
2025-03-09 16:06:34,858 - INFO - Using GPU device 1.
2025-03-09 16:06:34,859 - INFO - Output directory 'TNG300_ICS' is set to: /caefs/data/IllustrisTNG/300/ICS
2025-03-09 16:06:34,859 - INFO - Output directory 'TNG300_snapshot99' is set to: /caefs/data/IllustrisTNG/snapshot-99-dm-npy/cache
2025-03-09 16:06:34,859 - WARNING - Output directory 'NPZ' does not exist: /path/to/your/output/npz
2025-03-09 16:06:34,859 - INFO - Output directory 'NPY' is set to: /caefs/data/IllustrisTNG/300/ICS
2025-03-09 16:06:34,859 - WARNING - Output directory 'LOGS' does not exist: /path/to/your/logs
2025-03-09 16:06:35,741 - INFO - Using GPU device 1.
2025-03-09 16:06:35,742 - INFO - Output directory 'TNG300_ICS' is set to: /caefs/data/IllustrisTNG/300/ICS
2025-03-09 16:06:35,742 - INFO - Output directory 'TNG300_snapshot99' is set to: /caefs/data/IllustrisTNG/snapshot-99-dm-npy/cache
2025-03-09 16:06:35,742 - WARNING - Output directory 'NPZ' does not exist: /path/to/your/output/npz
2025-03-09 16:06:35,742 - INFO - Output directory 'NPY' is set to: /caefs/data/IllustrisTNG/300/ICS
2025-03-09 16:06:35,742 - WARNING - Output directory 'LOGS' does not exist: /path/to/your/logs
2025-03-09 16:06:35,991 - INFO - Using GPU device 1.
2025-03-09 16:06:35,991 - INFO - Output directory 'TNG300_ICS' is set to: /caefs/data/IllustrisTNG/300/ICS
2025-03-09 16:06:35,991 - INFO - Output directory 'TNG300_snapshot99' is set to: /caefs/data/IllustrisTNG/snapshot-99-dm-npy/cache
2025-03-09 16:06:35,991 - WARNING - Output directory 'NPZ' does not exist: /path/to/your/output/npz
2025-03-09 16:06:35,991 - INFO - Output directory 'NPY' is set to: /caefs/data/IllustrisTNG/300/ICS
2025-03-09 16:06:35,992 - WARNING - Output directory 'LOGS' does not exist: /path/to/your/logs
2025-03-09 16:06:36,079 - INFO - Using GPU device 1.
2025-03-09 16:06:36,080 - INFO - Output directory 'TNG300_ICS' is set to: /caefs/data/IllustrisTNG/300/ICS
2025-03-09 16:06:36,080 - INFO - Output directory 'TNG300_snapshot99' is set to: /caefs/data/IllustrisTNG/snapshot-99-dm-npy/cache
2025-03-09 16:06:36,080 - WARNING - Output directory 'NPZ' does not exist: /path/to/your/output/npz
2025-03-09 16:06:36,080 - INFO - Output directory 'NPY' is set to: /caefs/data/IllustrisTNG/300/ICS
2025-03-09 16:06:36,080 - WARNING - Output directory 'LOGS' does not exist: /path/to/your/logs
2025-03-09 16:06:36,296 - INFO - Using GPU device 1.
2025-03-09 16:06:36,297 - INFO - Output directory 'TNG300_ICS' is set to: /caefs/data/IllustrisTNG/300/ICS
2025-03-09 16:06:36,297 - INFO - Output directory 'TNG300_snapshot99' is set to: /caefs/data/IllustrisTNG/snapshot-99-dm-npy/cache
2025-03-09 16:06:36,297 - WARNING - Output directory 'NPZ' does not exist: /path/to/your/output/npz
2025-03-09 16:06:36,297 - INFO - Output directory 'NPY' is set to: /caefs/data/IllustrisTNG/300/ICS
2025-03-09 16:06:36,297 - WARNING - Output directory 'LOGS' does not exist: /path/to/your/logs
2025-03-09 16:06:36,467 - INFO - Using GPU device 1.
2025-03-09 16:06:36,468 - INFO - Output directory 'TNG300_ICS' is set to: /caefs/data/IllustrisTNG/300/ICS
2025-03-09 16:06:36,468 - INFO - Output directory 'TNG300_snapshot99' is set to: /caefs/data/IllustrisTNG/snapshot-99-dm-npy/cache
2025-03-09 16:06:36,468 - WARNING - Output directory 'NPZ' does not exist: /path/to/your/output/npz
2025-03-09 16:06:36,468 - INFO - Output directory 'NPY' is set to: /caefs/data/IllustrisTNG/300/ICS
2025-03-09 16:06:36,469 - WARNING - Output directory 'LOGS' does not exist: /path/to/your/logs
2025-03-09 16:06:36,891 - INFO - Using GPU device 1.
2025-03-09 16:06:36,891 - INFO - Output directory 'TNG300_ICS' is set to: /caefs/data/IllustrisTNG/300/ICS
2025-03-09 16:06:36,891 - INFO - Output directory 'TNG300_snapshot99' is set to: /caefs/data/IllustrisTNG/snapshot-99-dm-npy/cache
2025-03-09 16:06:36,891 - WARNING - Output directory 'NPZ' does not exist: /path/to/your/output/npz
2025-03-09 16:06:36,891 - INFO - Output directory 'NPY' is set to: /caefs/data/IllustrisTNG/300/ICS
2025-03-09 16:06:36,892 - WARNING - Output directory 'LOGS' does not exist: /path/to/your/logs
2025-03-09 16:06:37,213 - INFO - Using GPU device 1.
2025-03-09 16:06:37,213 - INFO - Output directory 'TNG300_ICS' is set to: /caefs/data/IllustrisTNG/300/ICS
2025-03-09 16:06:37,213 - INFO - Output directory 'TNG300_snapshot99' is set to: /caefs/data/IllustrisTNG/snapshot-99-dm-npy/cache
2025-03-09 16:06:37,213 - WARNING - Output directory 'NPZ' does not exist: /path/to/your/output/npz
2025-03-09 16:06:37,213 - INFO - Output directory 'NPY' is set to: /caefs/data/IllustrisTNG/300/ICS
2025-03-09 16:06:37,213 - WARNING - Output directory 'LOGS' does not exist: /path/to/your/logs
2025-03-09 16:06:37,251 - INFO - Using GPU device 1.
2025-03-09 16:06:37,251 - INFO - Output directory 'TNG300_ICS' is set to: /caefs/data/IllustrisTNG/300/ICS
2025-03-09 16:06:37,251 - INFO - Output directory 'TNG300_snapshot99' is set to: /caefs/data/IllustrisTNG/snapshot-99-dm-npy/cache
2025-03-09 16:06:37,251 - WARNING - Output directory 'NPZ' does not exist: /path/to/your/output/npz
2025-03-09 16:06:37,252 - INFO - Output directory 'NPY' is set to: /caefs/data/IllustrisTNG/300/ICS
2025-03-09 16:06:37,252 - WARNING - Output directory 'LOGS' does not exist: /path/to/your/logs
2025-03-09 16:06:37,491 - INFO - Using GPU device 1.
2025-03-09 16:06:37,492 - INFO - Output directory 'TNG300_ICS' is set to: /caefs/data/IllustrisTNG/300/ICS
2025-03-09 16:06:37,492 - INFO - Output directory 'TNG300_snapshot99' is set to: /caefs/data/IllustrisTNG/snapshot-99-dm-npy/cache
2025-03-09 16:06:37,492 - WARNING - Output directory 'NPZ' does not exist: /path/to/your/output/npz
2025-03-09 16:06:37,492 - INFO - Output directory 'NPY' is set to: /caefs/data/IllustrisTNG/300/ICS
2025-03-09 16:06:37,492 - WARNING - Output directory 'LOGS' does not exist: /path/to/your/logs
2025-03-09 16:06:37,847 - INFO - Using GPU device 1.
2025-03-09 16:06:37,847 - INFO - Output directory 'TNG300_ICS' is set to: /caefs/data/IllustrisTNG/300/ICS
2025-03-09 16:06:37,847 - INFO - Output directory 'TNG300_snapshot99' is set to: /caefs/data/IllustrisTNG/snapshot-99-dm-npy/cache
2025-03-09 16:06:37,847 - WARNING - Output directory 'NPZ' does not exist: /path/to/your/output/npz
2025-03-09 16:06:37,847 - INFO - Output directory 'NPY' is set to: /caefs/data/IllustrisTNG/300/ICS
2025-03-09 16:06:37,848 - WARNING - Output directory 'LOGS' does not exist: /path/to/your/logs
2025-03-09 16:06:37,886 - INFO - Using GPU device 1.
2025-03-09 16:06:37,887 - INFO - Output directory 'TNG300_ICS' is set to: /caefs/data/IllustrisTNG/300/ICS
2025-03-09 16:06:37,887 - INFO - Output directory 'TNG300_snapshot99' is set to: /caefs/data/IllustrisTNG/snapshot-99-dm-npy/cache
2025-03-09 16:06:37,887 - WARNING - Output directory 'NPZ' does not exist: /path/to/your/output/npz
2025-03-09 16:06:37,887 - INFO - Output directory 'NPY' is set to: /caefs/data/IllustrisTNG/300/ICS
2025-03-09 16:06:37,887 - WARNING - Output directory 'LOGS' does not exist: /path/to/your/logs
2025-03-09 16:06:37,989 - INFO - Using GPU device 1.
2025-03-09 16:06:37,989 - INFO - Output directory 'TNG300_ICS' is set to: /caefs/data/IllustrisTNG/300/ICS
2025-03-09 16:06:37,989 - INFO - Output directory 'TNG300_snapshot99' is set to: /caefs/data/IllustrisTNG/snapshot-99-dm-npy/cache
2025-03-09 16:06:37,990 - WARNING - Output directory 'NPZ' does not exist: /path/to/your/output/npz
2025-03-09 16:06:37,990 - INFO - Output directory 'NPY' is set to: /caefs/data/IllustrisTNG/300/ICS
2025-03-09 16:06:37,990 - WARNING - Output directory 'LOGS' does not exist: /path/to/your/logs
2025-03-09 16:06:38,325 - INFO - Using GPU device 1.
2025-03-09 16:06:38,325 - INFO - Output directory 'TNG300_ICS' is set to: /caefs/data/IllustrisTNG/300/ICS
2025-03-09 16:06:38,325 - INFO - Output directory 'TNG300_snapshot99' is set to: /caefs/data/IllustrisTNG/snapshot-99-dm-npy/cache
2025-03-09 16:06:38,326 - WARNING - Output directory 'NPZ' does not exist: /path/to/your/output/npz
2025-03-09 16:06:38,326 - INFO - Output directory 'NPY' is set to: /caefs/data/IllustrisTNG/300/ICS
2025-03-09 16:06:38,326 - WARNING - Output directory 'LOGS' does not exist: /path/to/your/logs
