2025-03-09 16:02:59,823 - INFO - Using GPU device 1.
2025-03-09 16:02:59,824 - INFO - Output directory 'TNG300_ICS' is set to: /caefs/data/IllustrisTNG/300/ICS
2025-03-09 16:02:59,824 - INFO - Output directory 'TNG300_snapshot99' is set to: /caefs/data/IllustrisTNG/snapshot-99-dm-npy/cache
2025-03-09 16:02:59,824 - WARNING - Output directory 'NPZ' does not exist: /path/to/your/output/npz
2025-03-09 16:02:59,824 - INFO - Output directory 'NPY' is set to: /caefs/data/IllustrisTNG/300/ICS
2025-03-09 16:02:59,825 - WARNING - Output directory 'LOGS' does not exist: /path/to/your/logs
2025-03-09 16:02:59,951 - INFO - Using GPU device 1.
2025-03-09 16:02:59,952 - INFO - Output directory 'TNG300_ICS' is set to: /caefs/data/IllustrisTNG/300/ICS
2025-03-09 16:02:59,952 - INFO - Output directory 'TNG300_snapshot99' is set to: /caefs/data/IllustrisTNG/snapshot-99-dm-npy/cache
2025-03-09 16:02:59,952 - WARNING - Output directory 'NPZ' does not exist: /path/to/your/output/npz
2025-03-09 16:02:59,952 - INFO - Output directory 'NPY' is set to: /caefs/data/IllustrisTNG/300/ICS
2025-03-09 16:02:59,952 - WARNING - Output directory 'LOGS' does not exist: /path/to/your/logs
2025-03-09 16:03:00,030 - INFO - Using GPU device 1.
2025-03-09 16:03:00,031 - INFO - Output directory 'TNG300_ICS' is set to: /caefs/data/IllustrisTNG/300/ICS
2025-03-09 16:03:00,031 - INFO - Output directory 'TNG300_snapshot99' is set to: /caefs/data/IllustrisTNG/snapshot-99-dm-npy/cache
2025-03-09 16:03:00,031 - WARNING - Output directory 'NPZ' does not exist: /path/to/your/output/npz
2025-03-09 16:03:00,031 - INFO - Output directory 'NPY' is set to: /caefs/data/IllustrisTNG/300/ICS
2025-03-09 16:03:00,031 - WARNING - Output directory 'LOGS' does not exist: /path/to/your/logs
2025-03-09 16:03:00,116 - INFO - Using GPU device 1.
2025-03-09 16:03:00,116 - INFO - Output directory 'TNG300_ICS' is set to: /caefs/data/IllustrisTNG/300/ICS
2025-03-09 16:03:00,116 - INFO - Output directory 'TNG300_snapshot99' is set to: /caefs/data/IllustrisTNG/snapshot-99-dm-npy/cache
2025-03-09 16:03:00,117 - WARNING - Output directory 'NPZ' does not exist: /path/to/your/output/npz
2025-03-09 16:03:00,117 - INFO - Output directory 'NPY' is set to: /caefs/data/IllustrisTNG/300/ICS
2025-03-09 16:03:00,117 - WARNING - Output directory 'LOGS' does not exist: /path/to/your/logs
2025-03-09 16:03:00,346 - INFO - Using GPU device 1.
2025-03-09 16:03:00,346 - INFO - Output directory 'TNG300_ICS' is set to: /caefs/data/IllustrisTNG/300/ICS
2025-03-09 16:03:00,346 - INFO - Output directory 'TNG300_snapshot99' is set to: /caefs/data/IllustrisTNG/snapshot-99-dm-npy/cache
2025-03-09 16:03:00,346 - WARNING - Output directory 'NPZ' does not exist: /path/to/your/output/npz
2025-03-09 16:03:00,347 - INFO - Output directory 'NPY' is set to: /caefs/data/IllustrisTNG/300/ICS
2025-03-09 16:03:00,347 - WARNING - Output directory 'LOGS' does not exist: /path/to/your/logs
2025-03-09 16:03:00,360 - INFO - Using GPU device 1.
2025-03-09 16:03:00,361 - INFO - Output directory 'TNG300_ICS' is set to: /caefs/data/IllustrisTNG/300/ICS
2025-03-09 16:03:00,361 - INFO - Output directory 'TNG300_snapshot99' is set to: /caefs/data/IllustrisTNG/snapshot-99-dm-npy/cache
2025-03-09 16:03:00,361 - WARNING - Output directory 'NPZ' does not exist: /path/to/your/output/npz
2025-03-09 16:03:00,361 - INFO - Output directory 'NPY' is set to: /caefs/data/IllustrisTNG/300/ICS
2025-03-09 16:03:00,361 - WARNING - Output directory 'LOGS' does not exist: /path/to/your/logs
2025-03-09 16:03:00,472 - INFO - Using GPU device 1.
2025-03-09 16:03:00,472 - INFO - Output directory 'TNG300_ICS' is set to: /caefs/data/IllustrisTNG/300/ICS
2025-03-09 16:03:00,473 - INFO - Output directory 'TNG300_snapshot99' is set to: /caefs/data/IllustrisTNG/snapshot-99-dm-npy/cache
2025-03-09 16:03:00,473 - WARNING - Output directory 'NPZ' does not exist: /path/to/your/output/npz
2025-03-09 16:03:00,473 - INFO - Output directory 'NPY' is set to: /caefs/data/IllustrisTNG/300/ICS
2025-03-09 16:03:00,473 - WARNING - Output directory 'LOGS' does not exist: /path/to/your/logs
2025-03-09 16:03:00,485 - INFO - Using GPU device 1.
2025-03-09 16:03:00,486 - INFO - Output directory 'TNG300_ICS' is set to: /caefs/data/IllustrisTNG/300/ICS
2025-03-09 16:03:00,486 - INFO - Output directory 'TNG300_snapshot99' is set to: /caefs/data/IllustrisTNG/snapshot-99-dm-npy/cache
2025-03-09 16:03:00,486 - WARNING - Output directory 'NPZ' does not exist: /path/to/your/output/npz
2025-03-09 16:03:00,487 - INFO - Output directory 'NPY' is set to: /caefs/data/IllustrisTNG/300/ICS
2025-03-09 16:03:00,487 - WARNING - Output directory 'LOGS' does not exist: /path/to/your/logs
2025-03-09 16:03:00,496 - INFO - Using GPU device 1.
2025-03-09 16:03:00,497 - INFO - Output directory 'TNG300_ICS' is set to: /caefs/data/IllustrisTNG/300/ICS
2025-03-09 16:03:00,497 - INFO - Output directory 'TNG300_snapshot99' is set to: /caefs/data/IllustrisTNG/snapshot-99-dm-npy/cache
2025-03-09 16:03:00,497 - WARNING - Output directory 'NPZ' does not exist: /path/to/your/output/npz
2025-03-09 16:03:00,497 - INFO - Output directory 'NPY' is set to: /caefs/data/IllustrisTNG/300/ICS
2025-03-09 16:03:00,497 - WARNING - Output directory 'LOGS' does not exist: /path/to/your/logs
