2025-03-09 15:44:00,557 - INFO - Using GPU device 1.
2025-03-09 15:44:00,559 - INFO - Output directory 'TNG300_ICS' is set to: /caefs/data/IllustrisTNG/300/ICS
2025-03-09 15:44:00,559 - INFO - Output directory 'TNG300_snapshot99' is set to: /caefs/data/IllustrisTNG/snapshot-99-dm-npy/cache
2025-03-09 15:44:00,559 - WARNING - Output directory 'NPZ' does not exist: /path/to/your/output/npz
2025-03-09 15:44:00,559 - INFO - Output directory 'NPY' is set to: /caefs/data/IllustrisTNG/300/ICS
2025-03-09 15:44:00,559 - WARNING - Output directory 'LOGS' does not exist: /path/to/your/logs
2025-03-09 15:44:00,605 - INFO - Using GPU device 1.
2025-03-09 15:44:00,606 - INFO - Output directory 'TNG300_ICS' is set to: /caefs/data/IllustrisTNG/300/ICS
2025-03-09 15:44:00,606 - INFO - Output directory 'TNG300_snapshot99' is set to: /caefs/data/IllustrisTNG/snapshot-99-dm-npy/cache
2025-03-09 15:44:00,606 - WARNING - Output directory 'NPZ' does not exist: /path/to/your/output/npz
2025-03-09 15:44:00,606 - INFO - Output directory 'NPY' is set to: /caefs/data/IllustrisTNG/300/ICS
2025-03-09 15:44:00,606 - WARNING - Output directory 'LOGS' does not exist: /path/to/your/logs
2025-03-09 15:44:00,736 - INFO - Using GPU device 1.
2025-03-09 15:44:00,736 - INFO - Output directory 'TNG300_ICS' is set to: /caefs/data/IllustrisTNG/300/ICS
2025-03-09 15:44:00,736 - INFO - Output directory 'TNG300_snapshot99' is set to: /caefs/data/IllustrisTNG/snapshot-99-dm-npy/cache
2025-03-09 15:44:00,736 - WARNING - Output directory 'NPZ' does not exist: /path/to/your/output/npz
2025-03-09 15:44:00,736 - INFO - Output directory 'NPY' is set to: /caefs/data/IllustrisTNG/300/ICS
2025-03-09 15:44:00,736 - WARNING - Output directory 'LOGS' does not exist: /path/to/your/logs
2025-03-09 15:44:00,803 - INFO - Using GPU device 1.
2025-03-09 15:44:00,803 - INFO - Output directory 'TNG300_ICS' is set to: /caefs/data/IllustrisTNG/300/ICS
2025-03-09 15:44:00,804 - INFO - Output directory 'TNG300_snapshot99' is set to: /caefs/data/IllustrisTNG/snapshot-99-dm-npy/cache
2025-03-09 15:44:00,804 - WARNING - Output directory 'NPZ' does not exist: /path/to/your/output/npz
2025-03-09 15:44:00,804 - INFO - Output directory 'NPY' is set to: /caefs/data/IllustrisTNG/300/ICS
2025-03-09 15:44:00,804 - WARNING - Output directory 'LOGS' does not exist: /path/to/your/logs
2025-03-09 15:44:00,944 - INFO - Using GPU device 1.
2025-03-09 15:44:00,945 - INFO - Output directory 'TNG300_ICS' is set to: /caefs/data/IllustrisTNG/300/ICS
2025-03-09 15:44:00,945 - INFO - Output directory 'TNG300_snapshot99' is set to: /caefs/data/IllustrisTNG/snapshot-99-dm-npy/cache
2025-03-09 15:44:00,945 - WARNING - Output directory 'NPZ' does not exist: /path/to/your/output/npz
2025-03-09 15:44:00,945 - INFO - Output directory 'NPY' is set to: /caefs/data/IllustrisTNG/300/ICS
2025-03-09 15:44:00,945 - WARNING - Output directory 'LOGS' does not exist: /path/to/your/logs
2025-03-09 15:44:01,227 - INFO - Using GPU device 1.
2025-03-09 15:44:01,228 - INFO - Output directory 'TNG300_ICS' is set to: /caefs/data/IllustrisTNG/300/ICS
2025-03-09 15:44:01,228 - INFO - Output directory 'TNG300_snapshot99' is set to: /caefs/data/IllustrisTNG/snapshot-99-dm-npy/cache
2025-03-09 15:44:01,228 - WARNING - Output directory 'NPZ' does not exist: /path/to/your/output/npz
2025-03-09 15:44:01,228 - INFO - Output directory 'NPY' is set to: /caefs/data/IllustrisTNG/300/ICS
2025-03-09 15:44:01,228 - WARNING - Output directory 'LOGS' does not exist: /path/to/your/logs
2025-03-09 15:44:01,311 - INFO - Using GPU device 1.
2025-03-09 15:44:01,311 - INFO - Output directory 'TNG300_ICS' is set to: /caefs/data/IllustrisTNG/300/ICS
2025-03-09 15:44:01,312 - INFO - Output directory 'TNG300_snapshot99' is set to: /caefs/data/IllustrisTNG/snapshot-99-dm-npy/cache
2025-03-09 15:44:01,312 - WARNING - Output directory 'NPZ' does not exist: /path/to/your/output/npz
2025-03-09 15:44:01,312 - INFO - Output directory 'NPY' is set to: /caefs/data/IllustrisTNG/300/ICS
2025-03-09 15:44:01,312 - WARNING - Output directory 'LOGS' does not exist: /path/to/your/logs
2025-03-09 15:44:01,563 - INFO - Using GPU device 1.
2025-03-09 15:44:01,564 - INFO - Output directory 'TNG300_ICS' is set to: /caefs/data/IllustrisTNG/300/ICS
2025-03-09 15:44:01,564 - INFO - Output directory 'TNG300_snapshot99' is set to: /caefs/data/IllustrisTNG/snapshot-99-dm-npy/cache
2025-03-09 15:44:01,564 - WARNING - Output directory 'NPZ' does not exist: /path/to/your/output/npz
2025-03-09 15:44:01,564 - INFO - Output directory 'NPY' is set to: /caefs/data/IllustrisTNG/300/ICS
2025-03-09 15:44:01,565 - WARNING - Output directory 'LOGS' does not exist: /path/to/your/logs
2025-03-09 15:44:01,696 - INFO - Using GPU device 1.
2025-03-09 15:44:01,696 - INFO - Output directory 'TNG300_ICS' is set to: /caefs/data/IllustrisTNG/300/ICS
2025-03-09 15:44:01,697 - INFO - Output directory 'TNG300_snapshot99' is set to: /caefs/data/IllustrisTNG/snapshot-99-dm-npy/cache
2025-03-09 15:44:01,697 - WARNING - Output directory 'NPZ' does not exist: /path/to/your/output/npz
2025-03-09 15:44:01,697 - INFO - Output directory 'NPY' is set to: /caefs/data/IllustrisTNG/300/ICS
2025-03-09 15:44:01,698 - WARNING - Output directory 'LOGS' does not exist: /path/to/your/logs
