2025-03-09 15:30:01,233 - INFO - Using GPU device 1.
2025-03-09 15:30:01,234 - INFO - Output directory 'TNG300_ICS' is set to: /caefs/data/IllustrisTNG/300/ICS
2025-03-09 15:30:01,234 - INFO - Output directory 'TNG300_snapshot99' is set to: /caefs/data/IllustrisTNG/snapshot-99-dm-npy/cache
2025-03-09 15:30:01,234 - WARNING - Output directory 'NPZ' does not exist: /path/to/your/output/npz
2025-03-09 15:30:01,234 - INFO - Output directory 'NPY' is set to: /caefs/data/IllustrisTNG/300/ICS
2025-03-09 15:30:01,234 - WARNING - Output directory 'LOGS' does not exist: /path/to/your/logs
2025-03-09 15:30:01,254 - INFO - Using GPU device 1.
2025-03-09 15:30:01,254 - INFO - Output directory 'TNG300_ICS' is set to: /caefs/data/IllustrisTNG/300/ICS
2025-03-09 15:30:01,254 - INFO - Output directory 'TNG300_snapshot99' is set to: /caefs/data/IllustrisTNG/snapshot-99-dm-npy/cache
2025-03-09 15:30:01,254 - WARNING - Output directory 'NPZ' does not exist: /path/to/your/output/npz
2025-03-09 15:30:01,254 - INFO - Output directory 'NPY' is set to: /caefs/data/IllustrisTNG/300/ICS
2025-03-09 15:30:01,254 - WARNING - Output directory 'LOGS' does not exist: /path/to/your/logs
2025-03-09 15:30:01,373 - INFO - Using GPU device 1.
2025-03-09 15:30:01,374 - INFO - Output directory 'TNG300_ICS' is set to: /caefs/data/IllustrisTNG/300/ICS
2025-03-09 15:30:01,374 - INFO - Output directory 'TNG300_snapshot99' is set to: /caefs/data/IllustrisTNG/snapshot-99-dm-npy/cache
2025-03-09 15:30:01,374 - WARNING - Output directory 'NPZ' does not exist: /path/to/your/output/npz
2025-03-09 15:30:01,374 - INFO - Output directory 'NPY' is set to: /caefs/data/IllustrisTNG/300/ICS
2025-03-09 15:30:01,374 - WARNING - Output directory 'LOGS' does not exist: /path/to/your/logs
2025-03-09 15:30:01,949 - INFO - Input directory (npy): /caefs/data/IllustrisTNG/snapshot-99-dm-npy/cache
2025-03-09 15:30:01,949 - INFO - Output directory: /caefs/user/mmingyeong/structura/Structura/src/results
2025-03-09 15:30:01,951 - DEBUG - Detected 598 .npy file(s) in the input directory.
2025-03-09 15:30:01,951 - DEBUG - Example file: snapshot-99.370.npy
2025-03-09 15:30:01,951 - DEBUG - Filtering range set to: 100.00 - 110.00 cMpc/h (Center: 105.00 cMpc/h, Thickness: 10.00 cMpc/h)
2025-03-09 15:30:01,951 - INFO - Loading data...
2025-03-09 15:30:01,957 - INFO - Input directory (npy): /caefs/data/IllustrisTNG/snapshot-99-dm-npy/cache
2025-03-09 15:30:01,958 - INFO - Output directory: /caefs/user/mmingyeong/structura/Structura/src/results
2025-03-09 15:30:01,959 - DEBUG - Detected 598 .npy file(s) in the input directory.
2025-03-09 15:30:01,959 - DEBUG - Example file: snapshot-99.370.npy
2025-03-09 15:30:01,959 - DEBUG - Filtering range set to: 100.00 - 110.00 cMpc/h (Center: 105.00 cMpc/h, Thickness: 10.00 cMpc/h)
2025-03-09 15:30:01,959 - INFO - Loading data...
2025-03-09 15:30:02,150 - INFO - Input directory (npy): /caefs/data/IllustrisTNG/snapshot-99-dm-npy/cache
2025-03-09 15:30:02,150 - INFO - Output directory: /caefs/user/mmingyeong/structura/Structura/src/results
2025-03-09 15:30:02,152 - DEBUG - Detected 598 .npy file(s) in the input directory.
2025-03-09 15:30:02,152 - DEBUG - Example file: snapshot-99.370.npy
2025-03-09 15:30:02,152 - DEBUG - Filtering range set to: 100.00 - 110.00 cMpc/h (Center: 105.00 cMpc/h, Thickness: 10.00 cMpc/h)
2025-03-09 15:30:02,152 - INFO - Loading data...
