2025-03-06 22:47:51,141 - WARNING - Numba is not installed. JIT acceleration will not be available.
2025-03-06 22:47:51,335 - INFO - ✅ Using GPU device 1.
2025-03-06 22:47:51,337 - INFO - 📁 Output directory 'TNG300_ICS' is set to: /caefs/data/IllustrisTNG/300/ICS
2025-03-06 22:47:51,338 - INFO - 📁 Output directory 'TNG300_snapshot99' is set to: /caefs/data/IllustrisTNG/snapshot-99-dm-npy/cache
2025-03-06 22:47:51,338 - WARNING - ⚠️ Output directory 'NPZ' does not exist: /path/to/your/output/npz
2025-03-06 22:47:51,338 - INFO - 📁 Output directory 'NPY' is set to: /caefs/data/IllustrisTNG/300/ICS
2025-03-06 22:47:51,338 - WARNING - ⚠️ Output directory 'LOGS' does not exist: /path/to/your/logs
2025-03-06 22:47:51,339 - INFO - 📁 Input (npy) folder: /caefs/data/IllustrisTNG/300/ICS
2025-03-06 22:47:51,339 - INFO - 📁 Output folder: /caefs/user/mmingyeong/structura/Structura/src/results
2025-03-06 22:47:51,340 - DEBUG - 📂 Detected 313 .npy files in the input folder.
2025-03-06 22:47:51,340 - DEBUG - 📄 Example file: chunk_89.npy
2025-03-06 22:47:51,340 - DEBUG - Filtering range set: x_min=100000, x_max=110000, x_thickness=10000, x_center=105000.0
2025-03-06 22:47:51,340 - INFO - 🔹 Loading data...
2025-03-06 22:53:37,706 - INFO - ✅ Time taken to load all chunks: 346.37s
2025-03-06 22:53:41,774 - INFO - Combined data shape: (762389036, 3)
2025-03-06 22:54:51,038 - INFO - Data statistics per column:
 Mean: [2884.3848 5768.7695 5768.7695]
 Median: [105000.58 102413.86 102518.44]
 Min: [100000.      0.      0.]
 Max: [110000. 205000. 205000.]
2025-03-06 22:54:51,038 - INFO - Projection axis 0 data range: min: 100000.0, max: 110000.0
2025-03-06 22:54:58,915 - DEBUG - Data shape: (762389036, 3)
2025-03-06 22:54:58,915 - INFO - ✅ Data loaded successfully.
2025-03-06 22:54:58,916 - INFO - 🔹 Computing 2D histogram and generating image plot...
2025-03-06 22:55:04,651 - ERROR - ❌ Error occurred for scale 'log10': [Errno 2] No such file or directory: '/caefs/user/mmingyeong/structura/Structura/src/results/2D Histogram (log10, 0.5 cMpc/h/bin).png'
2025-03-06 22:55:09,468 - ERROR - ❌ Error occurred for scale 'log2': [Errno 2] No such file or directory: '/caefs/user/mmingyeong/structura/Structura/src/results/2D Histogram (log2, 0.5 cMpc/h/bin).png'
2025-03-06 22:55:14,230 - ERROR - ❌ Error occurred for scale 'ln': [Errno 2] No such file or directory: '/caefs/user/mmingyeong/structura/Structura/src/results/2D Histogram (ln, 0.5 cMpc/h/bin).png'
2025-03-06 22:55:18,983 - ERROR - ❌ Error occurred for scale 'sqrt': [Errno 2] No such file or directory: '/caefs/user/mmingyeong/structura/Structura/src/results/2D Histogram (sqrt, 0.5 cMpc/h/bin).png'
2025-03-06 22:55:23,521 - ERROR - ❌ Error occurred for scale 'linear': [Errno 2] No such file or directory: '/caefs/user/mmingyeong/structura/Structura/src/results/2D Histogram (linear, 0.5 cMpc/h/bin).png'
2025-03-06 22:55:23,521 - INFO - ⏳ Total execution time: 00:07:32 (452.18 seconds)
2025-03-06 22:55:23,521 - INFO - ✅ Plot generated successfully!
