2025-03-09 16:59:24,590 - INFO - Using GPU device 1.
2025-03-09 16:59:24,592 - INFO - Output directory 'TNG300_ICS' is set to: /caefs/data/IllustrisTNG/300/ICS
2025-03-09 16:59:24,592 - INFO - Output directory 'TNG300_snapshot99' is set to: /caefs/data/IllustrisTNG/snapshot-99-dm-npy/cache
2025-03-09 16:59:24,592 - WARNING - Output directory 'NPZ' does not exist: /path/to/your/output/npz
2025-03-09 16:59:24,593 - INFO - Output directory 'NPY' is set to: /caefs/data/IllustrisTNG/300/ICS
2025-03-09 16:59:24,593 - WARNING - Output directory 'LOGS' does not exist: /path/to/your/logs
2025-03-09 16:59:24,962 - INFO - Using GPU device 1.
2025-03-09 16:59:24,963 - INFO - Output directory 'TNG300_ICS' is set to: /caefs/data/IllustrisTNG/300/ICS
2025-03-09 16:59:24,963 - INFO - Output directory 'TNG300_snapshot99' is set to: /caefs/data/IllustrisTNG/snapshot-99-dm-npy/cache
2025-03-09 16:59:24,963 - WARNING - Output directory 'NPZ' does not exist: /path/to/your/output/npz
2025-03-09 16:59:24,964 - INFO - Output directory 'NPY' is set to: /caefs/data/IllustrisTNG/300/ICS
2025-03-09 16:59:24,964 - WARNING - Output directory 'LOGS' does not exist: /path/to/your/logs
2025-03-09 16:59:25,260 - INFO - Using GPU device 1.
2025-03-09 16:59:25,261 - INFO - Output directory 'TNG300_ICS' is set to: /caefs/data/IllustrisTNG/300/ICS
2025-03-09 16:59:25,262 - INFO - Output directory 'TNG300_snapshot99' is set to: /caefs/data/IllustrisTNG/snapshot-99-dm-npy/cache
2025-03-09 16:59:25,262 - WARNING - Output directory 'NPZ' does not exist: /path/to/your/output/npz
2025-03-09 16:59:25,262 - INFO - Output directory 'NPY' is set to: /caefs/data/IllustrisTNG/300/ICS
2025-03-09 16:59:25,263 - WARNING - Output directory 'LOGS' does not exist: /path/to/your/logs
2025-03-09 16:59:25,737 - INFO - Using GPU device 1.
2025-03-09 16:59:25,738 - INFO - Output directory 'TNG300_ICS' is set to: /caefs/data/IllustrisTNG/300/ICS
2025-03-09 16:59:25,738 - INFO - Output directory 'TNG300_snapshot99' is set to: /caefs/data/IllustrisTNG/snapshot-99-dm-npy/cache
2025-03-09 16:59:25,738 - WARNING - Output directory 'NPZ' does not exist: /path/to/your/output/npz
2025-03-09 16:59:25,738 - INFO - Output directory 'NPY' is set to: /caefs/data/IllustrisTNG/300/ICS
2025-03-09 16:59:25,738 - WARNING - Output directory 'LOGS' does not exist: /path/to/your/logs
