2025-03-09 15:50:20,579 - INFO - Using GPU device 1.
2025-03-09 15:50:20,580 - INFO - Output directory 'TNG300_ICS' is set to: /caefs/data/IllustrisTNG/300/ICS
2025-03-09 15:50:20,580 - INFO - Output directory 'TNG300_snapshot99' is set to: /caefs/data/IllustrisTNG/snapshot-99-dm-npy/cache
2025-03-09 15:50:20,580 - WARNING - Output directory 'NPZ' does not exist: /path/to/your/output/npz
2025-03-09 15:50:20,581 - INFO - Output directory 'NPY' is set to: /caefs/data/IllustrisTNG/300/ICS
2025-03-09 15:50:20,581 - WARNING - Output directory 'LOGS' does not exist: /path/to/your/logs
2025-03-09 15:50:21,859 - INFO - Using GPU device 1.
2025-03-09 15:50:21,860 - INFO - Output directory 'TNG300_ICS' is set to: /caefs/data/IllustrisTNG/300/ICS
2025-03-09 15:50:21,860 - INFO - Output directory 'TNG300_snapshot99' is set to: /caefs/data/IllustrisTNG/snapshot-99-dm-npy/cache
2025-03-09 15:50:21,860 - WARNING - Output directory 'NPZ' does not exist: /path/to/your/output/npz
2025-03-09 15:50:21,860 - INFO - Output directory 'NPY' is set to: /caefs/data/IllustrisTNG/300/ICS
2025-03-09 15:50:21,860 - WARNING - Output directory 'LOGS' does not exist: /path/to/your/logs
2025-03-09 15:50:22,814 - INFO - Using GPU device 1.
2025-03-09 15:50:22,814 - INFO - Output directory 'TNG300_ICS' is set to: /caefs/data/IllustrisTNG/300/ICS
2025-03-09 15:50:22,814 - INFO - Output directory 'TNG300_snapshot99' is set to: /caefs/data/IllustrisTNG/snapshot-99-dm-npy/cache
2025-03-09 15:50:22,814 - WARNING - Output directory 'NPZ' does not exist: /path/to/your/output/npz
2025-03-09 15:50:22,815 - INFO - Output directory 'NPY' is set to: /caefs/data/IllustrisTNG/300/ICS
2025-03-09 15:50:22,815 - WARNING - Output directory 'LOGS' does not exist: /path/to/your/logs
2025-03-09 15:50:22,953 - INFO - Using GPU device 1.
2025-03-09 15:50:22,954 - INFO - Output directory 'TNG300_ICS' is set to: /caefs/data/IllustrisTNG/300/ICS
2025-03-09 15:50:22,954 - INFO - Output directory 'TNG300_snapshot99' is set to: /caefs/data/IllustrisTNG/snapshot-99-dm-npy/cache
2025-03-09 15:50:22,954 - WARNING - Output directory 'NPZ' does not exist: /path/to/your/output/npz
2025-03-09 15:50:22,954 - INFO - Output directory 'NPY' is set to: /caefs/data/IllustrisTNG/300/ICS
2025-03-09 15:50:22,954 - WARNING - Output directory 'LOGS' does not exist: /path/to/your/logs
2025-03-09 15:50:23,038 - INFO - Using GPU device 1.
2025-03-09 15:50:23,038 - INFO - Output directory 'TNG300_ICS' is set to: /caefs/data/IllustrisTNG/300/ICS
2025-03-09 15:50:23,038 - INFO - Output directory 'TNG300_snapshot99' is set to: /caefs/data/IllustrisTNG/snapshot-99-dm-npy/cache
2025-03-09 15:50:23,038 - WARNING - Output directory 'NPZ' does not exist: /path/to/your/output/npz
2025-03-09 15:50:23,038 - INFO - Output directory 'NPY' is set to: /caefs/data/IllustrisTNG/300/ICS
2025-03-09 15:50:23,039 - WARNING - Output directory 'LOGS' does not exist: /path/to/your/logs
2025-03-09 15:50:23,161 - INFO - Using GPU device 1.
2025-03-09 15:50:23,162 - INFO - Output directory 'TNG300_ICS' is set to: /caefs/data/IllustrisTNG/300/ICS
2025-03-09 15:50:23,162 - INFO - Output directory 'TNG300_snapshot99' is set to: /caefs/data/IllustrisTNG/snapshot-99-dm-npy/cache
2025-03-09 15:50:23,162 - WARNING - Output directory 'NPZ' does not exist: /path/to/your/output/npz
2025-03-09 15:50:23,162 - INFO - Output directory 'NPY' is set to: /caefs/data/IllustrisTNG/300/ICS
2025-03-09 15:50:23,163 - WARNING - Output directory 'LOGS' does not exist: /path/to/your/logs
2025-03-09 15:50:23,227 - INFO - Using GPU device 1.
2025-03-09 15:50:23,228 - INFO - Output directory 'TNG300_ICS' is set to: /caefs/data/IllustrisTNG/300/ICS
2025-03-09 15:50:23,229 - INFO - Output directory 'TNG300_snapshot99' is set to: /caefs/data/IllustrisTNG/snapshot-99-dm-npy/cache
2025-03-09 15:50:23,229 - WARNING - Output directory 'NPZ' does not exist: /path/to/your/output/npz
2025-03-09 15:50:23,229 - INFO - Output directory 'NPY' is set to: /caefs/data/IllustrisTNG/300/ICS
2025-03-09 15:50:23,229 - WARNING - Output directory 'LOGS' does not exist: /path/to/your/logs
2025-03-09 15:50:23,302 - INFO - Using GPU device 1.
2025-03-09 15:50:23,302 - INFO - Output directory 'TNG300_ICS' is set to: /caefs/data/IllustrisTNG/300/ICS
2025-03-09 15:50:23,303 - INFO - Output directory 'TNG300_snapshot99' is set to: /caefs/data/IllustrisTNG/snapshot-99-dm-npy/cache
2025-03-09 15:50:23,303 - WARNING - Output directory 'NPZ' does not exist: /path/to/your/output/npz
2025-03-09 15:50:23,303 - INFO - Output directory 'NPY' is set to: /caefs/data/IllustrisTNG/300/ICS
2025-03-09 15:50:23,303 - WARNING - Output directory 'LOGS' does not exist: /path/to/your/logs
2025-03-09 15:50:23,394 - INFO - Using GPU device 1.
2025-03-09 15:50:23,394 - INFO - Output directory 'TNG300_ICS' is set to: /caefs/data/IllustrisTNG/300/ICS
2025-03-09 15:50:23,395 - INFO - Output directory 'TNG300_snapshot99' is set to: /caefs/data/IllustrisTNG/snapshot-99-dm-npy/cache
2025-03-09 15:50:23,395 - WARNING - Output directory 'NPZ' does not exist: /path/to/your/output/npz
2025-03-09 15:50:23,395 - INFO - Output directory 'NPY' is set to: /caefs/data/IllustrisTNG/300/ICS
2025-03-09 15:50:23,395 - WARNING - Output directory 'LOGS' does not exist: /path/to/your/logs
2025-03-09 15:50:23,495 - INFO - Using GPU device 1.
2025-03-09 15:50:23,495 - INFO - Output directory 'TNG300_ICS' is set to: /caefs/data/IllustrisTNG/300/ICS
2025-03-09 15:50:23,495 - INFO - Output directory 'TNG300_snapshot99' is set to: /caefs/data/IllustrisTNG/snapshot-99-dm-npy/cache
2025-03-09 15:50:23,495 - WARNING - Output directory 'NPZ' does not exist: /path/to/your/output/npz
2025-03-09 15:50:23,495 - INFO - Output directory 'NPY' is set to: /caefs/data/IllustrisTNG/300/ICS
2025-03-09 15:50:23,495 - WARNING - Output directory 'LOGS' does not exist: /path/to/your/logs
2025-03-09 15:50:23,574 - INFO - Using GPU device 1.
2025-03-09 15:50:23,575 - INFO - Output directory 'TNG300_ICS' is set to: /caefs/data/IllustrisTNG/300/ICS
2025-03-09 15:50:23,575 - INFO - Output directory 'TNG300_snapshot99' is set to: /caefs/data/IllustrisTNG/snapshot-99-dm-npy/cache
2025-03-09 15:50:23,576 - WARNING - Output directory 'NPZ' does not exist: /path/to/your/output/npz
2025-03-09 15:50:23,576 - INFO - Output directory 'NPY' is set to: /caefs/data/IllustrisTNG/300/ICS
2025-03-09 15:50:23,576 - WARNING - Output directory 'LOGS' does not exist: /path/to/your/logs
2025-03-09 15:50:23,642 - INFO - Using GPU device 1.
2025-03-09 15:50:23,643 - INFO - Output directory 'TNG300_ICS' is set to: /caefs/data/IllustrisTNG/300/ICS
2025-03-09 15:50:23,643 - INFO - Output directory 'TNG300_snapshot99' is set to: /caefs/data/IllustrisTNG/snapshot-99-dm-npy/cache
2025-03-09 15:50:23,643 - WARNING - Output directory 'NPZ' does not exist: /path/to/your/output/npz
2025-03-09 15:50:23,643 - INFO - Output directory 'NPY' is set to: /caefs/data/IllustrisTNG/300/ICS
2025-03-09 15:50:23,643 - WARNING - Output directory 'LOGS' does not exist: /path/to/your/logs
2025-03-09 15:50:23,651 - INFO - Using GPU device 1.
2025-03-09 15:50:23,652 - INFO - Output directory 'TNG300_ICS' is set to: /caefs/data/IllustrisTNG/300/ICS
2025-03-09 15:50:23,652 - INFO - Output directory 'TNG300_snapshot99' is set to: /caefs/data/IllustrisTNG/snapshot-99-dm-npy/cache
2025-03-09 15:50:23,652 - WARNING - Output directory 'NPZ' does not exist: /path/to/your/output/npz
2025-03-09 15:50:23,652 - INFO - Output directory 'NPY' is set to: /caefs/data/IllustrisTNG/300/ICS
2025-03-09 15:50:23,652 - WARNING - Output directory 'LOGS' does not exist: /path/to/your/logs
2025-03-09 15:50:23,689 - INFO - Using GPU device 1.
2025-03-09 15:50:23,689 - INFO - Output directory 'TNG300_ICS' is set to: /caefs/data/IllustrisTNG/300/ICS
2025-03-09 15:50:23,689 - INFO - Output directory 'TNG300_snapshot99' is set to: /caefs/data/IllustrisTNG/snapshot-99-dm-npy/cache
2025-03-09 15:50:23,690 - WARNING - Output directory 'NPZ' does not exist: /path/to/your/output/npz
2025-03-09 15:50:23,690 - INFO - Output directory 'NPY' is set to: /caefs/data/IllustrisTNG/300/ICS
2025-03-09 15:50:23,690 - WARNING - Output directory 'LOGS' does not exist: /path/to/your/logs
2025-03-09 15:50:23,798 - INFO - Using GPU device 1.
2025-03-09 15:50:23,799 - INFO - Output directory 'TNG300_ICS' is set to: /caefs/data/IllustrisTNG/300/ICS
2025-03-09 15:50:23,799 - INFO - Output directory 'TNG300_snapshot99' is set to: /caefs/data/IllustrisTNG/snapshot-99-dm-npy/cache
2025-03-09 15:50:23,799 - WARNING - Output directory 'NPZ' does not exist: /path/to/your/output/npz
2025-03-09 15:50:23,799 - INFO - Output directory 'NPY' is set to: /caefs/data/IllustrisTNG/300/ICS
2025-03-09 15:50:23,799 - WARNING - Output directory 'LOGS' does not exist: /path/to/your/logs
2025-03-09 15:50:23,852 - INFO - Using GPU device 1.
2025-03-09 15:50:23,852 - INFO - Output directory 'TNG300_ICS' is set to: /caefs/data/IllustrisTNG/300/ICS
2025-03-09 15:50:23,852 - INFO - Output directory 'TNG300_snapshot99' is set to: /caefs/data/IllustrisTNG/snapshot-99-dm-npy/cache
2025-03-09 15:50:23,853 - WARNING - Output directory 'NPZ' does not exist: /path/to/your/output/npz
2025-03-09 15:50:23,853 - INFO - Output directory 'NPY' is set to: /caefs/data/IllustrisTNG/300/ICS
2025-03-09 15:50:23,853 - WARNING - Output directory 'LOGS' does not exist: /path/to/your/logs
2025-03-09 15:50:24,060 - INFO - Using GPU device 1.
2025-03-09 15:50:24,060 - INFO - Output directory 'TNG300_ICS' is set to: /caefs/data/IllustrisTNG/300/ICS
2025-03-09 15:50:24,060 - INFO - Output directory 'TNG300_snapshot99' is set to: /caefs/data/IllustrisTNG/snapshot-99-dm-npy/cache
2025-03-09 15:50:24,061 - WARNING - Output directory 'NPZ' does not exist: /path/to/your/output/npz
2025-03-09 15:50:24,061 - INFO - Output directory 'NPY' is set to: /caefs/data/IllustrisTNG/300/ICS
2025-03-09 15:50:24,061 - WARNING - Output directory 'LOGS' does not exist: /path/to/your/logs
2025-03-09 15:50:24,105 - INFO - Using GPU device 1.
2025-03-09 15:50:24,105 - INFO - Output directory 'TNG300_ICS' is set to: /caefs/data/IllustrisTNG/300/ICS
2025-03-09 15:50:24,106 - INFO - Output directory 'TNG300_snapshot99' is set to: /caefs/data/IllustrisTNG/snapshot-99-dm-npy/cache
2025-03-09 15:50:24,106 - WARNING - Output directory 'NPZ' does not exist: /path/to/your/output/npz
2025-03-09 15:50:24,106 - INFO - Output directory 'NPY' is set to: /caefs/data/IllustrisTNG/300/ICS
2025-03-09 15:50:24,106 - WARNING - Output directory 'LOGS' does not exist: /path/to/your/logs
2025-03-09 15:50:24,173 - INFO - Using GPU device 1.
2025-03-09 15:50:24,174 - INFO - Output directory 'TNG300_ICS' is set to: /caefs/data/IllustrisTNG/300/ICS
2025-03-09 15:50:24,174 - INFO - Output directory 'TNG300_snapshot99' is set to: /caefs/data/IllustrisTNG/snapshot-99-dm-npy/cache
2025-03-09 15:50:24,174 - WARNING - Output directory 'NPZ' does not exist: /path/to/your/output/npz
2025-03-09 15:50:24,174 - INFO - Output directory 'NPY' is set to: /caefs/data/IllustrisTNG/300/ICS
2025-03-09 15:50:24,174 - WARNING - Output directory 'LOGS' does not exist: /path/to/your/logs
2025-03-09 15:50:24,214 - INFO - Using GPU device 1.
2025-03-09 15:50:24,214 - INFO - Output directory 'TNG300_ICS' is set to: /caefs/data/IllustrisTNG/300/ICS
2025-03-09 15:50:24,215 - INFO - Output directory 'TNG300_snapshot99' is set to: /caefs/data/IllustrisTNG/snapshot-99-dm-npy/cache
2025-03-09 15:50:24,215 - WARNING - Output directory 'NPZ' does not exist: /path/to/your/output/npz
2025-03-09 15:50:24,215 - INFO - Output directory 'NPY' is set to: /caefs/data/IllustrisTNG/300/ICS
2025-03-09 15:50:24,215 - WARNING - Output directory 'LOGS' does not exist: /path/to/your/logs
2025-03-09 15:50:24,231 - INFO - Using GPU device 1.
2025-03-09 15:50:24,231 - INFO - Output directory 'TNG300_ICS' is set to: /caefs/data/IllustrisTNG/300/ICS
2025-03-09 15:50:24,232 - INFO - Output directory 'TNG300_snapshot99' is set to: /caefs/data/IllustrisTNG/snapshot-99-dm-npy/cache
2025-03-09 15:50:24,232 - WARNING - Output directory 'NPZ' does not exist: /path/to/your/output/npz
2025-03-09 15:50:24,232 - INFO - Output directory 'NPY' is set to: /caefs/data/IllustrisTNG/300/ICS
2025-03-09 15:50:24,232 - WARNING - Output directory 'LOGS' does not exist: /path/to/your/logs
2025-03-09 15:50:24,247 - INFO - Using GPU device 1.
2025-03-09 15:50:24,247 - INFO - Output directory 'TNG300_ICS' is set to: /caefs/data/IllustrisTNG/300/ICS
2025-03-09 15:50:24,247 - INFO - Output directory 'TNG300_snapshot99' is set to: /caefs/data/IllustrisTNG/snapshot-99-dm-npy/cache
2025-03-09 15:50:24,248 - WARNING - Output directory 'NPZ' does not exist: /path/to/your/output/npz
2025-03-09 15:50:24,248 - INFO - Output directory 'NPY' is set to: /caefs/data/IllustrisTNG/300/ICS
2025-03-09 15:50:24,248 - WARNING - Output directory 'LOGS' does not exist: /path/to/your/logs
2025-03-09 15:50:24,255 - INFO - Using GPU device 1.
2025-03-09 15:50:24,256 - INFO - Output directory 'TNG300_ICS' is set to: /caefs/data/IllustrisTNG/300/ICS
2025-03-09 15:50:24,256 - INFO - Output directory 'TNG300_snapshot99' is set to: /caefs/data/IllustrisTNG/snapshot-99-dm-npy/cache
2025-03-09 15:50:24,256 - WARNING - Output directory 'NPZ' does not exist: /path/to/your/output/npz
2025-03-09 15:50:24,256 - INFO - Output directory 'NPY' is set to: /caefs/data/IllustrisTNG/300/ICS
2025-03-09 15:50:24,256 - WARNING - Output directory 'LOGS' does not exist: /path/to/your/logs
2025-03-09 15:50:24,259 - INFO - Using GPU device 1.
2025-03-09 15:50:24,260 - INFO - Output directory 'TNG300_ICS' is set to: /caefs/data/IllustrisTNG/300/ICS
2025-03-09 15:50:24,260 - INFO - Output directory 'TNG300_snapshot99' is set to: /caefs/data/IllustrisTNG/snapshot-99-dm-npy/cache
2025-03-09 15:50:24,260 - WARNING - Output directory 'NPZ' does not exist: /path/to/your/output/npz
2025-03-09 15:50:24,261 - INFO - Output directory 'NPY' is set to: /caefs/data/IllustrisTNG/300/ICS
2025-03-09 15:50:24,261 - WARNING - Output directory 'LOGS' does not exist: /path/to/your/logs
