2025-03-09 15:44:02,435 - INFO - Using GPU device 1.
2025-03-09 15:44:02,436 - INFO - Output directory 'TNG300_ICS' is set to: /caefs/data/IllustrisTNG/300/ICS
2025-03-09 15:44:02,437 - INFO - Output directory 'TNG300_snapshot99' is set to: /caefs/data/IllustrisTNG/snapshot-99-dm-npy/cache
2025-03-09 15:44:02,437 - WARNING - Output directory 'NPZ' does not exist: /path/to/your/output/npz
2025-03-09 15:44:02,437 - INFO - Output directory 'NPY' is set to: /caefs/data/IllustrisTNG/300/ICS
2025-03-09 15:44:02,437 - WARNING - Output directory 'LOGS' does not exist: /path/to/your/logs
2025-03-09 15:44:02,459 - INFO - Using GPU device 1.
2025-03-09 15:44:02,460 - INFO - Output directory 'TNG300_ICS' is set to: /caefs/data/IllustrisTNG/300/ICS
2025-03-09 15:44:02,460 - INFO - Output directory 'TNG300_snapshot99' is set to: /caefs/data/IllustrisTNG/snapshot-99-dm-npy/cache
2025-03-09 15:44:02,461 - WARNING - Output directory 'NPZ' does not exist: /path/to/your/output/npz
2025-03-09 15:44:02,461 - INFO - Output directory 'NPY' is set to: /caefs/data/IllustrisTNG/300/ICS
2025-03-09 15:44:02,461 - WARNING - Output directory 'LOGS' does not exist: /path/to/your/logs
2025-03-09 15:44:03,347 - INFO - Using GPU device 1.
2025-03-09 15:44:03,347 - INFO - Output directory 'TNG300_ICS' is set to: /caefs/data/IllustrisTNG/300/ICS
2025-03-09 15:44:03,348 - INFO - Output directory 'TNG300_snapshot99' is set to: /caefs/data/IllustrisTNG/snapshot-99-dm-npy/cache
2025-03-09 15:44:03,348 - WARNING - Output directory 'NPZ' does not exist: /path/to/your/output/npz
2025-03-09 15:44:03,348 - INFO - Output directory 'NPY' is set to: /caefs/data/IllustrisTNG/300/ICS
2025-03-09 15:44:03,348 - WARNING - Output directory 'LOGS' does not exist: /path/to/your/logs
2025-03-09 15:44:03,751 - INFO - Using GPU device 1.
2025-03-09 15:44:03,752 - INFO - Output directory 'TNG300_ICS' is set to: /caefs/data/IllustrisTNG/300/ICS
2025-03-09 15:44:03,752 - INFO - Output directory 'TNG300_snapshot99' is set to: /caefs/data/IllustrisTNG/snapshot-99-dm-npy/cache
2025-03-09 15:44:03,752 - WARNING - Output directory 'NPZ' does not exist: /path/to/your/output/npz
2025-03-09 15:44:03,752 - INFO - Output directory 'NPY' is set to: /caefs/data/IllustrisTNG/300/ICS
2025-03-09 15:44:03,752 - WARNING - Output directory 'LOGS' does not exist: /path/to/your/logs
2025-03-09 15:44:03,982 - INFO - Using GPU device 1.
2025-03-09 15:44:03,982 - INFO - Output directory 'TNG300_ICS' is set to: /caefs/data/IllustrisTNG/300/ICS
2025-03-09 15:44:03,982 - INFO - Output directory 'TNG300_snapshot99' is set to: /caefs/data/IllustrisTNG/snapshot-99-dm-npy/cache
2025-03-09 15:44:03,982 - WARNING - Output directory 'NPZ' does not exist: /path/to/your/output/npz
2025-03-09 15:44:03,983 - INFO - Output directory 'NPY' is set to: /caefs/data/IllustrisTNG/300/ICS
2025-03-09 15:44:03,983 - WARNING - Output directory 'LOGS' does not exist: /path/to/your/logs
2025-03-09 15:44:04,125 - INFO - Using GPU device 1.
2025-03-09 15:44:04,126 - INFO - Output directory 'TNG300_ICS' is set to: /caefs/data/IllustrisTNG/300/ICS
2025-03-09 15:44:04,126 - INFO - Output directory 'TNG300_snapshot99' is set to: /caefs/data/IllustrisTNG/snapshot-99-dm-npy/cache
2025-03-09 15:44:04,126 - WARNING - Output directory 'NPZ' does not exist: /path/to/your/output/npz
2025-03-09 15:44:04,126 - INFO - Output directory 'NPY' is set to: /caefs/data/IllustrisTNG/300/ICS
2025-03-09 15:44:04,126 - WARNING - Output directory 'LOGS' does not exist: /path/to/your/logs
2025-03-09 15:44:04,942 - INFO - Using GPU device 1.
2025-03-09 15:44:04,942 - INFO - Output directory 'TNG300_ICS' is set to: /caefs/data/IllustrisTNG/300/ICS
2025-03-09 15:44:04,943 - INFO - Output directory 'TNG300_snapshot99' is set to: /caefs/data/IllustrisTNG/snapshot-99-dm-npy/cache
2025-03-09 15:44:04,943 - WARNING - Output directory 'NPZ' does not exist: /path/to/your/output/npz
2025-03-09 15:44:04,943 - INFO - Output directory 'NPY' is set to: /caefs/data/IllustrisTNG/300/ICS
2025-03-09 15:44:04,943 - WARNING - Output directory 'LOGS' does not exist: /path/to/your/logs
2025-03-09 15:44:05,102 - INFO - Using GPU device 1.
2025-03-09 15:44:05,103 - INFO - Output directory 'TNG300_ICS' is set to: /caefs/data/IllustrisTNG/300/ICS
2025-03-09 15:44:05,103 - INFO - Output directory 'TNG300_snapshot99' is set to: /caefs/data/IllustrisTNG/snapshot-99-dm-npy/cache
2025-03-09 15:44:05,103 - WARNING - Output directory 'NPZ' does not exist: /path/to/your/output/npz
2025-03-09 15:44:05,103 - INFO - Output directory 'NPY' is set to: /caefs/data/IllustrisTNG/300/ICS
2025-03-09 15:44:05,103 - WARNING - Output directory 'LOGS' does not exist: /path/to/your/logs
2025-03-09 15:44:05,152 - INFO - Using GPU device 1.
2025-03-09 15:44:05,152 - INFO - Output directory 'TNG300_ICS' is set to: /caefs/data/IllustrisTNG/300/ICS
2025-03-09 15:44:05,153 - INFO - Output directory 'TNG300_snapshot99' is set to: /caefs/data/IllustrisTNG/snapshot-99-dm-npy/cache
2025-03-09 15:44:05,153 - WARNING - Output directory 'NPZ' does not exist: /path/to/your/output/npz
2025-03-09 15:44:05,153 - INFO - Output directory 'NPY' is set to: /caefs/data/IllustrisTNG/300/ICS
2025-03-09 15:44:05,153 - WARNING - Output directory 'LOGS' does not exist: /path/to/your/logs
2025-03-09 15:44:05,209 - INFO - Using GPU device 1.
2025-03-09 15:44:05,209 - INFO - Output directory 'TNG300_ICS' is set to: /caefs/data/IllustrisTNG/300/ICS
2025-03-09 15:44:05,209 - INFO - Output directory 'TNG300_snapshot99' is set to: /caefs/data/IllustrisTNG/snapshot-99-dm-npy/cache
2025-03-09 15:44:05,209 - WARNING - Output directory 'NPZ' does not exist: /path/to/your/output/npz
2025-03-09 15:44:05,210 - INFO - Output directory 'NPY' is set to: /caefs/data/IllustrisTNG/300/ICS
2025-03-09 15:44:05,210 - WARNING - Output directory 'LOGS' does not exist: /path/to/your/logs
2025-03-09 15:44:05,294 - INFO - Using GPU device 1.
2025-03-09 15:44:05,295 - INFO - Output directory 'TNG300_ICS' is set to: /caefs/data/IllustrisTNG/300/ICS
2025-03-09 15:44:05,295 - INFO - Output directory 'TNG300_snapshot99' is set to: /caefs/data/IllustrisTNG/snapshot-99-dm-npy/cache
2025-03-09 15:44:05,295 - WARNING - Output directory 'NPZ' does not exist: /path/to/your/output/npz
2025-03-09 15:44:05,295 - INFO - Output directory 'NPY' is set to: /caefs/data/IllustrisTNG/300/ICS
2025-03-09 15:44:05,295 - WARNING - Output directory 'LOGS' does not exist: /path/to/your/logs
2025-03-09 15:44:05,353 - INFO - Using GPU device 1.
2025-03-09 15:44:05,354 - INFO - Output directory 'TNG300_ICS' is set to: /caefs/data/IllustrisTNG/300/ICS
2025-03-09 15:44:05,354 - INFO - Output directory 'TNG300_snapshot99' is set to: /caefs/data/IllustrisTNG/snapshot-99-dm-npy/cache
2025-03-09 15:44:05,355 - WARNING - Output directory 'NPZ' does not exist: /path/to/your/output/npz
2025-03-09 15:44:05,355 - INFO - Output directory 'NPY' is set to: /caefs/data/IllustrisTNG/300/ICS
2025-03-09 15:44:05,355 - WARNING - Output directory 'LOGS' does not exist: /path/to/your/logs
2025-03-09 15:44:05,370 - INFO - Using GPU device 1.
2025-03-09 15:44:05,371 - INFO - Output directory 'TNG300_ICS' is set to: /caefs/data/IllustrisTNG/300/ICS
2025-03-09 15:44:05,371 - INFO - Output directory 'TNG300_snapshot99' is set to: /caefs/data/IllustrisTNG/snapshot-99-dm-npy/cache
2025-03-09 15:44:05,372 - WARNING - Output directory 'NPZ' does not exist: /path/to/your/output/npz
2025-03-09 15:44:05,372 - INFO - Output directory 'NPY' is set to: /caefs/data/IllustrisTNG/300/ICS
2025-03-09 15:44:05,372 - WARNING - Output directory 'LOGS' does not exist: /path/to/your/logs
2025-03-09 15:44:05,459 - INFO - Using GPU device 1.
2025-03-09 15:44:05,459 - INFO - Output directory 'TNG300_ICS' is set to: /caefs/data/IllustrisTNG/300/ICS
2025-03-09 15:44:05,459 - INFO - Output directory 'TNG300_snapshot99' is set to: /caefs/data/IllustrisTNG/snapshot-99-dm-npy/cache
2025-03-09 15:44:05,460 - WARNING - Output directory 'NPZ' does not exist: /path/to/your/output/npz
2025-03-09 15:44:05,460 - INFO - Output directory 'NPY' is set to: /caefs/data/IllustrisTNG/300/ICS
2025-03-09 15:44:05,460 - WARNING - Output directory 'LOGS' does not exist: /path/to/your/logs
2025-03-09 15:44:05,617 - INFO - Using GPU device 1.
2025-03-09 15:44:05,617 - INFO - Output directory 'TNG300_ICS' is set to: /caefs/data/IllustrisTNG/300/ICS
2025-03-09 15:44:05,618 - INFO - Output directory 'TNG300_snapshot99' is set to: /caefs/data/IllustrisTNG/snapshot-99-dm-npy/cache
2025-03-09 15:44:05,618 - WARNING - Output directory 'NPZ' does not exist: /path/to/your/output/npz
2025-03-09 15:44:05,618 - INFO - Output directory 'NPY' is set to: /caefs/data/IllustrisTNG/300/ICS
2025-03-09 15:44:05,618 - WARNING - Output directory 'LOGS' does not exist: /path/to/your/logs
2025-03-09 15:44:05,757 - INFO - Using GPU device 1.
2025-03-09 15:44:05,758 - INFO - Output directory 'TNG300_ICS' is set to: /caefs/data/IllustrisTNG/300/ICS
2025-03-09 15:44:05,758 - INFO - Output directory 'TNG300_snapshot99' is set to: /caefs/data/IllustrisTNG/snapshot-99-dm-npy/cache
2025-03-09 15:44:05,758 - WARNING - Output directory 'NPZ' does not exist: /path/to/your/output/npz
2025-03-09 15:44:05,758 - INFO - Output directory 'NPY' is set to: /caefs/data/IllustrisTNG/300/ICS
2025-03-09 15:44:05,758 - WARNING - Output directory 'LOGS' does not exist: /path/to/your/logs
2025-03-09 15:44:05,784 - INFO - Using GPU device 1.
2025-03-09 15:44:05,785 - INFO - Output directory 'TNG300_ICS' is set to: /caefs/data/IllustrisTNG/300/ICS
2025-03-09 15:44:05,785 - INFO - Output directory 'TNG300_snapshot99' is set to: /caefs/data/IllustrisTNG/snapshot-99-dm-npy/cache
2025-03-09 15:44:05,785 - WARNING - Output directory 'NPZ' does not exist: /path/to/your/output/npz
2025-03-09 15:44:05,786 - INFO - Output directory 'NPY' is set to: /caefs/data/IllustrisTNG/300/ICS
2025-03-09 15:44:05,786 - WARNING - Output directory 'LOGS' does not exist: /path/to/your/logs
2025-03-09 15:44:05,815 - INFO - Using GPU device 1.
2025-03-09 15:44:05,815 - INFO - Output directory 'TNG300_ICS' is set to: /caefs/data/IllustrisTNG/300/ICS
2025-03-09 15:44:05,816 - INFO - Output directory 'TNG300_snapshot99' is set to: /caefs/data/IllustrisTNG/snapshot-99-dm-npy/cache
2025-03-09 15:44:05,816 - WARNING - Output directory 'NPZ' does not exist: /path/to/your/output/npz
2025-03-09 15:44:05,816 - INFO - Output directory 'NPY' is set to: /caefs/data/IllustrisTNG/300/ICS
2025-03-09 15:44:05,816 - WARNING - Output directory 'LOGS' does not exist: /path/to/your/logs
2025-03-09 15:44:05,824 - INFO - Using GPU device 1.
2025-03-09 15:44:05,824 - INFO - Output directory 'TNG300_ICS' is set to: /caefs/data/IllustrisTNG/300/ICS
2025-03-09 15:44:05,825 - INFO - Output directory 'TNG300_snapshot99' is set to: /caefs/data/IllustrisTNG/snapshot-99-dm-npy/cache
2025-03-09 15:44:05,825 - WARNING - Output directory 'NPZ' does not exist: /path/to/your/output/npz
2025-03-09 15:44:05,825 - INFO - Output directory 'NPY' is set to: /caefs/data/IllustrisTNG/300/ICS
2025-03-09 15:44:05,825 - WARNING - Output directory 'LOGS' does not exist: /path/to/your/logs
2025-03-09 15:44:05,891 - INFO - Using GPU device 1.
2025-03-09 15:44:05,892 - INFO - Output directory 'TNG300_ICS' is set to: /caefs/data/IllustrisTNG/300/ICS
2025-03-09 15:44:05,892 - INFO - Output directory 'TNG300_snapshot99' is set to: /caefs/data/IllustrisTNG/snapshot-99-dm-npy/cache
2025-03-09 15:44:05,892 - WARNING - Output directory 'NPZ' does not exist: /path/to/your/output/npz
2025-03-09 15:44:05,892 - INFO - Output directory 'NPY' is set to: /caefs/data/IllustrisTNG/300/ICS
2025-03-09 15:44:05,892 - WARNING - Output directory 'LOGS' does not exist: /path/to/your/logs
2025-03-09 15:44:05,913 - INFO - Using GPU device 1.
2025-03-09 15:44:05,913 - INFO - Output directory 'TNG300_ICS' is set to: /caefs/data/IllustrisTNG/300/ICS
2025-03-09 15:44:05,914 - INFO - Output directory 'TNG300_snapshot99' is set to: /caefs/data/IllustrisTNG/snapshot-99-dm-npy/cache
2025-03-09 15:44:05,914 - WARNING - Output directory 'NPZ' does not exist: /path/to/your/output/npz
2025-03-09 15:44:05,914 - INFO - Output directory 'NPY' is set to: /caefs/data/IllustrisTNG/300/ICS
2025-03-09 15:44:05,914 - WARNING - Output directory 'LOGS' does not exist: /path/to/your/logs
2025-03-09 15:44:05,951 - INFO - Using GPU device 1.
2025-03-09 15:44:05,952 - INFO - Output directory 'TNG300_ICS' is set to: /caefs/data/IllustrisTNG/300/ICS
2025-03-09 15:44:05,952 - INFO - Output directory 'TNG300_snapshot99' is set to: /caefs/data/IllustrisTNG/snapshot-99-dm-npy/cache
2025-03-09 15:44:05,952 - WARNING - Output directory 'NPZ' does not exist: /path/to/your/output/npz
2025-03-09 15:44:05,952 - INFO - Output directory 'NPY' is set to: /caefs/data/IllustrisTNG/300/ICS
2025-03-09 15:44:05,952 - WARNING - Output directory 'LOGS' does not exist: /path/to/your/logs
2025-03-09 15:44:05,991 - INFO - Using GPU device 1.
2025-03-09 15:44:05,992 - INFO - Output directory 'TNG300_ICS' is set to: /caefs/data/IllustrisTNG/300/ICS
2025-03-09 15:44:05,992 - INFO - Output directory 'TNG300_snapshot99' is set to: /caefs/data/IllustrisTNG/snapshot-99-dm-npy/cache
2025-03-09 15:44:05,992 - WARNING - Output directory 'NPZ' does not exist: /path/to/your/output/npz
2025-03-09 15:44:05,993 - INFO - Output directory 'NPY' is set to: /caefs/data/IllustrisTNG/300/ICS
2025-03-09 15:44:05,993 - WARNING - Output directory 'LOGS' does not exist: /path/to/your/logs
2025-03-09 15:44:06,000 - INFO - Using GPU device 1.
2025-03-09 15:44:06,000 - INFO - Output directory 'TNG300_ICS' is set to: /caefs/data/IllustrisTNG/300/ICS
2025-03-09 15:44:06,001 - INFO - Output directory 'TNG300_snapshot99' is set to: /caefs/data/IllustrisTNG/snapshot-99-dm-npy/cache
2025-03-09 15:44:06,001 - WARNING - Output directory 'NPZ' does not exist: /path/to/your/output/npz
2025-03-09 15:44:06,001 - INFO - Output directory 'NPY' is set to: /caefs/data/IllustrisTNG/300/ICS
2025-03-09 15:44:06,001 - WARNING - Output directory 'LOGS' does not exist: /path/to/your/logs
2025-03-09 15:44:06,025 - INFO - Using GPU device 1.
2025-03-09 15:44:06,025 - INFO - Output directory 'TNG300_ICS' is set to: /caefs/data/IllustrisTNG/300/ICS
2025-03-09 15:44:06,025 - INFO - Output directory 'TNG300_snapshot99' is set to: /caefs/data/IllustrisTNG/snapshot-99-dm-npy/cache
2025-03-09 15:44:06,025 - WARNING - Output directory 'NPZ' does not exist: /path/to/your/output/npz
2025-03-09 15:44:06,026 - INFO - Output directory 'NPY' is set to: /caefs/data/IllustrisTNG/300/ICS
2025-03-09 15:44:06,026 - WARNING - Output directory 'LOGS' does not exist: /path/to/your/logs
