2025-03-09 16:10:04,476 - INFO - Using GPU device 1.
2025-03-09 16:10:04,477 - INFO - Output directory 'TNG300_ICS' is set to: /caefs/data/IllustrisTNG/300/ICS
2025-03-09 16:10:04,477 - INFO - Output directory 'TNG300_snapshot99' is set to: /caefs/data/IllustrisTNG/snapshot-99-dm-npy/cache
2025-03-09 16:10:04,478 - WARNING - Output directory 'NPZ' does not exist: /path/to/your/output/npz
2025-03-09 16:10:04,478 - INFO - Output directory 'NPY' is set to: /caefs/data/IllustrisTNG/300/ICS
2025-03-09 16:10:04,478 - WARNING - Output directory 'LOGS' does not exist: /path/to/your/logs
2025-03-09 16:10:04,482 - INFO - Using GPU device 1.
2025-03-09 16:10:04,482 - INFO - Output directory 'TNG300_ICS' is set to: /caefs/data/IllustrisTNG/300/ICS
2025-03-09 16:10:04,482 - INFO - Output directory 'TNG300_snapshot99' is set to: /caefs/data/IllustrisTNG/snapshot-99-dm-npy/cache
2025-03-09 16:10:04,483 - WARNING - Output directory 'NPZ' does not exist: /path/to/your/output/npz
2025-03-09 16:10:04,483 - INFO - Output directory 'NPY' is set to: /caefs/data/IllustrisTNG/300/ICS
2025-03-09 16:10:04,483 - WARNING - Output directory 'LOGS' does not exist: /path/to/your/logs
2025-03-09 16:10:05,101 - INFO - Using GPU device 1.
2025-03-09 16:10:05,102 - INFO - Output directory 'TNG300_ICS' is set to: /caefs/data/IllustrisTNG/300/ICS
2025-03-09 16:10:05,102 - INFO - Output directory 'TNG300_snapshot99' is set to: /caefs/data/IllustrisTNG/snapshot-99-dm-npy/cache
2025-03-09 16:10:05,102 - WARNING - Output directory 'NPZ' does not exist: /path/to/your/output/npz
2025-03-09 16:10:05,103 - INFO - Output directory 'NPY' is set to: /caefs/data/IllustrisTNG/300/ICS
2025-03-09 16:10:05,103 - WARNING - Output directory 'LOGS' does not exist: /path/to/your/logs
2025-03-09 16:10:05,104 - INFO - Using GPU device 1.
2025-03-09 16:10:05,105 - INFO - Output directory 'TNG300_ICS' is set to: /caefs/data/IllustrisTNG/300/ICS
2025-03-09 16:10:05,106 - INFO - Output directory 'TNG300_snapshot99' is set to: /caefs/data/IllustrisTNG/snapshot-99-dm-npy/cache
2025-03-09 16:10:05,106 - WARNING - Output directory 'NPZ' does not exist: /path/to/your/output/npz
2025-03-09 16:10:05,107 - INFO - Output directory 'NPY' is set to: /caefs/data/IllustrisTNG/300/ICS
2025-03-09 16:10:05,107 - WARNING - Output directory 'LOGS' does not exist: /path/to/your/logs
