2025-03-09 16:11:23,761 - INFO - Using GPU device 1.
2025-03-09 16:11:23,763 - INFO - Output directory 'TNG300_ICS' is set to: /caefs/data/IllustrisTNG/300/ICS
2025-03-09 16:11:23,763 - INFO - Output directory 'TNG300_snapshot99' is set to: /caefs/data/IllustrisTNG/snapshot-99-dm-npy/cache
2025-03-09 16:11:23,763 - WARNING - Output directory 'NPZ' does not exist: /path/to/your/output/npz
2025-03-09 16:11:23,763 - INFO - Output directory 'NPY' is set to: /caefs/data/IllustrisTNG/300/ICS
2025-03-09 16:11:23,764 - WARNING - Output directory 'LOGS' does not exist: /path/to/your/logs
2025-03-09 16:11:24,136 - INFO - Input directory (npy): /caefs/data/IllustrisTNG/snapshot-99-dm-npy/cache
2025-03-09 16:11:24,136 - INFO - Output directory: /caefs/user/mmingyeong/structura/Structura/src/results
2025-03-09 16:11:24,138 - DEBUG - Detected 598 .npy file(s) in the input directory.
2025-03-09 16:11:24,138 - DEBUG - Example file: snapshot-99.370.npy
2025-03-09 16:11:24,138 - DEBUG - Filtering range set to: 100.00 - 110.00 cMpc/h (Center: 105.00 cMpc/h, Thickness: 10.00 cMpc/h)
2025-03-09 16:11:24,138 - INFO - Loading data...
2025-03-09 16:11:37,214 - INFO - Using Dask distributed client with 60 workers.
2025-03-09 16:11:48,513 - INFO - Time elapsed for loading all data chunks: 24.37 seconds
2025-03-09 16:11:48,976 - INFO - Combined data shape: (33178048, 3)
2025-03-09 16:11:50,009 - INFO - Selected GPU 4 with free memory 84732674048 bytes.
2025-03-09 16:11:50,667 - DEBUG - Loaded data shape: (33178048, 3)
2025-03-09 16:11:50,667 - INFO - Data loaded successfully.
2025-03-09 16:11:50,667 - INFO - Total execution time: 00:00:26 (26.53 seconds)
2025-03-09 16:11:50,667 - INFO - Plot generated successfully.
