2025-03-09 16:13:04,480 - INFO - Using GPU device 1.
2025-03-09 16:13:04,481 - INFO - Output directory 'TNG300_ICS' is set to: /caefs/data/IllustrisTNG/300/ICS
2025-03-09 16:13:04,482 - INFO - Output directory 'TNG300_snapshot99' is set to: /caefs/data/IllustrisTNG/snapshot-99-dm-npy/cache
2025-03-09 16:13:04,482 - WARNING - Output directory 'NPZ' does not exist: /path/to/your/output/npz
2025-03-09 16:13:04,483 - INFO - Output directory 'NPY' is set to: /caefs/data/IllustrisTNG/300/ICS
2025-03-09 16:13:04,483 - WARNING - Output directory 'LOGS' does not exist: /path/to/your/logs
2025-03-09 16:13:04,491 - INFO - Using GPU device 1.
2025-03-09 16:13:04,492 - INFO - Output directory 'TNG300_ICS' is set to: /caefs/data/IllustrisTNG/300/ICS
2025-03-09 16:13:04,493 - INFO - Output directory 'TNG300_snapshot99' is set to: /caefs/data/IllustrisTNG/snapshot-99-dm-npy/cache
2025-03-09 16:13:04,493 - WARNING - Output directory 'NPZ' does not exist: /path/to/your/output/npz
2025-03-09 16:13:04,494 - INFO - Output directory 'NPY' is set to: /caefs/data/IllustrisTNG/300/ICS
2025-03-09 16:13:04,494 - WARNING - Output directory 'LOGS' does not exist: /path/to/your/logs
2025-03-09 16:13:04,498 - INFO - Using GPU device 1.
2025-03-09 16:13:04,499 - INFO - Output directory 'TNG300_ICS' is set to: /caefs/data/IllustrisTNG/300/ICS
2025-03-09 16:13:04,500 - INFO - Output directory 'TNG300_snapshot99' is set to: /caefs/data/IllustrisTNG/snapshot-99-dm-npy/cache
2025-03-09 16:13:04,500 - WARNING - Output directory 'NPZ' does not exist: /path/to/your/output/npz
2025-03-09 16:13:04,501 - INFO - Output directory 'NPY' is set to: /caefs/data/IllustrisTNG/300/ICS
2025-03-09 16:13:04,501 - WARNING - Output directory 'LOGS' does not exist: /path/to/your/logs
2025-03-09 16:13:04,538 - INFO - Using GPU device 1.
2025-03-09 16:13:04,539 - INFO - Output directory 'TNG300_ICS' is set to: /caefs/data/IllustrisTNG/300/ICS
2025-03-09 16:13:04,539 - INFO - Output directory 'TNG300_snapshot99' is set to: /caefs/data/IllustrisTNG/snapshot-99-dm-npy/cache
2025-03-09 16:13:04,539 - WARNING - Output directory 'NPZ' does not exist: /path/to/your/output/npz
2025-03-09 16:13:04,540 - INFO - Output directory 'NPY' is set to: /caefs/data/IllustrisTNG/300/ICS
2025-03-09 16:13:04,540 - WARNING - Output directory 'LOGS' does not exist: /path/to/your/logs
