2025-03-09 16:06:25,890 - INFO - Using GPU device 1.
2025-03-09 16:06:25,892 - INFO - Output directory 'TNG300_ICS' is set to: /caefs/data/IllustrisTNG/300/ICS
2025-03-09 16:06:25,892 - INFO - Output directory 'TNG300_snapshot99' is set to: /caefs/data/IllustrisTNG/snapshot-99-dm-npy/cache
2025-03-09 16:06:25,892 - WARNING - Output directory 'NPZ' does not exist: /path/to/your/output/npz
2025-03-09 16:06:25,892 - INFO - Output directory 'NPY' is set to: /caefs/data/IllustrisTNG/300/ICS
2025-03-09 16:06:25,892 - WARNING - Output directory 'LOGS' does not exist: /path/to/your/logs
2025-03-09 16:06:26,295 - INFO - Input directory (npy): /caefs/data/IllustrisTNG/snapshot-99-dm-npy/cache
2025-03-09 16:06:26,296 - INFO - Output directory: /caefs/user/mmingyeong/structura/Structura/src/results
2025-03-09 16:06:26,296 - DEBUG - Detected 598 .npy file(s) in the input directory.
2025-03-09 16:06:26,296 - DEBUG - Example file: snapshot-99.370.npy
2025-03-09 16:06:26,297 - DEBUG - Filtering range set to: 100.00 - 110.00 cMpc/h (Center: 105.00 cMpc/h, Thickness: 10.00 cMpc/h)
2025-03-09 16:06:26,297 - INFO - Loading data...
2025-03-09 16:06:39,492 - INFO - Using Dask distributed client with 60 workers.
2025-03-09 16:06:50,590 - INFO - Time elapsed for loading all data chunks: 24.29 seconds
2025-03-09 16:06:51,110 - INFO - Combined data shape: (33178048, 3)
2025-03-09 16:06:51,988 - INFO - Selected GPU 4 with free memory 84732674048 bytes.
2025-03-09 16:06:52,659 - DEBUG - Loaded data shape: (33178048, 3)
2025-03-09 16:06:52,660 - INFO - Data loaded successfully.
2025-03-09 16:06:52,660 - INFO - Total execution time: 00:00:26 (26.36 seconds)
2025-03-09 16:06:52,660 - INFO - Plot generated successfully.
