2025-03-09 15:02:30,395 - INFO - Using GPU device 1.
2025-03-09 15:02:30,397 - INFO - Output directory 'TNG300_ICS' is set to: /caefs/data/IllustrisTNG/300/ICS
2025-03-09 15:02:30,397 - INFO - Output directory 'TNG300_snapshot99' is set to: /caefs/data/IllustrisTNG/snapshot-99-dm-npy/cache
2025-03-09 15:02:30,397 - WARNING - Output directory 'NPZ' does not exist: /path/to/your/output/npz
2025-03-09 15:02:30,397 - INFO - Output directory 'NPY' is set to: /caefs/data/IllustrisTNG/300/ICS
2025-03-09 15:02:30,398 - WARNING - Output directory 'LOGS' does not exist: /path/to/your/logs
2025-03-09 15:02:30,398 - INFO - Input directory (npy): /caefs/data/IllustrisTNG/snapshot-99-dm-npy/cache
2025-03-09 15:02:30,398 - INFO - Output directory: /caefs/user/mmingyeong/structura/Structura/src/results
2025-03-09 15:02:30,400 - DEBUG - Detected 598 .npy file(s) in the input directory.
2025-03-09 15:02:30,400 - DEBUG - Example file: snapshot-99.370.npy
2025-03-09 15:02:30,400 - DEBUG - Filtering range set to: 100.00 - 110.00 cMpc/h (Center: 105.00 cMpc/h, Thickness: 10.00 cMpc/h)
2025-03-09 15:02:30,401 - INFO - Loading data...
2025-03-09 15:02:43,301 - INFO - Batch 1/6: CPU usage = 0.1%, memory usage = 88.0%, throughput = 0.42 tasks/sec, current workers = 48
2025-03-09 15:03:00,528 - INFO - Batch 2/6: CPU usage = 0.0%, memory usage = 88.1%, throughput = 0.31 tasks/sec, current workers = 48
2025-03-09 15:03:11,212 - INFO - Batch 3/6: CPU usage = 0.0%, memory usage = 88.1%, throughput = 0.52 tasks/sec, current workers = 48
2025-03-09 15:03:19,287 - INFO - Batch 4/6: CPU usage = 0.1%, memory usage = 88.2%, throughput = 0.71 tasks/sec, current workers = 48
2025-03-09 15:03:27,037 - INFO - Batch 5/6: CPU usage = 0.0%, memory usage = 88.2%, throughput = 0.74 tasks/sec, current workers = 48
2025-03-09 15:03:37,957 - INFO - Batch 6/6: CPU usage = 0.0%, memory usage = 88.2%, throughput = 0.50 tasks/sec, current workers = 48
2025-03-09 15:03:37,958 - INFO - Time elapsed for loading all data chunks: 67.55 seconds
2025-03-09 15:04:05,555 - INFO - Combined data shape: (33178048, 3)
2025-03-09 15:04:33,576 - INFO - Data statistics per column:
  Mean: [105.22121415  88.30739951  98.74438458]
  Median: [105.59593033  76.75813341 105.4041747 ]
  Minimum: [1.00000001e+02 6.95434415e-01 1.46158535e-03]
  Maximum: [109.99999955 203.20403474 198.54628412]
2025-03-09 15:04:33,576 - INFO - Projection axis 0 range: min = 100.00000099213804, max = 109.99999954707825
2025-03-09 15:04:34,383 - DEBUG - Loaded data shape: (33178048, 3)
2025-03-09 15:04:34,383 - INFO - Data loaded successfully.
2025-03-09 15:04:34,384 - INFO - Total execution time: 00:02:03 (123.99 seconds)
2025-03-09 15:04:34,384 - INFO - Plot generated successfully.
