2025-03-09 15:35:14,328 - INFO - Using GPU device 1.
2025-03-09 15:35:14,329 - INFO - Output directory 'TNG300_ICS' is set to: /caefs/data/IllustrisTNG/300/ICS
2025-03-09 15:35:14,329 - INFO - Output directory 'TNG300_snapshot99' is set to: /caefs/data/IllustrisTNG/snapshot-99-dm-npy/cache
2025-03-09 15:35:14,329 - WARNING - Output directory 'NPZ' does not exist: /path/to/your/output/npz
2025-03-09 15:35:14,330 - INFO - Output directory 'NPY' is set to: /caefs/data/IllustrisTNG/300/ICS
2025-03-09 15:35:14,330 - WARNING - Output directory 'LOGS' does not exist: /path/to/your/logs
2025-03-09 15:35:14,861 - INFO - Input directory (npy): /caefs/data/IllustrisTNG/snapshot-99-dm-npy/cache
2025-03-09 15:35:14,862 - INFO - Output directory: /caefs/user/mmingyeong/structura/Structura/src/results
2025-03-09 15:35:14,862 - DEBUG - Detected 598 .npy file(s) in the input directory.
2025-03-09 15:35:14,862 - DEBUG - Example file: snapshot-99.370.npy
2025-03-09 15:35:14,862 - DEBUG - Filtering range set to: 100.00 - 110.00 cMpc/h (Center: 105.00 cMpc/h, Thickness: 10.00 cMpc/h)
2025-03-09 15:35:14,862 - INFO - Loading data...
2025-03-09 15:35:25,265 - INFO - Using Dask distributed client with 48 workers.
2025-03-09 15:36:16,717 - INFO - Time elapsed for loading all data chunks: 61.85 seconds
2025-03-09 15:36:28,312 - INFO - Combined data shape: (33178048, 3)
2025-03-09 15:36:32,456 - INFO - Selected GPU 4 with free memory 84732674048 bytes.
2025-03-09 15:36:33,239 - DEBUG - Loaded data shape: (33178048, 3)
2025-03-09 15:36:33,240 - INFO - Data loaded successfully.
2025-03-09 15:36:33,240 - INFO - Total execution time: 00:01:18 (78.38 seconds)
2025-03-09 15:36:33,241 - INFO - Plot generated successfully.
