2025-03-09 16:10:02,145 - INFO - Using GPU device 1.
2025-03-09 16:10:02,147 - INFO - Output directory 'TNG300_ICS' is set to: /caefs/data/IllustrisTNG/300/ICS
2025-03-09 16:10:02,147 - INFO - Output directory 'TNG300_snapshot99' is set to: /caefs/data/IllustrisTNG/snapshot-99-dm-npy/cache
2025-03-09 16:10:02,147 - WARNING - Output directory 'NPZ' does not exist: /path/to/your/output/npz
2025-03-09 16:10:02,147 - INFO - Output directory 'NPY' is set to: /caefs/data/IllustrisTNG/300/ICS
2025-03-09 16:10:02,147 - WARNING - Output directory 'LOGS' does not exist: /path/to/your/logs
2025-03-09 16:10:02,322 - INFO - Using GPU device 1.
2025-03-09 16:10:02,323 - INFO - Output directory 'TNG300_ICS' is set to: /caefs/data/IllustrisTNG/300/ICS
2025-03-09 16:10:02,323 - INFO - Output directory 'TNG300_snapshot99' is set to: /caefs/data/IllustrisTNG/snapshot-99-dm-npy/cache
2025-03-09 16:10:02,323 - WARNING - Output directory 'NPZ' does not exist: /path/to/your/output/npz
2025-03-09 16:10:02,323 - INFO - Output directory 'NPY' is set to: /caefs/data/IllustrisTNG/300/ICS
2025-03-09 16:10:02,323 - WARNING - Output directory 'LOGS' does not exist: /path/to/your/logs
2025-03-09 16:10:03,023 - INFO - Using GPU device 1.
2025-03-09 16:10:03,024 - INFO - Output directory 'TNG300_ICS' is set to: /caefs/data/IllustrisTNG/300/ICS
2025-03-09 16:10:03,024 - INFO - Output directory 'TNG300_snapshot99' is set to: /caefs/data/IllustrisTNG/snapshot-99-dm-npy/cache
2025-03-09 16:10:03,024 - WARNING - Output directory 'NPZ' does not exist: /path/to/your/output/npz
2025-03-09 16:10:03,024 - INFO - Output directory 'NPY' is set to: /caefs/data/IllustrisTNG/300/ICS
2025-03-09 16:10:03,024 - WARNING - Output directory 'LOGS' does not exist: /path/to/your/logs
2025-03-09 16:10:03,088 - INFO - Using GPU device 1.
2025-03-09 16:10:03,089 - INFO - Output directory 'TNG300_ICS' is set to: /caefs/data/IllustrisTNG/300/ICS
2025-03-09 16:10:03,089 - INFO - Output directory 'TNG300_snapshot99' is set to: /caefs/data/IllustrisTNG/snapshot-99-dm-npy/cache
2025-03-09 16:10:03,089 - WARNING - Output directory 'NPZ' does not exist: /path/to/your/output/npz
2025-03-09 16:10:03,089 - INFO - Output directory 'NPY' is set to: /caefs/data/IllustrisTNG/300/ICS
2025-03-09 16:10:03,089 - WARNING - Output directory 'LOGS' does not exist: /path/to/your/logs
