2025-03-09 15:32:02,013 - INFO - Using GPU device 1.
2025-03-09 15:32:02,020 - INFO - Output directory 'TNG300_ICS' is set to: /caefs/data/IllustrisTNG/300/ICS
2025-03-09 15:32:02,020 - INFO - Output directory 'TNG300_snapshot99' is set to: /caefs/data/IllustrisTNG/snapshot-99-dm-npy/cache
2025-03-09 15:32:02,020 - WARNING - Output directory 'NPZ' does not exist: /path/to/your/output/npz
2025-03-09 15:32:02,021 - INFO - Output directory 'NPY' is set to: /caefs/data/IllustrisTNG/300/ICS
2025-03-09 15:32:02,021 - WARNING - Output directory 'LOGS' does not exist: /path/to/your/logs
2025-03-09 15:32:02,309 - INFO - Using GPU device 1.
2025-03-09 15:32:02,310 - INFO - Output directory 'TNG300_ICS' is set to: /caefs/data/IllustrisTNG/300/ICS
2025-03-09 15:32:02,310 - INFO - Output directory 'TNG300_snapshot99' is set to: /caefs/data/IllustrisTNG/snapshot-99-dm-npy/cache
2025-03-09 15:32:02,310 - WARNING - Output directory 'NPZ' does not exist: /path/to/your/output/npz
2025-03-09 15:32:02,311 - INFO - Output directory 'NPY' is set to: /caefs/data/IllustrisTNG/300/ICS
2025-03-09 15:32:02,311 - WARNING - Output directory 'LOGS' does not exist: /path/to/your/logs
2025-03-09 15:32:02,319 - INFO - Using GPU device 1.
2025-03-09 15:32:02,319 - INFO - Output directory 'TNG300_ICS' is set to: /caefs/data/IllustrisTNG/300/ICS
2025-03-09 15:32:02,320 - INFO - Output directory 'TNG300_snapshot99' is set to: /caefs/data/IllustrisTNG/snapshot-99-dm-npy/cache
2025-03-09 15:32:02,320 - WARNING - Output directory 'NPZ' does not exist: /path/to/your/output/npz
2025-03-09 15:32:02,321 - INFO - Output directory 'NPY' is set to: /caefs/data/IllustrisTNG/300/ICS
2025-03-09 15:32:02,321 - WARNING - Output directory 'LOGS' does not exist: /path/to/your/logs
2025-03-09 15:32:02,356 - INFO - Using GPU device 1.
2025-03-09 15:32:02,357 - INFO - Output directory 'TNG300_ICS' is set to: /caefs/data/IllustrisTNG/300/ICS
2025-03-09 15:32:02,357 - INFO - Output directory 'TNG300_snapshot99' is set to: /caefs/data/IllustrisTNG/snapshot-99-dm-npy/cache
2025-03-09 15:32:02,357 - WARNING - Output directory 'NPZ' does not exist: /path/to/your/output/npz
2025-03-09 15:32:02,358 - INFO - Output directory 'NPY' is set to: /caefs/data/IllustrisTNG/300/ICS
2025-03-09 15:32:02,358 - WARNING - Output directory 'LOGS' does not exist: /path/to/your/logs
2025-03-09 15:32:02,358 - INFO - Using GPU device 1.
2025-03-09 15:32:02,359 - INFO - Output directory 'TNG300_ICS' is set to: /caefs/data/IllustrisTNG/300/ICS
2025-03-09 15:32:02,360 - INFO - Output directory 'TNG300_snapshot99' is set to: /caefs/data/IllustrisTNG/snapshot-99-dm-npy/cache
2025-03-09 15:32:02,360 - WARNING - Output directory 'NPZ' does not exist: /path/to/your/output/npz
2025-03-09 15:32:02,361 - INFO - Output directory 'NPY' is set to: /caefs/data/IllustrisTNG/300/ICS
2025-03-09 15:32:02,361 - WARNING - Output directory 'LOGS' does not exist: /path/to/your/logs
2025-03-09 15:32:02,576 - INFO - Using GPU device 1.
2025-03-09 15:32:02,577 - INFO - Output directory 'TNG300_ICS' is set to: /caefs/data/IllustrisTNG/300/ICS
2025-03-09 15:32:02,577 - INFO - Output directory 'TNG300_snapshot99' is set to: /caefs/data/IllustrisTNG/snapshot-99-dm-npy/cache
2025-03-09 15:32:02,578 - WARNING - Output directory 'NPZ' does not exist: /path/to/your/output/npz
2025-03-09 15:32:02,578 - INFO - Output directory 'NPY' is set to: /caefs/data/IllustrisTNG/300/ICS
2025-03-09 15:32:02,578 - WARNING - Output directory 'LOGS' does not exist: /path/to/your/logs
2025-03-09 15:32:02,871 - INFO - Input directory (npy): /caefs/data/IllustrisTNG/snapshot-99-dm-npy/cache
2025-03-09 15:32:02,871 - INFO - Output directory: /caefs/user/mmingyeong/structura/Structura/src/results
2025-03-09 15:32:02,872 - DEBUG - Detected 598 .npy file(s) in the input directory.
2025-03-09 15:32:02,872 - DEBUG - Example file: snapshot-99.370.npy
2025-03-09 15:32:02,872 - DEBUG - Filtering range set to: 100.00 - 110.00 cMpc/h (Center: 105.00 cMpc/h, Thickness: 10.00 cMpc/h)
2025-03-09 15:32:02,872 - INFO - Loading data...
2025-03-09 15:32:02,934 - INFO - Input directory (npy): /caefs/data/IllustrisTNG/snapshot-99-dm-npy/cache
2025-03-09 15:32:02,934 - INFO - Output directory: /caefs/user/mmingyeong/structura/Structura/src/results
2025-03-09 15:32:02,935 - DEBUG - Detected 598 .npy file(s) in the input directory.
2025-03-09 15:32:02,935 - DEBUG - Example file: snapshot-99.370.npy
2025-03-09 15:32:02,935 - DEBUG - Filtering range set to: 100.00 - 110.00 cMpc/h (Center: 105.00 cMpc/h, Thickness: 10.00 cMpc/h)
2025-03-09 15:32:02,935 - INFO - Loading data...
2025-03-09 15:32:03,010 - INFO - Using GPU device 1.
2025-03-09 15:32:03,010 - INFO - Output directory 'TNG300_ICS' is set to: /caefs/data/IllustrisTNG/300/ICS
2025-03-09 15:32:03,010 - INFO - Output directory 'TNG300_snapshot99' is set to: /caefs/data/IllustrisTNG/snapshot-99-dm-npy/cache
2025-03-09 15:32:03,011 - WARNING - Output directory 'NPZ' does not exist: /path/to/your/output/npz
2025-03-09 15:32:03,011 - INFO - Output directory 'NPY' is set to: /caefs/data/IllustrisTNG/300/ICS
2025-03-09 15:32:03,011 - WARNING - Output directory 'LOGS' does not exist: /path/to/your/logs
2025-03-09 15:32:03,011 - INFO - Input directory (npy): /caefs/data/IllustrisTNG/snapshot-99-dm-npy/cache
2025-03-09 15:32:03,011 - INFO - Output directory: /caefs/user/mmingyeong/structura/Structura/src/results
2025-03-09 15:32:03,012 - DEBUG - Detected 598 .npy file(s) in the input directory.
2025-03-09 15:32:03,012 - DEBUG - Example file: snapshot-99.370.npy
2025-03-09 15:32:03,012 - DEBUG - Filtering range set to: 100.00 - 110.00 cMpc/h (Center: 105.00 cMpc/h, Thickness: 10.00 cMpc/h)
2025-03-09 15:32:03,012 - INFO - Loading data...
2025-03-09 15:32:03,080 - INFO - Input directory (npy): /caefs/data/IllustrisTNG/snapshot-99-dm-npy/cache
2025-03-09 15:32:03,081 - INFO - Output directory: /caefs/user/mmingyeong/structura/Structura/src/results
2025-03-09 15:32:03,081 - DEBUG - Detected 598 .npy file(s) in the input directory.
2025-03-09 15:32:03,082 - DEBUG - Example file: snapshot-99.370.npy
2025-03-09 15:32:03,082 - DEBUG - Filtering range set to: 100.00 - 110.00 cMpc/h (Center: 105.00 cMpc/h, Thickness: 10.00 cMpc/h)
2025-03-09 15:32:03,082 - INFO - Loading data...
2025-03-09 15:32:03,279 - INFO - Input directory (npy): /caefs/data/IllustrisTNG/snapshot-99-dm-npy/cache
2025-03-09 15:32:03,279 - INFO - Output directory: /caefs/user/mmingyeong/structura/Structura/src/results
2025-03-09 15:32:03,280 - DEBUG - Detected 598 .npy file(s) in the input directory.
2025-03-09 15:32:03,280 - DEBUG - Example file: snapshot-99.370.npy
2025-03-09 15:32:03,280 - DEBUG - Filtering range set to: 100.00 - 110.00 cMpc/h (Center: 105.00 cMpc/h, Thickness: 10.00 cMpc/h)
2025-03-09 15:32:03,280 - INFO - Loading data...
2025-03-09 15:32:03,282 - INFO - Using GPU device 1.
2025-03-09 15:32:03,282 - INFO - Output directory 'TNG300_ICS' is set to: /caefs/data/IllustrisTNG/300/ICS
2025-03-09 15:32:03,283 - INFO - Output directory 'TNG300_snapshot99' is set to: /caefs/data/IllustrisTNG/snapshot-99-dm-npy/cache
2025-03-09 15:32:03,283 - WARNING - Output directory 'NPZ' does not exist: /path/to/your/output/npz
2025-03-09 15:32:03,283 - INFO - Output directory 'NPY' is set to: /caefs/data/IllustrisTNG/300/ICS
2025-03-09 15:32:03,283 - WARNING - Output directory 'LOGS' does not exist: /path/to/your/logs
2025-03-09 15:32:03,514 - INFO - Input directory (npy): /caefs/data/IllustrisTNG/snapshot-99-dm-npy/cache
2025-03-09 15:32:03,581 - INFO - Output directory: /caefs/user/mmingyeong/structura/Structura/src/results
2025-03-09 15:32:03,583 - DEBUG - Detected 598 .npy file(s) in the input directory.
2025-03-09 15:32:03,585 - DEBUG - Example file: snapshot-99.370.npy
2025-03-09 15:32:03,586 - DEBUG - Filtering range set to: 100.00 - 110.00 cMpc/h (Center: 105.00 cMpc/h, Thickness: 10.00 cMpc/h)
2025-03-09 15:32:03,588 - INFO - Loading data...
2025-03-09 15:32:04,118 - INFO - Using GPU device 1.
2025-03-09 15:32:03,695 - INFO - Using GPU device 1.
2025-03-09 15:32:03,759 - INFO - Input directory (npy): /caefs/data/IllustrisTNG/snapshot-99-dm-npy/cache
2025-03-09 15:32:03,897 - INFO - Using GPU device 1.
2025-03-09 15:32:03,976 - INFO - Using GPU device 1.
2025-03-09 15:32:04,049 - INFO - Using GPU device 1.
2025-03-09 15:32:04,186 - INFO - Output directory 'TNG300_ICS' is set to: /caefs/data/IllustrisTNG/300/ICS
2025-03-09 15:32:04,186 - INFO - Output directory 'TNG300_ICS' is set to: /caefs/data/IllustrisTNG/300/ICS
2025-03-09 15:32:04,187 - INFO - Output directory 'TNG300_ICS' is set to: /caefs/data/IllustrisTNG/300/ICS
2025-03-09 15:32:04,187 - INFO - Output directory 'TNG300_snapshot99' is set to: /caefs/data/IllustrisTNG/snapshot-99-dm-npy/cache
2025-03-09 15:32:04,187 - INFO - Output directory 'TNG300_snapshot99' is set to: /caefs/data/IllustrisTNG/snapshot-99-dm-npy/cache
2025-03-09 15:32:04,187 - INFO - Output directory 'TNG300_ICS' is set to: /caefs/data/IllustrisTNG/300/ICS
2025-03-09 15:32:04,187 - INFO - Output directory 'TNG300_ICS' is set to: /caefs/data/IllustrisTNG/300/ICS
2025-03-09 15:32:04,187 - INFO - Output directory 'TNG300_snapshot99' is set to: /caefs/data/IllustrisTNG/snapshot-99-dm-npy/cache
2025-03-09 15:32:04,186 - INFO - Output directory: /caefs/user/mmingyeong/structura/Structura/src/results
2025-03-09 15:32:04,187 - WARNING - Output directory 'NPZ' does not exist: /path/to/your/output/npz
2025-03-09 15:32:04,187 - WARNING - Output directory 'NPZ' does not exist: /path/to/your/output/npz
2025-03-09 15:32:04,187 - INFO - Output directory 'TNG300_snapshot99' is set to: /caefs/data/IllustrisTNG/snapshot-99-dm-npy/cache
2025-03-09 15:32:04,187 - INFO - Output directory 'TNG300_snapshot99' is set to: /caefs/data/IllustrisTNG/snapshot-99-dm-npy/cache
2025-03-09 15:32:04,187 - WARNING - Output directory 'NPZ' does not exist: /path/to/your/output/npz
2025-03-09 15:32:04,188 - INFO - Output directory 'NPY' is set to: /caefs/data/IllustrisTNG/300/ICS
2025-03-09 15:32:04,188 - WARNING - Output directory 'NPZ' does not exist: /path/to/your/output/npz
2025-03-09 15:32:04,188 - WARNING - Output directory 'LOGS' does not exist: /path/to/your/logs
2025-03-09 15:32:04,188 - WARNING - Output directory 'NPZ' does not exist: /path/to/your/output/npz
2025-03-09 15:32:04,188 - INFO - Output directory 'NPY' is set to: /caefs/data/IllustrisTNG/300/ICS
2025-03-09 15:32:04,188 - INFO - Output directory 'NPY' is set to: /caefs/data/IllustrisTNG/300/ICS
2025-03-09 15:32:04,188 - INFO - Output directory 'NPY' is set to: /caefs/data/IllustrisTNG/300/ICS
2025-03-09 15:32:04,188 - INFO - Output directory 'NPY' is set to: /caefs/data/IllustrisTNG/300/ICS
2025-03-09 15:32:04,188 - WARNING - Output directory 'LOGS' does not exist: /path/to/your/logs
2025-03-09 15:32:04,188 - WARNING - Output directory 'LOGS' does not exist: /path/to/your/logs
2025-03-09 15:32:04,188 - WARNING - Output directory 'LOGS' does not exist: /path/to/your/logs
2025-03-09 15:32:04,188 - WARNING - Output directory 'LOGS' does not exist: /path/to/your/logs
2025-03-09 15:32:04,190 - DEBUG - Detected 598 .npy file(s) in the input directory.
2025-03-09 15:32:04,190 - DEBUG - Example file: snapshot-99.370.npy
2025-03-09 15:32:04,190 - DEBUG - Filtering range set to: 100.00 - 110.00 cMpc/h (Center: 105.00 cMpc/h, Thickness: 10.00 cMpc/h)
2025-03-09 15:32:04,190 - INFO - Loading data...
2025-03-09 15:32:04,211 - INFO - Using GPU device 1.
2025-03-09 15:32:04,211 - INFO - Output directory 'TNG300_ICS' is set to: /caefs/data/IllustrisTNG/300/ICS
2025-03-09 15:32:04,212 - INFO - Output directory 'TNG300_snapshot99' is set to: /caefs/data/IllustrisTNG/snapshot-99-dm-npy/cache
2025-03-09 15:32:04,212 - WARNING - Output directory 'NPZ' does not exist: /path/to/your/output/npz
2025-03-09 15:32:04,212 - INFO - Output directory 'NPY' is set to: /caefs/data/IllustrisTNG/300/ICS
2025-03-09 15:32:04,212 - WARNING - Output directory 'LOGS' does not exist: /path/to/your/logs
2025-03-09 15:32:04,231 - INFO - Using GPU device 1.
2025-03-09 15:32:04,232 - INFO - Output directory 'TNG300_ICS' is set to: /caefs/data/IllustrisTNG/300/ICS
2025-03-09 15:32:04,232 - INFO - Output directory 'TNG300_snapshot99' is set to: /caefs/data/IllustrisTNG/snapshot-99-dm-npy/cache
2025-03-09 15:32:04,232 - WARNING - Output directory 'NPZ' does not exist: /path/to/your/output/npz
2025-03-09 15:32:04,232 - INFO - Output directory 'NPY' is set to: /caefs/data/IllustrisTNG/300/ICS
2025-03-09 15:32:04,232 - WARNING - Output directory 'LOGS' does not exist: /path/to/your/logs
2025-03-09 15:32:04,375 - INFO - Using GPU device 1.
2025-03-09 15:32:04,375 - INFO - Output directory 'TNG300_ICS' is set to: /caefs/data/IllustrisTNG/300/ICS
2025-03-09 15:32:04,376 - INFO - Output directory 'TNG300_snapshot99' is set to: /caefs/data/IllustrisTNG/snapshot-99-dm-npy/cache
2025-03-09 15:32:04,376 - WARNING - Output directory 'NPZ' does not exist: /path/to/your/output/npz
2025-03-09 15:32:04,376 - INFO - Output directory 'NPY' is set to: /caefs/data/IllustrisTNG/300/ICS
2025-03-09 15:32:04,376 - WARNING - Output directory 'LOGS' does not exist: /path/to/your/logs
2025-03-09 15:32:04,430 - INFO - Using GPU device 1.
2025-03-09 15:32:04,430 - INFO - Output directory 'TNG300_ICS' is set to: /caefs/data/IllustrisTNG/300/ICS
2025-03-09 15:32:04,430 - INFO - Output directory 'TNG300_snapshot99' is set to: /caefs/data/IllustrisTNG/snapshot-99-dm-npy/cache
2025-03-09 15:32:04,431 - WARNING - Output directory 'NPZ' does not exist: /path/to/your/output/npz
2025-03-09 15:32:04,431 - INFO - Output directory 'NPY' is set to: /caefs/data/IllustrisTNG/300/ICS
2025-03-09 15:32:04,431 - WARNING - Output directory 'LOGS' does not exist: /path/to/your/logs
2025-03-09 15:32:04,459 - INFO - Using GPU device 1.
2025-03-09 15:32:04,459 - INFO - Output directory 'TNG300_ICS' is set to: /caefs/data/IllustrisTNG/300/ICS
2025-03-09 15:32:04,460 - INFO - Output directory 'TNG300_snapshot99' is set to: /caefs/data/IllustrisTNG/snapshot-99-dm-npy/cache
2025-03-09 15:32:04,460 - WARNING - Output directory 'NPZ' does not exist: /path/to/your/output/npz
2025-03-09 15:32:04,460 - INFO - Output directory 'NPY' is set to: /caefs/data/IllustrisTNG/300/ICS
2025-03-09 15:32:04,460 - WARNING - Output directory 'LOGS' does not exist: /path/to/your/logs
2025-03-09 15:32:04,503 - INFO - Using GPU device 1.
2025-03-09 15:32:04,503 - INFO - Output directory 'TNG300_ICS' is set to: /caefs/data/IllustrisTNG/300/ICS
2025-03-09 15:32:04,504 - INFO - Output directory 'TNG300_snapshot99' is set to: /caefs/data/IllustrisTNG/snapshot-99-dm-npy/cache
2025-03-09 15:32:04,504 - WARNING - Output directory 'NPZ' does not exist: /path/to/your/output/npz
2025-03-09 15:32:04,504 - INFO - Output directory 'NPY' is set to: /caefs/data/IllustrisTNG/300/ICS
2025-03-09 15:32:04,504 - WARNING - Output directory 'LOGS' does not exist: /path/to/your/logs
2025-03-09 15:32:04,515 - INFO - Using GPU device 1.
2025-03-09 15:32:04,515 - INFO - Output directory 'TNG300_ICS' is set to: /caefs/data/IllustrisTNG/300/ICS
2025-03-09 15:32:04,516 - INFO - Output directory 'TNG300_snapshot99' is set to: /caefs/data/IllustrisTNG/snapshot-99-dm-npy/cache
2025-03-09 15:32:04,516 - WARNING - Output directory 'NPZ' does not exist: /path/to/your/output/npz
2025-03-09 15:32:04,516 - INFO - Output directory 'NPY' is set to: /caefs/data/IllustrisTNG/300/ICS
2025-03-09 15:32:04,516 - WARNING - Output directory 'LOGS' does not exist: /path/to/your/logs
2025-03-09 15:32:04,533 - INFO - Using GPU device 1.
2025-03-09 15:32:04,533 - INFO - Output directory 'TNG300_ICS' is set to: /caefs/data/IllustrisTNG/300/ICS
2025-03-09 15:32:04,534 - INFO - Output directory 'TNG300_snapshot99' is set to: /caefs/data/IllustrisTNG/snapshot-99-dm-npy/cache
2025-03-09 15:32:04,534 - WARNING - Output directory 'NPZ' does not exist: /path/to/your/output/npz
2025-03-09 15:32:04,534 - INFO - Output directory 'NPY' is set to: /caefs/data/IllustrisTNG/300/ICS
2025-03-09 15:32:04,534 - WARNING - Output directory 'LOGS' does not exist: /path/to/your/logs
2025-03-09 15:32:04,548 - INFO - Using GPU device 1.
2025-03-09 15:32:04,548 - INFO - Output directory 'TNG300_ICS' is set to: /caefs/data/IllustrisTNG/300/ICS
2025-03-09 15:32:04,548 - INFO - Output directory 'TNG300_snapshot99' is set to: /caefs/data/IllustrisTNG/snapshot-99-dm-npy/cache
2025-03-09 15:32:04,548 - WARNING - Output directory 'NPZ' does not exist: /path/to/your/output/npz
2025-03-09 15:32:04,549 - INFO - Output directory 'NPY' is set to: /caefs/data/IllustrisTNG/300/ICS
2025-03-09 15:32:04,549 - WARNING - Output directory 'LOGS' does not exist: /path/to/your/logs
2025-03-09 15:32:04,555 - INFO - Using GPU device 1.
2025-03-09 15:32:04,556 - INFO - Output directory 'TNG300_ICS' is set to: /caefs/data/IllustrisTNG/300/ICS
2025-03-09 15:32:04,556 - INFO - Output directory 'TNG300_snapshot99' is set to: /caefs/data/IllustrisTNG/snapshot-99-dm-npy/cache
2025-03-09 15:32:04,556 - WARNING - Output directory 'NPZ' does not exist: /path/to/your/output/npz
2025-03-09 15:32:04,556 - INFO - Output directory 'NPY' is set to: /caefs/data/IllustrisTNG/300/ICS
2025-03-09 15:32:04,556 - WARNING - Output directory 'LOGS' does not exist: /path/to/your/logs
2025-03-09 15:32:04,559 - INFO - Using GPU device 1.
2025-03-09 15:32:04,560 - INFO - Output directory 'TNG300_ICS' is set to: /caefs/data/IllustrisTNG/300/ICS
2025-03-09 15:32:04,560 - INFO - Output directory 'TNG300_snapshot99' is set to: /caefs/data/IllustrisTNG/snapshot-99-dm-npy/cache
2025-03-09 15:32:04,560 - WARNING - Output directory 'NPZ' does not exist: /path/to/your/output/npz
2025-03-09 15:32:04,560 - INFO - Output directory 'NPY' is set to: /caefs/data/IllustrisTNG/300/ICS
2025-03-09 15:32:04,560 - WARNING - Output directory 'LOGS' does not exist: /path/to/your/logs
2025-03-09 15:32:04,722 - INFO - Input directory (npy): /caefs/data/IllustrisTNG/snapshot-99-dm-npy/cache
2025-03-09 15:32:04,723 - INFO - Output directory: /caefs/user/mmingyeong/structura/Structura/src/results
2025-03-09 15:32:04,723 - DEBUG - Detected 598 .npy file(s) in the input directory.
2025-03-09 15:32:04,724 - DEBUG - Example file: snapshot-99.370.npy
2025-03-09 15:32:04,724 - DEBUG - Filtering range set to: 100.00 - 110.00 cMpc/h (Center: 105.00 cMpc/h, Thickness: 10.00 cMpc/h)
2025-03-09 15:32:04,724 - INFO - Loading data...
2025-03-09 15:32:04,724 - INFO - Input directory (npy): /caefs/data/IllustrisTNG/snapshot-99-dm-npy/cache
2025-03-09 15:32:04,724 - INFO - Output directory: /caefs/user/mmingyeong/structura/Structura/src/results
2025-03-09 15:32:04,725 - DEBUG - Detected 598 .npy file(s) in the input directory.
2025-03-09 15:32:04,725 - DEBUG - Example file: snapshot-99.370.npy
2025-03-09 15:32:04,725 - DEBUG - Filtering range set to: 100.00 - 110.00 cMpc/h (Center: 105.00 cMpc/h, Thickness: 10.00 cMpc/h)
2025-03-09 15:32:04,725 - INFO - Loading data...
2025-03-09 15:32:04,739 - INFO - Input directory (npy): /caefs/data/IllustrisTNG/snapshot-99-dm-npy/cache
2025-03-09 15:32:04,740 - INFO - Output directory: /caefs/user/mmingyeong/structura/Structura/src/results
2025-03-09 15:32:04,740 - DEBUG - Detected 598 .npy file(s) in the input directory.
2025-03-09 15:32:04,741 - DEBUG - Example file: snapshot-99.370.npy
2025-03-09 15:32:04,741 - DEBUG - Filtering range set to: 100.00 - 110.00 cMpc/h (Center: 105.00 cMpc/h, Thickness: 10.00 cMpc/h)
2025-03-09 15:32:04,741 - INFO - Loading data...
2025-03-09 15:32:04,774 - INFO - Input directory (npy): /caefs/data/IllustrisTNG/snapshot-99-dm-npy/cache
2025-03-09 15:32:04,774 - INFO - Output directory: /caefs/user/mmingyeong/structura/Structura/src/results
2025-03-09 15:32:04,775 - DEBUG - Detected 598 .npy file(s) in the input directory.
2025-03-09 15:32:04,775 - DEBUG - Example file: snapshot-99.370.npy
2025-03-09 15:32:04,775 - DEBUG - Filtering range set to: 100.00 - 110.00 cMpc/h (Center: 105.00 cMpc/h, Thickness: 10.00 cMpc/h)
2025-03-09 15:32:04,775 - INFO - Loading data...
2025-03-09 15:32:04,783 - INFO - Input directory (npy): /caefs/data/IllustrisTNG/snapshot-99-dm-npy/cache
2025-03-09 15:32:04,783 - INFO - Output directory: /caefs/user/mmingyeong/structura/Structura/src/results
2025-03-09 15:32:04,784 - DEBUG - Detected 598 .npy file(s) in the input directory.
2025-03-09 15:32:04,784 - DEBUG - Example file: snapshot-99.370.npy
2025-03-09 15:32:04,784 - DEBUG - Filtering range set to: 100.00 - 110.00 cMpc/h (Center: 105.00 cMpc/h, Thickness: 10.00 cMpc/h)
2025-03-09 15:32:04,784 - INFO - Loading data...
