2025-03-09 16:13:07,296 - INFO - Using GPU device 1.
2025-03-09 16:13:07,298 - INFO - Output directory 'TNG300_ICS' is set to: /caefs/data/IllustrisTNG/300/ICS
2025-03-09 16:13:07,298 - INFO - Output directory 'TNG300_snapshot99' is set to: /caefs/data/IllustrisTNG/snapshot-99-dm-npy/cache
2025-03-09 16:13:07,298 - WARNING - Output directory 'NPZ' does not exist: /path/to/your/output/npz
2025-03-09 16:13:07,298 - INFO - Output directory 'NPY' is set to: /caefs/data/IllustrisTNG/300/ICS
2025-03-09 16:13:07,298 - WARNING - Output directory 'LOGS' does not exist: /path/to/your/logs
2025-03-09 16:13:07,400 - INFO - Using GPU device 1.
2025-03-09 16:13:07,400 - INFO - Output directory 'TNG300_ICS' is set to: /caefs/data/IllustrisTNG/300/ICS
2025-03-09 16:13:07,400 - INFO - Output directory 'TNG300_snapshot99' is set to: /caefs/data/IllustrisTNG/snapshot-99-dm-npy/cache
2025-03-09 16:13:07,400 - WARNING - Output directory 'NPZ' does not exist: /path/to/your/output/npz
2025-03-09 16:13:07,401 - INFO - Output directory 'NPY' is set to: /caefs/data/IllustrisTNG/300/ICS
2025-03-09 16:13:07,401 - WARNING - Output directory 'LOGS' does not exist: /path/to/your/logs
2025-03-09 16:13:07,841 - INFO - Using GPU device 1.
2025-03-09 16:13:07,841 - INFO - Output directory 'TNG300_ICS' is set to: /caefs/data/IllustrisTNG/300/ICS
2025-03-09 16:13:07,841 - INFO - Output directory 'TNG300_snapshot99' is set to: /caefs/data/IllustrisTNG/snapshot-99-dm-npy/cache
2025-03-09 16:13:07,842 - WARNING - Output directory 'NPZ' does not exist: /path/to/your/output/npz
2025-03-09 16:13:07,842 - INFO - Output directory 'NPY' is set to: /caefs/data/IllustrisTNG/300/ICS
2025-03-09 16:13:07,842 - WARNING - Output directory 'LOGS' does not exist: /path/to/your/logs
2025-03-09 16:13:08,346 - INFO - Using GPU device 1.
2025-03-09 16:13:08,346 - INFO - Output directory 'TNG300_ICS' is set to: /caefs/data/IllustrisTNG/300/ICS
2025-03-09 16:13:08,346 - INFO - Output directory 'TNG300_snapshot99' is set to: /caefs/data/IllustrisTNG/snapshot-99-dm-npy/cache
2025-03-09 16:13:08,346 - WARNING - Output directory 'NPZ' does not exist: /path/to/your/output/npz
2025-03-09 16:13:08,347 - INFO - Output directory 'NPY' is set to: /caefs/data/IllustrisTNG/300/ICS
2025-03-09 16:13:08,347 - WARNING - Output directory 'LOGS' does not exist: /path/to/your/logs
2025-03-09 16:13:08,663 - INFO - Using GPU device 1.
2025-03-09 16:13:08,664 - INFO - Output directory 'TNG300_ICS' is set to: /caefs/data/IllustrisTNG/300/ICS
2025-03-09 16:13:08,664 - INFO - Output directory 'TNG300_snapshot99' is set to: /caefs/data/IllustrisTNG/snapshot-99-dm-npy/cache
2025-03-09 16:13:08,664 - WARNING - Output directory 'NPZ' does not exist: /path/to/your/output/npz
2025-03-09 16:13:08,665 - INFO - Output directory 'NPY' is set to: /caefs/data/IllustrisTNG/300/ICS
2025-03-09 16:13:08,665 - WARNING - Output directory 'LOGS' does not exist: /path/to/your/logs
2025-03-09 16:13:08,991 - INFO - Using GPU device 1.
2025-03-09 16:13:08,991 - INFO - Output directory 'TNG300_ICS' is set to: /caefs/data/IllustrisTNG/300/ICS
2025-03-09 16:13:08,991 - INFO - Output directory 'TNG300_snapshot99' is set to: /caefs/data/IllustrisTNG/snapshot-99-dm-npy/cache
2025-03-09 16:13:08,992 - WARNING - Output directory 'NPZ' does not exist: /path/to/your/output/npz
2025-03-09 16:13:08,992 - INFO - Output directory 'NPY' is set to: /caefs/data/IllustrisTNG/300/ICS
2025-03-09 16:13:08,992 - WARNING - Output directory 'LOGS' does not exist: /path/to/your/logs
2025-03-09 16:13:09,050 - INFO - Using GPU device 1.
2025-03-09 16:13:09,050 - INFO - Output directory 'TNG300_ICS' is set to: /caefs/data/IllustrisTNG/300/ICS
2025-03-09 16:13:09,050 - INFO - Output directory 'TNG300_snapshot99' is set to: /caefs/data/IllustrisTNG/snapshot-99-dm-npy/cache
2025-03-09 16:13:09,050 - WARNING - Output directory 'NPZ' does not exist: /path/to/your/output/npz
2025-03-09 16:13:09,050 - INFO - Output directory 'NPY' is set to: /caefs/data/IllustrisTNG/300/ICS
2025-03-09 16:13:09,050 - WARNING - Output directory 'LOGS' does not exist: /path/to/your/logs
2025-03-09 16:13:09,103 - INFO - Using GPU device 1.
2025-03-09 16:13:09,103 - INFO - Output directory 'TNG300_ICS' is set to: /caefs/data/IllustrisTNG/300/ICS
2025-03-09 16:13:09,104 - INFO - Output directory 'TNG300_snapshot99' is set to: /caefs/data/IllustrisTNG/snapshot-99-dm-npy/cache
2025-03-09 16:13:09,104 - WARNING - Output directory 'NPZ' does not exist: /path/to/your/output/npz
2025-03-09 16:13:09,104 - INFO - Output directory 'NPY' is set to: /caefs/data/IllustrisTNG/300/ICS
2025-03-09 16:13:09,104 - WARNING - Output directory 'LOGS' does not exist: /path/to/your/logs
2025-03-09 16:13:09,212 - INFO - Using GPU device 1.
2025-03-09 16:13:09,213 - INFO - Output directory 'TNG300_ICS' is set to: /caefs/data/IllustrisTNG/300/ICS
2025-03-09 16:13:09,213 - INFO - Output directory 'TNG300_snapshot99' is set to: /caefs/data/IllustrisTNG/snapshot-99-dm-npy/cache
2025-03-09 16:13:09,213 - WARNING - Output directory 'NPZ' does not exist: /path/to/your/output/npz
2025-03-09 16:13:09,214 - INFO - Output directory 'NPY' is set to: /caefs/data/IllustrisTNG/300/ICS
2025-03-09 16:13:09,214 - WARNING - Output directory 'LOGS' does not exist: /path/to/your/logs
2025-03-09 16:13:09,219 - INFO - Using GPU device 1.
2025-03-09 16:13:09,219 - INFO - Output directory 'TNG300_ICS' is set to: /caefs/data/IllustrisTNG/300/ICS
2025-03-09 16:13:09,220 - INFO - Output directory 'TNG300_snapshot99' is set to: /caefs/data/IllustrisTNG/snapshot-99-dm-npy/cache
2025-03-09 16:13:09,220 - WARNING - Output directory 'NPZ' does not exist: /path/to/your/output/npz
2025-03-09 16:13:09,220 - INFO - Output directory 'NPY' is set to: /caefs/data/IllustrisTNG/300/ICS
2025-03-09 16:13:09,220 - WARNING - Output directory 'LOGS' does not exist: /path/to/your/logs
2025-03-09 16:13:09,299 - INFO - Using GPU device 1.
2025-03-09 16:13:09,299 - INFO - Output directory 'TNG300_ICS' is set to: /caefs/data/IllustrisTNG/300/ICS
2025-03-09 16:13:09,300 - INFO - Output directory 'TNG300_snapshot99' is set to: /caefs/data/IllustrisTNG/snapshot-99-dm-npy/cache
2025-03-09 16:13:09,300 - WARNING - Output directory 'NPZ' does not exist: /path/to/your/output/npz
2025-03-09 16:13:09,300 - INFO - Output directory 'NPY' is set to: /caefs/data/IllustrisTNG/300/ICS
2025-03-09 16:13:09,300 - WARNING - Output directory 'LOGS' does not exist: /path/to/your/logs
2025-03-09 16:13:09,328 - INFO - Using GPU device 1.
2025-03-09 16:13:09,328 - INFO - Output directory 'TNG300_ICS' is set to: /caefs/data/IllustrisTNG/300/ICS
2025-03-09 16:13:09,328 - INFO - Output directory 'TNG300_snapshot99' is set to: /caefs/data/IllustrisTNG/snapshot-99-dm-npy/cache
2025-03-09 16:13:09,329 - WARNING - Output directory 'NPZ' does not exist: /path/to/your/output/npz
2025-03-09 16:13:09,329 - INFO - Output directory 'NPY' is set to: /caefs/data/IllustrisTNG/300/ICS
2025-03-09 16:13:09,329 - WARNING - Output directory 'LOGS' does not exist: /path/to/your/logs
2025-03-09 16:13:09,469 - INFO - Using GPU device 1.
2025-03-09 16:13:09,469 - INFO - Output directory 'TNG300_ICS' is set to: /caefs/data/IllustrisTNG/300/ICS
2025-03-09 16:13:09,469 - INFO - Output directory 'TNG300_snapshot99' is set to: /caefs/data/IllustrisTNG/snapshot-99-dm-npy/cache
2025-03-09 16:13:09,469 - WARNING - Output directory 'NPZ' does not exist: /path/to/your/output/npz
2025-03-09 16:13:09,469 - INFO - Output directory 'NPY' is set to: /caefs/data/IllustrisTNG/300/ICS
2025-03-09 16:13:09,470 - WARNING - Output directory 'LOGS' does not exist: /path/to/your/logs
2025-03-09 16:13:09,481 - INFO - Using GPU device 1.
2025-03-09 16:13:09,481 - INFO - Output directory 'TNG300_ICS' is set to: /caefs/data/IllustrisTNG/300/ICS
2025-03-09 16:13:09,481 - INFO - Output directory 'TNG300_snapshot99' is set to: /caefs/data/IllustrisTNG/snapshot-99-dm-npy/cache
2025-03-09 16:13:09,482 - WARNING - Output directory 'NPZ' does not exist: /path/to/your/output/npz
2025-03-09 16:13:09,482 - INFO - Output directory 'NPY' is set to: /caefs/data/IllustrisTNG/300/ICS
2025-03-09 16:13:09,482 - WARNING - Output directory 'LOGS' does not exist: /path/to/your/logs
2025-03-09 16:13:09,504 - INFO - Using GPU device 1.
2025-03-09 16:13:09,505 - INFO - Output directory 'TNG300_ICS' is set to: /caefs/data/IllustrisTNG/300/ICS
2025-03-09 16:13:09,505 - INFO - Output directory 'TNG300_snapshot99' is set to: /caefs/data/IllustrisTNG/snapshot-99-dm-npy/cache
2025-03-09 16:13:09,505 - WARNING - Output directory 'NPZ' does not exist: /path/to/your/output/npz
2025-03-09 16:13:09,506 - INFO - Output directory 'NPY' is set to: /caefs/data/IllustrisTNG/300/ICS
2025-03-09 16:13:09,506 - WARNING - Output directory 'LOGS' does not exist: /path/to/your/logs
2025-03-09 16:13:09,520 - INFO - Using GPU device 1.
2025-03-09 16:13:09,520 - INFO - Output directory 'TNG300_ICS' is set to: /caefs/data/IllustrisTNG/300/ICS
2025-03-09 16:13:09,520 - INFO - Output directory 'TNG300_snapshot99' is set to: /caefs/data/IllustrisTNG/snapshot-99-dm-npy/cache
2025-03-09 16:13:09,521 - WARNING - Output directory 'NPZ' does not exist: /path/to/your/output/npz
2025-03-09 16:13:09,521 - INFO - Output directory 'NPY' is set to: /caefs/data/IllustrisTNG/300/ICS
2025-03-09 16:13:09,521 - WARNING - Output directory 'LOGS' does not exist: /path/to/your/logs
2025-03-09 16:13:09,584 - INFO - Using GPU device 1.
2025-03-09 16:13:09,584 - INFO - Output directory 'TNG300_ICS' is set to: /caefs/data/IllustrisTNG/300/ICS
2025-03-09 16:13:09,585 - INFO - Output directory 'TNG300_snapshot99' is set to: /caefs/data/IllustrisTNG/snapshot-99-dm-npy/cache
2025-03-09 16:13:09,585 - WARNING - Output directory 'NPZ' does not exist: /path/to/your/output/npz
2025-03-09 16:13:09,585 - INFO - Output directory 'NPY' is set to: /caefs/data/IllustrisTNG/300/ICS
2025-03-09 16:13:09,585 - WARNING - Output directory 'LOGS' does not exist: /path/to/your/logs
2025-03-09 16:13:09,633 - INFO - Using GPU device 1.
2025-03-09 16:13:09,634 - INFO - Output directory 'TNG300_ICS' is set to: /caefs/data/IllustrisTNG/300/ICS
2025-03-09 16:13:09,634 - INFO - Output directory 'TNG300_snapshot99' is set to: /caefs/data/IllustrisTNG/snapshot-99-dm-npy/cache
2025-03-09 16:13:09,634 - WARNING - Output directory 'NPZ' does not exist: /path/to/your/output/npz
2025-03-09 16:13:09,635 - INFO - Output directory 'NPY' is set to: /caefs/data/IllustrisTNG/300/ICS
2025-03-09 16:13:09,635 - WARNING - Output directory 'LOGS' does not exist: /path/to/your/logs
2025-03-09 16:13:09,757 - INFO - Using GPU device 1.
2025-03-09 16:13:09,758 - INFO - Output directory 'TNG300_ICS' is set to: /caefs/data/IllustrisTNG/300/ICS
2025-03-09 16:13:09,758 - INFO - Output directory 'TNG300_snapshot99' is set to: /caefs/data/IllustrisTNG/snapshot-99-dm-npy/cache
2025-03-09 16:13:09,758 - WARNING - Output directory 'NPZ' does not exist: /path/to/your/output/npz
2025-03-09 16:13:09,758 - INFO - Output directory 'NPY' is set to: /caefs/data/IllustrisTNG/300/ICS
2025-03-09 16:13:09,759 - WARNING - Output directory 'LOGS' does not exist: /path/to/your/logs
2025-03-09 16:13:09,766 - INFO - Using GPU device 1.
2025-03-09 16:13:09,766 - INFO - Output directory 'TNG300_ICS' is set to: /caefs/data/IllustrisTNG/300/ICS
2025-03-09 16:13:09,767 - INFO - Output directory 'TNG300_snapshot99' is set to: /caefs/data/IllustrisTNG/snapshot-99-dm-npy/cache
2025-03-09 16:13:09,767 - WARNING - Output directory 'NPZ' does not exist: /path/to/your/output/npz
2025-03-09 16:13:09,767 - INFO - Output directory 'NPY' is set to: /caefs/data/IllustrisTNG/300/ICS
2025-03-09 16:13:09,767 - WARNING - Output directory 'LOGS' does not exist: /path/to/your/logs
2025-03-09 16:13:09,780 - INFO - Using GPU device 1.
2025-03-09 16:13:09,780 - INFO - Output directory 'TNG300_ICS' is set to: /caefs/data/IllustrisTNG/300/ICS
2025-03-09 16:13:09,780 - INFO - Output directory 'TNG300_snapshot99' is set to: /caefs/data/IllustrisTNG/snapshot-99-dm-npy/cache
2025-03-09 16:13:09,781 - WARNING - Output directory 'NPZ' does not exist: /path/to/your/output/npz
2025-03-09 16:13:09,781 - INFO - Output directory 'NPY' is set to: /caefs/data/IllustrisTNG/300/ICS
2025-03-09 16:13:09,781 - WARNING - Output directory 'LOGS' does not exist: /path/to/your/logs
2025-03-09 16:13:09,934 - INFO - Using GPU device 1.
2025-03-09 16:13:09,934 - INFO - Output directory 'TNG300_ICS' is set to: /caefs/data/IllustrisTNG/300/ICS
2025-03-09 16:13:09,935 - INFO - Output directory 'TNG300_snapshot99' is set to: /caefs/data/IllustrisTNG/snapshot-99-dm-npy/cache
2025-03-09 16:13:09,935 - WARNING - Output directory 'NPZ' does not exist: /path/to/your/output/npz
2025-03-09 16:13:09,935 - INFO - Output directory 'NPY' is set to: /caefs/data/IllustrisTNG/300/ICS
2025-03-09 16:13:09,935 - WARNING - Output directory 'LOGS' does not exist: /path/to/your/logs
2025-03-09 16:13:09,965 - INFO - Using GPU device 1.
2025-03-09 16:13:09,966 - INFO - Output directory 'TNG300_ICS' is set to: /caefs/data/IllustrisTNG/300/ICS
2025-03-09 16:13:09,966 - INFO - Output directory 'TNG300_snapshot99' is set to: /caefs/data/IllustrisTNG/snapshot-99-dm-npy/cache
2025-03-09 16:13:09,966 - WARNING - Output directory 'NPZ' does not exist: /path/to/your/output/npz
2025-03-09 16:13:09,966 - INFO - Output directory 'NPY' is set to: /caefs/data/IllustrisTNG/300/ICS
2025-03-09 16:13:09,966 - WARNING - Output directory 'LOGS' does not exist: /path/to/your/logs
2025-03-09 16:13:09,985 - INFO - Using GPU device 1.
2025-03-09 16:13:09,985 - INFO - Output directory 'TNG300_ICS' is set to: /caefs/data/IllustrisTNG/300/ICS
2025-03-09 16:13:09,986 - INFO - Output directory 'TNG300_snapshot99' is set to: /caefs/data/IllustrisTNG/snapshot-99-dm-npy/cache
2025-03-09 16:13:09,986 - WARNING - Output directory 'NPZ' does not exist: /path/to/your/output/npz
2025-03-09 16:13:09,986 - INFO - Output directory 'NPY' is set to: /caefs/data/IllustrisTNG/300/ICS
2025-03-09 16:13:09,986 - WARNING - Output directory 'LOGS' does not exist: /path/to/your/logs
2025-03-09 16:13:10,006 - INFO - Using GPU device 1.
2025-03-09 16:13:10,006 - INFO - Output directory 'TNG300_ICS' is set to: /caefs/data/IllustrisTNG/300/ICS
2025-03-09 16:13:10,007 - INFO - Output directory 'TNG300_snapshot99' is set to: /caefs/data/IllustrisTNG/snapshot-99-dm-npy/cache
2025-03-09 16:13:10,007 - WARNING - Output directory 'NPZ' does not exist: /path/to/your/output/npz
2025-03-09 16:13:10,007 - INFO - Output directory 'NPY' is set to: /caefs/data/IllustrisTNG/300/ICS
2025-03-09 16:13:10,007 - WARNING - Output directory 'LOGS' does not exist: /path/to/your/logs
2025-03-09 16:13:10,012 - INFO - Using GPU device 1.
2025-03-09 16:13:10,012 - INFO - Output directory 'TNG300_ICS' is set to: /caefs/data/IllustrisTNG/300/ICS
2025-03-09 16:13:10,012 - INFO - Output directory 'TNG300_snapshot99' is set to: /caefs/data/IllustrisTNG/snapshot-99-dm-npy/cache
2025-03-09 16:13:10,013 - WARNING - Output directory 'NPZ' does not exist: /path/to/your/output/npz
2025-03-09 16:13:10,013 - INFO - Output directory 'NPY' is set to: /caefs/data/IllustrisTNG/300/ICS
2025-03-09 16:13:10,013 - WARNING - Output directory 'LOGS' does not exist: /path/to/your/logs
2025-03-09 16:13:10,020 - INFO - Using GPU device 1.
2025-03-09 16:13:10,021 - INFO - Output directory 'TNG300_ICS' is set to: /caefs/data/IllustrisTNG/300/ICS
2025-03-09 16:13:10,021 - INFO - Output directory 'TNG300_snapshot99' is set to: /caefs/data/IllustrisTNG/snapshot-99-dm-npy/cache
2025-03-09 16:13:10,021 - WARNING - Output directory 'NPZ' does not exist: /path/to/your/output/npz
2025-03-09 16:13:10,021 - INFO - Output directory 'NPY' is set to: /caefs/data/IllustrisTNG/300/ICS
2025-03-09 16:13:10,021 - WARNING - Output directory 'LOGS' does not exist: /path/to/your/logs
2025-03-09 16:13:10,024 - INFO - Using GPU device 1.
2025-03-09 16:13:10,024 - INFO - Output directory 'TNG300_ICS' is set to: /caefs/data/IllustrisTNG/300/ICS
2025-03-09 16:13:10,024 - INFO - Output directory 'TNG300_snapshot99' is set to: /caefs/data/IllustrisTNG/snapshot-99-dm-npy/cache
2025-03-09 16:13:10,024 - WARNING - Output directory 'NPZ' does not exist: /path/to/your/output/npz
2025-03-09 16:13:10,024 - INFO - Output directory 'NPY' is set to: /caefs/data/IllustrisTNG/300/ICS
2025-03-09 16:13:10,024 - WARNING - Output directory 'LOGS' does not exist: /path/to/your/logs
