2025-03-09 15:42:22,076 - INFO - Using GPU device 1.
2025-03-09 15:42:22,078 - INFO - Output directory 'TNG300_ICS' is set to: /caefs/data/IllustrisTNG/300/ICS
2025-03-09 15:42:22,078 - INFO - Output directory 'TNG300_snapshot99' is set to: /caefs/data/IllustrisTNG/snapshot-99-dm-npy/cache
2025-03-09 15:42:22,078 - WARNING - Output directory 'NPZ' does not exist: /path/to/your/output/npz
2025-03-09 15:42:22,079 - INFO - Output directory 'NPY' is set to: /caefs/data/IllustrisTNG/300/ICS
2025-03-09 15:42:22,079 - WARNING - Output directory 'LOGS' does not exist: /path/to/your/logs
2025-03-09 15:42:22,080 - INFO - Using GPU device 1.
2025-03-09 15:42:22,081 - INFO - Output directory 'TNG300_ICS' is set to: /caefs/data/IllustrisTNG/300/ICS
2025-03-09 15:42:22,081 - INFO - Output directory 'TNG300_snapshot99' is set to: /caefs/data/IllustrisTNG/snapshot-99-dm-npy/cache
2025-03-09 15:42:22,081 - WARNING - Output directory 'NPZ' does not exist: /path/to/your/output/npz
2025-03-09 15:42:22,082 - INFO - Output directory 'NPY' is set to: /caefs/data/IllustrisTNG/300/ICS
2025-03-09 15:42:22,082 - WARNING - Output directory 'LOGS' does not exist: /path/to/your/logs
2025-03-09 15:42:22,698 - INFO - Using GPU device 1.
2025-03-09 15:42:22,699 - INFO - Output directory 'TNG300_ICS' is set to: /caefs/data/IllustrisTNG/300/ICS
2025-03-09 15:42:22,699 - INFO - Output directory 'TNG300_snapshot99' is set to: /caefs/data/IllustrisTNG/snapshot-99-dm-npy/cache
2025-03-09 15:42:22,699 - WARNING - Output directory 'NPZ' does not exist: /path/to/your/output/npz
2025-03-09 15:42:22,699 - INFO - Output directory 'NPY' is set to: /caefs/data/IllustrisTNG/300/ICS
2025-03-09 15:42:22,699 - WARNING - Output directory 'LOGS' does not exist: /path/to/your/logs
2025-03-09 15:42:23,178 - INFO - Using GPU device 1.
2025-03-09 15:42:23,178 - INFO - Output directory 'TNG300_ICS' is set to: /caefs/data/IllustrisTNG/300/ICS
2025-03-09 15:42:23,178 - INFO - Output directory 'TNG300_snapshot99' is set to: /caefs/data/IllustrisTNG/snapshot-99-dm-npy/cache
2025-03-09 15:42:23,178 - WARNING - Output directory 'NPZ' does not exist: /path/to/your/output/npz
2025-03-09 15:42:23,178 - INFO - Output directory 'NPY' is set to: /caefs/data/IllustrisTNG/300/ICS
2025-03-09 15:42:23,179 - WARNING - Output directory 'LOGS' does not exist: /path/to/your/logs
2025-03-09 15:42:23,279 - INFO - Using GPU device 1.
2025-03-09 15:42:23,279 - INFO - Output directory 'TNG300_ICS' is set to: /caefs/data/IllustrisTNG/300/ICS
2025-03-09 15:42:23,279 - INFO - Output directory 'TNG300_snapshot99' is set to: /caefs/data/IllustrisTNG/snapshot-99-dm-npy/cache
2025-03-09 15:42:23,279 - WARNING - Output directory 'NPZ' does not exist: /path/to/your/output/npz
2025-03-09 15:42:23,280 - INFO - Output directory 'NPY' is set to: /caefs/data/IllustrisTNG/300/ICS
2025-03-09 15:42:23,280 - WARNING - Output directory 'LOGS' does not exist: /path/to/your/logs
2025-03-09 15:42:23,817 - INFO - Using GPU device 1.
2025-03-09 15:42:23,817 - INFO - Output directory 'TNG300_ICS' is set to: /caefs/data/IllustrisTNG/300/ICS
2025-03-09 15:42:23,817 - INFO - Output directory 'TNG300_snapshot99' is set to: /caefs/data/IllustrisTNG/snapshot-99-dm-npy/cache
2025-03-09 15:42:23,818 - WARNING - Output directory 'NPZ' does not exist: /path/to/your/output/npz
2025-03-09 15:42:23,818 - INFO - Output directory 'NPY' is set to: /caefs/data/IllustrisTNG/300/ICS
2025-03-09 15:42:23,818 - WARNING - Output directory 'LOGS' does not exist: /path/to/your/logs
2025-03-09 15:42:24,303 - INFO - Using GPU device 1.
2025-03-09 15:42:24,304 - INFO - Output directory 'TNG300_ICS' is set to: /caefs/data/IllustrisTNG/300/ICS
2025-03-09 15:42:24,304 - INFO - Output directory 'TNG300_snapshot99' is set to: /caefs/data/IllustrisTNG/snapshot-99-dm-npy/cache
2025-03-09 15:42:24,304 - WARNING - Output directory 'NPZ' does not exist: /path/to/your/output/npz
2025-03-09 15:42:24,304 - INFO - Output directory 'NPY' is set to: /caefs/data/IllustrisTNG/300/ICS
2025-03-09 15:42:24,304 - WARNING - Output directory 'LOGS' does not exist: /path/to/your/logs
2025-03-09 15:42:24,375 - INFO - Using GPU device 1.
2025-03-09 15:42:24,376 - INFO - Output directory 'TNG300_ICS' is set to: /caefs/data/IllustrisTNG/300/ICS
2025-03-09 15:42:24,376 - INFO - Output directory 'TNG300_snapshot99' is set to: /caefs/data/IllustrisTNG/snapshot-99-dm-npy/cache
2025-03-09 15:42:24,376 - WARNING - Output directory 'NPZ' does not exist: /path/to/your/output/npz
2025-03-09 15:42:24,376 - INFO - Output directory 'NPY' is set to: /caefs/data/IllustrisTNG/300/ICS
2025-03-09 15:42:24,376 - WARNING - Output directory 'LOGS' does not exist: /path/to/your/logs
2025-03-09 15:42:24,390 - INFO - Using GPU device 1.
2025-03-09 15:42:24,390 - INFO - Output directory 'TNG300_ICS' is set to: /caefs/data/IllustrisTNG/300/ICS
2025-03-09 15:42:24,390 - INFO - Output directory 'TNG300_snapshot99' is set to: /caefs/data/IllustrisTNG/snapshot-99-dm-npy/cache
2025-03-09 15:42:24,390 - WARNING - Output directory 'NPZ' does not exist: /path/to/your/output/npz
2025-03-09 15:42:24,390 - INFO - Output directory 'NPY' is set to: /caefs/data/IllustrisTNG/300/ICS
2025-03-09 15:42:24,390 - WARNING - Output directory 'LOGS' does not exist: /path/to/your/logs
2025-03-09 15:42:24,441 - INFO - Using GPU device 1.
2025-03-09 15:42:24,441 - INFO - Output directory 'TNG300_ICS' is set to: /caefs/data/IllustrisTNG/300/ICS
2025-03-09 15:42:24,441 - INFO - Output directory 'TNG300_snapshot99' is set to: /caefs/data/IllustrisTNG/snapshot-99-dm-npy/cache
2025-03-09 15:42:24,442 - WARNING - Output directory 'NPZ' does not exist: /path/to/your/output/npz
2025-03-09 15:42:24,442 - INFO - Output directory 'NPY' is set to: /caefs/data/IllustrisTNG/300/ICS
2025-03-09 15:42:24,442 - WARNING - Output directory 'LOGS' does not exist: /path/to/your/logs
2025-03-09 15:42:24,500 - INFO - Using GPU device 1.
2025-03-09 15:42:24,500 - INFO - Output directory 'TNG300_ICS' is set to: /caefs/data/IllustrisTNG/300/ICS
2025-03-09 15:42:24,500 - INFO - Output directory 'TNG300_snapshot99' is set to: /caefs/data/IllustrisTNG/snapshot-99-dm-npy/cache
2025-03-09 15:42:24,501 - WARNING - Output directory 'NPZ' does not exist: /path/to/your/output/npz
2025-03-09 15:42:24,501 - INFO - Output directory 'NPY' is set to: /caefs/data/IllustrisTNG/300/ICS
2025-03-09 15:42:24,501 - WARNING - Output directory 'LOGS' does not exist: /path/to/your/logs
2025-03-09 15:42:24,550 - INFO - Using GPU device 1.
2025-03-09 15:42:24,551 - INFO - Output directory 'TNG300_ICS' is set to: /caefs/data/IllustrisTNG/300/ICS
2025-03-09 15:42:24,551 - INFO - Output directory 'TNG300_snapshot99' is set to: /caefs/data/IllustrisTNG/snapshot-99-dm-npy/cache
2025-03-09 15:42:24,551 - WARNING - Output directory 'NPZ' does not exist: /path/to/your/output/npz
2025-03-09 15:42:24,552 - INFO - Output directory 'NPY' is set to: /caefs/data/IllustrisTNG/300/ICS
2025-03-09 15:42:24,552 - WARNING - Output directory 'LOGS' does not exist: /path/to/your/logs
2025-03-09 15:42:24,603 - INFO - Using GPU device 1.
2025-03-09 15:42:24,604 - INFO - Output directory 'TNG300_ICS' is set to: /caefs/data/IllustrisTNG/300/ICS
2025-03-09 15:42:24,604 - INFO - Output directory 'TNG300_snapshot99' is set to: /caefs/data/IllustrisTNG/snapshot-99-dm-npy/cache
2025-03-09 15:42:24,604 - WARNING - Output directory 'NPZ' does not exist: /path/to/your/output/npz
2025-03-09 15:42:24,604 - INFO - Output directory 'NPY' is set to: /caefs/data/IllustrisTNG/300/ICS
2025-03-09 15:42:24,604 - WARNING - Output directory 'LOGS' does not exist: /path/to/your/logs
2025-03-09 15:42:24,664 - INFO - Using GPU device 1.
2025-03-09 15:42:24,665 - INFO - Output directory 'TNG300_ICS' is set to: /caefs/data/IllustrisTNG/300/ICS
2025-03-09 15:42:24,665 - INFO - Output directory 'TNG300_snapshot99' is set to: /caefs/data/IllustrisTNG/snapshot-99-dm-npy/cache
2025-03-09 15:42:24,665 - WARNING - Output directory 'NPZ' does not exist: /path/to/your/output/npz
2025-03-09 15:42:24,665 - INFO - Output directory 'NPY' is set to: /caefs/data/IllustrisTNG/300/ICS
2025-03-09 15:42:24,665 - WARNING - Output directory 'LOGS' does not exist: /path/to/your/logs
2025-03-09 15:42:24,721 - INFO - Using GPU device 1.
2025-03-09 15:42:24,721 - INFO - Output directory 'TNG300_ICS' is set to: /caefs/data/IllustrisTNG/300/ICS
2025-03-09 15:42:24,722 - INFO - Output directory 'TNG300_snapshot99' is set to: /caefs/data/IllustrisTNG/snapshot-99-dm-npy/cache
2025-03-09 15:42:24,722 - WARNING - Output directory 'NPZ' does not exist: /path/to/your/output/npz
2025-03-09 15:42:24,722 - INFO - Output directory 'NPY' is set to: /caefs/data/IllustrisTNG/300/ICS
2025-03-09 15:42:24,722 - WARNING - Output directory 'LOGS' does not exist: /path/to/your/logs
2025-03-09 15:42:24,805 - INFO - Using GPU device 1.
2025-03-09 15:42:24,805 - INFO - Output directory 'TNG300_ICS' is set to: /caefs/data/IllustrisTNG/300/ICS
2025-03-09 15:42:24,805 - INFO - Output directory 'TNG300_snapshot99' is set to: /caefs/data/IllustrisTNG/snapshot-99-dm-npy/cache
2025-03-09 15:42:24,805 - WARNING - Output directory 'NPZ' does not exist: /path/to/your/output/npz
2025-03-09 15:42:24,805 - INFO - Output directory 'NPY' is set to: /caefs/data/IllustrisTNG/300/ICS
2025-03-09 15:42:24,805 - WARNING - Output directory 'LOGS' does not exist: /path/to/your/logs
2025-03-09 15:42:24,851 - INFO - Using GPU device 1.
2025-03-09 15:42:24,851 - INFO - Output directory 'TNG300_ICS' is set to: /caefs/data/IllustrisTNG/300/ICS
2025-03-09 15:42:24,851 - INFO - Output directory 'TNG300_snapshot99' is set to: /caefs/data/IllustrisTNG/snapshot-99-dm-npy/cache
2025-03-09 15:42:24,851 - WARNING - Output directory 'NPZ' does not exist: /path/to/your/output/npz
2025-03-09 15:42:24,852 - INFO - Output directory 'NPY' is set to: /caefs/data/IllustrisTNG/300/ICS
2025-03-09 15:42:24,852 - WARNING - Output directory 'LOGS' does not exist: /path/to/your/logs
2025-03-09 15:42:24,936 - INFO - Using GPU device 1.
2025-03-09 15:42:24,937 - INFO - Output directory 'TNG300_ICS' is set to: /caefs/data/IllustrisTNG/300/ICS
2025-03-09 15:42:24,937 - INFO - Output directory 'TNG300_snapshot99' is set to: /caefs/data/IllustrisTNG/snapshot-99-dm-npy/cache
2025-03-09 15:42:24,937 - WARNING - Output directory 'NPZ' does not exist: /path/to/your/output/npz
2025-03-09 15:42:24,937 - INFO - Output directory 'NPY' is set to: /caefs/data/IllustrisTNG/300/ICS
2025-03-09 15:42:24,937 - WARNING - Output directory 'LOGS' does not exist: /path/to/your/logs
2025-03-09 15:42:24,956 - INFO - Using GPU device 1.
2025-03-09 15:42:24,956 - INFO - Output directory 'TNG300_ICS' is set to: /caefs/data/IllustrisTNG/300/ICS
2025-03-09 15:42:24,956 - INFO - Output directory 'TNG300_snapshot99' is set to: /caefs/data/IllustrisTNG/snapshot-99-dm-npy/cache
2025-03-09 15:42:24,956 - WARNING - Output directory 'NPZ' does not exist: /path/to/your/output/npz
2025-03-09 15:42:24,956 - INFO - Output directory 'NPY' is set to: /caefs/data/IllustrisTNG/300/ICS
2025-03-09 15:42:24,957 - WARNING - Output directory 'LOGS' does not exist: /path/to/your/logs
2025-03-09 15:42:24,990 - INFO - Using GPU device 1.
2025-03-09 15:42:24,990 - INFO - Output directory 'TNG300_ICS' is set to: /caefs/data/IllustrisTNG/300/ICS
2025-03-09 15:42:24,991 - INFO - Output directory 'TNG300_snapshot99' is set to: /caefs/data/IllustrisTNG/snapshot-99-dm-npy/cache
2025-03-09 15:42:24,991 - WARNING - Output directory 'NPZ' does not exist: /path/to/your/output/npz
2025-03-09 15:42:24,991 - INFO - Output directory 'NPY' is set to: /caefs/data/IllustrisTNG/300/ICS
2025-03-09 15:42:24,991 - WARNING - Output directory 'LOGS' does not exist: /path/to/your/logs
2025-03-09 15:42:25,027 - INFO - Using GPU device 1.
2025-03-09 15:42:25,027 - INFO - Output directory 'TNG300_ICS' is set to: /caefs/data/IllustrisTNG/300/ICS
2025-03-09 15:42:25,027 - INFO - Output directory 'TNG300_snapshot99' is set to: /caefs/data/IllustrisTNG/snapshot-99-dm-npy/cache
2025-03-09 15:42:25,027 - WARNING - Output directory 'NPZ' does not exist: /path/to/your/output/npz
2025-03-09 15:42:25,028 - INFO - Output directory 'NPY' is set to: /caefs/data/IllustrisTNG/300/ICS
2025-03-09 15:42:25,028 - WARNING - Output directory 'LOGS' does not exist: /path/to/your/logs
2025-03-09 15:42:25,054 - INFO - Using GPU device 1.
2025-03-09 15:42:25,054 - INFO - Output directory 'TNG300_ICS' is set to: /caefs/data/IllustrisTNG/300/ICS
2025-03-09 15:42:25,054 - INFO - Output directory 'TNG300_snapshot99' is set to: /caefs/data/IllustrisTNG/snapshot-99-dm-npy/cache
2025-03-09 15:42:25,054 - WARNING - Output directory 'NPZ' does not exist: /path/to/your/output/npz
2025-03-09 15:42:25,054 - INFO - Output directory 'NPY' is set to: /caefs/data/IllustrisTNG/300/ICS
2025-03-09 15:42:25,054 - WARNING - Output directory 'LOGS' does not exist: /path/to/your/logs
2025-03-09 15:42:25,058 - INFO - Using GPU device 1.
2025-03-09 15:42:25,058 - INFO - Output directory 'TNG300_ICS' is set to: /caefs/data/IllustrisTNG/300/ICS
2025-03-09 15:42:25,058 - INFO - Output directory 'TNG300_snapshot99' is set to: /caefs/data/IllustrisTNG/snapshot-99-dm-npy/cache
2025-03-09 15:42:25,059 - WARNING - Output directory 'NPZ' does not exist: /path/to/your/output/npz
2025-03-09 15:42:25,059 - INFO - Output directory 'NPY' is set to: /caefs/data/IllustrisTNG/300/ICS
2025-03-09 15:42:25,059 - WARNING - Output directory 'LOGS' does not exist: /path/to/your/logs
