2025-03-09 16:17:42,481 - INFO - Using GPU device 1.
2025-03-09 16:17:42,482 - INFO - Output directory 'TNG300_ICS' is set to: /caefs/data/IllustrisTNG/300/ICS
2025-03-09 16:17:42,482 - INFO - Output directory 'TNG300_snapshot99' is set to: /caefs/data/IllustrisTNG/snapshot-99-dm-npy/cache
2025-03-09 16:17:42,482 - WARNING - Output directory 'NPZ' does not exist: /path/to/your/output/npz
2025-03-09 16:17:42,482 - INFO - Output directory 'NPY' is set to: /caefs/data/IllustrisTNG/300/ICS
2025-03-09 16:17:42,482 - WARNING - Output directory 'LOGS' does not exist: /path/to/your/logs
2025-03-09 16:17:42,540 - INFO - Using GPU device 1.
2025-03-09 16:17:42,540 - INFO - Output directory 'TNG300_ICS' is set to: /caefs/data/IllustrisTNG/300/ICS
2025-03-09 16:17:42,541 - INFO - Output directory 'TNG300_snapshot99' is set to: /caefs/data/IllustrisTNG/snapshot-99-dm-npy/cache
2025-03-09 16:17:42,541 - WARNING - Output directory 'NPZ' does not exist: /path/to/your/output/npz
2025-03-09 16:17:42,541 - INFO - Output directory 'NPY' is set to: /caefs/data/IllustrisTNG/300/ICS
2025-03-09 16:17:42,541 - WARNING - Output directory 'LOGS' does not exist: /path/to/your/logs
2025-03-09 16:17:42,820 - INFO - Using GPU device 1.
2025-03-09 16:17:42,820 - INFO - Output directory 'TNG300_ICS' is set to: /caefs/data/IllustrisTNG/300/ICS
2025-03-09 16:17:42,820 - INFO - Output directory 'TNG300_snapshot99' is set to: /caefs/data/IllustrisTNG/snapshot-99-dm-npy/cache
2025-03-09 16:17:42,821 - WARNING - Output directory 'NPZ' does not exist: /path/to/your/output/npz
2025-03-09 16:17:42,821 - INFO - Output directory 'NPY' is set to: /caefs/data/IllustrisTNG/300/ICS
2025-03-09 16:17:42,821 - WARNING - Output directory 'LOGS' does not exist: /path/to/your/logs
2025-03-09 16:17:42,895 - INFO - Using GPU device 1.
2025-03-09 16:17:42,896 - INFO - Output directory 'TNG300_ICS' is set to: /caefs/data/IllustrisTNG/300/ICS
2025-03-09 16:17:42,896 - INFO - Output directory 'TNG300_snapshot99' is set to: /caefs/data/IllustrisTNG/snapshot-99-dm-npy/cache
2025-03-09 16:17:42,896 - WARNING - Output directory 'NPZ' does not exist: /path/to/your/output/npz
2025-03-09 16:17:42,896 - INFO - Output directory 'NPY' is set to: /caefs/data/IllustrisTNG/300/ICS
2025-03-09 16:17:42,896 - WARNING - Output directory 'LOGS' does not exist: /path/to/your/logs
2025-03-09 16:17:43,176 - INFO - Using GPU device 1.
2025-03-09 16:17:43,177 - INFO - Output directory 'TNG300_ICS' is set to: /caefs/data/IllustrisTNG/300/ICS
2025-03-09 16:17:43,177 - INFO - Output directory 'TNG300_snapshot99' is set to: /caefs/data/IllustrisTNG/snapshot-99-dm-npy/cache
2025-03-09 16:17:43,177 - WARNING - Output directory 'NPZ' does not exist: /path/to/your/output/npz
2025-03-09 16:17:43,177 - INFO - Output directory 'NPY' is set to: /caefs/data/IllustrisTNG/300/ICS
2025-03-09 16:17:43,177 - WARNING - Output directory 'LOGS' does not exist: /path/to/your/logs
2025-03-09 16:17:43,432 - INFO - Using GPU device 1.
2025-03-09 16:17:43,432 - INFO - Output directory 'TNG300_ICS' is set to: /caefs/data/IllustrisTNG/300/ICS
2025-03-09 16:17:43,433 - INFO - Output directory 'TNG300_snapshot99' is set to: /caefs/data/IllustrisTNG/snapshot-99-dm-npy/cache
2025-03-09 16:17:43,433 - WARNING - Output directory 'NPZ' does not exist: /path/to/your/output/npz
2025-03-09 16:17:43,433 - INFO - Output directory 'NPY' is set to: /caefs/data/IllustrisTNG/300/ICS
2025-03-09 16:17:43,433 - WARNING - Output directory 'LOGS' does not exist: /path/to/your/logs
2025-03-09 16:17:43,499 - INFO - Using GPU device 1.
2025-03-09 16:17:43,499 - INFO - Output directory 'TNG300_ICS' is set to: /caefs/data/IllustrisTNG/300/ICS
2025-03-09 16:17:43,499 - INFO - Output directory 'TNG300_snapshot99' is set to: /caefs/data/IllustrisTNG/snapshot-99-dm-npy/cache
2025-03-09 16:17:43,500 - WARNING - Output directory 'NPZ' does not exist: /path/to/your/output/npz
2025-03-09 16:17:43,500 - INFO - Output directory 'NPY' is set to: /caefs/data/IllustrisTNG/300/ICS
2025-03-09 16:17:43,500 - WARNING - Output directory 'LOGS' does not exist: /path/to/your/logs
2025-03-09 16:17:43,627 - INFO - Using GPU device 1.
2025-03-09 16:17:43,628 - INFO - Output directory 'TNG300_ICS' is set to: /caefs/data/IllustrisTNG/300/ICS
2025-03-09 16:17:43,628 - INFO - Output directory 'TNG300_snapshot99' is set to: /caefs/data/IllustrisTNG/snapshot-99-dm-npy/cache
2025-03-09 16:17:43,628 - WARNING - Output directory 'NPZ' does not exist: /path/to/your/output/npz
2025-03-09 16:17:43,628 - INFO - Output directory 'NPY' is set to: /caefs/data/IllustrisTNG/300/ICS
2025-03-09 16:17:43,628 - WARNING - Output directory 'LOGS' does not exist: /path/to/your/logs
2025-03-09 16:17:43,661 - INFO - Using GPU device 1.
2025-03-09 16:17:43,661 - INFO - Output directory 'TNG300_ICS' is set to: /caefs/data/IllustrisTNG/300/ICS
2025-03-09 16:17:43,662 - INFO - Output directory 'TNG300_snapshot99' is set to: /caefs/data/IllustrisTNG/snapshot-99-dm-npy/cache
2025-03-09 16:17:43,662 - WARNING - Output directory 'NPZ' does not exist: /path/to/your/output/npz
2025-03-09 16:17:43,662 - INFO - Output directory 'NPY' is set to: /caefs/data/IllustrisTNG/300/ICS
2025-03-09 16:17:43,662 - WARNING - Output directory 'LOGS' does not exist: /path/to/your/logs
2025-03-09 16:17:43,683 - INFO - Using GPU device 1.
2025-03-09 16:17:43,683 - INFO - Output directory 'TNG300_ICS' is set to: /caefs/data/IllustrisTNG/300/ICS
2025-03-09 16:17:43,684 - INFO - Output directory 'TNG300_snapshot99' is set to: /caefs/data/IllustrisTNG/snapshot-99-dm-npy/cache
2025-03-09 16:17:43,684 - WARNING - Output directory 'NPZ' does not exist: /path/to/your/output/npz
2025-03-09 16:17:43,684 - INFO - Output directory 'NPY' is set to: /caefs/data/IllustrisTNG/300/ICS
2025-03-09 16:17:43,684 - WARNING - Output directory 'LOGS' does not exist: /path/to/your/logs
2025-03-09 16:17:43,849 - INFO - Using GPU device 1.
2025-03-09 16:17:43,849 - INFO - Output directory 'TNG300_ICS' is set to: /caefs/data/IllustrisTNG/300/ICS
2025-03-09 16:17:43,850 - INFO - Output directory 'TNG300_snapshot99' is set to: /caefs/data/IllustrisTNG/snapshot-99-dm-npy/cache
2025-03-09 16:17:43,850 - WARNING - Output directory 'NPZ' does not exist: /path/to/your/output/npz
2025-03-09 16:17:43,850 - INFO - Output directory 'NPY' is set to: /caefs/data/IllustrisTNG/300/ICS
2025-03-09 16:17:43,850 - WARNING - Output directory 'LOGS' does not exist: /path/to/your/logs
2025-03-09 16:17:43,887 - INFO - Using GPU device 1.
2025-03-09 16:17:43,887 - INFO - Output directory 'TNG300_ICS' is set to: /caefs/data/IllustrisTNG/300/ICS
2025-03-09 16:17:43,887 - INFO - Output directory 'TNG300_snapshot99' is set to: /caefs/data/IllustrisTNG/snapshot-99-dm-npy/cache
2025-03-09 16:17:43,887 - WARNING - Output directory 'NPZ' does not exist: /path/to/your/output/npz
2025-03-09 16:17:43,887 - INFO - Output directory 'NPY' is set to: /caefs/data/IllustrisTNG/300/ICS
2025-03-09 16:17:43,888 - WARNING - Output directory 'LOGS' does not exist: /path/to/your/logs
2025-03-09 16:17:44,041 - INFO - Using GPU device 1.
2025-03-09 16:17:44,042 - INFO - Output directory 'TNG300_ICS' is set to: /caefs/data/IllustrisTNG/300/ICS
2025-03-09 16:17:44,042 - INFO - Output directory 'TNG300_snapshot99' is set to: /caefs/data/IllustrisTNG/snapshot-99-dm-npy/cache
2025-03-09 16:17:44,042 - WARNING - Output directory 'NPZ' does not exist: /path/to/your/output/npz
2025-03-09 16:17:44,042 - INFO - Output directory 'NPY' is set to: /caefs/data/IllustrisTNG/300/ICS
2025-03-09 16:17:44,042 - WARNING - Output directory 'LOGS' does not exist: /path/to/your/logs
2025-03-09 16:17:44,066 - INFO - Using GPU device 1.
2025-03-09 16:17:44,066 - INFO - Output directory 'TNG300_ICS' is set to: /caefs/data/IllustrisTNG/300/ICS
2025-03-09 16:17:44,066 - INFO - Output directory 'TNG300_snapshot99' is set to: /caefs/data/IllustrisTNG/snapshot-99-dm-npy/cache
2025-03-09 16:17:44,066 - WARNING - Output directory 'NPZ' does not exist: /path/to/your/output/npz
2025-03-09 16:17:44,066 - INFO - Output directory 'NPY' is set to: /caefs/data/IllustrisTNG/300/ICS
2025-03-09 16:17:44,066 - WARNING - Output directory 'LOGS' does not exist: /path/to/your/logs
2025-03-09 16:17:44,103 - INFO - Using GPU device 1.
2025-03-09 16:17:44,103 - INFO - Output directory 'TNG300_ICS' is set to: /caefs/data/IllustrisTNG/300/ICS
2025-03-09 16:17:44,104 - INFO - Output directory 'TNG300_snapshot99' is set to: /caefs/data/IllustrisTNG/snapshot-99-dm-npy/cache
2025-03-09 16:17:44,104 - WARNING - Output directory 'NPZ' does not exist: /path/to/your/output/npz
2025-03-09 16:17:44,104 - INFO - Output directory 'NPY' is set to: /caefs/data/IllustrisTNG/300/ICS
2025-03-09 16:17:44,104 - WARNING - Output directory 'LOGS' does not exist: /path/to/your/logs
2025-03-09 16:17:44,162 - INFO - Using GPU device 1.
2025-03-09 16:17:44,163 - INFO - Output directory 'TNG300_ICS' is set to: /caefs/data/IllustrisTNG/300/ICS
2025-03-09 16:17:44,163 - INFO - Output directory 'TNG300_snapshot99' is set to: /caefs/data/IllustrisTNG/snapshot-99-dm-npy/cache
2025-03-09 16:17:44,163 - WARNING - Output directory 'NPZ' does not exist: /path/to/your/output/npz
2025-03-09 16:17:44,163 - INFO - Output directory 'NPY' is set to: /caefs/data/IllustrisTNG/300/ICS
2025-03-09 16:17:44,164 - WARNING - Output directory 'LOGS' does not exist: /path/to/your/logs
2025-03-09 16:17:44,195 - INFO - Using GPU device 1.
2025-03-09 16:17:44,195 - INFO - Output directory 'TNG300_ICS' is set to: /caefs/data/IllustrisTNG/300/ICS
2025-03-09 16:17:44,196 - INFO - Output directory 'TNG300_snapshot99' is set to: /caefs/data/IllustrisTNG/snapshot-99-dm-npy/cache
2025-03-09 16:17:44,196 - WARNING - Output directory 'NPZ' does not exist: /path/to/your/output/npz
2025-03-09 16:17:44,196 - INFO - Output directory 'NPY' is set to: /caefs/data/IllustrisTNG/300/ICS
2025-03-09 16:17:44,196 - WARNING - Output directory 'LOGS' does not exist: /path/to/your/logs
2025-03-09 16:17:44,211 - INFO - Using GPU device 1.
2025-03-09 16:17:44,212 - INFO - Output directory 'TNG300_ICS' is set to: /caefs/data/IllustrisTNG/300/ICS
2025-03-09 16:17:44,212 - INFO - Output directory 'TNG300_snapshot99' is set to: /caefs/data/IllustrisTNG/snapshot-99-dm-npy/cache
2025-03-09 16:17:44,212 - WARNING - Output directory 'NPZ' does not exist: /path/to/your/output/npz
2025-03-09 16:17:44,212 - INFO - Output directory 'NPY' is set to: /caefs/data/IllustrisTNG/300/ICS
2025-03-09 16:17:44,212 - WARNING - Output directory 'LOGS' does not exist: /path/to/your/logs
2025-03-09 16:17:44,219 - INFO - Using GPU device 1.
2025-03-09 16:17:44,220 - INFO - Output directory 'TNG300_ICS' is set to: /caefs/data/IllustrisTNG/300/ICS
2025-03-09 16:17:44,220 - INFO - Output directory 'TNG300_snapshot99' is set to: /caefs/data/IllustrisTNG/snapshot-99-dm-npy/cache
2025-03-09 16:17:44,220 - WARNING - Output directory 'NPZ' does not exist: /path/to/your/output/npz
2025-03-09 16:17:44,220 - INFO - Output directory 'NPY' is set to: /caefs/data/IllustrisTNG/300/ICS
2025-03-09 16:17:44,220 - WARNING - Output directory 'LOGS' does not exist: /path/to/your/logs
2025-03-09 16:17:44,224 - INFO - Using GPU device 1.
2025-03-09 16:17:44,224 - INFO - Output directory 'TNG300_ICS' is set to: /caefs/data/IllustrisTNG/300/ICS
2025-03-09 16:17:44,224 - INFO - Output directory 'TNG300_snapshot99' is set to: /caefs/data/IllustrisTNG/snapshot-99-dm-npy/cache
2025-03-09 16:17:44,224 - WARNING - Output directory 'NPZ' does not exist: /path/to/your/output/npz
2025-03-09 16:17:44,224 - INFO - Output directory 'NPY' is set to: /caefs/data/IllustrisTNG/300/ICS
2025-03-09 16:17:44,224 - WARNING - Output directory 'LOGS' does not exist: /path/to/your/logs
2025-03-09 16:34:17,249 - ERROR - Unexpected error while loading /caefs/data/IllustrisTNG/snapshot-99-dm-npy/cache/snapshot-99.467.npy: Unable to allocate 437. MiB for an array with shape (19081153, 3) and data type float64
